CRITICAL - 2023-08-28 00:11:52 --> Cannot use object of type stdClass as array
in APPPATH\Views\mantenimiento\asistencias\listar.php on line 21.
 1 SYSTEMPATH\View\View.php(224): include()
 2 SYSTEMPATH\View\View.php(227): CodeIgniter\View\View->CodeIgniter\View\{closure}()
 3 SYSTEMPATH\Common.php(1180): CodeIgniter\View\View->render('mantenimiento/asistencias/listar', [], true)
 4 APPPATH\Controllers\AsistenciaController.php(58): view('mantenimiento/asistencias/listar', [...])
 5 SYSTEMPATH\CodeIgniter.php(932): App\Controllers\AsistenciaController->listarAsistencias()
 6 SYSTEMPATH\CodeIgniter.php(497): CodeIgniter\CodeIgniter->runController(Object(App\Controllers\AsistenciaController))
 7 SYSTEMPATH\CodeIgniter.php(366): CodeIgniter\CodeIgniter->handleRequest(null, Object(Config\Cache), false)
 8 FCPATH\index.php(67): CodeIgniter\CodeIgniter->run()
CRITICAL - 2023-08-28 00:12:21 --> Undefined variable $asistencia
in APPPATH\Views\mantenimiento\asistencias\listar.php on line 26.
 1 APPPATH\Views\mantenimiento\asistencias\listar.php(26): CodeIgniter\Debug\Exceptions->errorHandler(2, 'Undefined variable $asistencia', 'C:\\xampp\\htdocs\\codeigniter-sistema-de-asistencia\\app\\Views\\mantenimiento\\asistencias\\listar.php', 26)
 2 SYSTEMPATH\View\View.php(224): include('C:\\xampp\\htdocs\\codeigniter-sistema-de-asistencia\\app\\Views\\mantenimiento\\asistencias\\listar.php')
 3 SYSTEMPATH\View\View.php(227): CodeIgniter\View\View->CodeIgniter\View\{closure}()
 4 SYSTEMPATH\Common.php(1180): CodeIgniter\View\View->render('mantenimiento/asistencias/listar', [], true)
 5 APPPATH\Controllers\AsistenciaController.php(58): view('mantenimiento/asistencias/listar', [...])
 6 SYSTEMPATH\CodeIgniter.php(932): App\Controllers\AsistenciaController->listarAsistencias()
 7 SYSTEMPATH\CodeIgniter.php(497): CodeIgniter\CodeIgniter->runController(Object(App\Controllers\AsistenciaController))
 8 SYSTEMPATH\CodeIgniter.php(366): CodeIgniter\CodeIgniter->handleRequest(null, Object(Config\Cache), false)
 9 FCPATH\index.php(67): CodeIgniter\CodeIgniter->run()
CRITICAL - 2023-08-28 00:27:53 --> Too few arguments to function App\Controllers\AsistenciaController::listarAsistencias(), 0 passed in C:\xampp\htdocs\codeigniter-sistema-de-asistencia\system\CodeIgniter.php on line 932 and exactly 2 expected
in APPPATH\Controllers\AsistenciaController.php on line 19.
 1 SYSTEMPATH\CodeIgniter.php(932): App\Controllers\AsistenciaController->listarAsistencias()
 2 SYSTEMPATH\CodeIgniter.php(497): CodeIgniter\CodeIgniter->runController(Object(App\Controllers\AsistenciaController))
 3 SYSTEMPATH\CodeIgniter.php(366): CodeIgniter\CodeIgniter->handleRequest(null, Object(Config\Cache), false)
 4 FCPATH\index.php(67): CodeIgniter\CodeIgniter->run()
CRITICAL - 2023-08-28 00:32:28 --> Attempt to read property "id" on array
in APPPATH\Views\mantenimiento\asistencias\listar.php on line 21.
 1 APPPATH\Views\mantenimiento\asistencias\listar.php(21): CodeIgniter\Debug\Exceptions->errorHandler(2, 'Attempt to read property "id" on array', 'C:\\xampp\\htdocs\\codeigniter-sistema-de-asistencia\\app\\Views\\mantenimiento\\asistencias\\listar.php', 21)
 2 SYSTEMPATH\View\View.php(224): include('C:\\xampp\\htdocs\\codeigniter-sistema-de-asistencia\\app\\Views\\mantenimiento\\asistencias\\listar.php')
 3 SYSTEMPATH\View\View.php(227): CodeIgniter\View\View->CodeIgniter\View\{closure}()
 4 SYSTEMPATH\Common.php(1180): CodeIgniter\View\View->render('mantenimiento/asistencias/listar', [], true)
 5 APPPATH\Controllers\AsistenciaController.php(60): view('mantenimiento/asistencias/listar', [...])
 6 SYSTEMPATH\CodeIgniter.php(932): App\Controllers\AsistenciaController->listarAsistencias('1', '1')
 7 SYSTEMPATH\CodeIgniter.php(497): CodeIgniter\CodeIgniter->runController(Object(App\Controllers\AsistenciaController))
 8 SYSTEMPATH\CodeIgniter.php(366): CodeIgniter\CodeIgniter->handleRequest(null, Object(Config\Cache), false)
 9 FCPATH\index.php(67): CodeIgniter\CodeIgniter->run()
CRITICAL - 2023-08-28 00:33:20 --> Undefined array key "nombres"
in APPPATH\Views\mantenimiento\asistencias\listar.php on line 22.
 1 APPPATH\Views\mantenimiento\asistencias\listar.php(22): CodeIgniter\Debug\Exceptions->errorHandler(2, 'Undefined array key "nombres"', 'C:\\xampp\\htdocs\\codeigniter-sistema-de-asistencia\\app\\Views\\mantenimiento\\asistencias\\listar.php', 22)
 2 SYSTEMPATH\View\View.php(224): include('C:\\xampp\\htdocs\\codeigniter-sistema-de-asistencia\\app\\Views\\mantenimiento\\asistencias\\listar.php')
 3 SYSTEMPATH\View\View.php(227): CodeIgniter\View\View->CodeIgniter\View\{closure}()
 4 SYSTEMPATH\Common.php(1180): CodeIgniter\View\View->render('mantenimiento/asistencias/listar', [], true)
 5 APPPATH\Controllers\AsistenciaController.php(60): view('mantenimiento/asistencias/listar', [...])
 6 SYSTEMPATH\CodeIgniter.php(932): App\Controllers\AsistenciaController->listarAsistencias('1', '1')
 7 SYSTEMPATH\CodeIgniter.php(497): CodeIgniter\CodeIgniter->runController(Object(App\Controllers\AsistenciaController))
 8 SYSTEMPATH\CodeIgniter.php(366): CodeIgniter\CodeIgniter->handleRequest(null, Object(Config\Cache), false)
 9 FCPATH\index.php(67): CodeIgniter\CodeIgniter->run()
CRITICAL - 2023-08-28 00:35:04 --> Undefined variable $docente
in APPPATH\Views\mantenimiento\asistencias\listar.php on line 25.
 1 APPPATH\Views\mantenimiento\asistencias\listar.php(25): CodeIgniter\Debug\Exceptions->errorHandler(2, 'Undefined variable $docente', 'C:\\xampp\\htdocs\\codeigniter-sistema-de-asistencia\\app\\Views\\mantenimiento\\asistencias\\listar.php', 25)
 2 SYSTEMPATH\View\View.php(224): include('C:\\xampp\\htdocs\\codeigniter-sistema-de-asistencia\\app\\Views\\mantenimiento\\asistencias\\listar.php')
 3 SYSTEMPATH\View\View.php(227): CodeIgniter\View\View->CodeIgniter\View\{closure}()
 4 SYSTEMPATH\Common.php(1180): CodeIgniter\View\View->render('mantenimiento/asistencias/listar', [], true)
 5 APPPATH\Controllers\AsistenciaController.php(60): view('mantenimiento/asistencias/listar', [...])
 6 SYSTEMPATH\CodeIgniter.php(932): App\Controllers\AsistenciaController->listarAsistencias('1', '1')
 7 SYSTEMPATH\CodeIgniter.php(497): CodeIgniter\CodeIgniter->runController(Object(App\Controllers\AsistenciaController))
 8 SYSTEMPATH\CodeIgniter.php(366): CodeIgniter\CodeIgniter->handleRequest(null, Object(Config\Cache), false)
 9 FCPATH\index.php(67): CodeIgniter\CodeIgniter->run()
CRITICAL - 2023-08-28 00:35:07 --> Undefined variable $docente
in APPPATH\Views\mantenimiento\asistencias\listar.php on line 25.
 1 APPPATH\Views\mantenimiento\asistencias\listar.php(25): CodeIgniter\Debug\Exceptions->errorHandler(2, 'Undefined variable $docente', 'C:\\xampp\\htdocs\\codeigniter-sistema-de-asistencia\\app\\Views\\mantenimiento\\asistencias\\listar.php', 25)
 2 SYSTEMPATH\View\View.php(224): include('C:\\xampp\\htdocs\\codeigniter-sistema-de-asistencia\\app\\Views\\mantenimiento\\asistencias\\listar.php')
 3 SYSTEMPATH\View\View.php(227): CodeIgniter\View\View->CodeIgniter\View\{closure}()
 4 SYSTEMPATH\Common.php(1180): CodeIgniter\View\View->render('mantenimiento/asistencias/listar', [], true)
 5 APPPATH\Controllers\AsistenciaController.php(60): view('mantenimiento/asistencias/listar', [...])
 6 SYSTEMPATH\CodeIgniter.php(932): App\Controllers\AsistenciaController->listarAsistencias('1', '1')
 7 SYSTEMPATH\CodeIgniter.php(497): CodeIgniter\CodeIgniter->runController(Object(App\Controllers\AsistenciaController))
 8 SYSTEMPATH\CodeIgniter.php(366): CodeIgniter\CodeIgniter->handleRequest(null, Object(Config\Cache), false)
 9 FCPATH\index.php(67): CodeIgniter\CodeIgniter->run()
CRITICAL - 2023-08-28 01:03:57 --> Undefined variable $docente
in APPPATH\Views\mantenimiento\asistencias\listar.php on line 25.
 1 APPPATH\Views\mantenimiento\asistencias\listar.php(25): CodeIgniter\Debug\Exceptions->errorHandler(2, 'Undefined variable $docente', 'C:\\xampp\\htdocs\\codeigniter-sistema-de-asistencia\\app\\Views\\mantenimiento\\asistencias\\listar.php', 25)
 2 SYSTEMPATH\View\View.php(224): include('C:\\xampp\\htdocs\\codeigniter-sistema-de-asistencia\\app\\Views\\mantenimiento\\asistencias\\listar.php')
 3 SYSTEMPATH\View\View.php(227): CodeIgniter\View\View->CodeIgniter\View\{closure}()
 4 SYSTEMPATH\Common.php(1180): CodeIgniter\View\View->render('mantenimiento/asistencias/listar', [], true)
 5 APPPATH\Controllers\AsistenciaController.php(60): view('mantenimiento/asistencias/listar', [...])
 6 SYSTEMPATH\CodeIgniter.php(932): App\Controllers\AsistenciaController->listarAsistencias('1', '1')
 7 SYSTEMPATH\CodeIgniter.php(497): CodeIgniter\CodeIgniter->runController(Object(App\Controllers\AsistenciaController))
 8 SYSTEMPATH\CodeIgniter.php(366): CodeIgniter\CodeIgniter->handleRequest(null, Object(Config\Cache), false)
 9 FCPATH\index.php(67): CodeIgniter\CodeIgniter->run()
CRITICAL - 2023-08-28 01:04:31 --> Undefined variable $aulas
in APPPATH\Views\mantenimiento\asistencias\listar.php on line 26.
 1 APPPATH\Views\mantenimiento\asistencias\listar.php(26): CodeIgniter\Debug\Exceptions->errorHandler(2, 'Undefined variable $aulas', 'C:\\xampp\\htdocs\\codeigniter-sistema-de-asistencia\\app\\Views\\mantenimiento\\asistencias\\listar.php', 26)
 2 SYSTEMPATH\View\View.php(224): include('C:\\xampp\\htdocs\\codeigniter-sistema-de-asistencia\\app\\Views\\mantenimiento\\asistencias\\listar.php')
 3 SYSTEMPATH\View\View.php(227): CodeIgniter\View\View->CodeIgniter\View\{closure}()
 4 SYSTEMPATH\Common.php(1180): CodeIgniter\View\View->render('mantenimiento/asistencias/listar', [], true)
 5 APPPATH\Controllers\AsistenciaController.php(60): view('mantenimiento/asistencias/listar', [...])
 6 SYSTEMPATH\CodeIgniter.php(932): App\Controllers\AsistenciaController->listarAsistencias('1', '1')
 7 SYSTEMPATH\CodeIgniter.php(497): CodeIgniter\CodeIgniter->runController(Object(App\Controllers\AsistenciaController))
 8 SYSTEMPATH\CodeIgniter.php(366): CodeIgniter\CodeIgniter->handleRequest(null, Object(Config\Cache), false)
 9 FCPATH\index.php(67): CodeIgniter\CodeIgniter->run()
CRITICAL - 2023-08-28 03:19:52 --> Undefined variable $usuarios
in APPPATH\Views\mantenimiento\asistencias\listar.php on line 26.
 1 APPPATH\Views\mantenimiento\asistencias\listar.php(26): CodeIgniter\Debug\Exceptions->errorHandler(2, 'Undefined variable $usuarios', 'C:\\xampp\\htdocs\\codeigniter-sistema-de-asistencia\\app\\Views\\mantenimiento\\asistencias\\listar.php', 26)
 2 SYSTEMPATH\View\View.php(224): include('C:\\xampp\\htdocs\\codeigniter-sistema-de-asistencia\\app\\Views\\mantenimiento\\asistencias\\listar.php')
 3 SYSTEMPATH\View\View.php(227): CodeIgniter\View\View->CodeIgniter\View\{closure}()
 4 SYSTEMPATH\Common.php(1180): CodeIgniter\View\View->render('mantenimiento/asistencias/listar', [], true)
 5 APPPATH\Controllers\AsistenciaController.php(63): view('mantenimiento/asistencias/listar', [...])
 6 SYSTEMPATH\CodeIgniter.php(932): App\Controllers\AsistenciaController->listarAsistencias('1', '1')
 7 SYSTEMPATH\CodeIgniter.php(497): CodeIgniter\CodeIgniter->runController(Object(App\Controllers\AsistenciaController))
 8 SYSTEMPATH\CodeIgniter.php(366): CodeIgniter\CodeIgniter->handleRequest(null, Object(Config\Cache), false)
 9 FCPATH\index.php(67): CodeIgniter\CodeIgniter->run()
CRITICAL - 2023-08-28 03:20:42 --> Cannot use object of type stdClass as array
in APPPATH\Views\mantenimiento\asistencias\listar.php on line 26.
 1 SYSTEMPATH\View\View.php(224): include()
 2 SYSTEMPATH\View\View.php(227): CodeIgniter\View\View->CodeIgniter\View\{closure}()
 3 SYSTEMPATH\Common.php(1180): CodeIgniter\View\View->render('mantenimiento/asistencias/listar', [], true)
 4 APPPATH\Controllers\AsistenciaController.php(67): view('mantenimiento/asistencias/listar', [...])
 5 SYSTEMPATH\CodeIgniter.php(932): App\Controllers\AsistenciaController->listarAsistencias('1', '1')
 6 SYSTEMPATH\CodeIgniter.php(497): CodeIgniter\CodeIgniter->runController(Object(App\Controllers\AsistenciaController))
 7 SYSTEMPATH\CodeIgniter.php(366): CodeIgniter\CodeIgniter->handleRequest(null, Object(Config\Cache), false)
 8 FCPATH\index.php(67): CodeIgniter\CodeIgniter->run()
CRITICAL - 2023-08-28 03:21:30 --> Attempt to read property "usuario_id" on array
in APPPATH\Views\mantenimiento\asistencias\listar.php on line 26.
 1 APPPATH\Views\mantenimiento\asistencias\listar.php(26): CodeIgniter\Debug\Exceptions->errorHandler(2, 'Attempt to read property "usuario_id" on array', 'C:\\xampp\\htdocs\\codeigniter-sistema-de-asistencia\\app\\Views\\mantenimiento\\asistencias\\listar.php', 26)
 2 SYSTEMPATH\View\View.php(224): include('C:\\xampp\\htdocs\\codeigniter-sistema-de-asistencia\\app\\Views\\mantenimiento\\asistencias\\listar.php')
 3 SYSTEMPATH\View\View.php(227): CodeIgniter\View\View->CodeIgniter\View\{closure}()
 4 SYSTEMPATH\Common.php(1180): CodeIgniter\View\View->render('mantenimiento/asistencias/listar', [], true)
 5 APPPATH\Controllers\AsistenciaController.php(67): view('mantenimiento/asistencias/listar', [...])
 6 SYSTEMPATH\CodeIgniter.php(932): App\Controllers\AsistenciaController->listarAsistencias('1', '1')
 7 SYSTEMPATH\CodeIgniter.php(497): CodeIgniter\CodeIgniter->runController(Object(App\Controllers\AsistenciaController))
 8 SYSTEMPATH\CodeIgniter.php(366): CodeIgniter\CodeIgniter->handleRequest(null, Object(Config\Cache), false)
 9 FCPATH\index.php(67): CodeIgniter\CodeIgniter->run()
CRITICAL - 2023-08-28 03:22:02 --> Cannot use object of type stdClass as array
in APPPATH\Views\mantenimiento\asistencias\listar.php on line 27.
 1 SYSTEMPATH\View\View.php(224): include()
 2 SYSTEMPATH\View\View.php(227): CodeIgniter\View\View->CodeIgniter\View\{closure}()
 3 SYSTEMPATH\Common.php(1180): CodeIgniter\View\View->render('mantenimiento/asistencias/listar', [], true)
 4 APPPATH\Controllers\AsistenciaController.php(67): view('mantenimiento/asistencias/listar', [...])
 5 SYSTEMPATH\CodeIgniter.php(932): App\Controllers\AsistenciaController->listarAsistencias('1', '1')
 6 SYSTEMPATH\CodeIgniter.php(497): CodeIgniter\CodeIgniter->runController(Object(App\Controllers\AsistenciaController))
 7 SYSTEMPATH\CodeIgniter.php(366): CodeIgniter\CodeIgniter->handleRequest(null, Object(Config\Cache), false)
 8 FCPATH\index.php(67): CodeIgniter\CodeIgniter->run()
CRITICAL - 2023-08-28 03:23:54 --> Undefined variable $alumno
in APPPATH\Views\mantenimiento\asistencias\listar.php on line 4.
 1 APPPATH\Views\mantenimiento\asistencias\listar.php(4): CodeIgniter\Debug\Exceptions->errorHandler(2, 'Undefined variable $alumno', 'C:\\xampp\\htdocs\\codeigniter-sistema-de-asistencia\\app\\Views\\mantenimiento\\asistencias\\listar.php', 4)
 2 SYSTEMPATH\View\View.php(224): include('C:\\xampp\\htdocs\\codeigniter-sistema-de-asistencia\\app\\Views\\mantenimiento\\asistencias\\listar.php')
 3 SYSTEMPATH\View\View.php(227): CodeIgniter\View\View->CodeIgniter\View\{closure}()
 4 SYSTEMPATH\Common.php(1180): CodeIgniter\View\View->render('mantenimiento/asistencias/listar', [], true)
 5 APPPATH\Controllers\AsistenciaController.php(67): view('mantenimiento/asistencias/listar', [...])
 6 SYSTEMPATH\CodeIgniter.php(932): App\Controllers\AsistenciaController->listarAsistencias('1', '1')
 7 SYSTEMPATH\CodeIgniter.php(497): CodeIgniter\CodeIgniter->runController(Object(App\Controllers\AsistenciaController))
 8 SYSTEMPATH\CodeIgniter.php(366): CodeIgniter\CodeIgniter->handleRequest(null, Object(Config\Cache), false)
 9 FCPATH\index.php(67): CodeIgniter\CodeIgniter->run()
CRITICAL - 2023-08-28 03:28:45 --> Undefined variable $aulaId
in APPPATH\Views\mantenimiento\asistencias\listar.php on line 3.
 1 APPPATH\Views\mantenimiento\asistencias\listar.php(3): CodeIgniter\Debug\Exceptions->errorHandler(2, 'Undefined variable $aulaId', 'C:\\xampp\\htdocs\\codeigniter-sistema-de-asistencia\\app\\Views\\mantenimiento\\asistencias\\listar.php', 3)
 2 SYSTEMPATH\View\View.php(224): include('C:\\xampp\\htdocs\\codeigniter-sistema-de-asistencia\\app\\Views\\mantenimiento\\asistencias\\listar.php')
 3 SYSTEMPATH\View\View.php(227): CodeIgniter\View\View->CodeIgniter\View\{closure}()
 4 SYSTEMPATH\Common.php(1180): CodeIgniter\View\View->render('mantenimiento/asistencias/listar', [], true)
 5 APPPATH\Controllers\AsistenciaController.php(67): view('mantenimiento/asistencias/listar', [...])
 6 SYSTEMPATH\CodeIgniter.php(932): App\Controllers\AsistenciaController->listarAsistencias('1', '1')
 7 SYSTEMPATH\CodeIgniter.php(497): CodeIgniter\CodeIgniter->runController(Object(App\Controllers\AsistenciaController))
 8 SYSTEMPATH\CodeIgniter.php(366): CodeIgniter\CodeIgniter->handleRequest(null, Object(Config\Cache), false)
 9 FCPATH\index.php(67): CodeIgniter\CodeIgniter->run()
CRITICAL - 2023-08-28 03:29:11 --> Undefined variable $aula
in APPPATH\Views\mantenimiento\asistencias\listar.php on line 3.
 1 APPPATH\Views\mantenimiento\asistencias\listar.php(3): CodeIgniter\Debug\Exceptions->errorHandler(2, 'Undefined variable $aula', 'C:\\xampp\\htdocs\\codeigniter-sistema-de-asistencia\\app\\Views\\mantenimiento\\asistencias\\listar.php', 3)
 2 SYSTEMPATH\View\View.php(224): include('C:\\xampp\\htdocs\\codeigniter-sistema-de-asistencia\\app\\Views\\mantenimiento\\asistencias\\listar.php')
 3 SYSTEMPATH\View\View.php(227): CodeIgniter\View\View->CodeIgniter\View\{closure}()
 4 SYSTEMPATH\Common.php(1180): CodeIgniter\View\View->render('mantenimiento/asistencias/listar', [], true)
 5 APPPATH\Controllers\AsistenciaController.php(67): view('mantenimiento/asistencias/listar', [...])
 6 SYSTEMPATH\CodeIgniter.php(932): App\Controllers\AsistenciaController->listarAsistencias('1', '1')
 7 SYSTEMPATH\CodeIgniter.php(497): CodeIgniter\CodeIgniter->runController(Object(App\Controllers\AsistenciaController))
 8 SYSTEMPATH\CodeIgniter.php(366): CodeIgniter\CodeIgniter->handleRequest(null, Object(Config\Cache), false)
 9 FCPATH\index.php(67): CodeIgniter\CodeIgniter->run()
CRITICAL - 2023-08-28 03:30:19 --> Undefined variable $alumno
in APPPATH\Views\mantenimiento\asistencias\listar.php on line 3.
 1 APPPATH\Views\mantenimiento\asistencias\listar.php(3): CodeIgniter\Debug\Exceptions->errorHandler(2, 'Undefined variable $alumno', 'C:\\xampp\\htdocs\\codeigniter-sistema-de-asistencia\\app\\Views\\mantenimiento\\asistencias\\listar.php', 3)
 2 SYSTEMPATH\View\View.php(224): include('C:\\xampp\\htdocs\\codeigniter-sistema-de-asistencia\\app\\Views\\mantenimiento\\asistencias\\listar.php')
 3 SYSTEMPATH\View\View.php(227): CodeIgniter\View\View->CodeIgniter\View\{closure}()
 4 SYSTEMPATH\Common.php(1180): CodeIgniter\View\View->render('mantenimiento/asistencias/listar', [], true)
 5 APPPATH\Controllers\AsistenciaController.php(67): view('mantenimiento/asistencias/listar', [...])
 6 SYSTEMPATH\CodeIgniter.php(932): App\Controllers\AsistenciaController->listarAsistencias('1', '1')
 7 SYSTEMPATH\CodeIgniter.php(497): CodeIgniter\CodeIgniter->runController(Object(App\Controllers\AsistenciaController))
 8 SYSTEMPATH\CodeIgniter.php(366): CodeIgniter\CodeIgniter->handleRequest(null, Object(Config\Cache), false)
 9 FCPATH\index.php(67): CodeIgniter\CodeIgniter->run()
CRITICAL - 2023-08-28 03:35:19 --> Undefined variable $aulaId
in APPPATH\Views\mantenimiento\asistencias\listar.php on line 3.
 1 APPPATH\Views\mantenimiento\asistencias\listar.php(3): CodeIgniter\Debug\Exceptions->errorHandler(2, 'Undefined variable $aulaId', 'C:\\xampp\\htdocs\\codeigniter-sistema-de-asistencia\\app\\Views\\mantenimiento\\asistencias\\listar.php', 3)
 2 SYSTEMPATH\View\View.php(224): include('C:\\xampp\\htdocs\\codeigniter-sistema-de-asistencia\\app\\Views\\mantenimiento\\asistencias\\listar.php')
 3 SYSTEMPATH\View\View.php(227): CodeIgniter\View\View->CodeIgniter\View\{closure}()
 4 SYSTEMPATH\Common.php(1180): CodeIgniter\View\View->render('mantenimiento/asistencias/listar', [], true)
 5 APPPATH\Controllers\AsistenciaController.php(67): view('mantenimiento/asistencias/listar', [...])
 6 SYSTEMPATH\CodeIgniter.php(932): App\Controllers\AsistenciaController->listarAsistencias('1', '1')
 7 SYSTEMPATH\CodeIgniter.php(497): CodeIgniter\CodeIgniter->runController(Object(App\Controllers\AsistenciaController))
 8 SYSTEMPATH\CodeIgniter.php(366): CodeIgniter\CodeIgniter->handleRequest(null, Object(Config\Cache), false)
 9 FCPATH\index.php(67): CodeIgniter\CodeIgniter->run()
CRITICAL - 2023-08-28 03:56:27 --> Undefined variable $aulaNombre
in APPPATH\Views\mantenimiento\asistencias\listar.php on line 3.
 1 APPPATH\Views\mantenimiento\asistencias\listar.php(3): CodeIgniter\Debug\Exceptions->errorHandler(2, 'Undefined variable $aulaNombre', 'C:\\xampp\\htdocs\\codeigniter-sistema-de-asistencia\\app\\Views\\mantenimiento\\asistencias\\listar.php', 3)
 2 SYSTEMPATH\View\View.php(224): include('C:\\xampp\\htdocs\\codeigniter-sistema-de-asistencia\\app\\Views\\mantenimiento\\asistencias\\listar.php')
 3 SYSTEMPATH\View\View.php(227): CodeIgniter\View\View->CodeIgniter\View\{closure}()
 4 SYSTEMPATH\Common.php(1180): CodeIgniter\View\View->render('mantenimiento/asistencias/listar', [], true)
 5 APPPATH\Controllers\AsistenciaController.php(67): view('mantenimiento/asistencias/listar', [...])
 6 SYSTEMPATH\CodeIgniter.php(932): App\Controllers\AsistenciaController->listarAsistencias('1', '1')
 7 SYSTEMPATH\CodeIgniter.php(497): CodeIgniter\CodeIgniter->runController(Object(App\Controllers\AsistenciaController))
 8 SYSTEMPATH\CodeIgniter.php(366): CodeIgniter\CodeIgniter->handleRequest(null, Object(Config\Cache), false)
 9 FCPATH\index.php(67): CodeIgniter\CodeIgniter->run()
CRITICAL - 2023-08-28 03:57:03 --> Array to string conversion
in APPPATH\Views\mantenimiento\asistencias\listar.php on line 3.
 1 APPPATH\Views\mantenimiento\asistencias\listar.php(3): CodeIgniter\Debug\Exceptions->errorHandler(2, 'Array to string conversion', 'C:\\xampp\\htdocs\\codeigniter-sistema-de-asistencia\\app\\Views\\mantenimiento\\asistencias\\listar.php', 3)
 2 SYSTEMPATH\View\View.php(224): include('C:\\xampp\\htdocs\\codeigniter-sistema-de-asistencia\\app\\Views\\mantenimiento\\asistencias\\listar.php')
 3 SYSTEMPATH\View\View.php(227): CodeIgniter\View\View->CodeIgniter\View\{closure}()
 4 SYSTEMPATH\Common.php(1180): CodeIgniter\View\View->render('mantenimiento/asistencias/listar', [], true)
 5 APPPATH\Controllers\AsistenciaController.php(67): view('mantenimiento/asistencias/listar', [...])
 6 SYSTEMPATH\CodeIgniter.php(932): App\Controllers\AsistenciaController->listarAsistencias('1', '1')
 7 SYSTEMPATH\CodeIgniter.php(497): CodeIgniter\CodeIgniter->runController(Object(App\Controllers\AsistenciaController))
 8 SYSTEMPATH\CodeIgniter.php(366): CodeIgniter\CodeIgniter->handleRequest(null, Object(Config\Cache), false)
 9 FCPATH\index.php(67): CodeIgniter\CodeIgniter->run()
CRITICAL - 2023-08-28 03:57:23 --> Undefined array key "nombre"
in APPPATH\Views\mantenimiento\asistencias\listar.php on line 3.
 1 APPPATH\Views\mantenimiento\asistencias\listar.php(3): CodeIgniter\Debug\Exceptions->errorHandler(2, 'Undefined array key "nombre"', 'C:\\xampp\\htdocs\\codeigniter-sistema-de-asistencia\\app\\Views\\mantenimiento\\asistencias\\listar.php', 3)
 2 SYSTEMPATH\View\View.php(224): include('C:\\xampp\\htdocs\\codeigniter-sistema-de-asistencia\\app\\Views\\mantenimiento\\asistencias\\listar.php')
 3 SYSTEMPATH\View\View.php(227): CodeIgniter\View\View->CodeIgniter\View\{closure}()
 4 SYSTEMPATH\Common.php(1180): CodeIgniter\View\View->render('mantenimiento/asistencias/listar', [], true)
 5 APPPATH\Controllers\AsistenciaController.php(67): view('mantenimiento/asistencias/listar', [...])
 6 SYSTEMPATH\CodeIgniter.php(932): App\Controllers\AsistenciaController->listarAsistencias('1', '1')
 7 SYSTEMPATH\CodeIgniter.php(497): CodeIgniter\CodeIgniter->runController(Object(App\Controllers\AsistenciaController))
 8 SYSTEMPATH\CodeIgniter.php(366): CodeIgniter\CodeIgniter->handleRequest(null, Object(Config\Cache), false)
 9 FCPATH\index.php(67): CodeIgniter\CodeIgniter->run()
CRITICAL - 2023-08-28 03:57:47 --> Attempt to read property "nombre" on array
in APPPATH\Views\mantenimiento\asistencias\listar.php on line 3.
 1 APPPATH\Views\mantenimiento\asistencias\listar.php(3): CodeIgniter\Debug\Exceptions->errorHandler(2, 'Attempt to read property "nombre" on array', 'C:\\xampp\\htdocs\\codeigniter-sistema-de-asistencia\\app\\Views\\mantenimiento\\asistencias\\listar.php', 3)
 2 SYSTEMPATH\View\View.php(224): include('C:\\xampp\\htdocs\\codeigniter-sistema-de-asistencia\\app\\Views\\mantenimiento\\asistencias\\listar.php')
 3 SYSTEMPATH\View\View.php(227): CodeIgniter\View\View->CodeIgniter\View\{closure}()
 4 SYSTEMPATH\Common.php(1180): CodeIgniter\View\View->render('mantenimiento/asistencias/listar', [], true)
 5 APPPATH\Controllers\AsistenciaController.php(67): view('mantenimiento/asistencias/listar', [...])
 6 SYSTEMPATH\CodeIgniter.php(932): App\Controllers\AsistenciaController->listarAsistencias('1', '1')
 7 SYSTEMPATH\CodeIgniter.php(497): CodeIgniter\CodeIgniter->runController(Object(App\Controllers\AsistenciaController))
 8 SYSTEMPATH\CodeIgniter.php(366): CodeIgniter\CodeIgniter->handleRequest(null, Object(Config\Cache), false)
 9 FCPATH\index.php(67): CodeIgniter\CodeIgniter->run()
CRITICAL - 2023-08-28 03:57:55 --> Undefined variable $aula
in APPPATH\Views\mantenimiento\asistencias\listar.php on line 3.
 1 APPPATH\Views\mantenimiento\asistencias\listar.php(3): CodeIgniter\Debug\Exceptions->errorHandler(2, 'Undefined variable $aula', 'C:\\xampp\\htdocs\\codeigniter-sistema-de-asistencia\\app\\Views\\mantenimiento\\asistencias\\listar.php', 3)
 2 SYSTEMPATH\View\View.php(224): include('C:\\xampp\\htdocs\\codeigniter-sistema-de-asistencia\\app\\Views\\mantenimiento\\asistencias\\listar.php')
 3 SYSTEMPATH\View\View.php(227): CodeIgniter\View\View->CodeIgniter\View\{closure}()
 4 SYSTEMPATH\Common.php(1180): CodeIgniter\View\View->render('mantenimiento/asistencias/listar', [], true)
 5 APPPATH\Controllers\AsistenciaController.php(67): view('mantenimiento/asistencias/listar', [...])
 6 SYSTEMPATH\CodeIgniter.php(932): App\Controllers\AsistenciaController->listarAsistencias('1', '1')
 7 SYSTEMPATH\CodeIgniter.php(497): CodeIgniter\CodeIgniter->runController(Object(App\Controllers\AsistenciaController))
 8 SYSTEMPATH\CodeIgniter.php(366): CodeIgniter\CodeIgniter->handleRequest(null, Object(Config\Cache), false)
 9 FCPATH\index.php(67): CodeIgniter\CodeIgniter->run()
CRITICAL - 2023-08-28 03:58:05 --> Attempt to read property "nombre" on array
in APPPATH\Views\mantenimiento\asistencias\listar.php on line 3.
 1 APPPATH\Views\mantenimiento\asistencias\listar.php(3): CodeIgniter\Debug\Exceptions->errorHandler(2, 'Attempt to read property "nombre" on array', 'C:\\xampp\\htdocs\\codeigniter-sistema-de-asistencia\\app\\Views\\mantenimiento\\asistencias\\listar.php', 3)
 2 SYSTEMPATH\View\View.php(224): include('C:\\xampp\\htdocs\\codeigniter-sistema-de-asistencia\\app\\Views\\mantenimiento\\asistencias\\listar.php')
 3 SYSTEMPATH\View\View.php(227): CodeIgniter\View\View->CodeIgniter\View\{closure}()
 4 SYSTEMPATH\Common.php(1180): CodeIgniter\View\View->render('mantenimiento/asistencias/listar', [], true)
 5 APPPATH\Controllers\AsistenciaController.php(67): view('mantenimiento/asistencias/listar', [...])
 6 SYSTEMPATH\CodeIgniter.php(932): App\Controllers\AsistenciaController->listarAsistencias('1', '1')
 7 SYSTEMPATH\CodeIgniter.php(497): CodeIgniter\CodeIgniter->runController(Object(App\Controllers\AsistenciaController))
 8 SYSTEMPATH\CodeIgniter.php(366): CodeIgniter\CodeIgniter->handleRequest(null, Object(Config\Cache), false)
 9 FCPATH\index.php(67): CodeIgniter\CodeIgniter->run()
CRITICAL - 2023-08-28 03:58:22 --> Undefined array key "nombre"
in APPPATH\Views\mantenimiento\asistencias\listar.php on line 3.
 1 APPPATH\Views\mantenimiento\asistencias\listar.php(3): CodeIgniter\Debug\Exceptions->errorHandler(2, 'Undefined array key "nombre"', 'C:\\xampp\\htdocs\\codeigniter-sistema-de-asistencia\\app\\Views\\mantenimiento\\asistencias\\listar.php', 3)
 2 SYSTEMPATH\View\View.php(224): include('C:\\xampp\\htdocs\\codeigniter-sistema-de-asistencia\\app\\Views\\mantenimiento\\asistencias\\listar.php')
 3 SYSTEMPATH\View\View.php(227): CodeIgniter\View\View->CodeIgniter\View\{closure}()
 4 SYSTEMPATH\Common.php(1180): CodeIgniter\View\View->render('mantenimiento/asistencias/listar', [], true)
 5 APPPATH\Controllers\AsistenciaController.php(67): view('mantenimiento/asistencias/listar', [...])
 6 SYSTEMPATH\CodeIgniter.php(932): App\Controllers\AsistenciaController->listarAsistencias('1', '1')
 7 SYSTEMPATH\CodeIgniter.php(497): CodeIgniter\CodeIgniter->runController(Object(App\Controllers\AsistenciaController))
 8 SYSTEMPATH\CodeIgniter.php(366): CodeIgniter\CodeIgniter->handleRequest(null, Object(Config\Cache), false)
 9 FCPATH\index.php(67): CodeIgniter\CodeIgniter->run()
CRITICAL - 2023-08-28 03:59:13 --> Undefined variable $alumno
in APPPATH\Views\mantenimiento\asistencias\listar.php on line 3.
 1 APPPATH\Views\mantenimiento\asistencias\listar.php(3): CodeIgniter\Debug\Exceptions->errorHandler(2, 'Undefined variable $alumno', 'C:\\xampp\\htdocs\\codeigniter-sistema-de-asistencia\\app\\Views\\mantenimiento\\asistencias\\listar.php', 3)
 2 SYSTEMPATH\View\View.php(224): include('C:\\xampp\\htdocs\\codeigniter-sistema-de-asistencia\\app\\Views\\mantenimiento\\asistencias\\listar.php')
 3 SYSTEMPATH\View\View.php(227): CodeIgniter\View\View->CodeIgniter\View\{closure}()
 4 SYSTEMPATH\Common.php(1180): CodeIgniter\View\View->render('mantenimiento/asistencias/listar', [], true)
 5 APPPATH\Controllers\AsistenciaController.php(67): view('mantenimiento/asistencias/listar', [...])
 6 SYSTEMPATH\CodeIgniter.php(932): App\Controllers\AsistenciaController->listarAsistencias('1', '1')
 7 SYSTEMPATH\CodeIgniter.php(497): CodeIgniter\CodeIgniter->runController(Object(App\Controllers\AsistenciaController))
 8 SYSTEMPATH\CodeIgniter.php(366): CodeIgniter\CodeIgniter->handleRequest(null, Object(Config\Cache), false)
 9 FCPATH\index.php(67): CodeIgniter\CodeIgniter->run()
CRITICAL - 2023-08-28 03:59:27 --> Undefined array key "usuario_id"
in APPPATH\Views\mantenimiento\asistencias\listar.php on line 3.
 1 APPPATH\Views\mantenimiento\asistencias\listar.php(3): CodeIgniter\Debug\Exceptions->errorHandler(2, 'Undefined array key "usuario_id"', 'C:\\xampp\\htdocs\\codeigniter-sistema-de-asistencia\\app\\Views\\mantenimiento\\asistencias\\listar.php', 3)
 2 SYSTEMPATH\View\View.php(224): include('C:\\xampp\\htdocs\\codeigniter-sistema-de-asistencia\\app\\Views\\mantenimiento\\asistencias\\listar.php')
 3 SYSTEMPATH\View\View.php(227): CodeIgniter\View\View->CodeIgniter\View\{closure}()
 4 SYSTEMPATH\Common.php(1180): CodeIgniter\View\View->render('mantenimiento/asistencias/listar', [], true)
 5 APPPATH\Controllers\AsistenciaController.php(67): view('mantenimiento/asistencias/listar', [...])
 6 SYSTEMPATH\CodeIgniter.php(932): App\Controllers\AsistenciaController->listarAsistencias('1', '1')
 7 SYSTEMPATH\CodeIgniter.php(497): CodeIgniter\CodeIgniter->runController(Object(App\Controllers\AsistenciaController))
 8 SYSTEMPATH\CodeIgniter.php(366): CodeIgniter\CodeIgniter->handleRequest(null, Object(Config\Cache), false)
 9 FCPATH\index.php(67): CodeIgniter\CodeIgniter->run()
CRITICAL - 2023-08-28 03:59:42 --> Undefined array key "aula_id"
in APPPATH\Views\mantenimiento\asistencias\listar.php on line 3.
 1 APPPATH\Views\mantenimiento\asistencias\listar.php(3): CodeIgniter\Debug\Exceptions->errorHandler(2, 'Undefined array key "aula_id"', 'C:\\xampp\\htdocs\\codeigniter-sistema-de-asistencia\\app\\Views\\mantenimiento\\asistencias\\listar.php', 3)
 2 SYSTEMPATH\View\View.php(224): include('C:\\xampp\\htdocs\\codeigniter-sistema-de-asistencia\\app\\Views\\mantenimiento\\asistencias\\listar.php')
 3 SYSTEMPATH\View\View.php(227): CodeIgniter\View\View->CodeIgniter\View\{closure}()
 4 SYSTEMPATH\Common.php(1180): CodeIgniter\View\View->render('mantenimiento/asistencias/listar', [], true)
 5 APPPATH\Controllers\AsistenciaController.php(67): view('mantenimiento/asistencias/listar', [...])
 6 SYSTEMPATH\CodeIgniter.php(932): App\Controllers\AsistenciaController->listarAsistencias('1', '1')
 7 SYSTEMPATH\CodeIgniter.php(497): CodeIgniter\CodeIgniter->runController(Object(App\Controllers\AsistenciaController))
 8 SYSTEMPATH\CodeIgniter.php(366): CodeIgniter\CodeIgniter->handleRequest(null, Object(Config\Cache), false)
 9 FCPATH\index.php(67): CodeIgniter\CodeIgniter->run()
CRITICAL - 2023-08-28 04:00:51 --> Undefined variable $aulas
in APPPATH\Views\mantenimiento\asistencias\listar.php on line 36.
 1 APPPATH\Views\mantenimiento\asistencias\listar.php(36): CodeIgniter\Debug\Exceptions->errorHandler(2, 'Undefined variable $aulas', 'C:\\xampp\\htdocs\\codeigniter-sistema-de-asistencia\\app\\Views\\mantenimiento\\asistencias\\listar.php', 36)
 2 SYSTEMPATH\View\View.php(224): include('C:\\xampp\\htdocs\\codeigniter-sistema-de-asistencia\\app\\Views\\mantenimiento\\asistencias\\listar.php')
 3 SYSTEMPATH\View\View.php(227): CodeIgniter\View\View->CodeIgniter\View\{closure}()
 4 SYSTEMPATH\Common.php(1180): CodeIgniter\View\View->render('mantenimiento/asistencias/listar', [], true)
 5 APPPATH\Controllers\AsistenciaController.php(69): view('mantenimiento/asistencias/listar', [...])
 6 SYSTEMPATH\CodeIgniter.php(932): App\Controllers\AsistenciaController->listarAsistencias('1', '1')
 7 SYSTEMPATH\CodeIgniter.php(497): CodeIgniter\CodeIgniter->runController(Object(App\Controllers\AsistenciaController))
 8 SYSTEMPATH\CodeIgniter.php(366): CodeIgniter\CodeIgniter->handleRequest(null, Object(Config\Cache), false)
 9 FCPATH\index.php(67): CodeIgniter\CodeIgniter->run()
CRITICAL - 2023-08-28 04:05:54 --> Undefined variable $aulaInfo
in APPPATH\Views\mantenimiento\asistencias\listar.php on line 3.
 1 APPPATH\Views\mantenimiento\asistencias\listar.php(3): CodeIgniter\Debug\Exceptions->errorHandler(2, 'Undefined variable $aulaInfo', 'C:\\xampp\\htdocs\\codeigniter-sistema-de-asistencia\\app\\Views\\mantenimiento\\asistencias\\listar.php', 3)
 2 SYSTEMPATH\View\View.php(224): include('C:\\xampp\\htdocs\\codeigniter-sistema-de-asistencia\\app\\Views\\mantenimiento\\asistencias\\listar.php')
 3 SYSTEMPATH\View\View.php(227): CodeIgniter\View\View->CodeIgniter\View\{closure}()
 4 SYSTEMPATH\Common.php(1180): CodeIgniter\View\View->render('mantenimiento/asistencias/listar', [], true)
 5 APPPATH\Controllers\AsistenciaController.php(70): view('mantenimiento/asistencias/listar', [...])
 6 SYSTEMPATH\CodeIgniter.php(932): App\Controllers\AsistenciaController->listarAsistencias('1', '1')
 7 SYSTEMPATH\CodeIgniter.php(497): CodeIgniter\CodeIgniter->runController(Object(App\Controllers\AsistenciaController))
 8 SYSTEMPATH\CodeIgniter.php(366): CodeIgniter\CodeIgniter->handleRequest(null, Object(Config\Cache), false)
 9 FCPATH\index.php(67): CodeIgniter\CodeIgniter->run()
CRITICAL - 2023-08-28 04:06:22 --> Undefined array key "nombre"
in APPPATH\Views\mantenimiento\asistencias\listar.php on line 3.
 1 APPPATH\Views\mantenimiento\asistencias\listar.php(3): CodeIgniter\Debug\Exceptions->errorHandler(2, 'Undefined array key "nombre"', 'C:\\xampp\\htdocs\\codeigniter-sistema-de-asistencia\\app\\Views\\mantenimiento\\asistencias\\listar.php', 3)
 2 SYSTEMPATH\View\View.php(224): include('C:\\xampp\\htdocs\\codeigniter-sistema-de-asistencia\\app\\Views\\mantenimiento\\asistencias\\listar.php')
 3 SYSTEMPATH\View\View.php(227): CodeIgniter\View\View->CodeIgniter\View\{closure}()
 4 SYSTEMPATH\Common.php(1180): CodeIgniter\View\View->render('mantenimiento/asistencias/listar', [], true)
 5 APPPATH\Controllers\AsistenciaController.php(70): view('mantenimiento/asistencias/listar', [...])
 6 SYSTEMPATH\CodeIgniter.php(932): App\Controllers\AsistenciaController->listarAsistencias('1', '1')
 7 SYSTEMPATH\CodeIgniter.php(497): CodeIgniter\CodeIgniter->runController(Object(App\Controllers\AsistenciaController))
 8 SYSTEMPATH\CodeIgniter.php(366): CodeIgniter\CodeIgniter->handleRequest(null, Object(Config\Cache), false)
 9 FCPATH\index.php(67): CodeIgniter\CodeIgniter->run()
CRITICAL - 2023-08-28 04:06:46 --> Undefined array key "nombre"
in APPPATH\Views\mantenimiento\asistencias\listar.php on line 3.
 1 APPPATH\Views\mantenimiento\asistencias\listar.php(3): CodeIgniter\Debug\Exceptions->errorHandler(2, 'Undefined array key "nombre"', 'C:\\xampp\\htdocs\\codeigniter-sistema-de-asistencia\\app\\Views\\mantenimiento\\asistencias\\listar.php', 3)
 2 SYSTEMPATH\View\View.php(224): include('C:\\xampp\\htdocs\\codeigniter-sistema-de-asistencia\\app\\Views\\mantenimiento\\asistencias\\listar.php')
 3 SYSTEMPATH\View\View.php(227): CodeIgniter\View\View->CodeIgniter\View\{closure}()
 4 SYSTEMPATH\Common.php(1180): CodeIgniter\View\View->render('mantenimiento/asistencias/listar', [], true)
 5 APPPATH\Controllers\AsistenciaController.php(70): view('mantenimiento/asistencias/listar', [...])
 6 SYSTEMPATH\CodeIgniter.php(932): App\Controllers\AsistenciaController->listarAsistencias('1', '1')
 7 SYSTEMPATH\CodeIgniter.php(497): CodeIgniter\CodeIgniter->runController(Object(App\Controllers\AsistenciaController))
 8 SYSTEMPATH\CodeIgniter.php(366): CodeIgniter\CodeIgniter->handleRequest(null, Object(Config\Cache), false)
 9 FCPATH\index.php(67): CodeIgniter\CodeIgniter->run()
CRITICAL - 2023-08-28 04:07:25 --> Undefined array key "nombre"
in APPPATH\Views\mantenimiento\asistencias\listar.php on line 3.
 1 APPPATH\Views\mantenimiento\asistencias\listar.php(3): CodeIgniter\Debug\Exceptions->errorHandler(2, 'Undefined array key "nombre"', 'C:\\xampp\\htdocs\\codeigniter-sistema-de-asistencia\\app\\Views\\mantenimiento\\asistencias\\listar.php', 3)
 2 SYSTEMPATH\View\View.php(224): include('C:\\xampp\\htdocs\\codeigniter-sistema-de-asistencia\\app\\Views\\mantenimiento\\asistencias\\listar.php')
 3 SYSTEMPATH\View\View.php(227): CodeIgniter\View\View->CodeIgniter\View\{closure}()
 4 SYSTEMPATH\Common.php(1180): CodeIgniter\View\View->render('mantenimiento/asistencias/listar', [], true)
 5 APPPATH\Controllers\AsistenciaController.php(70): view('mantenimiento/asistencias/listar', [...])
 6 SYSTEMPATH\CodeIgniter.php(932): App\Controllers\AsistenciaController->listarAsistencias('1', '1')
 7 SYSTEMPATH\CodeIgniter.php(497): CodeIgniter\CodeIgniter->runController(Object(App\Controllers\AsistenciaController))
 8 SYSTEMPATH\CodeIgniter.php(366): CodeIgniter\CodeIgniter->handleRequest(null, Object(Config\Cache), false)
 9 FCPATH\index.php(67): CodeIgniter\CodeIgniter->run()
CRITICAL - 2023-08-28 04:07:26 --> Undefined array key "nombre"
in APPPATH\Views\mantenimiento\asistencias\listar.php on line 3.
 1 APPPATH\Views\mantenimiento\asistencias\listar.php(3): CodeIgniter\Debug\Exceptions->errorHandler(2, 'Undefined array key "nombre"', 'C:\\xampp\\htdocs\\codeigniter-sistema-de-asistencia\\app\\Views\\mantenimiento\\asistencias\\listar.php', 3)
 2 SYSTEMPATH\View\View.php(224): include('C:\\xampp\\htdocs\\codeigniter-sistema-de-asistencia\\app\\Views\\mantenimiento\\asistencias\\listar.php')
 3 SYSTEMPATH\View\View.php(227): CodeIgniter\View\View->CodeIgniter\View\{closure}()
 4 SYSTEMPATH\Common.php(1180): CodeIgniter\View\View->render('mantenimiento/asistencias/listar', [], true)
 5 APPPATH\Controllers\AsistenciaController.php(70): view('mantenimiento/asistencias/listar', [...])
 6 SYSTEMPATH\CodeIgniter.php(932): App\Controllers\AsistenciaController->listarAsistencias('1', '1')
 7 SYSTEMPATH\CodeIgniter.php(497): CodeIgniter\CodeIgniter->runController(Object(App\Controllers\AsistenciaController))
 8 SYSTEMPATH\CodeIgniter.php(366): CodeIgniter\CodeIgniter->handleRequest(null, Object(Config\Cache), false)
 9 FCPATH\index.php(67): CodeIgniter\CodeIgniter->run()
CRITICAL - 2023-08-28 04:07:40 --> Undefined array key 0
in APPPATH\Views\mantenimiento\asistencias\listar.php on line 36.
 1 APPPATH\Views\mantenimiento\asistencias\listar.php(36): CodeIgniter\Debug\Exceptions->errorHandler(2, 'Undefined array key 0', 'C:\\xampp\\htdocs\\codeigniter-sistema-de-asistencia\\app\\Views\\mantenimiento\\asistencias\\listar.php', 36)
 2 SYSTEMPATH\View\View.php(224): include('C:\\xampp\\htdocs\\codeigniter-sistema-de-asistencia\\app\\Views\\mantenimiento\\asistencias\\listar.php')
 3 SYSTEMPATH\View\View.php(227): CodeIgniter\View\View->CodeIgniter\View\{closure}()
 4 SYSTEMPATH\Common.php(1180): CodeIgniter\View\View->render('mantenimiento/asistencias/listar', [], true)
 5 APPPATH\Controllers\AsistenciaController.php(70): view('mantenimiento/asistencias/listar', [...])
 6 SYSTEMPATH\CodeIgniter.php(932): App\Controllers\AsistenciaController->listarAsistencias('1', '1')
 7 SYSTEMPATH\CodeIgniter.php(497): CodeIgniter\CodeIgniter->runController(Object(App\Controllers\AsistenciaController))
 8 SYSTEMPATH\CodeIgniter.php(366): CodeIgniter\CodeIgniter->handleRequest(null, Object(Config\Cache), false)
 9 FCPATH\index.php(67): CodeIgniter\CodeIgniter->run()
CRITICAL - 2023-08-28 04:09:07 --> Undefined array key 0
in APPPATH\Views\mantenimiento\asistencias\listar.php on line 36.
 1 APPPATH\Views\mantenimiento\asistencias\listar.php(36): CodeIgniter\Debug\Exceptions->errorHandler(2, 'Undefined array key 0', 'C:\\xampp\\htdocs\\codeigniter-sistema-de-asistencia\\app\\Views\\mantenimiento\\asistencias\\listar.php', 36)
 2 SYSTEMPATH\View\View.php(224): include('C:\\xampp\\htdocs\\codeigniter-sistema-de-asistencia\\app\\Views\\mantenimiento\\asistencias\\listar.php')
 3 SYSTEMPATH\View\View.php(227): CodeIgniter\View\View->CodeIgniter\View\{closure}()
 4 SYSTEMPATH\Common.php(1180): CodeIgniter\View\View->render('mantenimiento/asistencias/listar', [], true)
 5 APPPATH\Controllers\AsistenciaController.php(79): view('mantenimiento/asistencias/listar', [...])
 6 SYSTEMPATH\CodeIgniter.php(932): App\Controllers\AsistenciaController->listarAsistencias('1', '1')
 7 SYSTEMPATH\CodeIgniter.php(497): CodeIgniter\CodeIgniter->runController(Object(App\Controllers\AsistenciaController))
 8 SYSTEMPATH\CodeIgniter.php(366): CodeIgniter\CodeIgniter->handleRequest(null, Object(Config\Cache), false)
 9 FCPATH\index.php(67): CodeIgniter\CodeIgniter->run()
CRITICAL - 2023-08-28 04:09:08 --> Undefined array key 0
in APPPATH\Views\mantenimiento\asistencias\listar.php on line 36.
 1 APPPATH\Views\mantenimiento\asistencias\listar.php(36): CodeIgniter\Debug\Exceptions->errorHandler(2, 'Undefined array key 0', 'C:\\xampp\\htdocs\\codeigniter-sistema-de-asistencia\\app\\Views\\mantenimiento\\asistencias\\listar.php', 36)
 2 SYSTEMPATH\View\View.php(224): include('C:\\xampp\\htdocs\\codeigniter-sistema-de-asistencia\\app\\Views\\mantenimiento\\asistencias\\listar.php')
 3 SYSTEMPATH\View\View.php(227): CodeIgniter\View\View->CodeIgniter\View\{closure}()
 4 SYSTEMPATH\Common.php(1180): CodeIgniter\View\View->render('mantenimiento/asistencias/listar', [], true)
 5 APPPATH\Controllers\AsistenciaController.php(79): view('mantenimiento/asistencias/listar', [...])
 6 SYSTEMPATH\CodeIgniter.php(932): App\Controllers\AsistenciaController->listarAsistencias('1', '1')
 7 SYSTEMPATH\CodeIgniter.php(497): CodeIgniter\CodeIgniter->runController(Object(App\Controllers\AsistenciaController))
 8 SYSTEMPATH\CodeIgniter.php(366): CodeIgniter\CodeIgniter->handleRequest(null, Object(Config\Cache), false)
 9 FCPATH\index.php(67): CodeIgniter\CodeIgniter->run()
CRITICAL - 2023-08-28 04:09:45 --> Undefined variable $aulas
in APPPATH\Views\mantenimiento\asistencias\listar.php on line 36.
 1 APPPATH\Views\mantenimiento\asistencias\listar.php(36): CodeIgniter\Debug\Exceptions->errorHandler(2, 'Undefined variable $aulas', 'C:\\xampp\\htdocs\\codeigniter-sistema-de-asistencia\\app\\Views\\mantenimiento\\asistencias\\listar.php', 36)
 2 SYSTEMPATH\View\View.php(224): include('C:\\xampp\\htdocs\\codeigniter-sistema-de-asistencia\\app\\Views\\mantenimiento\\asistencias\\listar.php')
 3 SYSTEMPATH\View\View.php(227): CodeIgniter\View\View->CodeIgniter\View\{closure}()
 4 SYSTEMPATH\Common.php(1180): CodeIgniter\View\View->render('mantenimiento/asistencias/listar', [], true)
 5 APPPATH\Controllers\AsistenciaController.php(79): view('mantenimiento/asistencias/listar', [...])
 6 SYSTEMPATH\CodeIgniter.php(932): App\Controllers\AsistenciaController->listarAsistencias('1', '1')
 7 SYSTEMPATH\CodeIgniter.php(497): CodeIgniter\CodeIgniter->runController(Object(App\Controllers\AsistenciaController))
 8 SYSTEMPATH\CodeIgniter.php(366): CodeIgniter\CodeIgniter->handleRequest(null, Object(Config\Cache), false)
 9 FCPATH\index.php(67): CodeIgniter\CodeIgniter->run()
CRITICAL - 2023-08-28 04:09:46 --> Undefined variable $aulas
in APPPATH\Views\mantenimiento\asistencias\listar.php on line 36.
 1 APPPATH\Views\mantenimiento\asistencias\listar.php(36): CodeIgniter\Debug\Exceptions->errorHandler(2, 'Undefined variable $aulas', 'C:\\xampp\\htdocs\\codeigniter-sistema-de-asistencia\\app\\Views\\mantenimiento\\asistencias\\listar.php', 36)
 2 SYSTEMPATH\View\View.php(224): include('C:\\xampp\\htdocs\\codeigniter-sistema-de-asistencia\\app\\Views\\mantenimiento\\asistencias\\listar.php')
 3 SYSTEMPATH\View\View.php(227): CodeIgniter\View\View->CodeIgniter\View\{closure}()
 4 SYSTEMPATH\Common.php(1180): CodeIgniter\View\View->render('mantenimiento/asistencias/listar', [], true)
 5 APPPATH\Controllers\AsistenciaController.php(79): view('mantenimiento/asistencias/listar', [...])
 6 SYSTEMPATH\CodeIgniter.php(932): App\Controllers\AsistenciaController->listarAsistencias('1', '1')
 7 SYSTEMPATH\CodeIgniter.php(497): CodeIgniter\CodeIgniter->runController(Object(App\Controllers\AsistenciaController))
 8 SYSTEMPATH\CodeIgniter.php(366): CodeIgniter\CodeIgniter->handleRequest(null, Object(Config\Cache), false)
 9 FCPATH\index.php(67): CodeIgniter\CodeIgniter->run()
CRITICAL - 2023-08-28 04:10:30 --> Undefined variable $aulas
in APPPATH\Views\mantenimiento\asistencias\listar.php on line 36.
 1 APPPATH\Views\mantenimiento\asistencias\listar.php(36): CodeIgniter\Debug\Exceptions->errorHandler(2, 'Undefined variable $aulas', 'C:\\xampp\\htdocs\\codeigniter-sistema-de-asistencia\\app\\Views\\mantenimiento\\asistencias\\listar.php', 36)
 2 SYSTEMPATH\View\View.php(224): include('C:\\xampp\\htdocs\\codeigniter-sistema-de-asistencia\\app\\Views\\mantenimiento\\asistencias\\listar.php')
 3 SYSTEMPATH\View\View.php(227): CodeIgniter\View\View->CodeIgniter\View\{closure}()
 4 SYSTEMPATH\Common.php(1180): CodeIgniter\View\View->render('mantenimiento/asistencias/listar', [], true)
 5 APPPATH\Controllers\AsistenciaController.php(80): view('mantenimiento/asistencias/listar', [...])
 6 SYSTEMPATH\CodeIgniter.php(932): App\Controllers\AsistenciaController->listarAsistencias('1', '1')
 7 SYSTEMPATH\CodeIgniter.php(497): CodeIgniter\CodeIgniter->runController(Object(App\Controllers\AsistenciaController))
 8 SYSTEMPATH\CodeIgniter.php(366): CodeIgniter\CodeIgniter->handleRequest(null, Object(Config\Cache), false)
 9 FCPATH\index.php(67): CodeIgniter\CodeIgniter->run()
CRITICAL - 2023-08-28 04:11:12 --> Undefined variable $aulaData
in APPPATH\Views\mantenimiento\asistencias\listar.php on line 3.
 1 APPPATH\Views\mantenimiento\asistencias\listar.php(3): CodeIgniter\Debug\Exceptions->errorHandler(2, 'Undefined variable $aulaData', 'C:\\xampp\\htdocs\\codeigniter-sistema-de-asistencia\\app\\Views\\mantenimiento\\asistencias\\listar.php', 3)
 2 SYSTEMPATH\View\View.php(224): include('C:\\xampp\\htdocs\\codeigniter-sistema-de-asistencia\\app\\Views\\mantenimiento\\asistencias\\listar.php')
 3 SYSTEMPATH\View\View.php(227): CodeIgniter\View\View->CodeIgniter\View\{closure}()
 4 SYSTEMPATH\Common.php(1180): CodeIgniter\View\View->render('mantenimiento/asistencias/listar', [], true)
 5 APPPATH\Controllers\AsistenciaController.php(72): view('mantenimiento/asistencias/listar', [...])
 6 SYSTEMPATH\CodeIgniter.php(932): App\Controllers\AsistenciaController->listarAsistencias('1', '1')
 7 SYSTEMPATH\CodeIgniter.php(497): CodeIgniter\CodeIgniter->runController(Object(App\Controllers\AsistenciaController))
 8 SYSTEMPATH\CodeIgniter.php(366): CodeIgniter\CodeIgniter->handleRequest(null, Object(Config\Cache), false)
 9 FCPATH\index.php(67): CodeIgniter\CodeIgniter->run()
CRITICAL - 2023-08-28 04:11:39 --> Undefined variable $aulas
in APPPATH\Views\mantenimiento\asistencias\listar.php on line 36.
 1 APPPATH\Views\mantenimiento\asistencias\listar.php(36): CodeIgniter\Debug\Exceptions->errorHandler(2, 'Undefined variable $aulas', 'C:\\xampp\\htdocs\\codeigniter-sistema-de-asistencia\\app\\Views\\mantenimiento\\asistencias\\listar.php', 36)
 2 SYSTEMPATH\View\View.php(224): include('C:\\xampp\\htdocs\\codeigniter-sistema-de-asistencia\\app\\Views\\mantenimiento\\asistencias\\listar.php')
 3 SYSTEMPATH\View\View.php(227): CodeIgniter\View\View->CodeIgniter\View\{closure}()
 4 SYSTEMPATH\Common.php(1180): CodeIgniter\View\View->render('mantenimiento/asistencias/listar', [], true)
 5 APPPATH\Controllers\AsistenciaController.php(80): view('mantenimiento/asistencias/listar', [...])
 6 SYSTEMPATH\CodeIgniter.php(932): App\Controllers\AsistenciaController->listarAsistencias('1', '1')
 7 SYSTEMPATH\CodeIgniter.php(497): CodeIgniter\CodeIgniter->runController(Object(App\Controllers\AsistenciaController))
 8 SYSTEMPATH\CodeIgniter.php(366): CodeIgniter\CodeIgniter->handleRequest(null, Object(Config\Cache), false)
 9 FCPATH\index.php(67): CodeIgniter\CodeIgniter->run()
CRITICAL - 2023-08-28 04:12:46 --> Undefined array key 0
in APPPATH\Views\mantenimiento\asistencias\listar.php on line 36.
 1 APPPATH\Views\mantenimiento\asistencias\listar.php(36): CodeIgniter\Debug\Exceptions->errorHandler(2, 'Undefined array key 0', 'C:\\xampp\\htdocs\\codeigniter-sistema-de-asistencia\\app\\Views\\mantenimiento\\asistencias\\listar.php', 36)
 2 SYSTEMPATH\View\View.php(224): include('C:\\xampp\\htdocs\\codeigniter-sistema-de-asistencia\\app\\Views\\mantenimiento\\asistencias\\listar.php')
 3 SYSTEMPATH\View\View.php(227): CodeIgniter\View\View->CodeIgniter\View\{closure}()
 4 SYSTEMPATH\Common.php(1180): CodeIgniter\View\View->render('mantenimiento/asistencias/listar', [], true)
 5 APPPATH\Controllers\AsistenciaController.php(80): view('mantenimiento/asistencias/listar', [...])
 6 SYSTEMPATH\CodeIgniter.php(932): App\Controllers\AsistenciaController->listarAsistencias('1', '1')
 7 SYSTEMPATH\CodeIgniter.php(497): CodeIgniter\CodeIgniter->runController(Object(App\Controllers\AsistenciaController))
 8 SYSTEMPATH\CodeIgniter.php(366): CodeIgniter\CodeIgniter->handleRequest(null, Object(Config\Cache), false)
 9 FCPATH\index.php(67): CodeIgniter\CodeIgniter->run()
CRITICAL - 2023-08-28 04:13:44 --> Undefined variable $alumnos
in APPPATH\Views\mantenimiento\asistencias\listar.php on line 19.
 1 APPPATH\Views\mantenimiento\asistencias\listar.php(19): CodeIgniter\Debug\Exceptions->errorHandler(2, 'Undefined variable $alumnos', 'C:\\xampp\\htdocs\\codeigniter-sistema-de-asistencia\\app\\Views\\mantenimiento\\asistencias\\listar.php', 19)
 2 SYSTEMPATH\View\View.php(224): include('C:\\xampp\\htdocs\\codeigniter-sistema-de-asistencia\\app\\Views\\mantenimiento\\asistencias\\listar.php')
 3 SYSTEMPATH\View\View.php(227): CodeIgniter\View\View->CodeIgniter\View\{closure}()
 4 SYSTEMPATH\Common.php(1180): CodeIgniter\View\View->render('mantenimiento/asistencias/listar', [], true)
 5 APPPATH\Controllers\AsistenciaController.php(80): view('mantenimiento/asistencias/listar', [...])
 6 SYSTEMPATH\CodeIgniter.php(932): App\Controllers\AsistenciaController->listarAsistencias('1', '1')
 7 SYSTEMPATH\CodeIgniter.php(497): CodeIgniter\CodeIgniter->runController(Object(App\Controllers\AsistenciaController))
 8 SYSTEMPATH\CodeIgniter.php(366): CodeIgniter\CodeIgniter->handleRequest(null, Object(Config\Cache), false)
 9 FCPATH\index.php(67): CodeIgniter\CodeIgniter->run()
CRITICAL - 2023-08-28 04:13:48 --> Undefined variable $aulas
in APPPATH\Views\mantenimiento\asistencias\listar.php on line 3.
 1 APPPATH\Views\mantenimiento\asistencias\listar.php(3): CodeIgniter\Debug\Exceptions->errorHandler(2, 'Undefined variable $aulas', 'C:\\xampp\\htdocs\\codeigniter-sistema-de-asistencia\\app\\Views\\mantenimiento\\asistencias\\listar.php', 3)
 2 SYSTEMPATH\View\View.php(224): include('C:\\xampp\\htdocs\\codeigniter-sistema-de-asistencia\\app\\Views\\mantenimiento\\asistencias\\listar.php')
 3 SYSTEMPATH\View\View.php(227): CodeIgniter\View\View->CodeIgniter\View\{closure}()
 4 SYSTEMPATH\Common.php(1180): CodeIgniter\View\View->render('mantenimiento/asistencias/listar', [], true)
 5 APPPATH\Controllers\AsistenciaController.php(80): view('mantenimiento/asistencias/listar', [...])
 6 SYSTEMPATH\CodeIgniter.php(932): App\Controllers\AsistenciaController->listarAsistencias('1', '1')
 7 SYSTEMPATH\CodeIgniter.php(497): CodeIgniter\CodeIgniter->runController(Object(App\Controllers\AsistenciaController))
 8 SYSTEMPATH\CodeIgniter.php(366): CodeIgniter\CodeIgniter->handleRequest(null, Object(Config\Cache), false)
 9 FCPATH\index.php(67): CodeIgniter\CodeIgniter->run()
CRITICAL - 2023-08-28 04:13:59 --> Undefined variable $alumnos
in APPPATH\Views\mantenimiento\asistencias\listar.php on line 19.
 1 APPPATH\Views\mantenimiento\asistencias\listar.php(19): CodeIgniter\Debug\Exceptions->errorHandler(2, 'Undefined variable $alumnos', 'C:\\xampp\\htdocs\\codeigniter-sistema-de-asistencia\\app\\Views\\mantenimiento\\asistencias\\listar.php', 19)
 2 SYSTEMPATH\View\View.php(224): include('C:\\xampp\\htdocs\\codeigniter-sistema-de-asistencia\\app\\Views\\mantenimiento\\asistencias\\listar.php')
 3 SYSTEMPATH\View\View.php(227): CodeIgniter\View\View->CodeIgniter\View\{closure}()
 4 SYSTEMPATH\Common.php(1180): CodeIgniter\View\View->render('mantenimiento/asistencias/listar', [], true)
 5 APPPATH\Controllers\AsistenciaController.php(80): view('mantenimiento/asistencias/listar', [...])
 6 SYSTEMPATH\CodeIgniter.php(932): App\Controllers\AsistenciaController->listarAsistencias('1', '1')
 7 SYSTEMPATH\CodeIgniter.php(497): CodeIgniter\CodeIgniter->runController(Object(App\Controllers\AsistenciaController))
 8 SYSTEMPATH\CodeIgniter.php(366): CodeIgniter\CodeIgniter->handleRequest(null, Object(Config\Cache), false)
 9 FCPATH\index.php(67): CodeIgniter\CodeIgniter->run()
CRITICAL - 2023-08-28 04:15:13 --> Undefined variable $aulas
in APPPATH\Views\mantenimiento\asistencias\listar.php on line 36.
 1 APPPATH\Views\mantenimiento\asistencias\listar.php(36): CodeIgniter\Debug\Exceptions->errorHandler(2, 'Undefined variable $aulas', 'C:\\xampp\\htdocs\\codeigniter-sistema-de-asistencia\\app\\Views\\mantenimiento\\asistencias\\listar.php', 36)
 2 SYSTEMPATH\View\View.php(224): include('C:\\xampp\\htdocs\\codeigniter-sistema-de-asistencia\\app\\Views\\mantenimiento\\asistencias\\listar.php')
 3 SYSTEMPATH\View\View.php(227): CodeIgniter\View\View->CodeIgniter\View\{closure}()
 4 SYSTEMPATH\Common.php(1180): CodeIgniter\View\View->render('mantenimiento/asistencias/listar', [], true)
 5 APPPATH\Controllers\AsistenciaController.php(80): view('mantenimiento/asistencias/listar', [...])
 6 SYSTEMPATH\CodeIgniter.php(932): App\Controllers\AsistenciaController->listarAsistencias('1', '1')
 7 SYSTEMPATH\CodeIgniter.php(497): CodeIgniter\CodeIgniter->runController(Object(App\Controllers\AsistenciaController))
 8 SYSTEMPATH\CodeIgniter.php(366): CodeIgniter\CodeIgniter->handleRequest(null, Object(Config\Cache), false)
 9 FCPATH\index.php(67): CodeIgniter\CodeIgniter->run()
CRITICAL - 2023-08-28 04:15:33 --> Undefined variable $aulaModel
in APPPATH\Controllers\AsistenciaController.php on line 63.
 1 APPPATH\Controllers\AsistenciaController.php(63): CodeIgniter\Debug\Exceptions->errorHandler(2, 'Undefined variable $aulaModel', 'C:\\xampp\\htdocs\\codeigniter-sistema-de-asistencia\\app\\Controllers\\AsistenciaController.php', 63)
 2 SYSTEMPATH\CodeIgniter.php(932): App\Controllers\AsistenciaController->listarAsistencias('1', '1')
 3 SYSTEMPATH\CodeIgniter.php(497): CodeIgniter\CodeIgniter->runController(Object(App\Controllers\AsistenciaController))
 4 SYSTEMPATH\CodeIgniter.php(366): CodeIgniter\CodeIgniter->handleRequest(null, Object(Config\Cache), false)
 5 FCPATH\index.php(67): CodeIgniter\CodeIgniter->run()
CRITICAL - 2023-08-28 04:31:06 --> Undefined variable $alumno
in APPPATH\Views\mantenimiento\asistencias\listar.php on line 3.
 1 APPPATH\Views\mantenimiento\asistencias\listar.php(3): CodeIgniter\Debug\Exceptions->errorHandler(2, 'Undefined variable $alumno', 'C:\\xampp\\htdocs\\codeigniter-sistema-de-asistencia\\app\\Views\\mantenimiento\\asistencias\\listar.php', 3)
 2 SYSTEMPATH\View\View.php(224): include('C:\\xampp\\htdocs\\codeigniter-sistema-de-asistencia\\app\\Views\\mantenimiento\\asistencias\\listar.php')
 3 SYSTEMPATH\View\View.php(227): CodeIgniter\View\View->CodeIgniter\View\{closure}()
 4 SYSTEMPATH\Common.php(1180): CodeIgniter\View\View->render('mantenimiento/asistencias/listar', [], true)
 5 APPPATH\Controllers\AsistenciaController.php(76): view('mantenimiento/asistencias/listar', [...])
 6 SYSTEMPATH\CodeIgniter.php(932): App\Controllers\AsistenciaController->listarAsistencias('1', '1')
 7 SYSTEMPATH\CodeIgniter.php(497): CodeIgniter\CodeIgniter->runController(Object(App\Controllers\AsistenciaController))
 8 SYSTEMPATH\CodeIgniter.php(366): CodeIgniter\CodeIgniter->handleRequest(null, Object(Config\Cache), false)
 9 FCPATH\index.php(67): CodeIgniter\CodeIgniter->run()
CRITICAL - 2023-08-28 04:31:58 --> Undefined variable $docente
in APPPATH\Views\mantenimiento\asistencias\listar.php on line 4.
 1 APPPATH\Views\mantenimiento\asistencias\listar.php(4): CodeIgniter\Debug\Exceptions->errorHandler(2, 'Undefined variable $docente', 'C:\\xampp\\htdocs\\codeigniter-sistema-de-asistencia\\app\\Views\\mantenimiento\\asistencias\\listar.php', 4)
 2 SYSTEMPATH\View\View.php(224): include('C:\\xampp\\htdocs\\codeigniter-sistema-de-asistencia\\app\\Views\\mantenimiento\\asistencias\\listar.php')
 3 SYSTEMPATH\View\View.php(227): CodeIgniter\View\View->CodeIgniter\View\{closure}()
 4 SYSTEMPATH\Common.php(1180): CodeIgniter\View\View->render('mantenimiento/asistencias/listar', [], true)
 5 APPPATH\Controllers\AsistenciaController.php(76): view('mantenimiento/asistencias/listar', [...])
 6 SYSTEMPATH\CodeIgniter.php(932): App\Controllers\AsistenciaController->listarAsistencias('1', '1')
 7 SYSTEMPATH\CodeIgniter.php(497): CodeIgniter\CodeIgniter->runController(Object(App\Controllers\AsistenciaController))
 8 SYSTEMPATH\CodeIgniter.php(366): CodeIgniter\CodeIgniter->handleRequest(null, Object(Config\Cache), false)
 9 FCPATH\index.php(67): CodeIgniter\CodeIgniter->run()
CRITICAL - 2023-08-28 04:32:07 --> Undefined variable $aula
in APPPATH\Views\mantenimiento\asistencias\listar.php on line 4.
 1 APPPATH\Views\mantenimiento\asistencias\listar.php(4): CodeIgniter\Debug\Exceptions->errorHandler(2, 'Undefined variable $aula', 'C:\\xampp\\htdocs\\codeigniter-sistema-de-asistencia\\app\\Views\\mantenimiento\\asistencias\\listar.php', 4)
 2 SYSTEMPATH\View\View.php(224): include('C:\\xampp\\htdocs\\codeigniter-sistema-de-asistencia\\app\\Views\\mantenimiento\\asistencias\\listar.php')
 3 SYSTEMPATH\View\View.php(227): CodeIgniter\View\View->CodeIgniter\View\{closure}()
 4 SYSTEMPATH\Common.php(1180): CodeIgniter\View\View->render('mantenimiento/asistencias/listar', [], true)
 5 APPPATH\Controllers\AsistenciaController.php(76): view('mantenimiento/asistencias/listar', [...])
 6 SYSTEMPATH\CodeIgniter.php(932): App\Controllers\AsistenciaController->listarAsistencias('1', '1')
 7 SYSTEMPATH\CodeIgniter.php(497): CodeIgniter\CodeIgniter->runController(Object(App\Controllers\AsistenciaController))
 8 SYSTEMPATH\CodeIgniter.php(366): CodeIgniter\CodeIgniter->handleRequest(null, Object(Config\Cache), false)
 9 FCPATH\index.php(67): CodeIgniter\CodeIgniter->run()
CRITICAL - 2023-08-28 04:32:35 --> Undefined variable $docente
in APPPATH\Views\mantenimiento\asistencias\listar.php on line 4.
 1 APPPATH\Views\mantenimiento\asistencias\listar.php(4): CodeIgniter\Debug\Exceptions->errorHandler(2, 'Undefined variable $docente', 'C:\\xampp\\htdocs\\codeigniter-sistema-de-asistencia\\app\\Views\\mantenimiento\\asistencias\\listar.php', 4)
 2 SYSTEMPATH\View\View.php(224): include('C:\\xampp\\htdocs\\codeigniter-sistema-de-asistencia\\app\\Views\\mantenimiento\\asistencias\\listar.php')
 3 SYSTEMPATH\View\View.php(227): CodeIgniter\View\View->CodeIgniter\View\{closure}()
 4 SYSTEMPATH\Common.php(1180): CodeIgniter\View\View->render('mantenimiento/asistencias/listar', [], true)
 5 APPPATH\Controllers\AsistenciaController.php(76): view('mantenimiento/asistencias/listar', [...])
 6 SYSTEMPATH\CodeIgniter.php(932): App\Controllers\AsistenciaController->listarAsistencias('1', '1')
 7 SYSTEMPATH\CodeIgniter.php(497): CodeIgniter\CodeIgniter->runController(Object(App\Controllers\AsistenciaController))
 8 SYSTEMPATH\CodeIgniter.php(366): CodeIgniter\CodeIgniter->handleRequest(null, Object(Config\Cache), false)
 9 FCPATH\index.php(67): CodeIgniter\CodeIgniter->run()
CRITICAL - 2023-08-28 04:33:16 --> Undefined variable $docente
in APPPATH\Views\mantenimiento\asistencias\listar.php on line 4.
 1 APPPATH\Views\mantenimiento\asistencias\listar.php(4): CodeIgniter\Debug\Exceptions->errorHandler(2, 'Undefined variable $docente', 'C:\\xampp\\htdocs\\codeigniter-sistema-de-asistencia\\app\\Views\\mantenimiento\\asistencias\\listar.php', 4)
 2 SYSTEMPATH\View\View.php(224): include('C:\\xampp\\htdocs\\codeigniter-sistema-de-asistencia\\app\\Views\\mantenimiento\\asistencias\\listar.php')
 3 SYSTEMPATH\View\View.php(227): CodeIgniter\View\View->CodeIgniter\View\{closure}()
 4 SYSTEMPATH\Common.php(1180): CodeIgniter\View\View->render('mantenimiento/asistencias/listar', [], true)
 5 APPPATH\Controllers\AsistenciaController.php(80): view('mantenimiento/asistencias/listar', [...])
 6 SYSTEMPATH\CodeIgniter.php(932): App\Controllers\AsistenciaController->listarAsistencias('1', '1')
 7 SYSTEMPATH\CodeIgniter.php(497): CodeIgniter\CodeIgniter->runController(Object(App\Controllers\AsistenciaController))
 8 SYSTEMPATH\CodeIgniter.php(366): CodeIgniter\CodeIgniter->handleRequest(null, Object(Config\Cache), false)
 9 FCPATH\index.php(67): CodeIgniter\CodeIgniter->run()
CRITICAL - 2023-08-28 04:33:17 --> Undefined variable $docente
in APPPATH\Views\mantenimiento\asistencias\listar.php on line 4.
 1 APPPATH\Views\mantenimiento\asistencias\listar.php(4): CodeIgniter\Debug\Exceptions->errorHandler(2, 'Undefined variable $docente', 'C:\\xampp\\htdocs\\codeigniter-sistema-de-asistencia\\app\\Views\\mantenimiento\\asistencias\\listar.php', 4)
 2 SYSTEMPATH\View\View.php(224): include('C:\\xampp\\htdocs\\codeigniter-sistema-de-asistencia\\app\\Views\\mantenimiento\\asistencias\\listar.php')
 3 SYSTEMPATH\View\View.php(227): CodeIgniter\View\View->CodeIgniter\View\{closure}()
 4 SYSTEMPATH\Common.php(1180): CodeIgniter\View\View->render('mantenimiento/asistencias/listar', [], true)
 5 APPPATH\Controllers\AsistenciaController.php(80): view('mantenimiento/asistencias/listar', [...])
 6 SYSTEMPATH\CodeIgniter.php(932): App\Controllers\AsistenciaController->listarAsistencias('1', '1')
 7 SYSTEMPATH\CodeIgniter.php(497): CodeIgniter\CodeIgniter->runController(Object(App\Controllers\AsistenciaController))
 8 SYSTEMPATH\CodeIgniter.php(366): CodeIgniter\CodeIgniter->handleRequest(null, Object(Config\Cache), false)
 9 FCPATH\index.php(67): CodeIgniter\CodeIgniter->run()
CRITICAL - 2023-08-28 04:33:17 --> Undefined variable $docente
in APPPATH\Views\mantenimiento\asistencias\listar.php on line 4.
 1 APPPATH\Views\mantenimiento\asistencias\listar.php(4): CodeIgniter\Debug\Exceptions->errorHandler(2, 'Undefined variable $docente', 'C:\\xampp\\htdocs\\codeigniter-sistema-de-asistencia\\app\\Views\\mantenimiento\\asistencias\\listar.php', 4)
 2 SYSTEMPATH\View\View.php(224): include('C:\\xampp\\htdocs\\codeigniter-sistema-de-asistencia\\app\\Views\\mantenimiento\\asistencias\\listar.php')
 3 SYSTEMPATH\View\View.php(227): CodeIgniter\View\View->CodeIgniter\View\{closure}()
 4 SYSTEMPATH\Common.php(1180): CodeIgniter\View\View->render('mantenimiento/asistencias/listar', [], true)
 5 APPPATH\Controllers\AsistenciaController.php(80): view('mantenimiento/asistencias/listar', [...])
 6 SYSTEMPATH\CodeIgniter.php(932): App\Controllers\AsistenciaController->listarAsistencias('1', '1')
 7 SYSTEMPATH\CodeIgniter.php(497): CodeIgniter\CodeIgniter->runController(Object(App\Controllers\AsistenciaController))
 8 SYSTEMPATH\CodeIgniter.php(366): CodeIgniter\CodeIgniter->handleRequest(null, Object(Config\Cache), false)
 9 FCPATH\index.php(67): CodeIgniter\CodeIgniter->run()
CRITICAL - 2023-08-28 04:34:11 --> Attempt to read property "id" on array
in APPPATH\Views\mantenimiento\asistencias\listar.php on line 4.
 1 APPPATH\Views\mantenimiento\asistencias\listar.php(4): CodeIgniter\Debug\Exceptions->errorHandler(2, 'Attempt to read property "id" on array', 'C:\\xampp\\htdocs\\codeigniter-sistema-de-asistencia\\app\\Views\\mantenimiento\\asistencias\\listar.php', 4)
 2 SYSTEMPATH\View\View.php(224): include('C:\\xampp\\htdocs\\codeigniter-sistema-de-asistencia\\app\\Views\\mantenimiento\\asistencias\\listar.php')
 3 SYSTEMPATH\View\View.php(227): CodeIgniter\View\View->CodeIgniter\View\{closure}()
 4 SYSTEMPATH\Common.php(1180): CodeIgniter\View\View->render('mantenimiento/asistencias/listar', [], true)
 5 APPPATH\Controllers\AsistenciaController.php(80): view('mantenimiento/asistencias/listar', [...])
 6 SYSTEMPATH\CodeIgniter.php(932): App\Controllers\AsistenciaController->listarAsistencias('1', '1')
 7 SYSTEMPATH\CodeIgniter.php(497): CodeIgniter\CodeIgniter->runController(Object(App\Controllers\AsistenciaController))
 8 SYSTEMPATH\CodeIgniter.php(366): CodeIgniter\CodeIgniter->handleRequest(null, Object(Config\Cache), false)
 9 FCPATH\index.php(67): CodeIgniter\CodeIgniter->run()
CRITICAL - 2023-08-28 04:34:21 --> Undefined array key "id"
in APPPATH\Views\mantenimiento\asistencias\listar.php on line 4.
 1 APPPATH\Views\mantenimiento\asistencias\listar.php(4): CodeIgniter\Debug\Exceptions->errorHandler(2, 'Undefined array key "id"', 'C:\\xampp\\htdocs\\codeigniter-sistema-de-asistencia\\app\\Views\\mantenimiento\\asistencias\\listar.php', 4)
 2 SYSTEMPATH\View\View.php(224): include('C:\\xampp\\htdocs\\codeigniter-sistema-de-asistencia\\app\\Views\\mantenimiento\\asistencias\\listar.php')
 3 SYSTEMPATH\View\View.php(227): CodeIgniter\View\View->CodeIgniter\View\{closure}()
 4 SYSTEMPATH\Common.php(1180): CodeIgniter\View\View->render('mantenimiento/asistencias/listar', [], true)
 5 APPPATH\Controllers\AsistenciaController.php(80): view('mantenimiento/asistencias/listar', [...])
 6 SYSTEMPATH\CodeIgniter.php(932): App\Controllers\AsistenciaController->listarAsistencias('1', '1')
 7 SYSTEMPATH\CodeIgniter.php(497): CodeIgniter\CodeIgniter->runController(Object(App\Controllers\AsistenciaController))
 8 SYSTEMPATH\CodeIgniter.php(366): CodeIgniter\CodeIgniter->handleRequest(null, Object(Config\Cache), false)
 9 FCPATH\index.php(67): CodeIgniter\CodeIgniter->run()
CRITICAL - 2023-08-28 04:34:32 --> Undefined variable $docente
in APPPATH\Views\mantenimiento\asistencias\listar.php on line 4.
 1 APPPATH\Views\mantenimiento\asistencias\listar.php(4): CodeIgniter\Debug\Exceptions->errorHandler(2, 'Undefined variable $docente', 'C:\\xampp\\htdocs\\codeigniter-sistema-de-asistencia\\app\\Views\\mantenimiento\\asistencias\\listar.php', 4)
 2 SYSTEMPATH\View\View.php(224): include('C:\\xampp\\htdocs\\codeigniter-sistema-de-asistencia\\app\\Views\\mantenimiento\\asistencias\\listar.php')
 3 SYSTEMPATH\View\View.php(227): CodeIgniter\View\View->CodeIgniter\View\{closure}()
 4 SYSTEMPATH\Common.php(1180): CodeIgniter\View\View->render('mantenimiento/asistencias/listar', [], true)
 5 APPPATH\Controllers\AsistenciaController.php(80): view('mantenimiento/asistencias/listar', [...])
 6 SYSTEMPATH\CodeIgniter.php(932): App\Controllers\AsistenciaController->listarAsistencias('1', '1')
 7 SYSTEMPATH\CodeIgniter.php(497): CodeIgniter\CodeIgniter->runController(Object(App\Controllers\AsistenciaController))
 8 SYSTEMPATH\CodeIgniter.php(366): CodeIgniter\CodeIgniter->handleRequest(null, Object(Config\Cache), false)
 9 FCPATH\index.php(67): CodeIgniter\CodeIgniter->run()
CRITICAL - 2023-08-28 17:29:52 --> Too few arguments to function App\Controllers\AsistenciaController::guardarAsistencia(), 0 passed in C:\xampp\htdocs\codeigniter-sistema-de-asistencia\system\CodeIgniter.php on line 932 and exactly 2 expected
in APPPATH\Controllers\AsistenciaController.php on line 121.
 1 SYSTEMPATH\CodeIgniter.php(932): App\Controllers\AsistenciaController->guardarAsistencia()
 2 SYSTEMPATH\CodeIgniter.php(497): CodeIgniter\CodeIgniter->runController(Object(App\Controllers\AsistenciaController))
 3 SYSTEMPATH\CodeIgniter.php(366): CodeIgniter\CodeIgniter->handleRequest(null, Object(Config\Cache), false)
 4 FCPATH\index.php(67): CodeIgniter\CodeIgniter->run()
CRITICAL - 2023-08-28 17:30:22 --> Too few arguments to function App\Controllers\AsistenciaController::guardarAsistencia(), 0 passed in C:\xampp\htdocs\codeigniter-sistema-de-asistencia\system\CodeIgniter.php on line 932 and exactly 1 expected
in APPPATH\Controllers\AsistenciaController.php on line 121.
 1 SYSTEMPATH\CodeIgniter.php(932): App\Controllers\AsistenciaController->guardarAsistencia()
 2 SYSTEMPATH\CodeIgniter.php(497): CodeIgniter\CodeIgniter->runController(Object(App\Controllers\AsistenciaController))
 3 SYSTEMPATH\CodeIgniter.php(366): CodeIgniter\CodeIgniter->handleRequest(null, Object(Config\Cache), false)
 4 FCPATH\index.php(67): CodeIgniter\CodeIgniter->run()
CRITICAL - 2023-08-28 17:36:24 --> Too few arguments to function App\Controllers\AsistenciaController::listarAsistencias(), 1 passed in C:\xampp\htdocs\codeigniter-sistema-de-asistencia\system\CodeIgniter.php on line 932 and exactly 2 expected
in APPPATH\Controllers\AsistenciaController.php on line 19.
 1 SYSTEMPATH\CodeIgniter.php(932): App\Controllers\AsistenciaController->listarAsistencias('57')
 2 SYSTEMPATH\CodeIgniter.php(497): CodeIgniter\CodeIgniter->runController(Object(App\Controllers\AsistenciaController))
 3 SYSTEMPATH\CodeIgniter.php(366): CodeIgniter\CodeIgniter->handleRequest(null, Object(Config\Cache), false)
 4 FCPATH\index.php(67): CodeIgniter\CodeIgniter->run()
CRITICAL - 2023-08-28 17:36:47 --> Undefined variable $aulaId
in APPPATH\Controllers\AsistenciaController.php on line 55.
 1 APPPATH\Controllers\AsistenciaController.php(55): CodeIgniter\Debug\Exceptions->errorHandler(2, 'Undefined variable $aulaId', 'C:\\xampp\\htdocs\\codeigniter-sistema-de-asistencia\\app\\Controllers\\AsistenciaController.php', 55)
 2 SYSTEMPATH\CodeIgniter.php(932): App\Controllers\AsistenciaController->listarAsistencias('57')
 3 SYSTEMPATH\CodeIgniter.php(497): CodeIgniter\CodeIgniter->runController(Object(App\Controllers\AsistenciaController))
 4 SYSTEMPATH\CodeIgniter.php(366): CodeIgniter\CodeIgniter->handleRequest(null, Object(Config\Cache), false)
 5 FCPATH\index.php(67): CodeIgniter\CodeIgniter->run()
CRITICAL - 2023-08-28 17:37:08 --> Trying to access array offset on value of type null
in APPPATH\Controllers\AsistenciaController.php on line 68.
 1 APPPATH\Controllers\AsistenciaController.php(68): CodeIgniter\Debug\Exceptions->errorHandler(2, 'Trying to access array offset on value of type null', 'C:\\xampp\\htdocs\\codeigniter-sistema-de-asistencia\\app\\Controllers\\AsistenciaController.php', 68)
 2 SYSTEMPATH\CodeIgniter.php(932): App\Controllers\AsistenciaController->listarAsistencias('57')
 3 SYSTEMPATH\CodeIgniter.php(497): CodeIgniter\CodeIgniter->runController(Object(App\Controllers\AsistenciaController))
 4 SYSTEMPATH\CodeIgniter.php(366): CodeIgniter\CodeIgniter->handleRequest(null, Object(Config\Cache), false)
 5 FCPATH\index.php(67): CodeIgniter\CodeIgniter->run()
CRITICAL - 2023-08-28 17:51:29 --> Trying to access array offset on value of type null
in APPPATH\Views\mantenimiento\asistencias\listar.php on line 3.
 1 APPPATH\Views\mantenimiento\asistencias\listar.php(3): CodeIgniter\Debug\Exceptions->errorHandler(2, 'Trying to access array offset on value of type null', 'C:\\xampp\\htdocs\\codeigniter-sistema-de-asistencia\\app\\Views\\mantenimiento\\asistencias\\listar.php', 3)
 2 SYSTEMPATH\View\View.php(224): include('C:\\xampp\\htdocs\\codeigniter-sistema-de-asistencia\\app\\Views\\mantenimiento\\asistencias\\listar.php')
 3 SYSTEMPATH\View\View.php(227): CodeIgniter\View\View->CodeIgniter\View\{closure}()
 4 SYSTEMPATH\Common.php(1180): CodeIgniter\View\View->render('mantenimiento/asistencias/listar', [], true)
 5 APPPATH\Controllers\AsistenciaController.php(67): view('mantenimiento/asistencias/listar', [...])
 6 SYSTEMPATH\CodeIgniter.php(932): App\Controllers\AsistenciaController->listarAsistencias('57')
 7 SYSTEMPATH\CodeIgniter.php(497): CodeIgniter\CodeIgniter->runController(Object(App\Controllers\AsistenciaController))
 8 SYSTEMPATH\CodeIgniter.php(366): CodeIgniter\CodeIgniter->handleRequest(null, Object(Config\Cache), false)
 9 FCPATH\index.php(67): CodeIgniter\CodeIgniter->run()
CRITICAL - 2023-08-28 17:57:05 --> Trying to access array offset on value of type null
in APPPATH\Views\mantenimiento\asistencias\listar.php on line 3.
 1 APPPATH\Views\mantenimiento\asistencias\listar.php(3): CodeIgniter\Debug\Exceptions->errorHandler(2, 'Trying to access array offset on value of type null', 'C:\\xampp\\htdocs\\codeigniter-sistema-de-asistencia\\app\\Views\\mantenimiento\\asistencias\\listar.php', 3)
 2 SYSTEMPATH\View\View.php(224): include('C:\\xampp\\htdocs\\codeigniter-sistema-de-asistencia\\app\\Views\\mantenimiento\\asistencias\\listar.php')
 3 SYSTEMPATH\View\View.php(227): CodeIgniter\View\View->CodeIgniter\View\{closure}()
 4 SYSTEMPATH\Common.php(1180): CodeIgniter\View\View->render('mantenimiento/asistencias/listar', [], true)
 5 APPPATH\Controllers\AsistenciaController.php(67): view('mantenimiento/asistencias/listar', [...])
 6 SYSTEMPATH\CodeIgniter.php(932): App\Controllers\AsistenciaController->listarAsistencias('57')
 7 SYSTEMPATH\CodeIgniter.php(497): CodeIgniter\CodeIgniter->runController(Object(App\Controllers\AsistenciaController))
 8 SYSTEMPATH\CodeIgniter.php(366): CodeIgniter\CodeIgniter->handleRequest(null, Object(Config\Cache), false)
 9 FCPATH\index.php(67): CodeIgniter\CodeIgniter->run()
CRITICAL - 2023-08-28 18:17:51 --> Undefined variable $aulaData
in APPPATH\Views\mantenimiento\asistencias\listar.php on line 3.
 1 APPPATH\Views\mantenimiento\asistencias\listar.php(3): CodeIgniter\Debug\Exceptions->errorHandler(2, 'Undefined variable $aulaData', 'C:\\xampp\\htdocs\\codeigniter-sistema-de-asistencia\\app\\Views\\mantenimiento\\asistencias\\listar.php', 3)
 2 SYSTEMPATH\View\View.php(224): include('C:\\xampp\\htdocs\\codeigniter-sistema-de-asistencia\\app\\Views\\mantenimiento\\asistencias\\listar.php')
 3 SYSTEMPATH\View\View.php(227): CodeIgniter\View\View->CodeIgniter\View\{closure}()
 4 SYSTEMPATH\Common.php(1180): CodeIgniter\View\View->render('mantenimiento/asistencias/listar', [], true)
 5 APPPATH\Controllers\AsistenciaController.php(65): view('mantenimiento/asistencias/listar', [...])
 6 SYSTEMPATH\CodeIgniter.php(932): App\Controllers\AsistenciaController->listarAsistencias('57')
 7 SYSTEMPATH\CodeIgniter.php(497): CodeIgniter\CodeIgniter->runController(Object(App\Controllers\AsistenciaController))
 8 SYSTEMPATH\CodeIgniter.php(366): CodeIgniter\CodeIgniter->handleRequest(null, Object(Config\Cache), false)
 9 FCPATH\index.php(67): CodeIgniter\CodeIgniter->run()
CRITICAL - 2023-08-28 18:21:23 --> Undefined variable $usuarios
in APPPATH\Views\mantenimiento\asistencias\listar.php on line 33.
 1 APPPATH\Views\mantenimiento\asistencias\listar.php(33): CodeIgniter\Debug\Exceptions->errorHandler(2, 'Undefined variable $usuarios', 'C:\\xampp\\htdocs\\codeigniter-sistema-de-asistencia\\app\\Views\\mantenimiento\\asistencias\\listar.php', 33)
 2 SYSTEMPATH\View\View.php(224): include('C:\\xampp\\htdocs\\codeigniter-sistema-de-asistencia\\app\\Views\\mantenimiento\\asistencias\\listar.php')
 3 SYSTEMPATH\View\View.php(227): CodeIgniter\View\View->CodeIgniter\View\{closure}()
 4 SYSTEMPATH\Common.php(1180): CodeIgniter\View\View->render('mantenimiento/asistencias/listar', [], true)
 5 APPPATH\Controllers\AsistenciaController.php(69): view('mantenimiento/asistencias/listar', [...])
 6 SYSTEMPATH\CodeIgniter.php(932): App\Controllers\AsistenciaController->listarAsistencias('57')
 7 SYSTEMPATH\CodeIgniter.php(497): CodeIgniter\CodeIgniter->runController(Object(App\Controllers\AsistenciaController))
 8 SYSTEMPATH\CodeIgniter.php(366): CodeIgniter\CodeIgniter->handleRequest(null, Object(Config\Cache), false)
 9 FCPATH\index.php(67): CodeIgniter\CodeIgniter->run()
CRITICAL - 2023-08-28 18:21:29 --> Undefined variable $usuarios
in APPPATH\Views\mantenimiento\asistencias\listar.php on line 33.
 1 APPPATH\Views\mantenimiento\asistencias\listar.php(33): CodeIgniter\Debug\Exceptions->errorHandler(2, 'Undefined variable $usuarios', 'C:\\xampp\\htdocs\\codeigniter-sistema-de-asistencia\\app\\Views\\mantenimiento\\asistencias\\listar.php', 33)
 2 SYSTEMPATH\View\View.php(224): include('C:\\xampp\\htdocs\\codeigniter-sistema-de-asistencia\\app\\Views\\mantenimiento\\asistencias\\listar.php')
 3 SYSTEMPATH\View\View.php(227): CodeIgniter\View\View->CodeIgniter\View\{closure}()
 4 SYSTEMPATH\Common.php(1180): CodeIgniter\View\View->render('mantenimiento/asistencias/listar', [], true)
 5 APPPATH\Controllers\AsistenciaController.php(69): view('mantenimiento/asistencias/listar', [...])
 6 SYSTEMPATH\CodeIgniter.php(932): App\Controllers\AsistenciaController->listarAsistencias('57')
 7 SYSTEMPATH\CodeIgniter.php(497): CodeIgniter\CodeIgniter->runController(Object(App\Controllers\AsistenciaController))
 8 SYSTEMPATH\CodeIgniter.php(366): CodeIgniter\CodeIgniter->handleRequest(null, Object(Config\Cache), false)
 9 FCPATH\index.php(67): CodeIgniter\CodeIgniter->run()
CRITICAL - 2023-08-28 18:48:21 --> Undefined property: stdClass::$curso_id
in APPPATH\Controllers\AsistenciaController.php on line 96.
 1 APPPATH\Controllers\AsistenciaController.php(96): CodeIgniter\Debug\Exceptions->errorHandler(2, 'Undefined property: stdClass::$curso_id', 'C:\\xampp\\htdocs\\codeigniter-sistema-de-asistencia\\app\\Controllers\\AsistenciaController.php', 96)
 2 SYSTEMPATH\CodeIgniter.php(932): App\Controllers\AsistenciaController->guardarAsistencia()
 3 SYSTEMPATH\CodeIgniter.php(497): CodeIgniter\CodeIgniter->runController(Object(App\Controllers\AsistenciaController))
 4 SYSTEMPATH\CodeIgniter.php(366): CodeIgniter\CodeIgniter->handleRequest(null, Object(Config\Cache), false)
 5 FCPATH\index.php(67): CodeIgniter\CodeIgniter->run()
CRITICAL - 2023-08-28 19:32:14 --> Undefined array key "curso_id"
in APPPATH\Controllers\AsistenciaController.php on line 97.
 1 APPPATH\Controllers\AsistenciaController.php(97): CodeIgniter\Debug\Exceptions->errorHandler(2, 'Undefined array key "curso_id"', 'C:\\xampp\\htdocs\\codeigniter-sistema-de-asistencia\\app\\Controllers\\AsistenciaController.php', 97)
 2 SYSTEMPATH\CodeIgniter.php(932): App\Controllers\AsistenciaController->guardarAsistencia()
 3 SYSTEMPATH\CodeIgniter.php(497): CodeIgniter\CodeIgniter->runController(Object(App\Controllers\AsistenciaController))
 4 SYSTEMPATH\CodeIgniter.php(366): CodeIgniter\CodeIgniter->handleRequest(null, Object(Config\Cache), false)
 5 FCPATH\index.php(67): CodeIgniter\CodeIgniter->run()
CRITICAL - 2023-08-28 19:32:41 --> Undefined array key "curso_id"
in APPPATH\Controllers\AsistenciaController.php on line 97.
 1 APPPATH\Controllers\AsistenciaController.php(97): CodeIgniter\Debug\Exceptions->errorHandler(2, 'Undefined array key "curso_id"', 'C:\\xampp\\htdocs\\codeigniter-sistema-de-asistencia\\app\\Controllers\\AsistenciaController.php', 97)
 2 SYSTEMPATH\CodeIgniter.php(932): App\Controllers\AsistenciaController->guardarAsistencia()
 3 SYSTEMPATH\CodeIgniter.php(497): CodeIgniter\CodeIgniter->runController(Object(App\Controllers\AsistenciaController))
 4 SYSTEMPATH\CodeIgniter.php(366): CodeIgniter\CodeIgniter->handleRequest(null, Object(Config\Cache), false)
 5 FCPATH\index.php(67): CodeIgniter\CodeIgniter->run()
CRITICAL - 2023-08-28 20:38:06 --> Undefined array key "curso_id"
in APPPATH\Controllers\AsistenciaController.php on line 97.
 1 APPPATH\Controllers\AsistenciaController.php(97): CodeIgniter\Debug\Exceptions->errorHandler(2, 'Undefined array key "curso_id"', 'C:\\xampp\\htdocs\\codeigniter-sistema-de-asistencia\\app\\Controllers\\AsistenciaController.php', 97)
 2 SYSTEMPATH\CodeIgniter.php(932): App\Controllers\AsistenciaController->guardarAsistencia()
 3 SYSTEMPATH\CodeIgniter.php(497): CodeIgniter\CodeIgniter->runController(Object(App\Controllers\AsistenciaController))
 4 SYSTEMPATH\CodeIgniter.php(366): CodeIgniter\CodeIgniter->handleRequest(null, Object(Config\Cache), false)
 5 FCPATH\index.php(67): CodeIgniter\CodeIgniter->run()
CRITICAL - 2023-08-28 20:42:50 --> Undefined array key "curso_id"
in APPPATH\Controllers\AsistenciaController.php on line 98.
 1 APPPATH\Controllers\AsistenciaController.php(98): CodeIgniter\Debug\Exceptions->errorHandler(2, 'Undefined array key "curso_id"', 'C:\\xampp\\htdocs\\codeigniter-sistema-de-asistencia\\app\\Controllers\\AsistenciaController.php', 98)
 2 SYSTEMPATH\CodeIgniter.php(932): App\Controllers\AsistenciaController->guardarAsistencia()
 3 SYSTEMPATH\CodeIgniter.php(497): CodeIgniter\CodeIgniter->runController(Object(App\Controllers\AsistenciaController))
 4 SYSTEMPATH\CodeIgniter.php(366): CodeIgniter\CodeIgniter->handleRequest(null, Object(Config\Cache), false)
 5 FCPATH\index.php(67): CodeIgniter\CodeIgniter->run()
CRITICAL - 2023-08-28 20:44:47 --> Undefined variable $docente
in APPPATH\Views\mantenimiento\asistencias\listar.php on line 5.
 1 APPPATH\Views\mantenimiento\asistencias\listar.php(5): CodeIgniter\Debug\Exceptions->errorHandler(2, 'Undefined variable $docente', 'C:\\xampp\\htdocs\\codeigniter-sistema-de-asistencia\\app\\Views\\mantenimiento\\asistencias\\listar.php', 5)
 2 SYSTEMPATH\View\View.php(224): include('C:\\xampp\\htdocs\\codeigniter-sistema-de-asistencia\\app\\Views\\mantenimiento\\asistencias\\listar.php')
 3 SYSTEMPATH\View\View.php(227): CodeIgniter\View\View->CodeIgniter\View\{closure}()
 4 SYSTEMPATH\Common.php(1180): CodeIgniter\View\View->render('mantenimiento/asistencias/listar', [], true)
 5 APPPATH\Controllers\AsistenciaController.php(75): view('mantenimiento/asistencias/listar', [...])
 6 SYSTEMPATH\CodeIgniter.php(932): App\Controllers\AsistenciaController->listarAsistencias('62')
 7 SYSTEMPATH\CodeIgniter.php(497): CodeIgniter\CodeIgniter->runController(Object(App\Controllers\AsistenciaController))
 8 SYSTEMPATH\CodeIgniter.php(366): CodeIgniter\CodeIgniter->handleRequest(null, Object(Config\Cache), false)
 9 FCPATH\index.php(67): CodeIgniter\CodeIgniter->run()
CRITICAL - 2023-08-28 20:54:12 --> Undefined array key "curso_id"
in APPPATH\Controllers\AsistenciaController.php on line 97.
 1 APPPATH\Controllers\AsistenciaController.php(97): CodeIgniter\Debug\Exceptions->errorHandler(2, 'Undefined array key "curso_id"', 'C:\\xampp\\htdocs\\codeigniter-sistema-de-asistencia\\app\\Controllers\\AsistenciaController.php', 97)
 2 SYSTEMPATH\CodeIgniter.php(932): App\Controllers\AsistenciaController->guardarAsistencia()
 3 SYSTEMPATH\CodeIgniter.php(497): CodeIgniter\CodeIgniter->runController(Object(App\Controllers\AsistenciaController))
 4 SYSTEMPATH\CodeIgniter.php(366): CodeIgniter\CodeIgniter->handleRequest(null, Object(Config\Cache), false)
 5 FCPATH\index.php(67): CodeIgniter\CodeIgniter->run()
CRITICAL - 2023-08-28 20:54:51 --> Undefined array key "curso_id"
in APPPATH\Controllers\AsistenciaController.php on line 97.
 1 APPPATH\Controllers\AsistenciaController.php(97): CodeIgniter\Debug\Exceptions->errorHandler(2, 'Undefined array key "curso_id"', 'C:\\xampp\\htdocs\\codeigniter-sistema-de-asistencia\\app\\Controllers\\AsistenciaController.php', 97)
 2 SYSTEMPATH\CodeIgniter.php(932): App\Controllers\AsistenciaController->guardarAsistencia()
 3 SYSTEMPATH\CodeIgniter.php(497): CodeIgniter\CodeIgniter->runController(Object(App\Controllers\AsistenciaController))
 4 SYSTEMPATH\CodeIgniter.php(366): CodeIgniter\CodeIgniter->handleRequest(null, Object(Config\Cache), false)
 5 FCPATH\index.php(67): CodeIgniter\CodeIgniter->run()
CRITICAL - 2023-08-28 20:58:32 --> Request URI segment is out of range: "2"
in SYSTEMPATH\HTTP\URI.php on line 549.
 1 SYSTEMPATH\HTTP\URI.php(549): CodeIgniter\HTTP\Exceptions\HTTPException::forURISegmentOutOfRange(2)
 2 APPPATH\Controllers\AsistenciaController.php(94): CodeIgniter\HTTP\URI->getSegment(2)
 3 SYSTEMPATH\CodeIgniter.php(932): App\Controllers\AsistenciaController->guardarAsistencia()
 4 SYSTEMPATH\CodeIgniter.php(497): CodeIgniter\CodeIgniter->runController(Object(App\Controllers\AsistenciaController))
 5 SYSTEMPATH\CodeIgniter.php(366): CodeIgniter\CodeIgniter->handleRequest(null, Object(Config\Cache), false)
 6 FCPATH\index.php(67): CodeIgniter\CodeIgniter->run()
CRITICAL - 2023-08-28 23:52:37 --> Undefined variable $cursos
in APPPATH\Views\mantenimiento\asistencias\listar.php on line 21.
 1 APPPATH\Views\mantenimiento\asistencias\listar.php(21): CodeIgniter\Debug\Exceptions->errorHandler(2, 'Undefined variable $cursos', 'C:\\xampp\\htdocs\\codeigniter-sistema-de-asistencia\\app\\Views\\mantenimiento\\asistencias\\listar.php', 21)
 2 SYSTEMPATH\View\View.php(224): include('C:\\xampp\\htdocs\\codeigniter-sistema-de-asistencia\\app\\Views\\mantenimiento\\asistencias\\listar.php')
 3 SYSTEMPATH\View\View.php(227): CodeIgniter\View\View->CodeIgniter\View\{closure}()
 4 SYSTEMPATH\Common.php(1180): CodeIgniter\View\View->render('mantenimiento/asistencias/listar', [], true)
 5 APPPATH\Controllers\AsistenciaController.php(58): view('mantenimiento/asistencias/listar', [...])
 6 SYSTEMPATH\CodeIgniter.php(932): App\Controllers\AsistenciaController->listarAsistencias()
 7 SYSTEMPATH\CodeIgniter.php(497): CodeIgniter\CodeIgniter->runController(Object(App\Controllers\AsistenciaController))
 8 SYSTEMPATH\CodeIgniter.php(366): CodeIgniter\CodeIgniter->handleRequest(null, Object(Config\Cache), false)
 9 FCPATH\index.php(67): CodeIgniter\CodeIgniter->run()
CRITICAL - 2023-08-28 23:52:56 --> Undefined array key "nombre"
in APPPATH\Views\mantenimiento\asistencias\listar.php on line 24.
 1 APPPATH\Views\mantenimiento\asistencias\listar.php(24): CodeIgniter\Debug\Exceptions->errorHandler(2, 'Undefined array key "nombre"', 'C:\\xampp\\htdocs\\codeigniter-sistema-de-asistencia\\app\\Views\\mantenimiento\\asistencias\\listar.php', 24)
 2 SYSTEMPATH\View\View.php(224): include('C:\\xampp\\htdocs\\codeigniter-sistema-de-asistencia\\app\\Views\\mantenimiento\\asistencias\\listar.php')
 3 SYSTEMPATH\View\View.php(227): CodeIgniter\View\View->CodeIgniter\View\{closure}()
 4 SYSTEMPATH\Common.php(1180): CodeIgniter\View\View->render('mantenimiento/asistencias/listar', [], true)
 5 APPPATH\Controllers\AsistenciaController.php(58): view('mantenimiento/asistencias/listar', [...])
 6 SYSTEMPATH\CodeIgniter.php(932): App\Controllers\AsistenciaController->listarAsistencias()
 7 SYSTEMPATH\CodeIgniter.php(497): CodeIgniter\CodeIgniter->runController(Object(App\Controllers\AsistenciaController))
 8 SYSTEMPATH\CodeIgniter.php(366): CodeIgniter\CodeIgniter->handleRequest(null, Object(Config\Cache), false)
 9 FCPATH\index.php(67): CodeIgniter\CodeIgniter->run()
