CRITICAL - 2023-07-07 05:50:19 --> Undefined variable $header
in APPPATH\Views\mantenimiento\cursos\listar.php on line 1.
 1 APPPATH\Views\mantenimiento\cursos\listar.php(1): CodeIgniter\Debug\Exceptions->errorHandler(2, 'Undefined variable $header', 'C:\\xampp\\htdocs\\codeigniter4-login\\app\\Views\\mantenimiento\\cursos\\listar.php', 1)
 2 SYSTEMPATH\View\View.php(224): include('C:\\xampp\\htdocs\\codeigniter4-login\\app\\Views\\mantenimiento\\cursos\\listar.php')
 3 SYSTEMPATH\View\View.php(227): CodeIgniter\View\View->CodeIgniter\View\{closure}()
 4 SYSTEMPATH\Common.php(1180): CodeIgniter\View\View->render('mantenimiento/cursos/listar', [], true)
 5 APPPATH\Controllers\CursoController.php(42): view('mantenimiento/cursos/listar', [...])
 6 SYSTEMPATH\CodeIgniter.php(932): App\Controllers\CursoController->listarCursos()
 7 SYSTEMPATH\CodeIgniter.php(497): CodeIgniter\CodeIgniter->runController(Object(App\Controllers\CursoController))
 8 SYSTEMPATH\CodeIgniter.php(366): CodeIgniter\CodeIgniter->handleRequest(null, Object(Config\Cache), false)
 9 FCPATH\index.php(67): CodeIgniter\CodeIgniter->run()
CRITICAL - 2023-07-07 05:50:39 --> Undefined array key "nombre"
in APPPATH\Views\mantenimiento\cursos\listar.php on line 24.
 1 APPPATH\Views\mantenimiento\cursos\listar.php(24): CodeIgniter\Debug\Exceptions->errorHandler(2, 'Undefined array key "nombre"', 'C:\\xampp\\htdocs\\codeigniter4-login\\app\\Views\\mantenimiento\\cursos\\listar.php', 24)
 2 SYSTEMPATH\View\View.php(224): include('C:\\xampp\\htdocs\\codeigniter4-login\\app\\Views\\mantenimiento\\cursos\\listar.php')
 3 SYSTEMPATH\View\View.php(227): CodeIgniter\View\View->CodeIgniter\View\{closure}()
 4 SYSTEMPATH\Common.php(1180): CodeIgniter\View\View->render('mantenimiento/cursos/listar', [], true)
 5 APPPATH\Controllers\CursoController.php(42): view('mantenimiento/cursos/listar', [...])
 6 SYSTEMPATH\CodeIgniter.php(932): App\Controllers\CursoController->listarCursos()
 7 SYSTEMPATH\CodeIgniter.php(497): CodeIgniter\CodeIgniter->runController(Object(App\Controllers\CursoController))
 8 SYSTEMPATH\CodeIgniter.php(366): CodeIgniter\CodeIgniter->handleRequest(null, Object(Config\Cache), false)
 9 FCPATH\index.php(67): CodeIgniter\CodeIgniter->run()
CRITICAL - 2023-07-07 05:51:03 --> Undefined array key "nombre"
in APPPATH\Views\mantenimiento\cursos\listar.php on line 24.
 1 APPPATH\Views\mantenimiento\cursos\listar.php(24): CodeIgniter\Debug\Exceptions->errorHandler(2, 'Undefined array key "nombre"', 'C:\\xampp\\htdocs\\codeigniter4-login\\app\\Views\\mantenimiento\\cursos\\listar.php', 24)
 2 SYSTEMPATH\View\View.php(224): include('C:\\xampp\\htdocs\\codeigniter4-login\\app\\Views\\mantenimiento\\cursos\\listar.php')
 3 SYSTEMPATH\View\View.php(227): CodeIgniter\View\View->CodeIgniter\View\{closure}()
 4 SYSTEMPATH\Common.php(1180): CodeIgniter\View\View->render('mantenimiento/cursos/listar', [], true)
 5 APPPATH\Controllers\CursoController.php(42): view('mantenimiento/cursos/listar', [...])
 6 SYSTEMPATH\CodeIgniter.php(932): App\Controllers\CursoController->listarCursos()
 7 SYSTEMPATH\CodeIgniter.php(497): CodeIgniter\CodeIgniter->runController(Object(App\Controllers\CursoController))
 8 SYSTEMPATH\CodeIgniter.php(366): CodeIgniter\CodeIgniter->handleRequest(null, Object(Config\Cache), false)
 9 FCPATH\index.php(67): CodeIgniter\CodeIgniter->run()
ERROR - 2023-07-07 06:11:12 --> mysqli_sql_exception: Column 'descripcion' cannot be null in C:\xampp\htdocs\codeigniter4-login\system\Database\MySQLi\Connection.php:295
Stack trace:
#0 C:\xampp\htdocs\codeigniter4-login\system\Database\MySQLi\Connection.php(295): mysqli->query('INSERT INTO `cu...', 0)
#1 C:\xampp\htdocs\codeigniter4-login\system\Database\BaseConnection.php(692): CodeIgniter\Database\MySQLi\Connection->execute('INSERT INTO `cu...')
#2 C:\xampp\htdocs\codeigniter4-login\system\Database\BaseConnection.php(606): CodeIgniter\Database\BaseConnection->simpleQuery('INSERT INTO `cu...')
#3 C:\xampp\htdocs\codeigniter4-login\system\Database\BaseBuilder.php(2309): CodeIgniter\Database\BaseConnection->query('INSERT INTO `cu...', Array, false)
#4 C:\xampp\htdocs\codeigniter4-login\system\Model.php(330): CodeIgniter\Database\BaseBuilder->insert()
#5 C:\xampp\htdocs\codeigniter4-login\system\BaseModel.php(782): CodeIgniter\Model->doInsert(Array)
#6 C:\xampp\htdocs\codeigniter4-login\system\Model.php(730): CodeIgniter\BaseModel->insert(Array, true)
#7 C:\xampp\htdocs\codeigniter4-login\app\Controllers\CursoController.php(84): CodeIgniter\Model->insert(Array)
#8 C:\xampp\htdocs\codeigniter4-login\system\CodeIgniter.php(932): App\Controllers\CursoController->guardarCurso()
#9 C:\xampp\htdocs\codeigniter4-login\system\CodeIgniter.php(497): CodeIgniter\CodeIgniter->runController(Object(App\Controllers\CursoController))
#10 C:\xampp\htdocs\codeigniter4-login\system\CodeIgniter.php(366): CodeIgniter\CodeIgniter->handleRequest(NULL, Object(Config\Cache), false)
#11 C:\xampp\htdocs\codeigniter4-login\public\index.php(67): CodeIgniter\CodeIgniter->run()
#12 {main}
CRITICAL - 2023-07-07 06:11:12 --> Column 'descripcion' cannot be null
in SYSTEMPATH\Database\MySQLi\Connection.php on line 295.
 1 SYSTEMPATH\Database\MySQLi\Connection.php(295): mysqli->query('INSERT INTO `curso` (`nombre`, `descripcion`, `categoria`, `imagen`) VALUES (\'Biologias\', NULL, \'Ciencia\', NULL)', 0)
 2 SYSTEMPATH\Database\BaseConnection.php(692): CodeIgniter\Database\MySQLi\Connection->execute('INSERT INTO `curso` (`nombre`, `descripcion`, `categoria`, `imagen`) VALUES (\'Biologias\', NULL, \'Ciencia\', NULL)')
 3 SYSTEMPATH\Database\BaseConnection.php(606): CodeIgniter\Database\BaseConnection->simpleQuery('INSERT INTO `curso` (`nombre`, `descripcion`, `categoria`, `imagen`) VALUES (\'Biologias\', NULL, \'Ciencia\', NULL)')
 4 SYSTEMPATH\Database\BaseBuilder.php(2309): CodeIgniter\Database\BaseConnection->query('INSERT INTO `curso` (`nombre`, `descripcion`, `categoria`, `imagen`) VALUES (:nombre:, :descripcion:, :categoria:, :imagen:)', [...], false)
 5 SYSTEMPATH\Model.php(330): CodeIgniter\Database\BaseBuilder->insert()
 6 SYSTEMPATH\BaseModel.php(782): CodeIgniter\Model->doInsert([...])
 7 SYSTEMPATH\Model.php(730): CodeIgniter\BaseModel->insert([...], true)
 8 APPPATH\Controllers\CursoController.php(84): CodeIgniter\Model->insert([...])
 9 SYSTEMPATH\CodeIgniter.php(932): App\Controllers\CursoController->guardarCurso()
10 SYSTEMPATH\CodeIgniter.php(497): CodeIgniter\CodeIgniter->runController(Object(App\Controllers\CursoController))
11 SYSTEMPATH\CodeIgniter.php(366): CodeIgniter\CodeIgniter->handleRequest(null, Object(Config\Cache), false)
12 FCPATH\index.php(67): CodeIgniter\CodeIgniter->run()
ERROR - 2023-07-07 06:11:54 --> mysqli_sql_exception: Column 'descripcion' cannot be null in C:\xampp\htdocs\codeigniter4-login\system\Database\MySQLi\Connection.php:295
Stack trace:
#0 C:\xampp\htdocs\codeigniter4-login\system\Database\MySQLi\Connection.php(295): mysqli->query('INSERT INTO `cu...', 0)
#1 C:\xampp\htdocs\codeigniter4-login\system\Database\BaseConnection.php(692): CodeIgniter\Database\MySQLi\Connection->execute('INSERT INTO `cu...')
#2 C:\xampp\htdocs\codeigniter4-login\system\Database\BaseConnection.php(606): CodeIgniter\Database\BaseConnection->simpleQuery('INSERT INTO `cu...')
#3 C:\xampp\htdocs\codeigniter4-login\system\Database\BaseBuilder.php(2309): CodeIgniter\Database\BaseConnection->query('INSERT INTO `cu...', Array, false)
#4 C:\xampp\htdocs\codeigniter4-login\system\Model.php(330): CodeIgniter\Database\BaseBuilder->insert()
#5 C:\xampp\htdocs\codeigniter4-login\system\BaseModel.php(782): CodeIgniter\Model->doInsert(Array)
#6 C:\xampp\htdocs\codeigniter4-login\system\Model.php(730): CodeIgniter\BaseModel->insert(Array, true)
#7 C:\xampp\htdocs\codeigniter4-login\app\Controllers\CursoController.php(84): CodeIgniter\Model->insert(Array)
#8 C:\xampp\htdocs\codeigniter4-login\system\CodeIgniter.php(932): App\Controllers\CursoController->guardarCurso()
#9 C:\xampp\htdocs\codeigniter4-login\system\CodeIgniter.php(497): CodeIgniter\CodeIgniter->runController(Object(App\Controllers\CursoController))
#10 C:\xampp\htdocs\codeigniter4-login\system\CodeIgniter.php(366): CodeIgniter\CodeIgniter->handleRequest(NULL, Object(Config\Cache), false)
#11 C:\xampp\htdocs\codeigniter4-login\public\index.php(67): CodeIgniter\CodeIgniter->run()
#12 {main}
CRITICAL - 2023-07-07 06:11:54 --> Column 'descripcion' cannot be null
in SYSTEMPATH\Database\MySQLi\Connection.php on line 295.
 1 SYSTEMPATH\Database\MySQLi\Connection.php(295): mysqli->query('INSERT INTO `curso` (`nombre`, `descripcion`, `categoria`, `imagen`) VALUES (\'Biologias\', NULL, \'Ciencia\', NULL)', 0)
 2 SYSTEMPATH\Database\BaseConnection.php(692): CodeIgniter\Database\MySQLi\Connection->execute('INSERT INTO `curso` (`nombre`, `descripcion`, `categoria`, `imagen`) VALUES (\'Biologias\', NULL, \'Ciencia\', NULL)')
 3 SYSTEMPATH\Database\BaseConnection.php(606): CodeIgniter\Database\BaseConnection->simpleQuery('INSERT INTO `curso` (`nombre`, `descripcion`, `categoria`, `imagen`) VALUES (\'Biologias\', NULL, \'Ciencia\', NULL)')
 4 SYSTEMPATH\Database\BaseBuilder.php(2309): CodeIgniter\Database\BaseConnection->query('INSERT INTO `curso` (`nombre`, `descripcion`, `categoria`, `imagen`) VALUES (:nombre:, :descripcion:, :categoria:, :imagen:)', [...], false)
 5 SYSTEMPATH\Model.php(330): CodeIgniter\Database\BaseBuilder->insert()
 6 SYSTEMPATH\BaseModel.php(782): CodeIgniter\Model->doInsert([...])
 7 SYSTEMPATH\Model.php(730): CodeIgniter\BaseModel->insert([...], true)
 8 APPPATH\Controllers\CursoController.php(84): CodeIgniter\Model->insert([...])
 9 SYSTEMPATH\CodeIgniter.php(932): App\Controllers\CursoController->guardarCurso()
10 SYSTEMPATH\CodeIgniter.php(497): CodeIgniter\CodeIgniter->runController(Object(App\Controllers\CursoController))
11 SYSTEMPATH\CodeIgniter.php(366): CodeIgniter\CodeIgniter->handleRequest(null, Object(Config\Cache), false)
12 FCPATH\index.php(67): CodeIgniter\CodeIgniter->run()
ERROR - 2023-07-07 06:12:21 --> mysqli_sql_exception: Column 'imagen' cannot be null in C:\xampp\htdocs\codeigniter4-login\system\Database\MySQLi\Connection.php:295
Stack trace:
#0 C:\xampp\htdocs\codeigniter4-login\system\Database\MySQLi\Connection.php(295): mysqli->query('INSERT INTO `cu...', 0)
#1 C:\xampp\htdocs\codeigniter4-login\system\Database\BaseConnection.php(692): CodeIgniter\Database\MySQLi\Connection->execute('INSERT INTO `cu...')
#2 C:\xampp\htdocs\codeigniter4-login\system\Database\BaseConnection.php(606): CodeIgniter\Database\BaseConnection->simpleQuery('INSERT INTO `cu...')
#3 C:\xampp\htdocs\codeigniter4-login\system\Database\BaseBuilder.php(2309): CodeIgniter\Database\BaseConnection->query('INSERT INTO `cu...', Array, false)
#4 C:\xampp\htdocs\codeigniter4-login\system\Model.php(330): CodeIgniter\Database\BaseBuilder->insert()
#5 C:\xampp\htdocs\codeigniter4-login\system\BaseModel.php(782): CodeIgniter\Model->doInsert(Array)
#6 C:\xampp\htdocs\codeigniter4-login\system\Model.php(730): CodeIgniter\BaseModel->insert(Array, true)
#7 C:\xampp\htdocs\codeigniter4-login\app\Controllers\CursoController.php(84): CodeIgniter\Model->insert(Array)
#8 C:\xampp\htdocs\codeigniter4-login\system\CodeIgniter.php(932): App\Controllers\CursoController->guardarCurso()
#9 C:\xampp\htdocs\codeigniter4-login\system\CodeIgniter.php(497): CodeIgniter\CodeIgniter->runController(Object(App\Controllers\CursoController))
#10 C:\xampp\htdocs\codeigniter4-login\system\CodeIgniter.php(366): CodeIgniter\CodeIgniter->handleRequest(NULL, Object(Config\Cache), false)
#11 C:\xampp\htdocs\codeigniter4-login\public\index.php(67): CodeIgniter\CodeIgniter->run()
#12 {main}
CRITICAL - 2023-07-07 06:12:21 --> Column 'imagen' cannot be null
in SYSTEMPATH\Database\MySQLi\Connection.php on line 295.
 1 SYSTEMPATH\Database\MySQLi\Connection.php(295): mysqli->query('INSERT INTO `curso` (`nombre`, `descripcion`, `categoria`, `imagen`) VALUES (\'Biologias\', \'Curso de anatomia y estudio de los seres vivos\', \'Ciencia\', NULL)', 0)
 2 SYSTEMPATH\Database\BaseConnection.php(692): CodeIgniter\Database\MySQLi\Connection->execute('INSERT INTO `curso` (`nombre`, `descripcion`, `categoria`, `imagen`) VALUES (\'Biologias\', \'Curso de anatomia y estudio de los seres vivos\', \'Ciencia\', NULL)')
 3 SYSTEMPATH\Database\BaseConnection.php(606): CodeIgniter\Database\BaseConnection->simpleQuery('INSERT INTO `curso` (`nombre`, `descripcion`, `categoria`, `imagen`) VALUES (\'Biologias\', \'Curso de anatomia y estudio de los seres vivos\', \'Ciencia\', NULL)')
 4 SYSTEMPATH\Database\BaseBuilder.php(2309): CodeIgniter\Database\BaseConnection->query('INSERT INTO `curso` (`nombre`, `descripcion`, `categoria`, `imagen`) VALUES (:nombre:, :descripcion:, :categoria:, :imagen:)', [...], false)
 5 SYSTEMPATH\Model.php(330): CodeIgniter\Database\BaseBuilder->insert()
 6 SYSTEMPATH\BaseModel.php(782): CodeIgniter\Model->doInsert([...])
 7 SYSTEMPATH\Model.php(730): CodeIgniter\BaseModel->insert([...], true)
 8 APPPATH\Controllers\CursoController.php(84): CodeIgniter\Model->insert([...])
 9 SYSTEMPATH\CodeIgniter.php(932): App\Controllers\CursoController->guardarCurso()
10 SYSTEMPATH\CodeIgniter.php(497): CodeIgniter\CodeIgniter->runController(Object(App\Controllers\CursoController))
11 SYSTEMPATH\CodeIgniter.php(366): CodeIgniter\CodeIgniter->handleRequest(null, Object(Config\Cache), false)
12 FCPATH\index.php(67): CodeIgniter\CodeIgniter->run()
CRITICAL - 2023-07-07 06:35:46 --> Undefined variable $isRolDocente
in APPPATH\Views\template\header.php on line 38.
 1 APPPATH\Views\template\header.php(38): CodeIgniter\Debug\Exceptions->errorHandler(2, 'Undefined variable $isRolDocente', 'C:\\xampp\\htdocs\\codeigniter4-login\\app\\Views\\template\\header.php', 38)
 2 SYSTEMPATH\View\View.php(224): include('C:\\xampp\\htdocs\\codeigniter4-login\\app\\Views\\template\\header.php')
 3 SYSTEMPATH\View\View.php(227): CodeIgniter\View\View->CodeIgniter\View\{closure}()
 4 SYSTEMPATH\Common.php(1180): CodeIgniter\View\View->render('template/header', [], true)
 5 APPPATH\Controllers\OficinaController.php(293): view('template/header', [...])
 6 SYSTEMPATH\CodeIgniter.php(932): App\Controllers\OficinaController->listarAulas()
 7 SYSTEMPATH\CodeIgniter.php(497): CodeIgniter\CodeIgniter->runController(Object(App\Controllers\OficinaController))
 8 SYSTEMPATH\CodeIgniter.php(366): CodeIgniter\CodeIgniter->handleRequest(null, Object(Config\Cache), false)
 9 FCPATH\index.php(67): CodeIgniter\CodeIgniter->run()
CRITICAL - 2023-07-07 17:13:30 --> Undefined variable $isRolDocente
in APPPATH\Views\template\header.php on line 38.
 1 APPPATH\Views\template\header.php(38): CodeIgniter\Debug\Exceptions->errorHandler(2, 'Undefined variable $isRolDocente', 'C:\\xampp\\htdocs\\codeigniter4-login\\app\\Views\\template\\header.php', 38)
 2 SYSTEMPATH\View\View.php(224): include('C:\\xampp\\htdocs\\codeigniter4-login\\app\\Views\\template\\header.php')
 3 SYSTEMPATH\View\View.php(227): CodeIgniter\View\View->CodeIgniter\View\{closure}()
 4 SYSTEMPATH\Common.php(1180): CodeIgniter\View\View->render('template/header', [], true)
 5 APPPATH\Controllers\OficinaController.php(293): view('template/header', [...])
 6 SYSTEMPATH\CodeIgniter.php(932): App\Controllers\OficinaController->listarAulas()
 7 SYSTEMPATH\CodeIgniter.php(497): CodeIgniter\CodeIgniter->runController(Object(App\Controllers\OficinaController))
 8 SYSTEMPATH\CodeIgniter.php(366): CodeIgniter\CodeIgniter->handleRequest(null, Object(Config\Cache), false)
 9 FCPATH\index.php(67): CodeIgniter\CodeIgniter->run()
CRITICAL - 2023-07-07 17:18:37 --> Undefined variable $isRolDocente
in APPPATH\Views\template\header.php on line 38.
 1 APPPATH\Views\template\header.php(38): CodeIgniter\Debug\Exceptions->errorHandler(2, 'Undefined variable $isRolDocente', 'C:\\xampp\\htdocs\\codeigniter4-login\\app\\Views\\template\\header.php', 38)
 2 SYSTEMPATH\View\View.php(224): include('C:\\xampp\\htdocs\\codeigniter4-login\\app\\Views\\template\\header.php')
 3 SYSTEMPATH\View\View.php(227): CodeIgniter\View\View->CodeIgniter\View\{closure}()
 4 SYSTEMPATH\Common.php(1180): CodeIgniter\View\View->render('template/header', [], true)
 5 APPPATH\Controllers\OficinaController.php(293): view('template/header', [...])
 6 SYSTEMPATH\CodeIgniter.php(932): App\Controllers\OficinaController->listarAulas()
 7 SYSTEMPATH\CodeIgniter.php(497): CodeIgniter\CodeIgniter->runController(Object(App\Controllers\OficinaController))
 8 SYSTEMPATH\CodeIgniter.php(366): CodeIgniter\CodeIgniter->handleRequest(null, Object(Config\Cache), false)
 9 FCPATH\index.php(67): CodeIgniter\CodeIgniter->run()
CRITICAL - 2023-07-07 17:18:39 --> Undefined variable $isRolDocente
in APPPATH\Views\template\header.php on line 38.
 1 APPPATH\Views\template\header.php(38): CodeIgniter\Debug\Exceptions->errorHandler(2, 'Undefined variable $isRolDocente', 'C:\\xampp\\htdocs\\codeigniter4-login\\app\\Views\\template\\header.php', 38)
 2 SYSTEMPATH\View\View.php(224): include('C:\\xampp\\htdocs\\codeigniter4-login\\app\\Views\\template\\header.php')
 3 SYSTEMPATH\View\View.php(227): CodeIgniter\View\View->CodeIgniter\View\{closure}()
 4 SYSTEMPATH\Common.php(1180): CodeIgniter\View\View->render('template/header', [], true)
 5 APPPATH\Controllers\OficinaController.php(293): view('template/header', [...])
 6 SYSTEMPATH\CodeIgniter.php(932): App\Controllers\OficinaController->listarAulas()
 7 SYSTEMPATH\CodeIgniter.php(497): CodeIgniter\CodeIgniter->runController(Object(App\Controllers\OficinaController))
 8 SYSTEMPATH\CodeIgniter.php(366): CodeIgniter\CodeIgniter->handleRequest(null, Object(Config\Cache), false)
 9 FCPATH\index.php(67): CodeIgniter\CodeIgniter->run()
CRITICAL - 2023-07-07 17:19:32 --> Undefined variable $isRolDocente
in APPPATH\Views\template\header.php on line 38.
 1 APPPATH\Views\template\header.php(38): CodeIgniter\Debug\Exceptions->errorHandler(2, 'Undefined variable $isRolDocente', 'C:\\xampp\\htdocs\\codeigniter4-login\\app\\Views\\template\\header.php', 38)
 2 SYSTEMPATH\View\View.php(224): include('C:\\xampp\\htdocs\\codeigniter4-login\\app\\Views\\template\\header.php')
 3 SYSTEMPATH\View\View.php(227): CodeIgniter\View\View->CodeIgniter\View\{closure}()
 4 SYSTEMPATH\Common.php(1180): CodeIgniter\View\View->render('template/header', [], true)
 5 APPPATH\Controllers\OficinaController.php(293): view('template/header', [...])
 6 SYSTEMPATH\CodeIgniter.php(932): App\Controllers\OficinaController->listarAulas()
 7 SYSTEMPATH\CodeIgniter.php(497): CodeIgniter\CodeIgniter->runController(Object(App\Controllers\OficinaController))
 8 SYSTEMPATH\CodeIgniter.php(366): CodeIgniter\CodeIgniter->handleRequest(null, Object(Config\Cache), false)
 9 FCPATH\index.php(67): CodeIgniter\CodeIgniter->run()
CRITICAL - 2023-07-07 17:19:54 --> Undefined variable $isRolDocente
in APPPATH\Views\template\header.php on line 38.
 1 APPPATH\Views\template\header.php(38): CodeIgniter\Debug\Exceptions->errorHandler(2, 'Undefined variable $isRolDocente', 'C:\\xampp\\htdocs\\codeigniter4-login\\app\\Views\\template\\header.php', 38)
 2 SYSTEMPATH\View\View.php(224): include('C:\\xampp\\htdocs\\codeigniter4-login\\app\\Views\\template\\header.php')
 3 SYSTEMPATH\View\View.php(227): CodeIgniter\View\View->CodeIgniter\View\{closure}()
 4 SYSTEMPATH\Common.php(1180): CodeIgniter\View\View->render('template/header', [], true)
 5 APPPATH\Controllers\OficinaController.php(293): view('template/header', [...])
 6 SYSTEMPATH\CodeIgniter.php(932): App\Controllers\OficinaController->listarAulas()
 7 SYSTEMPATH\CodeIgniter.php(497): CodeIgniter\CodeIgniter->runController(Object(App\Controllers\OficinaController))
 8 SYSTEMPATH\CodeIgniter.php(366): CodeIgniter\CodeIgniter->handleRequest(null, Object(Config\Cache), false)
 9 FCPATH\index.php(67): CodeIgniter\CodeIgniter->run()
CRITICAL - 2023-07-07 17:19:55 --> Undefined variable $isRolDocente
in APPPATH\Views\template\header.php on line 38.
 1 APPPATH\Views\template\header.php(38): CodeIgniter\Debug\Exceptions->errorHandler(2, 'Undefined variable $isRolDocente', 'C:\\xampp\\htdocs\\codeigniter4-login\\app\\Views\\template\\header.php', 38)
 2 SYSTEMPATH\View\View.php(224): include('C:\\xampp\\htdocs\\codeigniter4-login\\app\\Views\\template\\header.php')
 3 SYSTEMPATH\View\View.php(227): CodeIgniter\View\View->CodeIgniter\View\{closure}()
 4 SYSTEMPATH\Common.php(1180): CodeIgniter\View\View->render('template/header', [], true)
 5 APPPATH\Controllers\OficinaController.php(293): view('template/header', [...])
 6 SYSTEMPATH\CodeIgniter.php(932): App\Controllers\OficinaController->listarAulas()
 7 SYSTEMPATH\CodeIgniter.php(497): CodeIgniter\CodeIgniter->runController(Object(App\Controllers\OficinaController))
 8 SYSTEMPATH\CodeIgniter.php(366): CodeIgniter\CodeIgniter->handleRequest(null, Object(Config\Cache), false)
 9 FCPATH\index.php(67): CodeIgniter\CodeIgniter->run()
CRITICAL - 2023-07-07 17:21:54 --> Undefined variable $isRolDocente
in APPPATH\Views\template\header.php on line 38.
 1 APPPATH\Views\template\header.php(38): CodeIgniter\Debug\Exceptions->errorHandler(2, 'Undefined variable $isRolDocente', 'C:\\xampp\\htdocs\\codeigniter4-login\\app\\Views\\template\\header.php', 38)
 2 SYSTEMPATH\View\View.php(224): include('C:\\xampp\\htdocs\\codeigniter4-login\\app\\Views\\template\\header.php')
 3 SYSTEMPATH\View\View.php(227): CodeIgniter\View\View->CodeIgniter\View\{closure}()
 4 SYSTEMPATH\Common.php(1180): CodeIgniter\View\View->render('template/header', [], true)
 5 APPPATH\Controllers\OficinaController.php(293): view('template/header', [...])
 6 SYSTEMPATH\CodeIgniter.php(932): App\Controllers\OficinaController->listarAulas()
 7 SYSTEMPATH\CodeIgniter.php(497): CodeIgniter\CodeIgniter->runController(Object(App\Controllers\OficinaController))
 8 SYSTEMPATH\CodeIgniter.php(366): CodeIgniter\CodeIgniter->handleRequest(null, Object(Config\Cache), false)
 9 FCPATH\index.php(67): CodeIgniter\CodeIgniter->run()
CRITICAL - 2023-07-07 17:21:58 --> Attempt to read property "username" on null
in APPPATH\Views\dashboard.php on line 3.
 1 APPPATH\Views\dashboard.php(3): CodeIgniter\Debug\Exceptions->errorHandler(2, 'Attempt to read property "username" on null', 'C:\\xampp\\htdocs\\codeigniter4-login\\app\\Views\\dashboard.php', 3)
 2 SYSTEMPATH\View\View.php(224): include('C:\\xampp\\htdocs\\codeigniter4-login\\app\\Views\\dashboard.php')
 3 SYSTEMPATH\View\View.php(227): CodeIgniter\View\View->CodeIgniter\View\{closure}()
 4 SYSTEMPATH\Common.php(1180): CodeIgniter\View\View->render('dashboard', [], true)
 5 APPPATH\Controllers\DashboardController.php(33): view('dashboard')
 6 SYSTEMPATH\CodeIgniter.php(932): App\Controllers\DashboardController->index()
 7 SYSTEMPATH\CodeIgniter.php(497): CodeIgniter\CodeIgniter->runController(Object(App\Controllers\DashboardController))
 8 SYSTEMPATH\CodeIgniter.php(366): CodeIgniter\CodeIgniter->handleRequest(null, Object(Config\Cache), false)
 9 FCPATH\index.php(67): CodeIgniter\CodeIgniter->run()
CRITICAL - 2023-07-07 17:22:35 --> Undefined variable $isRolDocente
in APPPATH\Views\template\header.php on line 38.
 1 APPPATH\Views\template\header.php(38): CodeIgniter\Debug\Exceptions->errorHandler(2, 'Undefined variable $isRolDocente', 'C:\\xampp\\htdocs\\codeigniter4-login\\app\\Views\\template\\header.php', 38)
 2 SYSTEMPATH\View\View.php(224): include('C:\\xampp\\htdocs\\codeigniter4-login\\app\\Views\\template\\header.php')
 3 SYSTEMPATH\View\View.php(227): CodeIgniter\View\View->CodeIgniter\View\{closure}()
 4 SYSTEMPATH\Common.php(1180): CodeIgniter\View\View->render('template/header', [], true)
 5 APPPATH\Controllers\LoginController.php(23): view('template/header', [...])
 6 SYSTEMPATH\CodeIgniter.php(932): App\Controllers\LoginController->index()
 7 SYSTEMPATH\CodeIgniter.php(497): CodeIgniter\CodeIgniter->runController(Object(App\Controllers\LoginController))
 8 SYSTEMPATH\CodeIgniter.php(366): CodeIgniter\CodeIgniter->handleRequest(null, Object(Config\Cache), false)
 9 FCPATH\index.php(67): CodeIgniter\CodeIgniter->run()
CRITICAL - 2023-07-07 17:22:39 --> Undefined variable $isRolDocente
in APPPATH\Views\template\header.php on line 38.
 1 APPPATH\Views\template\header.php(38): CodeIgniter\Debug\Exceptions->errorHandler(2, 'Undefined variable $isRolDocente', 'C:\\xampp\\htdocs\\codeigniter4-login\\app\\Views\\template\\header.php', 38)
 2 SYSTEMPATH\View\View.php(224): include('C:\\xampp\\htdocs\\codeigniter4-login\\app\\Views\\template\\header.php')
 3 SYSTEMPATH\View\View.php(227): CodeIgniter\View\View->CodeIgniter\View\{closure}()
 4 SYSTEMPATH\Common.php(1180): CodeIgniter\View\View->render('template/header', [], true)
 5 APPPATH\Controllers\LoginController.php(23): view('template/header', [...])
 6 SYSTEMPATH\CodeIgniter.php(932): App\Controllers\LoginController->index()
 7 SYSTEMPATH\CodeIgniter.php(497): CodeIgniter\CodeIgniter->runController(Object(App\Controllers\LoginController))
 8 SYSTEMPATH\CodeIgniter.php(366): CodeIgniter\CodeIgniter->handleRequest(null, Object(Config\Cache), false)
 9 FCPATH\index.php(67): CodeIgniter\CodeIgniter->run()
CRITICAL - 2023-07-07 17:22:58 --> Undefined variable $isRolDocente
in APPPATH\Views\template\header.php on line 38.
 1 APPPATH\Views\template\header.php(38): CodeIgniter\Debug\Exceptions->errorHandler(2, 'Undefined variable $isRolDocente', 'C:\\xampp\\htdocs\\codeigniter4-login\\app\\Views\\template\\header.php', 38)
 2 SYSTEMPATH\View\View.php(224): include('C:\\xampp\\htdocs\\codeigniter4-login\\app\\Views\\template\\header.php')
 3 SYSTEMPATH\View\View.php(227): CodeIgniter\View\View->CodeIgniter\View\{closure}()
 4 SYSTEMPATH\Common.php(1180): CodeIgniter\View\View->render('template/header', [], true)
 5 APPPATH\Controllers\LoginController.php(23): view('template/header', [...])
 6 SYSTEMPATH\CodeIgniter.php(932): App\Controllers\LoginController->index()
 7 SYSTEMPATH\CodeIgniter.php(497): CodeIgniter\CodeIgniter->runController(Object(App\Controllers\LoginController))
 8 SYSTEMPATH\CodeIgniter.php(366): CodeIgniter\CodeIgniter->handleRequest(null, Object(Config\Cache), false)
 9 FCPATH\index.php(67): CodeIgniter\CodeIgniter->run()
CRITICAL - 2023-07-07 17:34:17 --> Undefined variable $isRolDocente
in APPPATH\Views\template\header.php on line 38.
 1 APPPATH\Views\template\header.php(38): CodeIgniter\Debug\Exceptions->errorHandler(2, 'Undefined variable $isRolDocente', 'C:\\xampp\\htdocs\\codeigniter4-login\\app\\Views\\template\\header.php', 38)
 2 SYSTEMPATH\View\View.php(224): include('C:\\xampp\\htdocs\\codeigniter4-login\\app\\Views\\template\\header.php')
 3 SYSTEMPATH\View\View.php(227): CodeIgniter\View\View->CodeIgniter\View\{closure}()
 4 SYSTEMPATH\Common.php(1180): CodeIgniter\View\View->render('template/header', [], true)
 5 APPPATH\Controllers\LoginController.php(23): view('template/header', [...])
 6 SYSTEMPATH\CodeIgniter.php(932): App\Controllers\LoginController->index()
 7 SYSTEMPATH\CodeIgniter.php(497): CodeIgniter\CodeIgniter->runController(Object(App\Controllers\LoginController))
 8 SYSTEMPATH\CodeIgniter.php(366): CodeIgniter\CodeIgniter->handleRequest(null, Object(Config\Cache), false)
 9 FCPATH\index.php(67): CodeIgniter\CodeIgniter->run()
CRITICAL - 2023-07-07 17:41:51 --> Undefined variable $isRolDocente
in APPPATH\Views\template\header.php on line 38.
 1 APPPATH\Views\template\header.php(38): CodeIgniter\Debug\Exceptions->errorHandler(2, 'Undefined variable $isRolDocente', 'C:\\xampp\\htdocs\\codeigniter4-login\\app\\Views\\template\\header.php', 38)
 2 SYSTEMPATH\View\View.php(224): include('C:\\xampp\\htdocs\\codeigniter4-login\\app\\Views\\template\\header.php')
 3 SYSTEMPATH\View\View.php(227): CodeIgniter\View\View->CodeIgniter\View\{closure}()
 4 SYSTEMPATH\Common.php(1180): CodeIgniter\View\View->render('template/header', [], true)
 5 APPPATH\Controllers\LoginController.php(23): view('template/header', [...])
 6 SYSTEMPATH\CodeIgniter.php(932): App\Controllers\LoginController->index()
 7 SYSTEMPATH\CodeIgniter.php(497): CodeIgniter\CodeIgniter->runController(Object(App\Controllers\LoginController))
 8 SYSTEMPATH\CodeIgniter.php(366): CodeIgniter\CodeIgniter->handleRequest(null, Object(Config\Cache), false)
 9 FCPATH\index.php(67): CodeIgniter\CodeIgniter->run()
CRITICAL - 2023-07-07 17:41:52 --> Undefined variable $isRolDocente
in APPPATH\Views\template\header.php on line 38.
 1 APPPATH\Views\template\header.php(38): CodeIgniter\Debug\Exceptions->errorHandler(2, 'Undefined variable $isRolDocente', 'C:\\xampp\\htdocs\\codeigniter4-login\\app\\Views\\template\\header.php', 38)
 2 SYSTEMPATH\View\View.php(224): include('C:\\xampp\\htdocs\\codeigniter4-login\\app\\Views\\template\\header.php')
 3 SYSTEMPATH\View\View.php(227): CodeIgniter\View\View->CodeIgniter\View\{closure}()
 4 SYSTEMPATH\Common.php(1180): CodeIgniter\View\View->render('template/header', [], true)
 5 APPPATH\Controllers\LoginController.php(23): view('template/header', [...])
 6 SYSTEMPATH\CodeIgniter.php(932): App\Controllers\LoginController->index()
 7 SYSTEMPATH\CodeIgniter.php(497): CodeIgniter\CodeIgniter->runController(Object(App\Controllers\LoginController))
 8 SYSTEMPATH\CodeIgniter.php(366): CodeIgniter\CodeIgniter->handleRequest(null, Object(Config\Cache), false)
 9 FCPATH\index.php(67): CodeIgniter\CodeIgniter->run()
CRITICAL - 2023-07-07 19:02:58 --> Undefined variable $isRolDocente
in APPPATH\Views\template\header.php on line 38.
 1 APPPATH\Views\template\header.php(38): CodeIgniter\Debug\Exceptions->errorHandler(2, 'Undefined variable $isRolDocente', 'C:\\xampp\\htdocs\\codeigniter4-login\\app\\Views\\template\\header.php', 38)
 2 SYSTEMPATH\View\View.php(224): include('C:\\xampp\\htdocs\\codeigniter4-login\\app\\Views\\template\\header.php')
 3 SYSTEMPATH\View\View.php(227): CodeIgniter\View\View->CodeIgniter\View\{closure}()
 4 SYSTEMPATH\Common.php(1180): CodeIgniter\View\View->render('template/header', [], true)
 5 APPPATH\Controllers\LoginController.php(23): view('template/header', [...])
 6 SYSTEMPATH\CodeIgniter.php(932): App\Controllers\LoginController->index()
 7 SYSTEMPATH\CodeIgniter.php(497): CodeIgniter\CodeIgniter->runController(Object(App\Controllers\LoginController))
 8 SYSTEMPATH\CodeIgniter.php(366): CodeIgniter\CodeIgniter->handleRequest(null, Object(Config\Cache), false)
 9 FCPATH\index.php(67): CodeIgniter\CodeIgniter->run()
CRITICAL - 2023-07-07 19:38:24 --> Undefined variable $isRolDocente
in APPPATH\Views\template\header.php on line 40.
 1 APPPATH\Views\template\header.php(40): CodeIgniter\Debug\Exceptions->errorHandler(2, 'Undefined variable $isRolDocente', 'C:\\xampp\\htdocs\\codeigniter4-login\\app\\Views\\template\\header.php', 40)
 2 SYSTEMPATH\View\View.php(224): include('C:\\xampp\\htdocs\\codeigniter4-login\\app\\Views\\template\\header.php')
 3 SYSTEMPATH\View\View.php(227): CodeIgniter\View\View->CodeIgniter\View\{closure}()
 4 SYSTEMPATH\Common.php(1180): CodeIgniter\View\View->render('template/header', [], true)
 5 APPPATH\Controllers\OficinaController.php(80): view('template/header', [...])
 6 SYSTEMPATH\CodeIgniter.php(932): App\Controllers\OficinaController->listarAlumnos()
 7 SYSTEMPATH\CodeIgniter.php(497): CodeIgniter\CodeIgniter->runController(Object(App\Controllers\OficinaController))
 8 SYSTEMPATH\CodeIgniter.php(366): CodeIgniter\CodeIgniter->handleRequest(null, Object(Config\Cache), false)
 9 FCPATH\index.php(67): CodeIgniter\CodeIgniter->run()
CRITICAL - 2023-07-07 19:51:29 --> Undefined variable $isRolDocente
in APPPATH\Views\template\header.php on line 43.
 1 APPPATH\Views\template\header.php(43): CodeIgniter\Debug\Exceptions->errorHandler(2, 'Undefined variable $isRolDocente', 'C:\\xampp\\htdocs\\codeigniter4-login\\app\\Views\\template\\header.php', 43)
 2 SYSTEMPATH\View\View.php(224): include('C:\\xampp\\htdocs\\codeigniter4-login\\app\\Views\\template\\header.php')
 3 SYSTEMPATH\View\View.php(227): CodeIgniter\View\View->CodeIgniter\View\{closure}()
 4 SYSTEMPATH\Common.php(1180): CodeIgniter\View\View->render('template/header', [], true)
 5 APPPATH\Controllers\CursoController.php(41): view('template/header', [...])
 6 SYSTEMPATH\CodeIgniter.php(932): App\Controllers\CursoController->listarCursos()
 7 SYSTEMPATH\CodeIgniter.php(497): CodeIgniter\CodeIgniter->runController(Object(App\Controllers\CursoController))
 8 SYSTEMPATH\CodeIgniter.php(366): CodeIgniter\CodeIgniter->handleRequest(null, Object(Config\Cache), false)
 9 FCPATH\index.php(67): CodeIgniter\CodeIgniter->run()
CRITICAL - 2023-07-07 20:01:26 --> Undefined variable $isRolDocente
in APPPATH\Views\template\header.php on line 45.
 1 APPPATH\Views\template\header.php(45): CodeIgniter\Debug\Exceptions->errorHandler(2, 'Undefined variable $isRolDocente', 'C:\\xampp\\htdocs\\codeigniter4-login\\app\\Views\\template\\header.php', 45)
 2 SYSTEMPATH\View\View.php(224): include('C:\\xampp\\htdocs\\codeigniter4-login\\app\\Views\\template\\header.php')
 3 SYSTEMPATH\View\View.php(227): CodeIgniter\View\View->CodeIgniter\View\{closure}()
 4 SYSTEMPATH\Common.php(1180): CodeIgniter\View\View->render('template/header', [], true)
 5 APPPATH\Controllers\CursoController.php(43): view('template/header', [...])
 6 SYSTEMPATH\CodeIgniter.php(932): App\Controllers\CursoController->listarCursos()
 7 SYSTEMPATH\CodeIgniter.php(497): CodeIgniter\CodeIgniter->runController(Object(App\Controllers\CursoController))
 8 SYSTEMPATH\CodeIgniter.php(366): CodeIgniter\CodeIgniter->handleRequest(null, Object(Config\Cache), false)
 9 FCPATH\index.php(67): CodeIgniter\CodeIgniter->run()
CRITICAL - 2023-07-07 20:08:10 --> Undefined variable $isRolDocente
in APPPATH\Views\template\header.php on line 45.
 1 APPPATH\Views\template\header.php(45): CodeIgniter\Debug\Exceptions->errorHandler(2, 'Undefined variable $isRolDocente', 'C:\\xampp\\htdocs\\codeigniter4-login\\app\\Views\\template\\header.php', 45)
 2 SYSTEMPATH\View\View.php(224): include('C:\\xampp\\htdocs\\codeigniter4-login\\app\\Views\\template\\header.php')
 3 SYSTEMPATH\View\View.php(227): CodeIgniter\View\View->CodeIgniter\View\{closure}()
 4 SYSTEMPATH\Common.php(1180): CodeIgniter\View\View->render('template/header', [], true)
 5 APPPATH\Controllers\CursoController.php(117): view('template/header', [...])
 6 SYSTEMPATH\CodeIgniter.php(932): App\Controllers\CursoController->editarCurso('6')
 7 SYSTEMPATH\CodeIgniter.php(497): CodeIgniter\CodeIgniter->runController(Object(App\Controllers\CursoController))
 8 SYSTEMPATH\CodeIgniter.php(366): CodeIgniter\CodeIgniter->handleRequest(null, Object(Config\Cache), false)
 9 FCPATH\index.php(67): CodeIgniter\CodeIgniter->run()
CRITICAL - 2023-07-07 20:08:17 --> Undefined variable $isRolDocente
in APPPATH\Views\template\header.php on line 45.
 1 APPPATH\Views\template\header.php(45): CodeIgniter\Debug\Exceptions->errorHandler(2, 'Undefined variable $isRolDocente', 'C:\\xampp\\htdocs\\codeigniter4-login\\app\\Views\\template\\header.php', 45)
 2 SYSTEMPATH\View\View.php(224): include('C:\\xampp\\htdocs\\codeigniter4-login\\app\\Views\\template\\header.php')
 3 SYSTEMPATH\View\View.php(227): CodeIgniter\View\View->CodeIgniter\View\{closure}()
 4 SYSTEMPATH\Common.php(1180): CodeIgniter\View\View->render('template/header', [], true)
 5 APPPATH\Controllers\CursoController.php(71): view('template/header', [...])
 6 SYSTEMPATH\CodeIgniter.php(932): App\Controllers\CursoController->crearCurso()
 7 SYSTEMPATH\CodeIgniter.php(497): CodeIgniter\CodeIgniter->runController(Object(App\Controllers\CursoController))
 8 SYSTEMPATH\CodeIgniter.php(366): CodeIgniter\CodeIgniter->handleRequest(null, Object(Config\Cache), false)
 9 FCPATH\index.php(67): CodeIgniter\CodeIgniter->run()
CRITICAL - 2023-07-07 22:29:34 --> Undefined variable $isRolAlumno
in APPPATH\Views\template\header.php on line 69.
 1 APPPATH\Views\template\header.php(69): CodeIgniter\Debug\Exceptions->errorHandler(2, 'Undefined variable $isRolAlumno', 'C:\\xampp\\htdocs\\codeigniter4-login\\app\\Views\\template\\header.php', 69)
 2 SYSTEMPATH\View\View.php(224): include('C:\\xampp\\htdocs\\codeigniter4-login\\app\\Views\\template\\header.php')
 3 SYSTEMPATH\View\View.php(227): CodeIgniter\View\View->CodeIgniter\View\{closure}()
 4 SYSTEMPATH\Common.php(1180): CodeIgniter\View\View->render('template/header', [], true)
 5 APPPATH\Controllers\DashboardController.php(34): view('template/header', [...])
 6 SYSTEMPATH\CodeIgniter.php(932): App\Controllers\DashboardController->index()
 7 SYSTEMPATH\CodeIgniter.php(497): CodeIgniter\CodeIgniter->runController(Object(App\Controllers\DashboardController))
 8 SYSTEMPATH\CodeIgniter.php(366): CodeIgniter\CodeIgniter->handleRequest(null, Object(Config\Cache), false)
 9 FCPATH\index.php(67): CodeIgniter\CodeIgniter->run()
CRITICAL - 2023-07-07 23:37:18 --> Undefined variable $isRolAlumno
in APPPATH\Views\template\header.php on line 60.
 1 APPPATH\Views\template\header.php(60): CodeIgniter\Debug\Exceptions->errorHandler(2, 'Undefined variable $isRolAlumno', 'C:\\xampp\\htdocs\\codeigniter4-login\\app\\Views\\template\\header.php', 60)
 2 SYSTEMPATH\View\View.php(224): include('C:\\xampp\\htdocs\\codeigniter4-login\\app\\Views\\template\\header.php')
 3 SYSTEMPATH\View\View.php(227): CodeIgniter\View\View->CodeIgniter\View\{closure}()
 4 SYSTEMPATH\Common.php(1180): CodeIgniter\View\View->render('template/header', [], true)
 5 APPPATH\Controllers\OficinaController.php(80): view('template/header', [...])
 6 SYSTEMPATH\CodeIgniter.php(932): App\Controllers\OficinaController->listarAlumnos()
 7 SYSTEMPATH\CodeIgniter.php(497): CodeIgniter\CodeIgniter->runController(Object(App\Controllers\OficinaController))
 8 SYSTEMPATH\CodeIgniter.php(366): CodeIgniter\CodeIgniter->handleRequest(null, Object(Config\Cache), false)
 9 FCPATH\index.php(67): CodeIgniter\CodeIgniter->run()
CRITICAL - 2023-07-07 23:38:19 --> Undefined variable $isRolAlumno
in APPPATH\Views\template\header.php on line 60.
 1 APPPATH\Views\template\header.php(60): CodeIgniter\Debug\Exceptions->errorHandler(2, 'Undefined variable $isRolAlumno', 'C:\\xampp\\htdocs\\codeigniter4-login\\app\\Views\\template\\header.php', 60)
 2 SYSTEMPATH\View\View.php(224): include('C:\\xampp\\htdocs\\codeigniter4-login\\app\\Views\\template\\header.php')
 3 SYSTEMPATH\View\View.php(227): CodeIgniter\View\View->CodeIgniter\View\{closure}()
 4 SYSTEMPATH\Common.php(1180): CodeIgniter\View\View->render('template/header', [], true)
 5 APPPATH\Controllers\OficinaController.php(293): view('template/header', [...])
 6 SYSTEMPATH\CodeIgniter.php(932): App\Controllers\OficinaController->listarAulas()
 7 SYSTEMPATH\CodeIgniter.php(497): CodeIgniter\CodeIgniter->runController(Object(App\Controllers\OficinaController))
 8 SYSTEMPATH\CodeIgniter.php(366): CodeIgniter\CodeIgniter->handleRequest(null, Object(Config\Cache), false)
 9 FCPATH\index.php(67): CodeIgniter\CodeIgniter->run()
CRITICAL - 2023-07-07 23:38:22 --> Undefined variable $isRolAlumno
in APPPATH\Views\template\header.php on line 60.
 1 APPPATH\Views\template\header.php(60): CodeIgniter\Debug\Exceptions->errorHandler(2, 'Undefined variable $isRolAlumno', 'C:\\xampp\\htdocs\\codeigniter4-login\\app\\Views\\template\\header.php', 60)
 2 SYSTEMPATH\View\View.php(224): include('C:\\xampp\\htdocs\\codeigniter4-login\\app\\Views\\template\\header.php')
 3 SYSTEMPATH\View\View.php(227): CodeIgniter\View\View->CodeIgniter\View\{closure}()
 4 SYSTEMPATH\Common.php(1180): CodeIgniter\View\View->render('template/header', [], true)
 5 APPPATH\Controllers\OficinaController.php(80): view('template/header', [...])
 6 SYSTEMPATH\CodeIgniter.php(932): App\Controllers\OficinaController->listarAlumnos()
 7 SYSTEMPATH\CodeIgniter.php(497): CodeIgniter\CodeIgniter->runController(Object(App\Controllers\OficinaController))
 8 SYSTEMPATH\CodeIgniter.php(366): CodeIgniter\CodeIgniter->handleRequest(null, Object(Config\Cache), false)
 9 FCPATH\index.php(67): CodeIgniter\CodeIgniter->run()
CRITICAL - 2023-07-07 23:39:58 --> Undefined variable $isRolAlumno
in APPPATH\Views\template\header.php on line 60.
 1 APPPATH\Views\template\header.php(60): CodeIgniter\Debug\Exceptions->errorHandler(2, 'Undefined variable $isRolAlumno', 'C:\\xampp\\htdocs\\codeigniter4-login\\app\\Views\\template\\header.php', 60)
 2 SYSTEMPATH\View\View.php(224): include('C:\\xampp\\htdocs\\codeigniter4-login\\app\\Views\\template\\header.php')
 3 SYSTEMPATH\View\View.php(227): CodeIgniter\View\View->CodeIgniter\View\{closure}()
 4 SYSTEMPATH\Common.php(1180): CodeIgniter\View\View->render('template/header', [], true)
 5 APPPATH\Controllers\Home.php(25): view('template/header', [...])
 6 SYSTEMPATH\CodeIgniter.php(932): App\Controllers\Home->index()
 7 SYSTEMPATH\CodeIgniter.php(497): CodeIgniter\CodeIgniter->runController(Object(App\Controllers\Home))
 8 SYSTEMPATH\CodeIgniter.php(366): CodeIgniter\CodeIgniter->handleRequest(null, Object(Config\Cache), false)
 9 FCPATH\index.php(67): CodeIgniter\CodeIgniter->run()
CRITICAL - 2023-07-07 23:43:24 --> Undefined variable $isRolAlumno
in APPPATH\Views\template\header.php on line 60.
 1 APPPATH\Views\template\header.php(60): CodeIgniter\Debug\Exceptions->errorHandler(2, 'Undefined variable $isRolAlumno', 'C:\\xampp\\htdocs\\codeigniter4-login\\app\\Views\\template\\header.php', 60)
 2 SYSTEMPATH\View\View.php(224): include('C:\\xampp\\htdocs\\codeigniter4-login\\app\\Views\\template\\header.php')
 3 SYSTEMPATH\View\View.php(227): CodeIgniter\View\View->CodeIgniter\View\{closure}()
 4 SYSTEMPATH\Common.php(1180): CodeIgniter\View\View->render('template/header', [], true)
 5 APPPATH\Controllers\OficinaController.php(294): view('template/header', [...])
 6 SYSTEMPATH\CodeIgniter.php(932): App\Controllers\OficinaController->listarAulas()
 7 SYSTEMPATH\CodeIgniter.php(497): CodeIgniter\CodeIgniter->runController(Object(App\Controllers\OficinaController))
 8 SYSTEMPATH\CodeIgniter.php(366): CodeIgniter\CodeIgniter->handleRequest(null, Object(Config\Cache), false)
 9 FCPATH\index.php(67): CodeIgniter\CodeIgniter->run()
