CRITICAL - 2023-06-28 01:08:49 --> Undefined variable $loggedIn
in APPPATH\Views\template\header.php on line 27.
 1 APPPATH\Views\template\header.php(27): CodeIgniter\Debug\Exceptions->errorHandler(2, 'Undefined variable $loggedIn', 'C:\\xampp\\htdocs\\codeigniter4-login\\app\\Views\\template\\header.php', 27)
 2 SYSTEMPATH\View\View.php(224): include('C:\\xampp\\htdocs\\codeigniter4-login\\app\\Views\\template\\header.php')
 3 SYSTEMPATH\View\View.php(227): CodeIgniter\View\View->CodeIgniter\View\{closure}()
 4 SYSTEMPATH\Common.php(1180): CodeIgniter\View\View->render('template/header', [], true)
 5 APPPATH\Controllers\Home.php(9): view('template/header')
 6 SYSTEMPATH\CodeIgniter.php(932): App\Controllers\Home->index()
 7 SYSTEMPATH\CodeIgniter.php(497): CodeIgniter\CodeIgniter->runController(Object(App\Controllers\Home))
 8 SYSTEMPATH\CodeIgniter.php(366): CodeIgniter\CodeIgniter->handleRequest(null, Object(Config\Cache), false)
 9 FCPATH\index.php(67): CodeIgniter\CodeIgniter->run()
CRITICAL - 2023-06-28 03:40:11 --> Undefined variable $loggedIn
in APPPATH\Views\template\header.php on line 27.
 1 APPPATH\Views\template\header.php(27): CodeIgniter\Debug\Exceptions->errorHandler(2, 'Undefined variable $loggedIn', 'C:\\xampp\\htdocs\\codeigniter4-login\\app\\Views\\template\\header.php', 27)
 2 SYSTEMPATH\View\View.php(224): include('C:\\xampp\\htdocs\\codeigniter4-login\\app\\Views\\template\\header.php')
 3 SYSTEMPATH\View\View.php(227): CodeIgniter\View\View->CodeIgniter\View\{closure}()
 4 SYSTEMPATH\Common.php(1180): CodeIgniter\View\View->render('template/header', [], true)
 5 APPPATH\Controllers\LoginController.php(13): view('template/header')
 6 SYSTEMPATH\CodeIgniter.php(932): App\Controllers\LoginController->index()
 7 SYSTEMPATH\CodeIgniter.php(497): CodeIgniter\CodeIgniter->runController(Object(App\Controllers\LoginController))
 8 SYSTEMPATH\CodeIgniter.php(366): CodeIgniter\CodeIgniter->handleRequest(null, Object(Config\Cache), false)
 9 FCPATH\index.php(67): CodeIgniter\CodeIgniter->run()
CRITICAL - 2023-06-28 03:41:03 --> Undefined variable $loggedIn
in APPPATH\Views\template\header.php on line 27.
 1 APPPATH\Views\template\header.php(27): CodeIgniter\Debug\Exceptions->errorHandler(2, 'Undefined variable $loggedIn', 'C:\\xampp\\htdocs\\codeigniter4-login\\app\\Views\\template\\header.php', 27)
 2 SYSTEMPATH\View\View.php(224): include('C:\\xampp\\htdocs\\codeigniter4-login\\app\\Views\\template\\header.php')
 3 SYSTEMPATH\View\View.php(227): CodeIgniter\View\View->CodeIgniter\View\{closure}()
 4 SYSTEMPATH\Common.php(1180): CodeIgniter\View\View->render('template/header', [], true)
 5 APPPATH\Controllers\RegisterController.php(11): view('template/header')
 6 SYSTEMPATH\CodeIgniter.php(932): App\Controllers\RegisterController->index()
 7 SYSTEMPATH\CodeIgniter.php(497): CodeIgniter\CodeIgniter->runController(Object(App\Controllers\RegisterController))
 8 SYSTEMPATH\CodeIgniter.php(366): CodeIgniter\CodeIgniter->handleRequest(null, Object(Config\Cache), false)
 9 FCPATH\index.php(67): CodeIgniter\CodeIgniter->run()
CRITICAL - 2023-06-28 03:43:44 --> Undefined variable $loggedIn
in APPPATH\Views\template\header.php on line 27.
 1 APPPATH\Views\template\header.php(27): CodeIgniter\Debug\Exceptions->errorHandler(2, 'Undefined variable $loggedIn', 'C:\\xampp\\htdocs\\codeigniter4-login\\app\\Views\\template\\header.php', 27)
 2 SYSTEMPATH\View\View.php(224): include('C:\\xampp\\htdocs\\codeigniter4-login\\app\\Views\\template\\header.php')
 3 SYSTEMPATH\View\View.php(227): CodeIgniter\View\View->CodeIgniter\View\{closure}()
 4 SYSTEMPATH\Common.php(1180): CodeIgniter\View\View->render('template/header', [], true)
 5 APPPATH\Controllers\LoginController.php(13): view('template/header')
 6 SYSTEMPATH\CodeIgniter.php(932): App\Controllers\LoginController->index()
 7 SYSTEMPATH\CodeIgniter.php(497): CodeIgniter\CodeIgniter->runController(Object(App\Controllers\LoginController))
 8 SYSTEMPATH\CodeIgniter.php(366): CodeIgniter\CodeIgniter->handleRequest(null, Object(Config\Cache), false)
 9 FCPATH\index.php(67): CodeIgniter\CodeIgniter->run()
CRITICAL - 2023-06-28 03:44:09 --> Undefined variable $loggedIn
in APPPATH\Views\template\header.php on line 27.
 1 APPPATH\Views\template\header.php(27): CodeIgniter\Debug\Exceptions->errorHandler(2, 'Undefined variable $loggedIn', 'C:\\xampp\\htdocs\\codeigniter4-login\\app\\Views\\template\\header.php', 27)
 2 SYSTEMPATH\View\View.php(224): include('C:\\xampp\\htdocs\\codeigniter4-login\\app\\Views\\template\\header.php')
 3 SYSTEMPATH\View\View.php(227): CodeIgniter\View\View->CodeIgniter\View\{closure}()
 4 SYSTEMPATH\Common.php(1180): CodeIgniter\View\View->render('template/header', [], true)
 5 APPPATH\Controllers\LoginController.php(13): view('template/header')
 6 SYSTEMPATH\CodeIgniter.php(932): App\Controllers\LoginController->index()
 7 SYSTEMPATH\CodeIgniter.php(497): CodeIgniter\CodeIgniter->runController(Object(App\Controllers\LoginController))
 8 SYSTEMPATH\CodeIgniter.php(366): CodeIgniter\CodeIgniter->handleRequest(null, Object(Config\Cache), false)
 9 FCPATH\index.php(67): CodeIgniter\CodeIgniter->run()
CRITICAL - 2023-06-28 03:44:40 --> Undefined variable $loggedIn
in APPPATH\Views\template\header.php on line 27.
 1 APPPATH\Views\template\header.php(27): CodeIgniter\Debug\Exceptions->errorHandler(2, 'Undefined variable $loggedIn', 'C:\\xampp\\htdocs\\codeigniter4-login\\app\\Views\\template\\header.php', 27)
 2 SYSTEMPATH\View\View.php(224): include('C:\\xampp\\htdocs\\codeigniter4-login\\app\\Views\\template\\header.php')
 3 SYSTEMPATH\View\View.php(227): CodeIgniter\View\View->CodeIgniter\View\{closure}()
 4 SYSTEMPATH\Common.php(1180): CodeIgniter\View\View->render('template/header', [], true)
 5 APPPATH\Controllers\LoginController.php(13): view('template/header')
 6 SYSTEMPATH\CodeIgniter.php(932): App\Controllers\LoginController->index()
 7 SYSTEMPATH\CodeIgniter.php(497): CodeIgniter\CodeIgniter->runController(Object(App\Controllers\LoginController))
 8 SYSTEMPATH\CodeIgniter.php(366): CodeIgniter\CodeIgniter->handleRequest(null, Object(Config\Cache), false)
 9 FCPATH\index.php(67): CodeIgniter\CodeIgniter->run()
CRITICAL - 2023-06-28 03:52:01 --> Undefined variable $loggedIn
in APPPATH\Views\template\header.php on line 27.
 1 APPPATH\Views\template\header.php(27): CodeIgniter\Debug\Exceptions->errorHandler(2, 'Undefined variable $loggedIn', 'C:\\xampp\\htdocs\\codeigniter4-login\\app\\Views\\template\\header.php', 27)
 2 SYSTEMPATH\View\View.php(224): include('C:\\xampp\\htdocs\\codeigniter4-login\\app\\Views\\template\\header.php')
 3 SYSTEMPATH\View\View.php(227): CodeIgniter\View\View->CodeIgniter\View\{closure}()
 4 SYSTEMPATH\Common.php(1180): CodeIgniter\View\View->render('template/header', [], true)
 5 APPPATH\Controllers\LoginController.php(13): view('template/header')
 6 SYSTEMPATH\CodeIgniter.php(932): App\Controllers\LoginController->index()
 7 SYSTEMPATH\CodeIgniter.php(497): CodeIgniter\CodeIgniter->runController(Object(App\Controllers\LoginController))
 8 SYSTEMPATH\CodeIgniter.php(366): CodeIgniter\CodeIgniter->handleRequest(null, Object(Config\Cache), false)
 9 FCPATH\index.php(67): CodeIgniter\CodeIgniter->run()
CRITICAL - 2023-06-28 03:57:21 --> Undefined variable $loggedIn
in APPPATH\Views\template\header.php on line 27.
 1 APPPATH\Views\template\header.php(27): CodeIgniter\Debug\Exceptions->errorHandler(2, 'Undefined variable $loggedIn', 'C:\\xampp\\htdocs\\codeigniter4-login\\app\\Views\\template\\header.php', 27)
 2 SYSTEMPATH\View\View.php(224): include('C:\\xampp\\htdocs\\codeigniter4-login\\app\\Views\\template\\header.php')
 3 SYSTEMPATH\View\View.php(227): CodeIgniter\View\View->CodeIgniter\View\{closure}()
 4 SYSTEMPATH\Common.php(1180): CodeIgniter\View\View->render('template/header', [], true)
 5 APPPATH\Controllers\DashboardController.php(13): view('template/header')
 6 SYSTEMPATH\CodeIgniter.php(932): App\Controllers\DashboardController->index()
 7 SYSTEMPATH\CodeIgniter.php(497): CodeIgniter\CodeIgniter->runController(Object(App\Controllers\DashboardController))
 8 SYSTEMPATH\CodeIgniter.php(366): CodeIgniter\CodeIgniter->handleRequest(null, Object(Config\Cache), false)
 9 FCPATH\index.php(67): CodeIgniter\CodeIgniter->run()
CRITICAL - 2023-06-28 17:40:02 --> Undefined variable $isAdmin
in APPPATH\Views\template\header.php on line 26.
 1 APPPATH\Views\template\header.php(26): CodeIgniter\Debug\Exceptions->errorHandler(2, 'Undefined variable $isAdmin', 'C:\\xampp\\htdocs\\codeigniter4-login\\app\\Views\\template\\header.php', 26)
 2 SYSTEMPATH\View\View.php(224): include('C:\\xampp\\htdocs\\codeigniter4-login\\app\\Views\\template\\header.php')
 3 SYSTEMPATH\View\View.php(227): CodeIgniter\View\View->CodeIgniter\View\{closure}()
 4 SYSTEMPATH\Common.php(1180): CodeIgniter\View\View->render('template/header', [], true)
 5 APPPATH\Controllers\DashboardController.php(17): view('template/header', [...])
 6 SYSTEMPATH\CodeIgniter.php(932): App\Controllers\DashboardController->index()
 7 SYSTEMPATH\CodeIgniter.php(497): CodeIgniter\CodeIgniter->runController(Object(App\Controllers\DashboardController))
 8 SYSTEMPATH\CodeIgniter.php(366): CodeIgniter\CodeIgniter->handleRequest(null, Object(Config\Cache), false)
 9 FCPATH\index.php(67): CodeIgniter\CodeIgniter->run()
CRITICAL - 2023-06-28 18:05:21 --> Undefined variable $isAdmin
in APPPATH\Views\template\header.php on line 26.
 1 APPPATH\Views\template\header.php(26): CodeIgniter\Debug\Exceptions->errorHandler(2, 'Undefined variable $isAdmin', 'C:\\xampp\\htdocs\\codeigniter4-login\\app\\Views\\template\\header.php', 26)
 2 SYSTEMPATH\View\View.php(224): include('C:\\xampp\\htdocs\\codeigniter4-login\\app\\Views\\template\\header.php')
 3 SYSTEMPATH\View\View.php(227): CodeIgniter\View\View->CodeIgniter\View\{closure}()
 4 SYSTEMPATH\Common.php(1180): CodeIgniter\View\View->render('template/header', [], true)
 5 APPPATH\Controllers\Home.php(10): view('template/header', [...])
 6 SYSTEMPATH\CodeIgniter.php(932): App\Controllers\Home->index()
 7 SYSTEMPATH\CodeIgniter.php(497): CodeIgniter\CodeIgniter->runController(Object(App\Controllers\Home))
 8 SYSTEMPATH\CodeIgniter.php(366): CodeIgniter\CodeIgniter->handleRequest(null, Object(Config\Cache), false)
 9 FCPATH\index.php(67): CodeIgniter\CodeIgniter->run()
CRITICAL - 2023-06-28 18:19:50 --> Undefined variable $isAdmin
in APPPATH\Views\template\header.php on line 26.
 1 APPPATH\Views\template\header.php(26): CodeIgniter\Debug\Exceptions->errorHandler(2, 'Undefined variable $isAdmin', 'C:\\xampp\\htdocs\\codeigniter4-login\\app\\Views\\template\\header.php', 26)
 2 SYSTEMPATH\View\View.php(224): include('C:\\xampp\\htdocs\\codeigniter4-login\\app\\Views\\template\\header.php')
 3 SYSTEMPATH\View\View.php(227): CodeIgniter\View\View->CodeIgniter\View\{closure}()
 4 SYSTEMPATH\Common.php(1180): CodeIgniter\View\View->render('template/header', [], true)
 5 APPPATH\Controllers\Home.php(10): view('template/header', [...])
 6 SYSTEMPATH\CodeIgniter.php(932): App\Controllers\Home->index()
 7 SYSTEMPATH\CodeIgniter.php(497): CodeIgniter\CodeIgniter->runController(Object(App\Controllers\Home))
 8 SYSTEMPATH\CodeIgniter.php(366): CodeIgniter\CodeIgniter->handleRequest(null, Object(Config\Cache), false)
 9 FCPATH\index.php(67): CodeIgniter\CodeIgniter->run()
CRITICAL - 2023-06-28 18:20:27 --> Undefined variable $isAdmin
in APPPATH\Views\template\header.php on line 26.
 1 APPPATH\Views\template\header.php(26): CodeIgniter\Debug\Exceptions->errorHandler(2, 'Undefined variable $isAdmin', 'C:\\xampp\\htdocs\\codeigniter4-login\\app\\Views\\template\\header.php', 26)
 2 SYSTEMPATH\View\View.php(224): include('C:\\xampp\\htdocs\\codeigniter4-login\\app\\Views\\template\\header.php')
 3 SYSTEMPATH\View\View.php(227): CodeIgniter\View\View->CodeIgniter\View\{closure}()
 4 SYSTEMPATH\Common.php(1180): CodeIgniter\View\View->render('template/header', [], true)
 5 APPPATH\Controllers\Home.php(10): view('template/header', [...])
 6 SYSTEMPATH\CodeIgniter.php(932): App\Controllers\Home->index()
 7 SYSTEMPATH\CodeIgniter.php(497): CodeIgniter\CodeIgniter->runController(Object(App\Controllers\Home))
 8 SYSTEMPATH\CodeIgniter.php(366): CodeIgniter\CodeIgniter->handleRequest(null, Object(Config\Cache), false)
 9 FCPATH\index.php(67): CodeIgniter\CodeIgniter->run()
CRITICAL - 2023-06-28 18:50:27 --> Undefined variable $isAdmin
in APPPATH\Views\template\header.php on line 25.
 1 APPPATH\Views\template\header.php(25): CodeIgniter\Debug\Exceptions->errorHandler(2, 'Undefined variable $isAdmin', 'C:\\xampp\\htdocs\\codeigniter4-login\\app\\Views\\template\\header.php', 25)
 2 SYSTEMPATH\View\View.php(224): include('C:\\xampp\\htdocs\\codeigniter4-login\\app\\Views\\template\\header.php')
 3 SYSTEMPATH\View\View.php(227): CodeIgniter\View\View->CodeIgniter\View\{closure}()
 4 SYSTEMPATH\Common.php(1180): CodeIgniter\View\View->render('template/header', [], true)
 5 APPPATH\Controllers\Home.php(10): view('template/header', [...])
 6 SYSTEMPATH\CodeIgniter.php(932): App\Controllers\Home->index()
 7 SYSTEMPATH\CodeIgniter.php(497): CodeIgniter\CodeIgniter->runController(Object(App\Controllers\Home))
 8 SYSTEMPATH\CodeIgniter.php(366): CodeIgniter\CodeIgniter->handleRequest(null, Object(Config\Cache), false)
 9 FCPATH\index.php(67): CodeIgniter\CodeIgniter->run()
CRITICAL - 2023-06-28 18:50:36 --> Undefined variable $isAdmin
in APPPATH\Views\template\header.php on line 25.
 1 APPPATH\Views\template\header.php(25): CodeIgniter\Debug\Exceptions->errorHandler(2, 'Undefined variable $isAdmin', 'C:\\xampp\\htdocs\\codeigniter4-login\\app\\Views\\template\\header.php', 25)
 2 SYSTEMPATH\View\View.php(224): include('C:\\xampp\\htdocs\\codeigniter4-login\\app\\Views\\template\\header.php')
 3 SYSTEMPATH\View\View.php(227): CodeIgniter\View\View->CodeIgniter\View\{closure}()
 4 SYSTEMPATH\Common.php(1180): CodeIgniter\View\View->render('template/header', [], true)
 5 APPPATH\Controllers\Home.php(10): view('template/header', [...])
 6 SYSTEMPATH\CodeIgniter.php(932): App\Controllers\Home->index()
 7 SYSTEMPATH\CodeIgniter.php(497): CodeIgniter\CodeIgniter->runController(Object(App\Controllers\Home))
 8 SYSTEMPATH\CodeIgniter.php(366): CodeIgniter\CodeIgniter->handleRequest(null, Object(Config\Cache), false)
 9 FCPATH\index.php(67): CodeIgniter\CodeIgniter->run()
CRITICAL - 2023-06-28 18:51:12 --> Undefined variable $isAdmin
in APPPATH\Views\template\header.php on line 25.
 1 APPPATH\Views\template\header.php(25): CodeIgniter\Debug\Exceptions->errorHandler(2, 'Undefined variable $isAdmin', 'C:\\xampp\\htdocs\\codeigniter4-login\\app\\Views\\template\\header.php', 25)
 2 SYSTEMPATH\View\View.php(224): include('C:\\xampp\\htdocs\\codeigniter4-login\\app\\Views\\template\\header.php')
 3 SYSTEMPATH\View\View.php(227): CodeIgniter\View\View->CodeIgniter\View\{closure}()
 4 SYSTEMPATH\Common.php(1180): CodeIgniter\View\View->render('template/header', [], true)
 5 APPPATH\Controllers\Home.php(10): view('template/header', [...])
 6 SYSTEMPATH\CodeIgniter.php(932): App\Controllers\Home->index()
 7 SYSTEMPATH\CodeIgniter.php(497): CodeIgniter\CodeIgniter->runController(Object(App\Controllers\Home))
 8 SYSTEMPATH\CodeIgniter.php(366): CodeIgniter\CodeIgniter->handleRequest(null, Object(Config\Cache), false)
 9 FCPATH\index.php(67): CodeIgniter\CodeIgniter->run()
CRITICAL - 2023-06-28 19:01:22 --> Undefined variable $isAdmin
in APPPATH\Views\template\header.php on line 26.
 1 APPPATH\Views\template\header.php(26): CodeIgniter\Debug\Exceptions->errorHandler(2, 'Undefined variable $isAdmin', 'C:\\xampp\\htdocs\\codeigniter4-login\\app\\Views\\template\\header.php', 26)
 2 SYSTEMPATH\View\View.php(224): include('C:\\xampp\\htdocs\\codeigniter4-login\\app\\Views\\template\\header.php')
 3 SYSTEMPATH\View\View.php(227): CodeIgniter\View\View->CodeIgniter\View\{closure}()
 4 SYSTEMPATH\Common.php(1180): CodeIgniter\View\View->render('template/header', [], true)
 5 APPPATH\Controllers\Home.php(10): view('template/header', [...])
 6 SYSTEMPATH\CodeIgniter.php(932): App\Controllers\Home->index()
 7 SYSTEMPATH\CodeIgniter.php(497): CodeIgniter\CodeIgniter->runController(Object(App\Controllers\Home))
 8 SYSTEMPATH\CodeIgniter.php(366): CodeIgniter\CodeIgniter->handleRequest(null, Object(Config\Cache), false)
 9 FCPATH\index.php(67): CodeIgniter\CodeIgniter->run()
