CRITICAL - 2023-07-06 06:13:43 --> Undefined variable $isRolOficina
in APPPATH\Views\template\header.php on line 32.
 1 APPPATH\Views\template\header.php(32): CodeIgniter\Debug\Exceptions->errorHandler(2, 'Undefined variable $isRolOficina', 'C:\\xampp\\htdocs\\codeigniter4-login\\app\\Views\\template\\header.php', 32)
 2 SYSTEMPATH\View\View.php(224): include('C:\\xampp\\htdocs\\codeigniter4-login\\app\\Views\\template\\header.php')
 3 SYSTEMPATH\View\View.php(227): CodeIgniter\View\View->CodeIgniter\View\{closure}()
 4 SYSTEMPATH\Common.php(1180): CodeIgniter\View\View->render('template/header', [], true)
 5 APPPATH\Controllers\LoginController.php(23): view('template/header', [...])
 6 SYSTEMPATH\CodeIgniter.php(932): App\Controllers\LoginController->index()
 7 SYSTEMPATH\CodeIgniter.php(497): CodeIgniter\CodeIgniter->runController(Object(App\Controllers\LoginController))
 8 SYSTEMPATH\CodeIgniter.php(366): CodeIgniter\CodeIgniter->handleRequest(null, Object(Config\Cache), false)
 9 FCPATH\index.php(67): CodeIgniter\CodeIgniter->run()
CRITICAL - 2023-07-06 06:28:25 --> Undefined variable $isRolOficina
in APPPATH\Views\template\header.php on line 32.
 1 APPPATH\Views\template\header.php(32): CodeIgniter\Debug\Exceptions->errorHandler(2, 'Undefined variable $isRolOficina', 'C:\\xampp\\htdocs\\codeigniter4-login\\app\\Views\\template\\header.php', 32)
 2 SYSTEMPATH\View\View.php(224): include('C:\\xampp\\htdocs\\codeigniter4-login\\app\\Views\\template\\header.php')
 3 SYSTEMPATH\View\View.php(227): CodeIgniter\View\View->CodeIgniter\View\{closure}()
 4 SYSTEMPATH\Common.php(1180): CodeIgniter\View\View->render('template/header', [], true)
 5 APPPATH\Controllers\LoginController.php(23): view('template/header', [...])
 6 SYSTEMPATH\CodeIgniter.php(932): App\Controllers\LoginController->index()
 7 SYSTEMPATH\CodeIgniter.php(497): CodeIgniter\CodeIgniter->runController(Object(App\Controllers\LoginController))
 8 SYSTEMPATH\CodeIgniter.php(366): CodeIgniter\CodeIgniter->handleRequest(null, Object(Config\Cache), false)
 9 FCPATH\index.php(67): CodeIgniter\CodeIgniter->run()
CRITICAL - 2023-07-06 06:28:35 --> Undefined variable $isRolOficina
in APPPATH\Views\template\header.php on line 32.
 1 APPPATH\Views\template\header.php(32): CodeIgniter\Debug\Exceptions->errorHandler(2, 'Undefined variable $isRolOficina', 'C:\\xampp\\htdocs\\codeigniter4-login\\app\\Views\\template\\header.php', 32)
 2 SYSTEMPATH\View\View.php(224): include('C:\\xampp\\htdocs\\codeigniter4-login\\app\\Views\\template\\header.php')
 3 SYSTEMPATH\View\View.php(227): CodeIgniter\View\View->CodeIgniter\View\{closure}()
 4 SYSTEMPATH\Common.php(1180): CodeIgniter\View\View->render('template/header', [], true)
 5 APPPATH\Controllers\LoginController.php(23): view('template/header', [...])
 6 SYSTEMPATH\CodeIgniter.php(932): App\Controllers\LoginController->index()
 7 SYSTEMPATH\CodeIgniter.php(497): CodeIgniter\CodeIgniter->runController(Object(App\Controllers\LoginController))
 8 SYSTEMPATH\CodeIgniter.php(366): CodeIgniter\CodeIgniter->handleRequest(null, Object(Config\Cache), false)
 9 FCPATH\index.php(67): CodeIgniter\CodeIgniter->run()
CRITICAL - 2023-07-06 06:28:56 --> Undefined variable $isRolOficina
in APPPATH\Views\template\header.php on line 32.
 1 APPPATH\Views\template\header.php(32): CodeIgniter\Debug\Exceptions->errorHandler(2, 'Undefined variable $isRolOficina', 'C:\\xampp\\htdocs\\codeigniter4-login\\app\\Views\\template\\header.php', 32)
 2 SYSTEMPATH\View\View.php(224): include('C:\\xampp\\htdocs\\codeigniter4-login\\app\\Views\\template\\header.php')
 3 SYSTEMPATH\View\View.php(227): CodeIgniter\View\View->CodeIgniter\View\{closure}()
 4 SYSTEMPATH\Common.php(1180): CodeIgniter\View\View->render('template/header', [], true)
 5 APPPATH\Controllers\UsuarioController.php(27): view('template/header', [...])
 6 SYSTEMPATH\CodeIgniter.php(932): App\Controllers\UsuarioController->listarUsuarios()
 7 SYSTEMPATH\CodeIgniter.php(497): CodeIgniter\CodeIgniter->runController(Object(App\Controllers\UsuarioController))
 8 SYSTEMPATH\CodeIgniter.php(366): CodeIgniter\CodeIgniter->handleRequest(null, Object(Config\Cache), false)
 9 FCPATH\index.php(67): CodeIgniter\CodeIgniter->run()
CRITICAL - 2023-07-06 06:34:31 --> Invalid file: "oficina/usuarios/listar.php"
in SYSTEMPATH\Exceptions\FrameworkException.php on line 33.
 1 SYSTEMPATH\View\View.php(212): CodeIgniter\Exceptions\FrameworkException::forInvalidFile('oficina/usuarios/listar.php')
 2 SYSTEMPATH\Common.php(1180): CodeIgniter\View\View->render('oficina/usuarios/listar', [], true)
 3 APPPATH\Controllers\UsuarioController.php(42): view('oficina/usuarios/listar', [...])
 4 SYSTEMPATH\CodeIgniter.php(932): App\Controllers\UsuarioController->listarUsuarios()
 5 SYSTEMPATH\CodeIgniter.php(497): CodeIgniter\CodeIgniter->runController(Object(App\Controllers\UsuarioController))
 6 SYSTEMPATH\CodeIgniter.php(366): CodeIgniter\CodeIgniter->handleRequest(null, Object(Config\Cache), false)
 7 FCPATH\index.php(67): CodeIgniter\CodeIgniter->run()
CRITICAL - 2023-07-06 06:34:45 --> Undefined variable $header
in APPPATH\Views\admin\usuarios\listar.php on line 1.
 1 APPPATH\Views\admin\usuarios\listar.php(1): CodeIgniter\Debug\Exceptions->errorHandler(2, 'Undefined variable $header', 'C:\\xampp\\htdocs\\codeigniter4-login\\app\\Views\\admin\\usuarios\\listar.php', 1)
 2 SYSTEMPATH\View\View.php(224): include('C:\\xampp\\htdocs\\codeigniter4-login\\app\\Views\\admin\\usuarios\\listar.php')
 3 SYSTEMPATH\View\View.php(227): CodeIgniter\View\View->CodeIgniter\View\{closure}()
 4 SYSTEMPATH\Common.php(1180): CodeIgniter\View\View->render('admin/usuarios/listar', [], true)
 5 APPPATH\Controllers\UsuarioController.php(42): view('admin/usuarios/listar', [...])
 6 SYSTEMPATH\CodeIgniter.php(932): App\Controllers\UsuarioController->listarUsuarios()
 7 SYSTEMPATH\CodeIgniter.php(497): CodeIgniter\CodeIgniter->runController(Object(App\Controllers\UsuarioController))
 8 SYSTEMPATH\CodeIgniter.php(366): CodeIgniter\CodeIgniter->handleRequest(null, Object(Config\Cache), false)
 9 FCPATH\index.php(67): CodeIgniter\CodeIgniter->run()
CRITICAL - 2023-07-06 06:35:50 --> Undefined variable $cursos
in APPPATH\Views\admin\usuarios\listar.php on line 23.
 1 APPPATH\Views\admin\usuarios\listar.php(23): CodeIgniter\Debug\Exceptions->errorHandler(2, 'Undefined variable $cursos', 'C:\\xampp\\htdocs\\codeigniter4-login\\app\\Views\\admin\\usuarios\\listar.php', 23)
 2 SYSTEMPATH\View\View.php(224): include('C:\\xampp\\htdocs\\codeigniter4-login\\app\\Views\\admin\\usuarios\\listar.php')
 3 SYSTEMPATH\View\View.php(227): CodeIgniter\View\View->CodeIgniter\View\{closure}()
 4 SYSTEMPATH\Common.php(1180): CodeIgniter\View\View->render('admin/usuarios/listar', [], true)
 5 APPPATH\Controllers\UsuarioController.php(42): view('admin/usuarios/listar', [...])
 6 SYSTEMPATH\CodeIgniter.php(932): App\Controllers\UsuarioController->listarUsuarios()
 7 SYSTEMPATH\CodeIgniter.php(497): CodeIgniter\CodeIgniter->runController(Object(App\Controllers\UsuarioController))
 8 SYSTEMPATH\CodeIgniter.php(366): CodeIgniter\CodeIgniter->handleRequest(null, Object(Config\Cache), false)
 9 FCPATH\index.php(67): CodeIgniter\CodeIgniter->run()
CRITICAL - 2023-07-06 06:36:34 --> Cannot use object of type stdClass as array
in APPPATH\Views\admin\usuarios\listar.php on line 25.
 1 SYSTEMPATH\View\View.php(224): include()
 2 SYSTEMPATH\View\View.php(227): CodeIgniter\View\View->CodeIgniter\View\{closure}()
 3 SYSTEMPATH\Common.php(1180): CodeIgniter\View\View->render('admin/usuarios/listar', [], true)
 4 APPPATH\Controllers\UsuarioController.php(42): view('admin/usuarios/listar', [...])
 5 SYSTEMPATH\CodeIgniter.php(932): App\Controllers\UsuarioController->listarUsuarios()
 6 SYSTEMPATH\CodeIgniter.php(497): CodeIgniter\CodeIgniter->runController(Object(App\Controllers\UsuarioController))
 7 SYSTEMPATH\CodeIgniter.php(366): CodeIgniter\CodeIgniter->handleRequest(null, Object(Config\Cache), false)
 8 FCPATH\index.php(67): CodeIgniter\CodeIgniter->run()
CRITICAL - 2023-07-06 06:37:04 --> Cannot use object of type stdClass as array
in APPPATH\Views\admin\usuarios\listar.php on line 25.
 1 SYSTEMPATH\View\View.php(224): include()
 2 SYSTEMPATH\View\View.php(227): CodeIgniter\View\View->CodeIgniter\View\{closure}()
 3 SYSTEMPATH\Common.php(1180): CodeIgniter\View\View->render('admin/usuarios/listar', [], true)
 4 APPPATH\Controllers\UsuarioController.php(42): view('admin/usuarios/listar', [...])
 5 SYSTEMPATH\CodeIgniter.php(932): App\Controllers\UsuarioController->listarUsuarios()
 6 SYSTEMPATH\CodeIgniter.php(497): CodeIgniter\CodeIgniter->runController(Object(App\Controllers\UsuarioController))
 7 SYSTEMPATH\CodeIgniter.php(366): CodeIgniter\CodeIgniter->handleRequest(null, Object(Config\Cache), false)
 8 FCPATH\index.php(67): CodeIgniter\CodeIgniter->run()
CRITICAL - 2023-07-06 06:37:22 --> Cannot use object of type stdClass as array
in APPPATH\Views\admin\usuarios\listar.php on line 25.
 1 SYSTEMPATH\View\View.php(224): include()
 2 SYSTEMPATH\View\View.php(227): CodeIgniter\View\View->CodeIgniter\View\{closure}()
 3 SYSTEMPATH\Common.php(1180): CodeIgniter\View\View->render('admin/usuarios/listar', [], true)
 4 APPPATH\Controllers\UsuarioController.php(42): view('admin/usuarios/listar', [...])
 5 SYSTEMPATH\CodeIgniter.php(932): App\Controllers\UsuarioController->listarUsuarios()
 6 SYSTEMPATH\CodeIgniter.php(497): CodeIgniter\CodeIgniter->runController(Object(App\Controllers\UsuarioController))
 7 SYSTEMPATH\CodeIgniter.php(366): CodeIgniter\CodeIgniter->handleRequest(null, Object(Config\Cache), false)
 8 FCPATH\index.php(67): CodeIgniter\CodeIgniter->run()
CRITICAL - 2023-07-06 06:38:12 --> Undefined array key "nombre"
in APPPATH\Views\admin\usuarios\listar.php on line 26.
 1 APPPATH\Views\admin\usuarios\listar.php(26): CodeIgniter\Debug\Exceptions->errorHandler(2, 'Undefined array key "nombre"', 'C:\\xampp\\htdocs\\codeigniter4-login\\app\\Views\\admin\\usuarios\\listar.php', 26)
 2 SYSTEMPATH\View\View.php(224): include('C:\\xampp\\htdocs\\codeigniter4-login\\app\\Views\\admin\\usuarios\\listar.php')
 3 SYSTEMPATH\View\View.php(227): CodeIgniter\View\View->CodeIgniter\View\{closure}()
 4 SYSTEMPATH\Common.php(1180): CodeIgniter\View\View->render('admin/usuarios/listar', [], true)
 5 APPPATH\Controllers\UsuarioController.php(42): view('admin/usuarios/listar', [...])
 6 SYSTEMPATH\CodeIgniter.php(932): App\Controllers\UsuarioController->listarUsuarios()
 7 SYSTEMPATH\CodeIgniter.php(497): CodeIgniter\CodeIgniter->runController(Object(App\Controllers\UsuarioController))
 8 SYSTEMPATH\CodeIgniter.php(366): CodeIgniter\CodeIgniter->handleRequest(null, Object(Config\Cache), false)
 9 FCPATH\index.php(67): CodeIgniter\CodeIgniter->run()
CRITICAL - 2023-07-06 06:39:25 --> Cannot use object of type stdClass as array
in APPPATH\Views\admin\usuarios\listar.php on line 25.
 1 SYSTEMPATH\View\View.php(224): include()
 2 SYSTEMPATH\View\View.php(227): CodeIgniter\View\View->CodeIgniter\View\{closure}()
 3 SYSTEMPATH\Common.php(1180): CodeIgniter\View\View->render('admin/usuarios/listar', [], true)
 4 APPPATH\Controllers\UsuarioController.php(42): view('admin/usuarios/listar', [...])
 5 SYSTEMPATH\CodeIgniter.php(932): App\Controllers\UsuarioController->listarUsuarios()
 6 SYSTEMPATH\CodeIgniter.php(497): CodeIgniter\CodeIgniter->runController(Object(App\Controllers\UsuarioController))
 7 SYSTEMPATH\CodeIgniter.php(366): CodeIgniter\CodeIgniter->handleRequest(null, Object(Config\Cache), false)
 8 FCPATH\index.php(67): CodeIgniter\CodeIgniter->run()
CRITICAL - 2023-07-06 06:39:39 --> Cannot use object of type stdClass as array
in APPPATH\Views\admin\usuarios\listar.php on line 26.
 1 SYSTEMPATH\View\View.php(224): include()
 2 SYSTEMPATH\View\View.php(227): CodeIgniter\View\View->CodeIgniter\View\{closure}()
 3 SYSTEMPATH\Common.php(1180): CodeIgniter\View\View->render('admin/usuarios/listar', [], true)
 4 APPPATH\Controllers\UsuarioController.php(42): view('admin/usuarios/listar', [...])
 5 SYSTEMPATH\CodeIgniter.php(932): App\Controllers\UsuarioController->listarUsuarios()
 6 SYSTEMPATH\CodeIgniter.php(497): CodeIgniter\CodeIgniter->runController(Object(App\Controllers\UsuarioController))
 7 SYSTEMPATH\CodeIgniter.php(366): CodeIgniter\CodeIgniter->handleRequest(null, Object(Config\Cache), false)
 8 FCPATH\index.php(67): CodeIgniter\CodeIgniter->run()
CRITICAL - 2023-07-06 06:39:55 --> Attempt to read property "id" on array
in APPPATH\Controllers\LoginController.php on line 38.
 1 APPPATH\Controllers\LoginController.php(38): CodeIgniter\Debug\Exceptions->errorHandler(2, 'Attempt to read property "id" on array', 'C:\\xampp\\htdocs\\codeigniter4-login\\app\\Controllers\\LoginController.php', 38)
 2 SYSTEMPATH\CodeIgniter.php(932): App\Controllers\LoginController->login()
 3 SYSTEMPATH\CodeIgniter.php(497): CodeIgniter\CodeIgniter->runController(Object(App\Controllers\LoginController))
 4 SYSTEMPATH\CodeIgniter.php(366): CodeIgniter\CodeIgniter->handleRequest(null, Object(Config\Cache), false)
 5 FCPATH\index.php(67): CodeIgniter\CodeIgniter->run()
CRITICAL - 2023-07-06 06:40:22 --> Cannot use object of type stdClass as array
in APPPATH\Views\admin\usuarios\listar.php on line 25.
 1 SYSTEMPATH\View\View.php(224): include()
 2 SYSTEMPATH\View\View.php(227): CodeIgniter\View\View->CodeIgniter\View\{closure}()
 3 SYSTEMPATH\Common.php(1180): CodeIgniter\View\View->render('admin/usuarios/listar', [], true)
 4 APPPATH\Controllers\UsuarioController.php(42): view('admin/usuarios/listar', [...])
 5 SYSTEMPATH\CodeIgniter.php(932): App\Controllers\UsuarioController->listarUsuarios()
 6 SYSTEMPATH\CodeIgniter.php(497): CodeIgniter\CodeIgniter->runController(Object(App\Controllers\UsuarioController))
 7 SYSTEMPATH\CodeIgniter.php(366): CodeIgniter\CodeIgniter->handleRequest(null, Object(Config\Cache), false)
 8 FCPATH\index.php(67): CodeIgniter\CodeIgniter->run()
CRITICAL - 2023-07-06 06:43:20 --> Cannot use object of type stdClass as array
in APPPATH\Views\admin\usuarios\listar.php on line 30.
 1 SYSTEMPATH\View\View.php(224): include()
 2 SYSTEMPATH\View\View.php(227): CodeIgniter\View\View->CodeIgniter\View\{closure}()
 3 SYSTEMPATH\Common.php(1180): CodeIgniter\View\View->render('admin/usuarios/listar', [], true)
 4 APPPATH\Controllers\UsuarioController.php(42): view('admin/usuarios/listar', [...])
 5 SYSTEMPATH\CodeIgniter.php(932): App\Controllers\UsuarioController->listarUsuarios()
 6 SYSTEMPATH\CodeIgniter.php(497): CodeIgniter\CodeIgniter->runController(Object(App\Controllers\UsuarioController))
 7 SYSTEMPATH\CodeIgniter.php(366): CodeIgniter\CodeIgniter->handleRequest(null, Object(Config\Cache), false)
 8 FCPATH\index.php(67): CodeIgniter\CodeIgniter->run()
CRITICAL - 2023-07-06 16:44:54 --> Undefined variable $isRolOficina
in APPPATH\Views\template\header.php on line 32.
 1 APPPATH\Views\template\header.php(32): CodeIgniter\Debug\Exceptions->errorHandler(2, 'Undefined variable $isRolOficina', 'C:\\xampp\\htdocs\\codeigniter4-login\\app\\Views\\template\\header.php', 32)
 2 SYSTEMPATH\View\View.php(224): include('C:\\xampp\\htdocs\\codeigniter4-login\\app\\Views\\template\\header.php')
 3 SYSTEMPATH\View\View.php(227): CodeIgniter\View\View->CodeIgniter\View\{closure}()
 4 SYSTEMPATH\Common.php(1180): CodeIgniter\View\View->render('template/header', [], true)
 5 APPPATH\Controllers\LoginController.php(23): view('template/header', [...])
 6 SYSTEMPATH\CodeIgniter.php(932): App\Controllers\LoginController->index()
 7 SYSTEMPATH\CodeIgniter.php(497): CodeIgniter\CodeIgniter->runController(Object(App\Controllers\LoginController))
 8 SYSTEMPATH\CodeIgniter.php(366): CodeIgniter\CodeIgniter->handleRequest(null, Object(Config\Cache), false)
 9 FCPATH\index.php(67): CodeIgniter\CodeIgniter->run()
CRITICAL - 2023-07-06 16:49:44 --> Undefined variable $header
in APPPATH\Views\admin\usuarios\crear.php on line 1.
 1 APPPATH\Views\admin\usuarios\crear.php(1): CodeIgniter\Debug\Exceptions->errorHandler(2, 'Undefined variable $header', 'C:\\xampp\\htdocs\\codeigniter4-login\\app\\Views\\admin\\usuarios\\crear.php', 1)
 2 SYSTEMPATH\View\View.php(224): include('C:\\xampp\\htdocs\\codeigniter4-login\\app\\Views\\admin\\usuarios\\crear.php')
 3 SYSTEMPATH\View\View.php(227): CodeIgniter\View\View->CodeIgniter\View\{closure}()
 4 SYSTEMPATH\Common.php(1180): CodeIgniter\View\View->render('admin/usuarios/crear', [], true)
 5 APPPATH\Controllers\UsuarioController.php(69): view('admin/usuarios/crear')
 6 SYSTEMPATH\CodeIgniter.php(932): App\Controllers\UsuarioController->crearUsuario()
 7 SYSTEMPATH\CodeIgniter.php(497): CodeIgniter\CodeIgniter->runController(Object(App\Controllers\UsuarioController))
 8 SYSTEMPATH\CodeIgniter.php(366): CodeIgniter\CodeIgniter->handleRequest(null, Object(Config\Cache), false)
 9 FCPATH\index.php(67): CodeIgniter\CodeIgniter->run()
CRITICAL - 2023-07-06 18:57:58 --> Undefined variable $curso
in APPPATH\Views\admin\usuarios\editar.php on line 6.
 1 APPPATH\Views\admin\usuarios\editar.php(6): CodeIgniter\Debug\Exceptions->errorHandler(2, 'Undefined variable $curso', 'C:\\xampp\\htdocs\\codeigniter4-login\\app\\Views\\admin\\usuarios\\editar.php', 6)
 2 SYSTEMPATH\View\View.php(224): include('C:\\xampp\\htdocs\\codeigniter4-login\\app\\Views\\admin\\usuarios\\editar.php')
 3 SYSTEMPATH\View\View.php(227): CodeIgniter\View\View->CodeIgniter\View\{closure}()
 4 SYSTEMPATH\Common.php(1180): CodeIgniter\View\View->render('admin/usuarios/editar', [], true)
 5 APPPATH\Controllers\UsuarioController.php(105): view('admin/usuarios/editar', [...])
 6 SYSTEMPATH\CodeIgniter.php(932): App\Controllers\UsuarioController->editarUsuario('13')
 7 SYSTEMPATH\CodeIgniter.php(497): CodeIgniter\CodeIgniter->runController(Object(App\Controllers\UsuarioController))
 8 SYSTEMPATH\CodeIgniter.php(366): CodeIgniter\CodeIgniter->handleRequest(null, Object(Config\Cache), false)
 9 FCPATH\index.php(67): CodeIgniter\CodeIgniter->run()
CRITICAL - 2023-07-06 18:58:25 --> Cannot use object of type stdClass as array
in APPPATH\Views\admin\usuarios\editar.php on line 6.
 1 SYSTEMPATH\View\View.php(224): include()
 2 SYSTEMPATH\View\View.php(227): CodeIgniter\View\View->CodeIgniter\View\{closure}()
 3 SYSTEMPATH\Common.php(1180): CodeIgniter\View\View->render('admin/usuarios/editar', [], true)
 4 APPPATH\Controllers\UsuarioController.php(105): view('admin/usuarios/editar', [...])
 5 SYSTEMPATH\CodeIgniter.php(932): App\Controllers\UsuarioController->editarUsuario('13')
 6 SYSTEMPATH\CodeIgniter.php(497): CodeIgniter\CodeIgniter->runController(Object(App\Controllers\UsuarioController))
 7 SYSTEMPATH\CodeIgniter.php(366): CodeIgniter\CodeIgniter->handleRequest(null, Object(Config\Cache), false)
 8 FCPATH\index.php(67): CodeIgniter\CodeIgniter->run()
CRITICAL - 2023-07-06 18:59:04 --> Cannot use object of type stdClass as array
in APPPATH\Views\admin\usuarios\editar.php on line 10.
 1 SYSTEMPATH\View\View.php(224): include()
 2 SYSTEMPATH\View\View.php(227): CodeIgniter\View\View->CodeIgniter\View\{closure}()
 3 SYSTEMPATH\Common.php(1180): CodeIgniter\View\View->render('admin/usuarios/editar', [], true)
 4 APPPATH\Controllers\UsuarioController.php(105): view('admin/usuarios/editar', [...])
 5 SYSTEMPATH\CodeIgniter.php(932): App\Controllers\UsuarioController->editarUsuario('13')
 6 SYSTEMPATH\CodeIgniter.php(497): CodeIgniter\CodeIgniter->runController(Object(App\Controllers\UsuarioController))
 7 SYSTEMPATH\CodeIgniter.php(366): CodeIgniter\CodeIgniter->handleRequest(null, Object(Config\Cache), false)
 8 FCPATH\index.php(67): CodeIgniter\CodeIgniter->run()
CRITICAL - 2023-07-06 19:00:10 --> Undefined property: stdClass::$nombre
in APPPATH\Views\admin\usuarios\editar.php on line 10.
 1 APPPATH\Views\admin\usuarios\editar.php(10): CodeIgniter\Debug\Exceptions->errorHandler(2, 'Undefined property: stdClass::$nombre', 'C:\\xampp\\htdocs\\codeigniter4-login\\app\\Views\\admin\\usuarios\\editar.php', 10)
 2 SYSTEMPATH\View\View.php(224): include('C:\\xampp\\htdocs\\codeigniter4-login\\app\\Views\\admin\\usuarios\\editar.php')
 3 SYSTEMPATH\View\View.php(227): CodeIgniter\View\View->CodeIgniter\View\{closure}()
 4 SYSTEMPATH\Common.php(1180): CodeIgniter\View\View->render('admin/usuarios/editar', [], true)
 5 APPPATH\Controllers\UsuarioController.php(105): view('admin/usuarios/editar', [...])
 6 SYSTEMPATH\CodeIgniter.php(932): App\Controllers\UsuarioController->editarUsuario('13')
 7 SYSTEMPATH\CodeIgniter.php(497): CodeIgniter\CodeIgniter->runController(Object(App\Controllers\UsuarioController))
 8 SYSTEMPATH\CodeIgniter.php(366): CodeIgniter\CodeIgniter->handleRequest(null, Object(Config\Cache), false)
 9 FCPATH\index.php(67): CodeIgniter\CodeIgniter->run()
