ERROR - 2023-08-25 23:53:05 --> mysqli_sql_exception: Column 'nombres' cannot be null in C:\xampp\htdocs\codeigniter-sistema-de-asistencia\system\Database\MySQLi\Connection.php:295
Stack trace:
#0 C:\xampp\htdocs\codeigniter-sistema-de-asistencia\system\Database\MySQLi\Connection.php(295): mysqli->query('INSERT INTO `us...', 0)
#1 C:\xampp\htdocs\codeigniter-sistema-de-asistencia\system\Database\BaseConnection.php(692): CodeIgniter\Database\MySQLi\Connection->execute('INSERT INTO `us...')
#2 C:\xampp\htdocs\codeigniter-sistema-de-asistencia\system\Database\BaseConnection.php(606): CodeIgniter\Database\BaseConnection->simpleQuery('INSERT INTO `us...')
#3 C:\xampp\htdocs\codeigniter-sistema-de-asistencia\system\Database\BaseBuilder.php(2309): CodeIgniter\Database\BaseConnection->query('INSERT INTO `us...', Array, false)
#4 C:\xampp\htdocs\codeigniter-sistema-de-asistencia\system\Model.php(330): CodeIgniter\Database\BaseBuilder->insert()
#5 C:\xampp\htdocs\codeigniter-sistema-de-asistencia\system\BaseModel.php(782): CodeIgniter\Model->doInsert(Array)
#6 C:\xampp\htdocs\codeigniter-sistema-de-asistencia\system\Model.php(730): CodeIgniter\BaseModel->insert(Array, true)
#7 C:\xampp\htdocs\codeigniter-sistema-de-asistencia\app\Controllers\UsuarioController.php(178): CodeIgniter\Model->insert(Array)
#8 C:\xampp\htdocs\codeigniter-sistema-de-asistencia\system\CodeIgniter.php(932): App\Controllers\UsuarioController->guardarUsuario()
#9 C:\xampp\htdocs\codeigniter-sistema-de-asistencia\system\CodeIgniter.php(497): CodeIgniter\CodeIgniter->runController(Object(App\Controllers\UsuarioController))
#10 C:\xampp\htdocs\codeigniter-sistema-de-asistencia\system\CodeIgniter.php(366): CodeIgniter\CodeIgniter->handleRequest(NULL, Object(Config\Cache), false)
#11 C:\xampp\htdocs\codeigniter-sistema-de-asistencia\public\index.php(67): CodeIgniter\CodeIgniter->run()
#12 {main}
CRITICAL - 2023-08-25 23:53:05 --> Column 'nombres' cannot be null
in SYSTEMPATH\Database\MySQLi\Connection.php on line 295.
 1 SYSTEMPATH\Database\MySQLi\Connection.php(295): mysqli->query('INSERT INTO `usuario` (`nombres`, `apellidopaterno`, `apellidomaterno`, `telefono`, `sexo`, `correo`, `username`, `password`, `dni`, `rol`) VALUES (NULL, NULL, NULL, NULL, NULL, NULL, NULL, \'$2y$10$/OiceITRgNS8RYQguuYq.OOopAaoQADIAq/RwAVe6afLWyelYN3j2\', \'76982611\', NULL)', 0)
 2 SYSTEMPATH\Database\BaseConnection.php(692): CodeIgniter\Database\MySQLi\Connection->execute('INSERT INTO `usuario` (`nombres`, `apellidopaterno`, `apellidomaterno`, `telefono`, `sexo`, `correo`, `username`, `password`, `dni`, `rol`) VALUES (NULL, NULL, NULL, NULL, NULL, NULL, NULL, \'$2y$10$/OiceITRgNS8RYQguuYq.OOopAaoQADIAq/RwAVe6afLWyelYN3j2\', \'76982611\', NULL)')
 3 SYSTEMPATH\Database\BaseConnection.php(606): CodeIgniter\Database\BaseConnection->simpleQuery('INSERT INTO `usuario` (`nombres`, `apellidopaterno`, `apellidomaterno`, `telefono`, `sexo`, `correo`, `username`, `password`, `dni`, `rol`) VALUES (NULL, NULL, NULL, NULL, NULL, NULL, NULL, \'$2y$10$/OiceITRgNS8RYQguuYq.OOopAaoQADIAq/RwAVe6afLWyelYN3j2\', \'76982611\', NULL)')
 4 SYSTEMPATH\Database\BaseBuilder.php(2309): CodeIgniter\Database\BaseConnection->query('INSERT INTO `usuario` (`nombres`, `apellidopaterno`, `apellidomaterno`, `telefono`, `sexo`, `correo`, `username`, `password`, `dni`, `rol`) VALUES (:nombres:, :apellidopaterno:, :apellidomaterno:, :telefono:, :sexo:, :correo:, :username:, :password:, :dni:, :rol:)', [...], false)
 5 SYSTEMPATH\Model.php(330): CodeIgniter\Database\BaseBuilder->insert()
 6 SYSTEMPATH\BaseModel.php(782): CodeIgniter\Model->doInsert([...])
 7 SYSTEMPATH\Model.php(730): CodeIgniter\BaseModel->insert([...], true)
 8 APPPATH\Controllers\UsuarioController.php(178): CodeIgniter\Model->insert([...])
 9 SYSTEMPATH\CodeIgniter.php(932): App\Controllers\UsuarioController->guardarUsuario()
10 SYSTEMPATH\CodeIgniter.php(497): CodeIgniter\CodeIgniter->runController(Object(App\Controllers\UsuarioController))
11 SYSTEMPATH\CodeIgniter.php(366): CodeIgniter\CodeIgniter->handleRequest(null, Object(Config\Cache), false)
12 FCPATH\index.php(67): CodeIgniter\CodeIgniter->run()
