CRITICAL - 2023-07-04 00:23:08 --> There is no primary key defined when trying to make insert.
in SYSTEMPATH\Model.php on line 294.
 1 SYSTEMPATH\Model.php(294): CodeIgniter\Database\Exceptions\DataException::forEmptyPrimaryKey('insert')
 2 SYSTEMPATH\BaseModel.php(782): CodeIgniter\Model->doInsert([...])
 3 SYSTEMPATH\Model.php(730): CodeIgniter\BaseModel->insert([...], true)
 4 APPPATH\Controllers\OficinaController.php(112): CodeIgniter\Model->insert([...])
 5 SYSTEMPATH\CodeIgniter.php(932): App\Controllers\OficinaController->guardarAlumno()
 6 SYSTEMPATH\CodeIgniter.php(497): CodeIgniter\CodeIgniter->runController(Object(App\Controllers\OficinaController))
 7 SYSTEMPATH\CodeIgniter.php(366): CodeIgniter\CodeIgniter->handleRequest(null, Object(Config\Cache), false)
 8 FCPATH\index.php(67): CodeIgniter\CodeIgniter->run()
ERROR - 2023-07-04 04:34:01 --> mysqli_sql_exception: Duplicate entry '73523232' for key 'PRIMARY' in C:\xampp\htdocs\codeigniter4-login\system\Database\MySQLi\Connection.php:295
Stack trace:
#0 C:\xampp\htdocs\codeigniter4-login\system\Database\MySQLi\Connection.php(295): mysqli->query('INSERT INTO `al...', 0)
#1 C:\xampp\htdocs\codeigniter4-login\system\Database\BaseConnection.php(692): CodeIgniter\Database\MySQLi\Connection->execute('INSERT INTO `al...')
#2 C:\xampp\htdocs\codeigniter4-login\system\Database\BaseConnection.php(606): CodeIgniter\Database\BaseConnection->simpleQuery('INSERT INTO `al...')
#3 C:\xampp\htdocs\codeigniter4-login\system\Database\BaseBuilder.php(2309): CodeIgniter\Database\BaseConnection->query('INSERT INTO `al...', Array, false)
#4 C:\xampp\htdocs\codeigniter4-login\system\Model.php(330): CodeIgniter\Database\BaseBuilder->insert()
#5 C:\xampp\htdocs\codeigniter4-login\system\BaseModel.php(782): CodeIgniter\Model->doInsert(Array)
#6 C:\xampp\htdocs\codeigniter4-login\system\Model.php(730): CodeIgniter\BaseModel->insert(Array, true)
#7 C:\xampp\htdocs\codeigniter4-login\app\Controllers\OficinaController.php(112): CodeIgniter\Model->insert(Array)
#8 C:\xampp\htdocs\codeigniter4-login\system\CodeIgniter.php(932): App\Controllers\OficinaController->guardarAlumno()
#9 C:\xampp\htdocs\codeigniter4-login\system\CodeIgniter.php(497): CodeIgniter\CodeIgniter->runController(Object(App\Controllers\OficinaController))
#10 C:\xampp\htdocs\codeigniter4-login\system\CodeIgniter.php(366): CodeIgniter\CodeIgniter->handleRequest(NULL, Object(Config\Cache), false)
#11 C:\xampp\htdocs\codeigniter4-login\public\index.php(67): CodeIgniter\CodeIgniter->run()
#12 {main}
CRITICAL - 2023-07-04 04:34:01 --> Duplicate entry '73523232' for key 'PRIMARY'
in SYSTEMPATH\Database\MySQLi\Connection.php on line 295.
 1 SYSTEMPATH\Database\MySQLi\Connection.php(295): mysqli->query('INSERT INTO `alumno` (`dni`, `nombres`, `apellidopaterno`, `apellidomaterno`, `nacimiento`, `telefono`, `distrito`, `direccion`, `grado`, `seccion`, `nivel`, `correo`, `password`, `imagen`) VALUES (\'73523232\', \'Miguel Angel\', \'Salas\', \'Arenas\', \'sads\', \'9874334234\', \'Lima\', \'Av. Manuel\', \'Primero\', \'A\', \'Primaria\', \'adsa\', \'dsadsdsa\', \'ssdasa\')', 0)
 2 SYSTEMPATH\Database\BaseConnection.php(692): CodeIgniter\Database\MySQLi\Connection->execute('INSERT INTO `alumno` (`dni`, `nombres`, `apellidopaterno`, `apellidomaterno`, `nacimiento`, `telefono`, `distrito`, `direccion`, `grado`, `seccion`, `nivel`, `correo`, `password`, `imagen`) VALUES (\'73523232\', \'Miguel Angel\', \'Salas\', \'Arenas\', \'sads\', \'9874334234\', \'Lima\', \'Av. Manuel\', \'Primero\', \'A\', \'Primaria\', \'adsa\', \'dsadsdsa\', \'ssdasa\')')
 3 SYSTEMPATH\Database\BaseConnection.php(606): CodeIgniter\Database\BaseConnection->simpleQuery('INSERT INTO `alumno` (`dni`, `nombres`, `apellidopaterno`, `apellidomaterno`, `nacimiento`, `telefono`, `distrito`, `direccion`, `grado`, `seccion`, `nivel`, `correo`, `password`, `imagen`) VALUES (\'73523232\', \'Miguel Angel\', \'Salas\', \'Arenas\', \'sads\', \'9874334234\', \'Lima\', \'Av. Manuel\', \'Primero\', \'A\', \'Primaria\', \'adsa\', \'dsadsdsa\', \'ssdasa\')')
 4 SYSTEMPATH\Database\BaseBuilder.php(2309): CodeIgniter\Database\BaseConnection->query('INSERT INTO `alumno` (`dni`, `nombres`, `apellidopaterno`, `apellidomaterno`, `nacimiento`, `telefono`, `distrito`, `direccion`, `grado`, `seccion`, `nivel`, `correo`, `password`, `imagen`) VALUES (:dni:, :nombres:, :apellidopaterno:, :apellidomaterno:, :nacimiento:, :telefono:, :distrito:, :direccion:, :grado:, :seccion:, :nivel:, :correo:, :password:, :imagen:)', [...], false)
 5 SYSTEMPATH\Model.php(330): CodeIgniter\Database\BaseBuilder->insert()
 6 SYSTEMPATH\BaseModel.php(782): CodeIgniter\Model->doInsert([...])
 7 SYSTEMPATH\Model.php(730): CodeIgniter\BaseModel->insert([...], true)
 8 APPPATH\Controllers\OficinaController.php(112): CodeIgniter\Model->insert([...])
 9 SYSTEMPATH\CodeIgniter.php(932): App\Controllers\OficinaController->guardarAlumno()
10 SYSTEMPATH\CodeIgniter.php(497): CodeIgniter\CodeIgniter->runController(Object(App\Controllers\OficinaController))
11 SYSTEMPATH\CodeIgniter.php(366): CodeIgniter\CodeIgniter->handleRequest(null, Object(Config\Cache), false)
12 FCPATH\index.php(67): CodeIgniter\CodeIgniter->run()
ERROR - 2023-07-04 04:34:16 --> mysqli_sql_exception: Unknown column 'grado' in 'where clause' in C:\xampp\htdocs\codeigniter4-login\system\Database\MySQLi\Connection.php:295
Stack trace:
#0 C:\xampp\htdocs\codeigniter4-login\system\Database\MySQLi\Connection.php(295): mysqli->query('SELECT *\nFROM `...', 0)
#1 C:\xampp\htdocs\codeigniter4-login\system\Database\BaseConnection.php(692): CodeIgniter\Database\MySQLi\Connection->execute('SELECT *\nFROM `...')
#2 C:\xampp\htdocs\codeigniter4-login\system\Database\BaseConnection.php(606): CodeIgniter\Database\BaseConnection->simpleQuery('SELECT *\nFROM `...')
#3 C:\xampp\htdocs\codeigniter4-login\system\Database\BaseBuilder.php(1616): CodeIgniter\Database\BaseConnection->query('SELECT *\nFROM `...', Array, false)
#4 C:\xampp\htdocs\codeigniter4-login\system\Model.php(268): CodeIgniter\Database\BaseBuilder->get()
#5 C:\xampp\htdocs\codeigniter4-login\system\BaseModel.php(656): CodeIgniter\Model->doFirst()
#6 C:\xampp\htdocs\codeigniter4-login\app\Controllers\OficinaController.php(125): CodeIgniter\BaseModel->first()
#7 C:\xampp\htdocs\codeigniter4-login\app\Controllers\OficinaController.php(114): App\Controllers\OficinaController->actualizarVacantesAula('Primero', 'A', 'Primaria')
#8 C:\xampp\htdocs\codeigniter4-login\system\CodeIgniter.php(932): App\Controllers\OficinaController->guardarAlumno()
#9 C:\xampp\htdocs\codeigniter4-login\system\CodeIgniter.php(497): CodeIgniter\CodeIgniter->runController(Object(App\Controllers\OficinaController))
#10 C:\xampp\htdocs\codeigniter4-login\system\CodeIgniter.php(366): CodeIgniter\CodeIgniter->handleRequest(NULL, Object(Config\Cache), false)
#11 C:\xampp\htdocs\codeigniter4-login\public\index.php(67): CodeIgniter\CodeIgniter->run()
#12 {main}
CRITICAL - 2023-07-04 04:34:16 --> Unknown column 'grado' in 'where clause'
in SYSTEMPATH\Database\MySQLi\Connection.php on line 295.
 1 SYSTEMPATH\Database\MySQLi\Connection.php(295): mysqli->query('SELECT *
FROM `aula`
WHERE `grado` = \'Primero\'
AND `seccion` = \'A\'
AND `nivel` = \'Primaria\'
 LIMIT 1', 0)
 2 SYSTEMPATH\Database\BaseConnection.php(692): CodeIgniter\Database\MySQLi\Connection->execute('SELECT *
FROM `aula`
WHERE `grado` = \'Primero\'
AND `seccion` = \'A\'
AND `nivel` = \'Primaria\'
 LIMIT 1')
 3 SYSTEMPATH\Database\BaseConnection.php(606): CodeIgniter\Database\BaseConnection->simpleQuery('SELECT *
FROM `aula`
WHERE `grado` = \'Primero\'
AND `seccion` = \'A\'
AND `nivel` = \'Primaria\'
 LIMIT 1')
 4 SYSTEMPATH\Database\BaseBuilder.php(1616): CodeIgniter\Database\BaseConnection->query('SELECT *
FROM `aula`
WHERE `grado` = :grado:
AND `seccion` = :seccion:
AND `nivel` = :nivel:
 LIMIT 1', [...], false)
 5 SYSTEMPATH\Model.php(268): CodeIgniter\Database\BaseBuilder->get()
 6 SYSTEMPATH\BaseModel.php(656): CodeIgniter\Model->doFirst()
 7 APPPATH\Controllers\OficinaController.php(125): CodeIgniter\BaseModel->first()
 8 APPPATH\Controllers\OficinaController.php(114): App\Controllers\OficinaController->actualizarVacantesAula('Primero', 'A', 'Primaria')
 9 SYSTEMPATH\CodeIgniter.php(932): App\Controllers\OficinaController->guardarAlumno()
10 SYSTEMPATH\CodeIgniter.php(497): CodeIgniter\CodeIgniter->runController(Object(App\Controllers\OficinaController))
11 SYSTEMPATH\CodeIgniter.php(366): CodeIgniter\CodeIgniter->handleRequest(null, Object(Config\Cache), false)
12 FCPATH\index.php(67): CodeIgniter\CodeIgniter->run()
ERROR - 2023-07-04 04:35:45 --> mysqli_sql_exception: Duplicate entry '73523276' for key 'PRIMARY' in C:\xampp\htdocs\codeigniter4-login\system\Database\MySQLi\Connection.php:295
Stack trace:
#0 C:\xampp\htdocs\codeigniter4-login\system\Database\MySQLi\Connection.php(295): mysqli->query('INSERT INTO `al...', 0)
#1 C:\xampp\htdocs\codeigniter4-login\system\Database\BaseConnection.php(692): CodeIgniter\Database\MySQLi\Connection->execute('INSERT INTO `al...')
#2 C:\xampp\htdocs\codeigniter4-login\system\Database\BaseConnection.php(606): CodeIgniter\Database\BaseConnection->simpleQuery('INSERT INTO `al...')
#3 C:\xampp\htdocs\codeigniter4-login\system\Database\BaseBuilder.php(2309): CodeIgniter\Database\BaseConnection->query('INSERT INTO `al...', Array, false)
#4 C:\xampp\htdocs\codeigniter4-login\system\Model.php(330): CodeIgniter\Database\BaseBuilder->insert()
#5 C:\xampp\htdocs\codeigniter4-login\system\BaseModel.php(782): CodeIgniter\Model->doInsert(Array)
#6 C:\xampp\htdocs\codeigniter4-login\system\Model.php(730): CodeIgniter\BaseModel->insert(Array, true)
#7 C:\xampp\htdocs\codeigniter4-login\app\Controllers\OficinaController.php(112): CodeIgniter\Model->insert(Array)
#8 C:\xampp\htdocs\codeigniter4-login\system\CodeIgniter.php(932): App\Controllers\OficinaController->guardarAlumno()
#9 C:\xampp\htdocs\codeigniter4-login\system\CodeIgniter.php(497): CodeIgniter\CodeIgniter->runController(Object(App\Controllers\OficinaController))
#10 C:\xampp\htdocs\codeigniter4-login\system\CodeIgniter.php(366): CodeIgniter\CodeIgniter->handleRequest(NULL, Object(Config\Cache), false)
#11 C:\xampp\htdocs\codeigniter4-login\public\index.php(67): CodeIgniter\CodeIgniter->run()
#12 {main}
CRITICAL - 2023-07-04 04:35:45 --> Duplicate entry '73523276' for key 'PRIMARY'
in SYSTEMPATH\Database\MySQLi\Connection.php on line 295.
 1 SYSTEMPATH\Database\MySQLi\Connection.php(295): mysqli->query('INSERT INTO `alumno` (`dni`, `nombres`, `apellidopaterno`, `apellidomaterno`, `nacimiento`, `telefono`, `distrito`, `direccion`, `grado`, `seccion`, `nivel`, `correo`, `password`, `imagen`) VALUES (\'73523276\', \'Miguel Angel\', \'Salas\', \'Arenas\', \'sads\', \'9874334234\', \'Lima\', \'Av. Manuel\', \'Primero\', \'A\', \'Primaria\', \'adsa\', \'dsadsdsa\', \'ssdasa\')', 0)
 2 SYSTEMPATH\Database\BaseConnection.php(692): CodeIgniter\Database\MySQLi\Connection->execute('INSERT INTO `alumno` (`dni`, `nombres`, `apellidopaterno`, `apellidomaterno`, `nacimiento`, `telefono`, `distrito`, `direccion`, `grado`, `seccion`, `nivel`, `correo`, `password`, `imagen`) VALUES (\'73523276\', \'Miguel Angel\', \'Salas\', \'Arenas\', \'sads\', \'9874334234\', \'Lima\', \'Av. Manuel\', \'Primero\', \'A\', \'Primaria\', \'adsa\', \'dsadsdsa\', \'ssdasa\')')
 3 SYSTEMPATH\Database\BaseConnection.php(606): CodeIgniter\Database\BaseConnection->simpleQuery('INSERT INTO `alumno` (`dni`, `nombres`, `apellidopaterno`, `apellidomaterno`, `nacimiento`, `telefono`, `distrito`, `direccion`, `grado`, `seccion`, `nivel`, `correo`, `password`, `imagen`) VALUES (\'73523276\', \'Miguel Angel\', \'Salas\', \'Arenas\', \'sads\', \'9874334234\', \'Lima\', \'Av. Manuel\', \'Primero\', \'A\', \'Primaria\', \'adsa\', \'dsadsdsa\', \'ssdasa\')')
 4 SYSTEMPATH\Database\BaseBuilder.php(2309): CodeIgniter\Database\BaseConnection->query('INSERT INTO `alumno` (`dni`, `nombres`, `apellidopaterno`, `apellidomaterno`, `nacimiento`, `telefono`, `distrito`, `direccion`, `grado`, `seccion`, `nivel`, `correo`, `password`, `imagen`) VALUES (:dni:, :nombres:, :apellidopaterno:, :apellidomaterno:, :nacimiento:, :telefono:, :distrito:, :direccion:, :grado:, :seccion:, :nivel:, :correo:, :password:, :imagen:)', [...], false)
 5 SYSTEMPATH\Model.php(330): CodeIgniter\Database\BaseBuilder->insert()
 6 SYSTEMPATH\BaseModel.php(782): CodeIgniter\Model->doInsert([...])
 7 SYSTEMPATH\Model.php(730): CodeIgniter\BaseModel->insert([...], true)
 8 APPPATH\Controllers\OficinaController.php(112): CodeIgniter\Model->insert([...])
 9 SYSTEMPATH\CodeIgniter.php(932): App\Controllers\OficinaController->guardarAlumno()
10 SYSTEMPATH\CodeIgniter.php(497): CodeIgniter\CodeIgniter->runController(Object(App\Controllers\OficinaController))
11 SYSTEMPATH\CodeIgniter.php(366): CodeIgniter\CodeIgniter->handleRequest(null, Object(Config\Cache), false)
12 FCPATH\index.php(67): CodeIgniter\CodeIgniter->run()
CRITICAL - 2023-07-04 05:04:52 --> Trying to access array offset on value of type null
in APPPATH\Views\oficina\aulas\editar.php on line 7.
 1 APPPATH\Views\oficina\aulas\editar.php(7): CodeIgniter\Debug\Exceptions->errorHandler(2, 'Trying to access array offset on value of type null', 'C:\\xampp\\htdocs\\codeigniter4-login\\app\\Views\\oficina\\aulas\\editar.php', 7)
 2 SYSTEMPATH\View\View.php(224): include('C:\\xampp\\htdocs\\codeigniter4-login\\app\\Views\\oficina\\aulas\\editar.php')
 3 SYSTEMPATH\View\View.php(227): CodeIgniter\View\View->CodeIgniter\View\{closure}()
 4 SYSTEMPATH\Common.php(1180): CodeIgniter\View\View->render('oficina/aulas/editar', [], true)
 5 APPPATH\Controllers\OficinaController.php(167): view('oficina/aulas/editar', [...])
 6 SYSTEMPATH\CodeIgniter.php(932): App\Controllers\OficinaController->editarAlumno('73523232')
 7 SYSTEMPATH\CodeIgniter.php(497): CodeIgniter\CodeIgniter->runController(Object(App\Controllers\OficinaController))
 8 SYSTEMPATH\CodeIgniter.php(366): CodeIgniter\CodeIgniter->handleRequest(null, Object(Config\Cache), false)
 9 FCPATH\index.php(67): CodeIgniter\CodeIgniter->run()
CRITICAL - 2023-07-04 05:06:58 --> Undefined variable $alumno
in APPPATH\Views\oficina\aulas\editar.php on line 7.
 1 APPPATH\Views\oficina\aulas\editar.php(7): CodeIgniter\Debug\Exceptions->errorHandler(2, 'Undefined variable $alumno', 'C:\\xampp\\htdocs\\codeigniter4-login\\app\\Views\\oficina\\aulas\\editar.php', 7)
 2 SYSTEMPATH\View\View.php(224): include('C:\\xampp\\htdocs\\codeigniter4-login\\app\\Views\\oficina\\aulas\\editar.php')
 3 SYSTEMPATH\View\View.php(227): CodeIgniter\View\View->CodeIgniter\View\{closure}()
 4 SYSTEMPATH\Common.php(1180): CodeIgniter\View\View->render('oficina/aulas/editar', [], true)
 5 APPPATH\Controllers\OficinaController.php(167): view('oficina/aulas/editar', [...])
 6 SYSTEMPATH\CodeIgniter.php(932): App\Controllers\OficinaController->editarAlumno('73523232')
 7 SYSTEMPATH\CodeIgniter.php(497): CodeIgniter\CodeIgniter->runController(Object(App\Controllers\OficinaController))
 8 SYSTEMPATH\CodeIgniter.php(366): CodeIgniter\CodeIgniter->handleRequest(null, Object(Config\Cache), false)
 9 FCPATH\index.php(67): CodeIgniter\CodeIgniter->run()
CRITICAL - 2023-07-04 05:11:42 --> Trying to access array offset on value of type null
in APPPATH\Views\oficina\aulas\editar.php on line 7.
 1 APPPATH\Views\oficina\aulas\editar.php(7): CodeIgniter\Debug\Exceptions->errorHandler(2, 'Trying to access array offset on value of type null', 'C:\\xampp\\htdocs\\codeigniter4-login\\app\\Views\\oficina\\aulas\\editar.php', 7)
 2 SYSTEMPATH\View\View.php(224): include('C:\\xampp\\htdocs\\codeigniter4-login\\app\\Views\\oficina\\aulas\\editar.php')
 3 SYSTEMPATH\View\View.php(227): CodeIgniter\View\View->CodeIgniter\View\{closure}()
 4 SYSTEMPATH\Common.php(1180): CodeIgniter\View\View->render('oficina/aulas/editar', [], true)
 5 APPPATH\Controllers\OficinaController.php(167): view('oficina/aulas/editar', [...])
 6 SYSTEMPATH\CodeIgniter.php(932): App\Controllers\OficinaController->editarAlumno('73523232')
 7 SYSTEMPATH\CodeIgniter.php(497): CodeIgniter\CodeIgniter->runController(Object(App\Controllers\OficinaController))
 8 SYSTEMPATH\CodeIgniter.php(366): CodeIgniter\CodeIgniter->handleRequest(null, Object(Config\Cache), false)
 9 FCPATH\index.php(67): CodeIgniter\CodeIgniter->run()
CRITICAL - 2023-07-04 05:11:59 --> Trying to access array offset on value of type null
in APPPATH\Views\oficina\aulas\editar.php on line 7.
 1 APPPATH\Views\oficina\aulas\editar.php(7): CodeIgniter\Debug\Exceptions->errorHandler(2, 'Trying to access array offset on value of type null', 'C:\\xampp\\htdocs\\codeigniter4-login\\app\\Views\\oficina\\aulas\\editar.php', 7)
 2 SYSTEMPATH\View\View.php(224): include('C:\\xampp\\htdocs\\codeigniter4-login\\app\\Views\\oficina\\aulas\\editar.php')
 3 SYSTEMPATH\View\View.php(227): CodeIgniter\View\View->CodeIgniter\View\{closure}()
 4 SYSTEMPATH\Common.php(1180): CodeIgniter\View\View->render('oficina/aulas/editar', [], true)
 5 APPPATH\Controllers\OficinaController.php(167): view('oficina/aulas/editar', [...])
 6 SYSTEMPATH\CodeIgniter.php(932): App\Controllers\OficinaController->editarAlumno('73523232')
 7 SYSTEMPATH\CodeIgniter.php(497): CodeIgniter\CodeIgniter->runController(Object(App\Controllers\OficinaController))
 8 SYSTEMPATH\CodeIgniter.php(366): CodeIgniter\CodeIgniter->handleRequest(null, Object(Config\Cache), false)
 9 FCPATH\index.php(67): CodeIgniter\CodeIgniter->run()
CRITICAL - 2023-07-04 05:12:00 --> Trying to access array offset on value of type null
in APPPATH\Views\oficina\aulas\editar.php on line 7.
 1 APPPATH\Views\oficina\aulas\editar.php(7): CodeIgniter\Debug\Exceptions->errorHandler(2, 'Trying to access array offset on value of type null', 'C:\\xampp\\htdocs\\codeigniter4-login\\app\\Views\\oficina\\aulas\\editar.php', 7)
 2 SYSTEMPATH\View\View.php(224): include('C:\\xampp\\htdocs\\codeigniter4-login\\app\\Views\\oficina\\aulas\\editar.php')
 3 SYSTEMPATH\View\View.php(227): CodeIgniter\View\View->CodeIgniter\View\{closure}()
 4 SYSTEMPATH\Common.php(1180): CodeIgniter\View\View->render('oficina/aulas/editar', [], true)
 5 APPPATH\Controllers\OficinaController.php(167): view('oficina/aulas/editar', [...])
 6 SYSTEMPATH\CodeIgniter.php(932): App\Controllers\OficinaController->editarAlumno('73523232')
 7 SYSTEMPATH\CodeIgniter.php(497): CodeIgniter\CodeIgniter->runController(Object(App\Controllers\OficinaController))
 8 SYSTEMPATH\CodeIgniter.php(366): CodeIgniter\CodeIgniter->handleRequest(null, Object(Config\Cache), false)
 9 FCPATH\index.php(67): CodeIgniter\CodeIgniter->run()
CRITICAL - 2023-07-04 05:12:05 --> Trying to access array offset on value of type null
in APPPATH\Views\oficina\aulas\editar.php on line 7.
 1 APPPATH\Views\oficina\aulas\editar.php(7): CodeIgniter\Debug\Exceptions->errorHandler(2, 'Trying to access array offset on value of type null', 'C:\\xampp\\htdocs\\codeigniter4-login\\app\\Views\\oficina\\aulas\\editar.php', 7)
 2 SYSTEMPATH\View\View.php(224): include('C:\\xampp\\htdocs\\codeigniter4-login\\app\\Views\\oficina\\aulas\\editar.php')
 3 SYSTEMPATH\View\View.php(227): CodeIgniter\View\View->CodeIgniter\View\{closure}()
 4 SYSTEMPATH\Common.php(1180): CodeIgniter\View\View->render('oficina/aulas/editar', [], true)
 5 APPPATH\Controllers\OficinaController.php(167): view('oficina/aulas/editar', [...])
 6 SYSTEMPATH\CodeIgniter.php(932): App\Controllers\OficinaController->editarAlumno('73523232')
 7 SYSTEMPATH\CodeIgniter.php(497): CodeIgniter\CodeIgniter->runController(Object(App\Controllers\OficinaController))
 8 SYSTEMPATH\CodeIgniter.php(366): CodeIgniter\CodeIgniter->handleRequest(null, Object(Config\Cache), false)
 9 FCPATH\index.php(67): CodeIgniter\CodeIgniter->run()
CRITICAL - 2023-07-04 05:12:07 --> Trying to access array offset on value of type null
in APPPATH\Views\oficina\aulas\editar.php on line 7.
 1 APPPATH\Views\oficina\aulas\editar.php(7): CodeIgniter\Debug\Exceptions->errorHandler(2, 'Trying to access array offset on value of type null', 'C:\\xampp\\htdocs\\codeigniter4-login\\app\\Views\\oficina\\aulas\\editar.php', 7)
 2 SYSTEMPATH\View\View.php(224): include('C:\\xampp\\htdocs\\codeigniter4-login\\app\\Views\\oficina\\aulas\\editar.php')
 3 SYSTEMPATH\View\View.php(227): CodeIgniter\View\View->CodeIgniter\View\{closure}()
 4 SYSTEMPATH\Common.php(1180): CodeIgniter\View\View->render('oficina/aulas/editar', [], true)
 5 APPPATH\Controllers\OficinaController.php(167): view('oficina/aulas/editar', [...])
 6 SYSTEMPATH\CodeIgniter.php(932): App\Controllers\OficinaController->editarAlumno('73523232')
 7 SYSTEMPATH\CodeIgniter.php(497): CodeIgniter\CodeIgniter->runController(Object(App\Controllers\OficinaController))
 8 SYSTEMPATH\CodeIgniter.php(366): CodeIgniter\CodeIgniter->handleRequest(null, Object(Config\Cache), false)
 9 FCPATH\index.php(67): CodeIgniter\CodeIgniter->run()
CRITICAL - 2023-07-04 05:12:14 --> Trying to access array offset on value of type null
in APPPATH\Views\oficina\aulas\editar.php on line 7.
 1 APPPATH\Views\oficina\aulas\editar.php(7): CodeIgniter\Debug\Exceptions->errorHandler(2, 'Trying to access array offset on value of type null', 'C:\\xampp\\htdocs\\codeigniter4-login\\app\\Views\\oficina\\aulas\\editar.php', 7)
 2 SYSTEMPATH\View\View.php(224): include('C:\\xampp\\htdocs\\codeigniter4-login\\app\\Views\\oficina\\aulas\\editar.php')
 3 SYSTEMPATH\View\View.php(227): CodeIgniter\View\View->CodeIgniter\View\{closure}()
 4 SYSTEMPATH\Common.php(1180): CodeIgniter\View\View->render('oficina/aulas/editar', [], true)
 5 APPPATH\Controllers\OficinaController.php(167): view('oficina/aulas/editar', [...])
 6 SYSTEMPATH\CodeIgniter.php(932): App\Controllers\OficinaController->editarAlumno('73523232')
 7 SYSTEMPATH\CodeIgniter.php(497): CodeIgniter\CodeIgniter->runController(Object(App\Controllers\OficinaController))
 8 SYSTEMPATH\CodeIgniter.php(366): CodeIgniter\CodeIgniter->handleRequest(null, Object(Config\Cache), false)
 9 FCPATH\index.php(67): CodeIgniter\CodeIgniter->run()
ERROR - 2023-07-04 05:13:59 --> mysqli_sql_exception: Unknown column 'id' in 'where clause' in C:\xampp\htdocs\codeigniter4-login\system\Database\MySQLi\Connection.php:295
Stack trace:
#0 C:\xampp\htdocs\codeigniter4-login\system\Database\MySQLi\Connection.php(295): mysqli->query('SELECT *\nFROM `...', 0)
#1 C:\xampp\htdocs\codeigniter4-login\system\Database\BaseConnection.php(692): CodeIgniter\Database\MySQLi\Connection->execute('SELECT *\nFROM `...')
#2 C:\xampp\htdocs\codeigniter4-login\system\Database\BaseConnection.php(606): CodeIgniter\Database\BaseConnection->simpleQuery('SELECT *\nFROM `...')
#3 C:\xampp\htdocs\codeigniter4-login\system\Database\BaseBuilder.php(1616): CodeIgniter\Database\BaseConnection->query('SELECT *\nFROM `...', Array, false)
#4 C:\xampp\htdocs\codeigniter4-login\system\Model.php(268): CodeIgniter\Database\BaseBuilder->get()
#5 C:\xampp\htdocs\codeigniter4-login\system\BaseModel.php(656): CodeIgniter\Model->doFirst()
#6 C:\xampp\htdocs\codeigniter4-login\app\Controllers\OficinaController.php(164): CodeIgniter\BaseModel->first()
#7 C:\xampp\htdocs\codeigniter4-login\system\CodeIgniter.php(932): App\Controllers\OficinaController->editarAlumno('73523232')
#8 C:\xampp\htdocs\codeigniter4-login\system\CodeIgniter.php(497): CodeIgniter\CodeIgniter->runController(Object(App\Controllers\OficinaController))
#9 C:\xampp\htdocs\codeigniter4-login\system\CodeIgniter.php(366): CodeIgniter\CodeIgniter->handleRequest(NULL, Object(Config\Cache), false)
#10 C:\xampp\htdocs\codeigniter4-login\public\index.php(67): CodeIgniter\CodeIgniter->run()
#11 {main}
CRITICAL - 2023-07-04 05:13:59 --> Unknown column 'id' in 'where clause'
in SYSTEMPATH\Database\MySQLi\Connection.php on line 295.
 1 SYSTEMPATH\Database\MySQLi\Connection.php(295): mysqli->query('SELECT *
FROM `alumno`
WHERE `id` = \'73523232\'
 LIMIT 1', 0)
 2 SYSTEMPATH\Database\BaseConnection.php(692): CodeIgniter\Database\MySQLi\Connection->execute('SELECT *
FROM `alumno`
WHERE `id` = \'73523232\'
 LIMIT 1')
 3 SYSTEMPATH\Database\BaseConnection.php(606): CodeIgniter\Database\BaseConnection->simpleQuery('SELECT *
FROM `alumno`
WHERE `id` = \'73523232\'
 LIMIT 1')
 4 SYSTEMPATH\Database\BaseBuilder.php(1616): CodeIgniter\Database\BaseConnection->query('SELECT *
FROM `alumno`
WHERE `id` = :id:
 LIMIT 1', [...], false)
 5 SYSTEMPATH\Model.php(268): CodeIgniter\Database\BaseBuilder->get()
 6 SYSTEMPATH\BaseModel.php(656): CodeIgniter\Model->doFirst()
 7 APPPATH\Controllers\OficinaController.php(164): CodeIgniter\BaseModel->first()
 8 SYSTEMPATH\CodeIgniter.php(932): App\Controllers\OficinaController->editarAlumno('73523232')
 9 SYSTEMPATH\CodeIgniter.php(497): CodeIgniter\CodeIgniter->runController(Object(App\Controllers\OficinaController))
10 SYSTEMPATH\CodeIgniter.php(366): CodeIgniter\CodeIgniter->handleRequest(null, Object(Config\Cache), false)
11 FCPATH\index.php(67): CodeIgniter\CodeIgniter->run()
CRITICAL - 2023-07-04 05:18:42 --> Undefined array key "nombre"
in APPPATH\Views\oficina\alumnos\editar.php on line 11.
 1 APPPATH\Views\oficina\alumnos\editar.php(11): CodeIgniter\Debug\Exceptions->errorHandler(2, 'Undefined array key "nombre"', 'C:\\xampp\\htdocs\\codeigniter4-login\\app\\Views\\oficina\\alumnos\\editar.php', 11)
 2 SYSTEMPATH\View\View.php(224): include('C:\\xampp\\htdocs\\codeigniter4-login\\app\\Views\\oficina\\alumnos\\editar.php')
 3 SYSTEMPATH\View\View.php(227): CodeIgniter\View\View->CodeIgniter\View\{closure}()
 4 SYSTEMPATH\Common.php(1180): CodeIgniter\View\View->render('oficina/alumnos/editar', [], true)
 5 APPPATH\Controllers\OficinaController.php(167): view('oficina/alumnos/editar', [...])
 6 SYSTEMPATH\CodeIgniter.php(932): App\Controllers\OficinaController->editarAlumno('73523232')
 7 SYSTEMPATH\CodeIgniter.php(497): CodeIgniter\CodeIgniter->runController(Object(App\Controllers\OficinaController))
 8 SYSTEMPATH\CodeIgniter.php(366): CodeIgniter\CodeIgniter->handleRequest(null, Object(Config\Cache), false)
 9 FCPATH\index.php(67): CodeIgniter\CodeIgniter->run()
CRITICAL - 2023-07-04 05:19:05 --> Undefined array key "descripcion"
in APPPATH\Views\oficina\alumnos\editar.php on line 16.
 1 APPPATH\Views\oficina\alumnos\editar.php(16): CodeIgniter\Debug\Exceptions->errorHandler(2, 'Undefined array key "descripcion"', 'C:\\xampp\\htdocs\\codeigniter4-login\\app\\Views\\oficina\\alumnos\\editar.php', 16)
 2 SYSTEMPATH\View\View.php(224): include('C:\\xampp\\htdocs\\codeigniter4-login\\app\\Views\\oficina\\alumnos\\editar.php')
 3 SYSTEMPATH\View\View.php(227): CodeIgniter\View\View->CodeIgniter\View\{closure}()
 4 SYSTEMPATH\Common.php(1180): CodeIgniter\View\View->render('oficina/alumnos/editar', [], true)
 5 APPPATH\Controllers\OficinaController.php(167): view('oficina/alumnos/editar', [...])
 6 SYSTEMPATH\CodeIgniter.php(932): App\Controllers\OficinaController->editarAlumno('73523232')
 7 SYSTEMPATH\CodeIgniter.php(497): CodeIgniter\CodeIgniter->runController(Object(App\Controllers\OficinaController))
 8 SYSTEMPATH\CodeIgniter.php(366): CodeIgniter\CodeIgniter->handleRequest(null, Object(Config\Cache), false)
 9 FCPATH\index.php(67): CodeIgniter\CodeIgniter->run()
