CRITICAL - 2023-07-02 05:08:45 --> Attempt to read property "username" on null
in APPPATH\Views\dashboard.php on line 3.
 1 APPPATH\Views\dashboard.php(3): CodeIgniter\Debug\Exceptions->errorHandler(2, 'Attempt to read property "username" on null', 'C:\\xampp\\htdocs\\codeigniter4-login\\app\\Views\\dashboard.php', 3)
 2 SYSTEMPATH\View\View.php(224): include('C:\\xampp\\htdocs\\codeigniter4-login\\app\\Views\\dashboard.php')
 3 SYSTEMPATH\View\View.php(227): CodeIgniter\View\View->CodeIgniter\View\{closure}()
 4 SYSTEMPATH\Common.php(1180): CodeIgniter\View\View->render('dashboard', [], true)
 5 APPPATH\Controllers\DashboardController.php(31): view('dashboard')
 6 SYSTEMPATH\CodeIgniter.php(932): App\Controllers\DashboardController->index()
 7 SYSTEMPATH\CodeIgniter.php(497): CodeIgniter\CodeIgniter->runController(Object(App\Controllers\DashboardController))
 8 SYSTEMPATH\CodeIgniter.php(366): CodeIgniter\CodeIgniter->handleRequest(null, Object(Config\Cache), false)
 9 FCPATH\index.php(67): CodeIgniter\CodeIgniter->run()
CRITICAL - 2023-07-02 05:09:23 --> Attempt to read property "username" on null
in APPPATH\Views\dashboard.php on line 3.
 1 APPPATH\Views\dashboard.php(3): CodeIgniter\Debug\Exceptions->errorHandler(2, 'Attempt to read property "username" on null', 'C:\\xampp\\htdocs\\codeigniter4-login\\app\\Views\\dashboard.php', 3)
 2 SYSTEMPATH\View\View.php(224): include('C:\\xampp\\htdocs\\codeigniter4-login\\app\\Views\\dashboard.php')
 3 SYSTEMPATH\View\View.php(227): CodeIgniter\View\View->CodeIgniter\View\{closure}()
 4 SYSTEMPATH\Common.php(1180): CodeIgniter\View\View->render('dashboard', [], true)
 5 APPPATH\Controllers\DashboardController.php(31): view('dashboard')
 6 SYSTEMPATH\CodeIgniter.php(932): App\Controllers\DashboardController->index()
 7 SYSTEMPATH\CodeIgniter.php(497): CodeIgniter\CodeIgniter->runController(Object(App\Controllers\DashboardController))
 8 SYSTEMPATH\CodeIgniter.php(366): CodeIgniter\CodeIgniter->handleRequest(null, Object(Config\Cache), false)
 9 FCPATH\index.php(67): CodeIgniter\CodeIgniter->run()
CRITICAL - 2023-07-02 06:09:08 --> Undefined variable $isRolDirector
in APPPATH\Views\template\header.php on line 36.
 1 APPPATH\Views\template\header.php(36): CodeIgniter\Debug\Exceptions->errorHandler(2, 'Undefined variable $isRolDirector', 'C:\\xampp\\htdocs\\codeigniter4-login\\app\\Views\\template\\header.php', 36)
 2 SYSTEMPATH\View\View.php(224): include('C:\\xampp\\htdocs\\codeigniter4-login\\app\\Views\\template\\header.php')
 3 SYSTEMPATH\View\View.php(227): CodeIgniter\View\View->CodeIgniter\View\{closure}()
 4 SYSTEMPATH\Common.php(1180): CodeIgniter\View\View->render('template/header', [], true)
 5 APPPATH\Controllers\OficinaController.php(44): view('template/header', [...])
 6 SYSTEMPATH\CodeIgniter.php(932): App\Controllers\OficinaController->listarAlumnos()
 7 SYSTEMPATH\CodeIgniter.php(497): CodeIgniter\CodeIgniter->runController(Object(App\Controllers\OficinaController))
 8 SYSTEMPATH\CodeIgniter.php(366): CodeIgniter\CodeIgniter->handleRequest(null, Object(Config\Cache), false)
 9 FCPATH\index.php(67): CodeIgniter\CodeIgniter->run()
CRITICAL - 2023-07-02 06:15:11 --> Undefined variable $isRolDirector
in APPPATH\Views\template\header.php on line 31.
 1 APPPATH\Views\template\header.php(31): CodeIgniter\Debug\Exceptions->errorHandler(2, 'Undefined variable $isRolDirector', 'C:\\xampp\\htdocs\\codeigniter4-login\\app\\Views\\template\\header.php', 31)
 2 SYSTEMPATH\View\View.php(224): include('C:\\xampp\\htdocs\\codeigniter4-login\\app\\Views\\template\\header.php')
 3 SYSTEMPATH\View\View.php(227): CodeIgniter\View\View->CodeIgniter\View\{closure}()
 4 SYSTEMPATH\Common.php(1180): CodeIgniter\View\View->render('template/header', [], true)
 5 APPPATH\Controllers\OficinaController.php(44): view('template/header', [...])
 6 SYSTEMPATH\CodeIgniter.php(932): App\Controllers\OficinaController->listarAlumnos()
 7 SYSTEMPATH\CodeIgniter.php(497): CodeIgniter\CodeIgniter->runController(Object(App\Controllers\OficinaController))
 8 SYSTEMPATH\CodeIgniter.php(366): CodeIgniter\CodeIgniter->handleRequest(null, Object(Config\Cache), false)
 9 FCPATH\index.php(67): CodeIgniter\CodeIgniter->run()
CRITICAL - 2023-07-02 06:20:26 --> Undefined variable $isRolDirector
in APPPATH\Views\template\header.php on line 31.
 1 APPPATH\Views\template\header.php(31): CodeIgniter\Debug\Exceptions->errorHandler(2, 'Undefined variable $isRolDirector', 'C:\\xampp\\htdocs\\codeigniter4-login\\app\\Views\\template\\header.php', 31)
 2 SYSTEMPATH\View\View.php(224): include('C:\\xampp\\htdocs\\codeigniter4-login\\app\\Views\\template\\header.php')
 3 SYSTEMPATH\View\View.php(227): CodeIgniter\View\View->CodeIgniter\View\{closure}()
 4 SYSTEMPATH\Common.php(1180): CodeIgniter\View\View->render('template/header', [], true)
 5 APPPATH\Controllers\OficinaController.php(44): view('template/header', [...])
 6 SYSTEMPATH\CodeIgniter.php(932): App\Controllers\OficinaController->listarAlumnos()
 7 SYSTEMPATH\CodeIgniter.php(497): CodeIgniter\CodeIgniter->runController(Object(App\Controllers\OficinaController))
 8 SYSTEMPATH\CodeIgniter.php(366): CodeIgniter\CodeIgniter->handleRequest(null, Object(Config\Cache), false)
 9 FCPATH\index.php(67): CodeIgniter\CodeIgniter->run()
CRITICAL - 2023-07-02 06:20:28 --> Undefined variable $isRolDirector
in APPPATH\Views\template\header.php on line 31.
 1 APPPATH\Views\template\header.php(31): CodeIgniter\Debug\Exceptions->errorHandler(2, 'Undefined variable $isRolDirector', 'C:\\xampp\\htdocs\\codeigniter4-login\\app\\Views\\template\\header.php', 31)
 2 SYSTEMPATH\View\View.php(224): include('C:\\xampp\\htdocs\\codeigniter4-login\\app\\Views\\template\\header.php')
 3 SYSTEMPATH\View\View.php(227): CodeIgniter\View\View->CodeIgniter\View\{closure}()
 4 SYSTEMPATH\Common.php(1180): CodeIgniter\View\View->render('template/header', [], true)
 5 APPPATH\Controllers\OficinaController.php(44): view('template/header', [...])
 6 SYSTEMPATH\CodeIgniter.php(932): App\Controllers\OficinaController->listarAlumnos()
 7 SYSTEMPATH\CodeIgniter.php(497): CodeIgniter\CodeIgniter->runController(Object(App\Controllers\OficinaController))
 8 SYSTEMPATH\CodeIgniter.php(366): CodeIgniter\CodeIgniter->handleRequest(null, Object(Config\Cache), false)
 9 FCPATH\index.php(67): CodeIgniter\CodeIgniter->run()
CRITICAL - 2023-07-02 06:22:04 --> Undefined variable $isRolDirector
in APPPATH\Views\template\header.php on line 31.
 1 APPPATH\Views\template\header.php(31): CodeIgniter\Debug\Exceptions->errorHandler(2, 'Undefined variable $isRolDirector', 'C:\\xampp\\htdocs\\codeigniter4-login\\app\\Views\\template\\header.php', 31)
 2 SYSTEMPATH\View\View.php(224): include('C:\\xampp\\htdocs\\codeigniter4-login\\app\\Views\\template\\header.php')
 3 SYSTEMPATH\View\View.php(227): CodeIgniter\View\View->CodeIgniter\View\{closure}()
 4 SYSTEMPATH\Common.php(1180): CodeIgniter\View\View->render('template/header', [], true)
 5 APPPATH\Controllers\OficinaController.php(44): view('template/header', [...])
 6 SYSTEMPATH\CodeIgniter.php(932): App\Controllers\OficinaController->listarAlumnos()
 7 SYSTEMPATH\CodeIgniter.php(497): CodeIgniter\CodeIgniter->runController(Object(App\Controllers\OficinaController))
 8 SYSTEMPATH\CodeIgniter.php(366): CodeIgniter\CodeIgniter->handleRequest(null, Object(Config\Cache), false)
 9 FCPATH\index.php(67): CodeIgniter\CodeIgniter->run()
CRITICAL - 2023-07-02 06:22:28 --> Undefined variable $isRolOficina
in APPPATH\Views\template\header.php on line 31.
 1 APPPATH\Views\template\header.php(31): CodeIgniter\Debug\Exceptions->errorHandler(2, 'Undefined variable $isRolOficina', 'C:\\xampp\\htdocs\\codeigniter4-login\\app\\Views\\template\\header.php', 31)
 2 SYSTEMPATH\View\View.php(224): include('C:\\xampp\\htdocs\\codeigniter4-login\\app\\Views\\template\\header.php')
 3 SYSTEMPATH\View\View.php(227): CodeIgniter\View\View->CodeIgniter\View\{closure}()
 4 SYSTEMPATH\Common.php(1180): CodeIgniter\View\View->render('template/header', [], true)
 5 APPPATH\Controllers\OficinaController.php(44): view('template/header', [...])
 6 SYSTEMPATH\CodeIgniter.php(932): App\Controllers\OficinaController->listarAlumnos()
 7 SYSTEMPATH\CodeIgniter.php(497): CodeIgniter\CodeIgniter->runController(Object(App\Controllers\OficinaController))
 8 SYSTEMPATH\CodeIgniter.php(366): CodeIgniter\CodeIgniter->handleRequest(null, Object(Config\Cache), false)
 9 FCPATH\index.php(67): CodeIgniter\CodeIgniter->run()
CRITICAL - 2023-07-02 06:23:09 --> Undefined variable $isRolOficina
in APPPATH\Views\template\header.php on line 31.
 1 APPPATH\Views\template\header.php(31): CodeIgniter\Debug\Exceptions->errorHandler(2, 'Undefined variable $isRolOficina', 'C:\\xampp\\htdocs\\codeigniter4-login\\app\\Views\\template\\header.php', 31)
 2 SYSTEMPATH\View\View.php(224): include('C:\\xampp\\htdocs\\codeigniter4-login\\app\\Views\\template\\header.php')
 3 SYSTEMPATH\View\View.php(227): CodeIgniter\View\View->CodeIgniter\View\{closure}()
 4 SYSTEMPATH\Common.php(1180): CodeIgniter\View\View->render('template/header', [], true)
 5 APPPATH\Controllers\LoginController.php(23): view('template/header', [...])
 6 SYSTEMPATH\CodeIgniter.php(932): App\Controllers\LoginController->index()
 7 SYSTEMPATH\CodeIgniter.php(497): CodeIgniter\CodeIgniter->runController(Object(App\Controllers\LoginController))
 8 SYSTEMPATH\CodeIgniter.php(366): CodeIgniter\CodeIgniter->handleRequest(null, Object(Config\Cache), false)
 9 FCPATH\index.php(67): CodeIgniter\CodeIgniter->run()
CRITICAL - 2023-07-02 06:23:20 --> Attempt to read property "username" on null
in APPPATH\Views\dashboard.php on line 3.
 1 APPPATH\Views\dashboard.php(3): CodeIgniter\Debug\Exceptions->errorHandler(2, 'Attempt to read property "username" on null', 'C:\\xampp\\htdocs\\codeigniter4-login\\app\\Views\\dashboard.php', 3)
 2 SYSTEMPATH\View\View.php(224): include('C:\\xampp\\htdocs\\codeigniter4-login\\app\\Views\\dashboard.php')
 3 SYSTEMPATH\View\View.php(227): CodeIgniter\View\View->CodeIgniter\View\{closure}()
 4 SYSTEMPATH\Common.php(1180): CodeIgniter\View\View->render('dashboard', [], true)
 5 APPPATH\Controllers\DashboardController.php(31): view('dashboard')
 6 SYSTEMPATH\CodeIgniter.php(932): App\Controllers\DashboardController->index()
 7 SYSTEMPATH\CodeIgniter.php(497): CodeIgniter\CodeIgniter->runController(Object(App\Controllers\DashboardController))
 8 SYSTEMPATH\CodeIgniter.php(366): CodeIgniter\CodeIgniter->handleRequest(null, Object(Config\Cache), false)
 9 FCPATH\index.php(67): CodeIgniter\CodeIgniter->run()
CRITICAL - 2023-07-02 06:23:24 --> Undefined variable $isRolOficina
in APPPATH\Views\template\header.php on line 31.
 1 APPPATH\Views\template\header.php(31): CodeIgniter\Debug\Exceptions->errorHandler(2, 'Undefined variable $isRolOficina', 'C:\\xampp\\htdocs\\codeigniter4-login\\app\\Views\\template\\header.php', 31)
 2 SYSTEMPATH\View\View.php(224): include('C:\\xampp\\htdocs\\codeigniter4-login\\app\\Views\\template\\header.php')
 3 SYSTEMPATH\View\View.php(227): CodeIgniter\View\View->CodeIgniter\View\{closure}()
 4 SYSTEMPATH\Common.php(1180): CodeIgniter\View\View->render('template/header', [], true)
 5 APPPATH\Controllers\LoginController.php(23): view('template/header', [...])
 6 SYSTEMPATH\CodeIgniter.php(932): App\Controllers\LoginController->index()
 7 SYSTEMPATH\CodeIgniter.php(497): CodeIgniter\CodeIgniter->runController(Object(App\Controllers\LoginController))
 8 SYSTEMPATH\CodeIgniter.php(366): CodeIgniter\CodeIgniter->handleRequest(null, Object(Config\Cache), false)
 9 FCPATH\index.php(67): CodeIgniter\CodeIgniter->run()
CRITICAL - 2023-07-02 06:23:32 --> Undefined variable $isRolOficina
in APPPATH\Views\template\header.php on line 31.
 1 APPPATH\Views\template\header.php(31): CodeIgniter\Debug\Exceptions->errorHandler(2, 'Undefined variable $isRolOficina', 'C:\\xampp\\htdocs\\codeigniter4-login\\app\\Views\\template\\header.php', 31)
 2 SYSTEMPATH\View\View.php(224): include('C:\\xampp\\htdocs\\codeigniter4-login\\app\\Views\\template\\header.php')
 3 SYSTEMPATH\View\View.php(227): CodeIgniter\View\View->CodeIgniter\View\{closure}()
 4 SYSTEMPATH\Common.php(1180): CodeIgniter\View\View->render('template/header', [], true)
 5 APPPATH\Controllers\LoginController.php(23): view('template/header', [...])
 6 SYSTEMPATH\CodeIgniter.php(932): App\Controllers\LoginController->index()
 7 SYSTEMPATH\CodeIgniter.php(497): CodeIgniter\CodeIgniter->runController(Object(App\Controllers\LoginController))
 8 SYSTEMPATH\CodeIgniter.php(366): CodeIgniter\CodeIgniter->handleRequest(null, Object(Config\Cache), false)
 9 FCPATH\index.php(67): CodeIgniter\CodeIgniter->run()
CRITICAL - 2023-07-02 06:25:30 --> Undefined variable $isRolDirector
in APPPATH\Views\template\header.php on line 31.
 1 APPPATH\Views\template\header.php(31): CodeIgniter\Debug\Exceptions->errorHandler(2, 'Undefined variable $isRolDirector', 'C:\\xampp\\htdocs\\codeigniter4-login\\app\\Views\\template\\header.php', 31)
 2 SYSTEMPATH\View\View.php(224): include('C:\\xampp\\htdocs\\codeigniter4-login\\app\\Views\\template\\header.php')
 3 SYSTEMPATH\View\View.php(227): CodeIgniter\View\View->CodeIgniter\View\{closure}()
 4 SYSTEMPATH\Common.php(1180): CodeIgniter\View\View->render('template/header', [], true)
 5 APPPATH\Controllers\OficinaController.php(44): view('template/header', [...])
 6 SYSTEMPATH\CodeIgniter.php(932): App\Controllers\OficinaController->listarAlumnos()
 7 SYSTEMPATH\CodeIgniter.php(497): CodeIgniter\CodeIgniter->runController(Object(App\Controllers\OficinaController))
 8 SYSTEMPATH\CodeIgniter.php(366): CodeIgniter\CodeIgniter->handleRequest(null, Object(Config\Cache), false)
 9 FCPATH\index.php(67): CodeIgniter\CodeIgniter->run()
CRITICAL - 2023-07-02 06:25:35 --> Undefined variable $isRolDirector
in APPPATH\Views\template\header.php on line 31.
 1 APPPATH\Views\template\header.php(31): CodeIgniter\Debug\Exceptions->errorHandler(2, 'Undefined variable $isRolDirector', 'C:\\xampp\\htdocs\\codeigniter4-login\\app\\Views\\template\\header.php', 31)
 2 SYSTEMPATH\View\View.php(224): include('C:\\xampp\\htdocs\\codeigniter4-login\\app\\Views\\template\\header.php')
 3 SYSTEMPATH\View\View.php(227): CodeIgniter\View\View->CodeIgniter\View\{closure}()
 4 SYSTEMPATH\Common.php(1180): CodeIgniter\View\View->render('template/header', [], true)
 5 APPPATH\Controllers\LoginController.php(23): view('template/header', [...])
 6 SYSTEMPATH\CodeIgniter.php(932): App\Controllers\LoginController->index()
 7 SYSTEMPATH\CodeIgniter.php(497): CodeIgniter\CodeIgniter->runController(Object(App\Controllers\LoginController))
 8 SYSTEMPATH\CodeIgniter.php(366): CodeIgniter\CodeIgniter->handleRequest(null, Object(Config\Cache), false)
 9 FCPATH\index.php(67): CodeIgniter\CodeIgniter->run()
CRITICAL - 2023-07-02 06:26:28 --> Undefined variable $isRolDirector
in APPPATH\Views\template\header.php on line 31.
 1 APPPATH\Views\template\header.php(31): CodeIgniter\Debug\Exceptions->errorHandler(2, 'Undefined variable $isRolDirector', 'C:\\xampp\\htdocs\\codeigniter4-login\\app\\Views\\template\\header.php', 31)
 2 SYSTEMPATH\View\View.php(224): include('C:\\xampp\\htdocs\\codeigniter4-login\\app\\Views\\template\\header.php')
 3 SYSTEMPATH\View\View.php(227): CodeIgniter\View\View->CodeIgniter\View\{closure}()
 4 SYSTEMPATH\Common.php(1180): CodeIgniter\View\View->render('template/header', [], true)
 5 APPPATH\Controllers\OficinaController.php(44): view('template/header', [...])
 6 SYSTEMPATH\CodeIgniter.php(932): App\Controllers\OficinaController->listarAlumnos()
 7 SYSTEMPATH\CodeIgniter.php(497): CodeIgniter\CodeIgniter->runController(Object(App\Controllers\OficinaController))
 8 SYSTEMPATH\CodeIgniter.php(366): CodeIgniter\CodeIgniter->handleRequest(null, Object(Config\Cache), false)
 9 FCPATH\index.php(67): CodeIgniter\CodeIgniter->run()
CRITICAL - 2023-07-02 06:32:23 --> Undefined variable $isRolDirector
in APPPATH\Views\template\header.php on line 31.
 1 APPPATH\Views\template\header.php(31): CodeIgniter\Debug\Exceptions->errorHandler(2, 'Undefined variable $isRolDirector', 'C:\\xampp\\htdocs\\codeigniter4-login\\app\\Views\\template\\header.php', 31)
 2 SYSTEMPATH\View\View.php(224): include('C:\\xampp\\htdocs\\codeigniter4-login\\app\\Views\\template\\header.php')
 3 SYSTEMPATH\View\View.php(227): CodeIgniter\View\View->CodeIgniter\View\{closure}()
 4 SYSTEMPATH\Common.php(1180): CodeIgniter\View\View->render('template/header', [], true)
 5 APPPATH\Controllers\OficinaController.php(44): view('template/header', [...])
 6 SYSTEMPATH\CodeIgniter.php(932): App\Controllers\OficinaController->listarAlumnos()
 7 SYSTEMPATH\CodeIgniter.php(497): CodeIgniter\CodeIgniter->runController(Object(App\Controllers\OficinaController))
 8 SYSTEMPATH\CodeIgniter.php(366): CodeIgniter\CodeIgniter->handleRequest(null, Object(Config\Cache), false)
 9 FCPATH\index.php(67): CodeIgniter\CodeIgniter->run()
CRITICAL - 2023-07-02 06:32:24 --> Undefined variable $isRolDirector
in APPPATH\Views\template\header.php on line 31.
 1 APPPATH\Views\template\header.php(31): CodeIgniter\Debug\Exceptions->errorHandler(2, 'Undefined variable $isRolDirector', 'C:\\xampp\\htdocs\\codeigniter4-login\\app\\Views\\template\\header.php', 31)
 2 SYSTEMPATH\View\View.php(224): include('C:\\xampp\\htdocs\\codeigniter4-login\\app\\Views\\template\\header.php')
 3 SYSTEMPATH\View\View.php(227): CodeIgniter\View\View->CodeIgniter\View\{closure}()
 4 SYSTEMPATH\Common.php(1180): CodeIgniter\View\View->render('template/header', [], true)
 5 APPPATH\Controllers\OficinaController.php(44): view('template/header', [...])
 6 SYSTEMPATH\CodeIgniter.php(932): App\Controllers\OficinaController->listarAlumnos()
 7 SYSTEMPATH\CodeIgniter.php(497): CodeIgniter\CodeIgniter->runController(Object(App\Controllers\OficinaController))
 8 SYSTEMPATH\CodeIgniter.php(366): CodeIgniter\CodeIgniter->handleRequest(null, Object(Config\Cache), false)
 9 FCPATH\index.php(67): CodeIgniter\CodeIgniter->run()
CRITICAL - 2023-07-02 06:32:27 --> Undefined variable $isRolDirector
in APPPATH\Views\template\header.php on line 31.
 1 APPPATH\Views\template\header.php(31): CodeIgniter\Debug\Exceptions->errorHandler(2, 'Undefined variable $isRolDirector', 'C:\\xampp\\htdocs\\codeigniter4-login\\app\\Views\\template\\header.php', 31)
 2 SYSTEMPATH\View\View.php(224): include('C:\\xampp\\htdocs\\codeigniter4-login\\app\\Views\\template\\header.php')
 3 SYSTEMPATH\View\View.php(227): CodeIgniter\View\View->CodeIgniter\View\{closure}()
 4 SYSTEMPATH\Common.php(1180): CodeIgniter\View\View->render('template/header', [], true)
 5 APPPATH\Controllers\OficinaController.php(44): view('template/header', [...])
 6 SYSTEMPATH\CodeIgniter.php(932): App\Controllers\OficinaController->listarAlumnos()
 7 SYSTEMPATH\CodeIgniter.php(497): CodeIgniter\CodeIgniter->runController(Object(App\Controllers\OficinaController))
 8 SYSTEMPATH\CodeIgniter.php(366): CodeIgniter\CodeIgniter->handleRequest(null, Object(Config\Cache), false)
 9 FCPATH\index.php(67): CodeIgniter\CodeIgniter->run()
CRITICAL - 2023-07-02 06:35:05 --> Undefined variable $isRolOficina
in APPPATH\Views\template\header.php on line 31.
 1 APPPATH\Views\template\header.php(31): CodeIgniter\Debug\Exceptions->errorHandler(2, 'Undefined variable $isRolOficina', 'C:\\xampp\\htdocs\\codeigniter4-login\\app\\Views\\template\\header.php', 31)
 2 SYSTEMPATH\View\View.php(224): include('C:\\xampp\\htdocs\\codeigniter4-login\\app\\Views\\template\\header.php')
 3 SYSTEMPATH\View\View.php(227): CodeIgniter\View\View->CodeIgniter\View\{closure}()
 4 SYSTEMPATH\Common.php(1180): CodeIgniter\View\View->render('template/header', [], true)
 5 APPPATH\Controllers\OficinaController.php(44): view('template/header', [...])
 6 SYSTEMPATH\CodeIgniter.php(932): App\Controllers\OficinaController->listarAlumnos()
 7 SYSTEMPATH\CodeIgniter.php(497): CodeIgniter\CodeIgniter->runController(Object(App\Controllers\OficinaController))
 8 SYSTEMPATH\CodeIgniter.php(366): CodeIgniter\CodeIgniter->handleRequest(null, Object(Config\Cache), false)
 9 FCPATH\index.php(67): CodeIgniter\CodeIgniter->run()
CRITICAL - 2023-07-02 06:37:20 --> Undefined variable $isRolDirector
in APPPATH\Views\template\header.php on line 36.
 1 APPPATH\Views\template\header.php(36): CodeIgniter\Debug\Exceptions->errorHandler(2, 'Undefined variable $isRolDirector', 'C:\\xampp\\htdocs\\codeigniter4-login\\app\\Views\\template\\header.php', 36)
 2 SYSTEMPATH\View\View.php(224): include('C:\\xampp\\htdocs\\codeigniter4-login\\app\\Views\\template\\header.php')
 3 SYSTEMPATH\View\View.php(227): CodeIgniter\View\View->CodeIgniter\View\{closure}()
 4 SYSTEMPATH\Common.php(1180): CodeIgniter\View\View->render('template/header', [], true)
 5 APPPATH\Controllers\OficinaController.php(44): view('template/header', [...])
 6 SYSTEMPATH\CodeIgniter.php(932): App\Controllers\OficinaController->listarAlumnos()
 7 SYSTEMPATH\CodeIgniter.php(497): CodeIgniter\CodeIgniter->runController(Object(App\Controllers\OficinaController))
 8 SYSTEMPATH\CodeIgniter.php(366): CodeIgniter\CodeIgniter->handleRequest(null, Object(Config\Cache), false)
 9 FCPATH\index.php(67): CodeIgniter\CodeIgniter->run()
CRITICAL - 2023-07-02 06:42:40 --> Undefined variable $isRolDirector
in APPPATH\Views\template\header.php on line 36.
 1 APPPATH\Views\template\header.php(36): CodeIgniter\Debug\Exceptions->errorHandler(2, 'Undefined variable $isRolDirector', 'C:\\xampp\\htdocs\\codeigniter4-login\\app\\Views\\template\\header.php', 36)
 2 SYSTEMPATH\View\View.php(224): include('C:\\xampp\\htdocs\\codeigniter4-login\\app\\Views\\template\\header.php')
 3 SYSTEMPATH\View\View.php(227): CodeIgniter\View\View->CodeIgniter\View\{closure}()
 4 SYSTEMPATH\Common.php(1180): CodeIgniter\View\View->render('template/header', [], true)
 5 APPPATH\Controllers\OficinaController.php(44): view('template/header', [...])
 6 SYSTEMPATH\CodeIgniter.php(932): App\Controllers\OficinaController->listarAlumnos()
 7 SYSTEMPATH\CodeIgniter.php(497): CodeIgniter\CodeIgniter->runController(Object(App\Controllers\OficinaController))
 8 SYSTEMPATH\CodeIgniter.php(366): CodeIgniter\CodeIgniter->handleRequest(null, Object(Config\Cache), false)
 9 FCPATH\index.php(67): CodeIgniter\CodeIgniter->run()
CRITICAL - 2023-07-02 06:42:42 --> Undefined variable $isRolDirector
in APPPATH\Views\template\header.php on line 36.
 1 APPPATH\Views\template\header.php(36): CodeIgniter\Debug\Exceptions->errorHandler(2, 'Undefined variable $isRolDirector', 'C:\\xampp\\htdocs\\codeigniter4-login\\app\\Views\\template\\header.php', 36)
 2 SYSTEMPATH\View\View.php(224): include('C:\\xampp\\htdocs\\codeigniter4-login\\app\\Views\\template\\header.php')
 3 SYSTEMPATH\View\View.php(227): CodeIgniter\View\View->CodeIgniter\View\{closure}()
 4 SYSTEMPATH\Common.php(1180): CodeIgniter\View\View->render('template/header', [], true)
 5 APPPATH\Controllers\OficinaController.php(44): view('template/header', [...])
 6 SYSTEMPATH\CodeIgniter.php(932): App\Controllers\OficinaController->listarAlumnos()
 7 SYSTEMPATH\CodeIgniter.php(497): CodeIgniter\CodeIgniter->runController(Object(App\Controllers\OficinaController))
 8 SYSTEMPATH\CodeIgniter.php(366): CodeIgniter\CodeIgniter->handleRequest(null, Object(Config\Cache), false)
 9 FCPATH\index.php(67): CodeIgniter\CodeIgniter->run()
CRITICAL - 2023-07-02 06:42:48 --> Undefined variable $isRolDirector
in APPPATH\Views\template\header.php on line 36.
 1 APPPATH\Views\template\header.php(36): CodeIgniter\Debug\Exceptions->errorHandler(2, 'Undefined variable $isRolDirector', 'C:\\xampp\\htdocs\\codeigniter4-login\\app\\Views\\template\\header.php', 36)
 2 SYSTEMPATH\View\View.php(224): include('C:\\xampp\\htdocs\\codeigniter4-login\\app\\Views\\template\\header.php')
 3 SYSTEMPATH\View\View.php(227): CodeIgniter\View\View->CodeIgniter\View\{closure}()
 4 SYSTEMPATH\Common.php(1180): CodeIgniter\View\View->render('template/header', [], true)
 5 APPPATH\Controllers\OficinaController.php(44): view('template/header', [...])
 6 SYSTEMPATH\CodeIgniter.php(932): App\Controllers\OficinaController->listarAlumnos()
 7 SYSTEMPATH\CodeIgniter.php(497): CodeIgniter\CodeIgniter->runController(Object(App\Controllers\OficinaController))
 8 SYSTEMPATH\CodeIgniter.php(366): CodeIgniter\CodeIgniter->handleRequest(null, Object(Config\Cache), false)
 9 FCPATH\index.php(67): CodeIgniter\CodeIgniter->run()
CRITICAL - 2023-07-02 06:42:49 --> Undefined variable $isRolDirector
in APPPATH\Views\template\header.php on line 36.
 1 APPPATH\Views\template\header.php(36): CodeIgniter\Debug\Exceptions->errorHandler(2, 'Undefined variable $isRolDirector', 'C:\\xampp\\htdocs\\codeigniter4-login\\app\\Views\\template\\header.php', 36)
 2 SYSTEMPATH\View\View.php(224): include('C:\\xampp\\htdocs\\codeigniter4-login\\app\\Views\\template\\header.php')
 3 SYSTEMPATH\View\View.php(227): CodeIgniter\View\View->CodeIgniter\View\{closure}()
 4 SYSTEMPATH\Common.php(1180): CodeIgniter\View\View->render('template/header', [], true)
 5 APPPATH\Controllers\OficinaController.php(44): view('template/header', [...])
 6 SYSTEMPATH\CodeIgniter.php(932): App\Controllers\OficinaController->listarAlumnos()
 7 SYSTEMPATH\CodeIgniter.php(497): CodeIgniter\CodeIgniter->runController(Object(App\Controllers\OficinaController))
 8 SYSTEMPATH\CodeIgniter.php(366): CodeIgniter\CodeIgniter->handleRequest(null, Object(Config\Cache), false)
 9 FCPATH\index.php(67): CodeIgniter\CodeIgniter->run()
CRITICAL - 2023-07-02 06:43:24 --> Undefined variable $isRolDirector
in APPPATH\Views\template\header.php on line 47.
 1 APPPATH\Views\template\header.php(47): CodeIgniter\Debug\Exceptions->errorHandler(2, 'Undefined variable $isRolDirector', 'C:\\xampp\\htdocs\\codeigniter4-login\\app\\Views\\template\\header.php', 47)
 2 SYSTEMPATH\View\View.php(224): include('C:\\xampp\\htdocs\\codeigniter4-login\\app\\Views\\template\\header.php')
 3 SYSTEMPATH\View\View.php(227): CodeIgniter\View\View->CodeIgniter\View\{closure}()
 4 SYSTEMPATH\Common.php(1180): CodeIgniter\View\View->render('template/header', [], true)
 5 APPPATH\Controllers\OficinaController.php(44): view('template/header', [...])
 6 SYSTEMPATH\CodeIgniter.php(932): App\Controllers\OficinaController->listarAlumnos()
 7 SYSTEMPATH\CodeIgniter.php(497): CodeIgniter\CodeIgniter->runController(Object(App\Controllers\OficinaController))
 8 SYSTEMPATH\CodeIgniter.php(366): CodeIgniter\CodeIgniter->handleRequest(null, Object(Config\Cache), false)
 9 FCPATH\index.php(67): CodeIgniter\CodeIgniter->run()
CRITICAL - 2023-07-02 21:42:45 --> Class "App\Models\AulaModel" not found
in APPPATH\Controllers\OficinaController.php on line 227.
 1 SYSTEMPATH\CodeIgniter.php(932): App\Controllers\OficinaController->listarAulas()
 2 SYSTEMPATH\CodeIgniter.php(497): CodeIgniter\CodeIgniter->runController(Object(App\Controllers\OficinaController))
 3 SYSTEMPATH\CodeIgniter.php(366): CodeIgniter\CodeIgniter->handleRequest(null, Object(Config\Cache), false)
 4 FCPATH\index.php(67): CodeIgniter\CodeIgniter->run()
CRITICAL - 2023-07-02 21:44:57 --> Class "App\Models\AulaModel" not found
in APPPATH\Controllers\OficinaController.php on line 227.
 1 SYSTEMPATH\CodeIgniter.php(932): App\Controllers\OficinaController->listarAulas()
 2 SYSTEMPATH\CodeIgniter.php(497): CodeIgniter\CodeIgniter->runController(Object(App\Controllers\OficinaController))
 3 SYSTEMPATH\CodeIgniter.php(366): CodeIgniter\CodeIgniter->handleRequest(null, Object(Config\Cache), false)
 4 FCPATH\index.php(67): CodeIgniter\CodeIgniter->run()
ERROR - 2023-07-02 21:45:19 --> mysqli_sql_exception: Table 'prueba.aula' doesn't exist in C:\xampp\htdocs\codeigniter4-login\system\Database\MySQLi\Connection.php:295
Stack trace:
#0 C:\xampp\htdocs\codeigniter4-login\system\Database\MySQLi\Connection.php(295): mysqli->query('SELECT *\nFROM `...', 0)
#1 C:\xampp\htdocs\codeigniter4-login\system\Database\BaseConnection.php(692): CodeIgniter\Database\MySQLi\Connection->execute('SELECT *\nFROM `...')
#2 C:\xampp\htdocs\codeigniter4-login\system\Database\BaseConnection.php(606): CodeIgniter\Database\BaseConnection->simpleQuery('SELECT *\nFROM `...')
#3 C:\xampp\htdocs\codeigniter4-login\system\Database\BaseBuilder.php(1616): CodeIgniter\Database\BaseConnection->query('SELECT *\nFROM `...', Array, false)
#4 C:\xampp\htdocs\codeigniter4-login\system\Model.php(241): CodeIgniter\Database\BaseBuilder->get()
#5 C:\xampp\htdocs\codeigniter4-login\system\BaseModel.php(618): CodeIgniter\Model->doFindAll(0, 0)
#6 C:\xampp\htdocs\codeigniter4-login\app\Controllers\OficinaController.php(228): CodeIgniter\BaseModel->findAll()
#7 C:\xampp\htdocs\codeigniter4-login\system\CodeIgniter.php(932): App\Controllers\OficinaController->listarAulas()
#8 C:\xampp\htdocs\codeigniter4-login\system\CodeIgniter.php(497): CodeIgniter\CodeIgniter->runController(Object(App\Controllers\OficinaController))
#9 C:\xampp\htdocs\codeigniter4-login\system\CodeIgniter.php(366): CodeIgniter\CodeIgniter->handleRequest(NULL, Object(Config\Cache), false)
#10 C:\xampp\htdocs\codeigniter4-login\public\index.php(67): CodeIgniter\CodeIgniter->run()
#11 {main}
CRITICAL - 2023-07-02 21:45:19 --> Table 'prueba.aula' doesn't exist
in SYSTEMPATH\Database\MySQLi\Connection.php on line 295.
 1 SYSTEMPATH\Database\MySQLi\Connection.php(295): mysqli->query('SELECT *
FROM `aula`
ORDER BY `dni` ASC', 0)
 2 SYSTEMPATH\Database\BaseConnection.php(692): CodeIgniter\Database\MySQLi\Connection->execute('SELECT *
FROM `aula`
ORDER BY `dni` ASC')
 3 SYSTEMPATH\Database\BaseConnection.php(606): CodeIgniter\Database\BaseConnection->simpleQuery('SELECT *
FROM `aula`
ORDER BY `dni` ASC')
 4 SYSTEMPATH\Database\BaseBuilder.php(1616): CodeIgniter\Database\BaseConnection->query('SELECT *
FROM `aula`
ORDER BY `dni` ASC', [], false)
 5 SYSTEMPATH\Model.php(241): CodeIgniter\Database\BaseBuilder->get()
 6 SYSTEMPATH\BaseModel.php(618): CodeIgniter\Model->doFindAll(0, 0)
 7 APPPATH\Controllers\OficinaController.php(228): CodeIgniter\BaseModel->findAll()
 8 SYSTEMPATH\CodeIgniter.php(932): App\Controllers\OficinaController->listarAulas()
 9 SYSTEMPATH\CodeIgniter.php(497): CodeIgniter\CodeIgniter->runController(Object(App\Controllers\OficinaController))
10 SYSTEMPATH\CodeIgniter.php(366): CodeIgniter\CodeIgniter->handleRequest(null, Object(Config\Cache), false)
11 FCPATH\index.php(67): CodeIgniter\CodeIgniter->run()
