CRITICAL - 2023-06-27 06:23:17 --> Attempt to read property "id" on array
in APPPATH\Controllers\LoginController.php on line 28.
 1 APPPATH\Controllers\LoginController.php(28): CodeIgniter\Debug\Exceptions->errorHandler(2, 'Attempt to read property "id" on array', 'C:\\xampp\\htdocs\\codeigniter4-login\\app\\Controllers\\LoginController.php', 28)
 2 SYSTEMPATH\CodeIgniter.php(932): App\Controllers\LoginController->login()
 3 SYSTEMPATH\CodeIgniter.php(497): CodeIgniter\CodeIgniter->runController(Object(App\Controllers\LoginController))
 4 SYSTEMPATH\CodeIgniter.php(366): CodeIgniter\CodeIgniter->handleRequest(null, Object(Config\Cache), false)
 5 FCPATH\index.php(67): CodeIgniter\CodeIgniter->run()
CRITICAL - 2023-06-27 16:43:12 --> Attempt to read property "hash" on string
in APPPATH\Controllers\LoginController.php on line 29.
 1 APPPATH\Controllers\LoginController.php(29): CodeIgniter\Debug\Exceptions->errorHandler(2, 'Attempt to read property "hash" on string', 'C:\\xampp\\htdocs\\codeigniter4-login\\app\\Controllers\\LoginController.php', 29)
 2 SYSTEMPATH\CodeIgniter.php(932): App\Controllers\LoginController->login()
 3 SYSTEMPATH\CodeIgniter.php(497): CodeIgniter\CodeIgniter->runController(Object(App\Controllers\LoginController))
 4 SYSTEMPATH\CodeIgniter.php(366): CodeIgniter\CodeIgniter->handleRequest(null, Object(Config\Cache), false)
 5 FCPATH\index.php(67): CodeIgniter\CodeIgniter->run()
CRITICAL - 2023-06-27 23:43:59 --> Attempt to read property "id" on null
in APPPATH\Controllers\DashboardController.php on line 9.
 1 APPPATH\Controllers\DashboardController.php(9): CodeIgniter\Debug\Exceptions->errorHandler(2, 'Attempt to read property "id" on null', 'C:\\xampp\\htdocs\\codeigniter4-login\\app\\Controllers\\DashboardController.php', 9)
 2 SYSTEMPATH\CodeIgniter.php(932): App\Controllers\DashboardController->index()
 3 SYSTEMPATH\CodeIgniter.php(497): CodeIgniter\CodeIgniter->runController(Object(App\Controllers\DashboardController))
 4 SYSTEMPATH\CodeIgniter.php(366): CodeIgniter\CodeIgniter->handleRequest(null, Object(Config\Cache), false)
 5 FCPATH\index.php(67): CodeIgniter\CodeIgniter->run()
CRITICAL - 2023-06-27 23:46:16 --> Attempt to read property "id" on null
in APPPATH\Controllers\DashboardController.php on line 9.
 1 APPPATH\Controllers\DashboardController.php(9): CodeIgniter\Debug\Exceptions->errorHandler(2, 'Attempt to read property "id" on null', 'C:\\xampp\\htdocs\\codeigniter4-login\\app\\Controllers\\DashboardController.php', 9)
 2 SYSTEMPATH\CodeIgniter.php(932): App\Controllers\DashboardController->index()
 3 SYSTEMPATH\CodeIgniter.php(497): CodeIgniter\CodeIgniter->runController(Object(App\Controllers\DashboardController))
 4 SYSTEMPATH\CodeIgniter.php(366): CodeIgniter\CodeIgniter->handleRequest(null, Object(Config\Cache), false)
 5 FCPATH\index.php(67): CodeIgniter\CodeIgniter->run()
CRITICAL - 2023-06-27 23:46:18 --> Attempt to read property "id" on null
in APPPATH\Controllers\DashboardController.php on line 9.
 1 APPPATH\Controllers\DashboardController.php(9): CodeIgniter\Debug\Exceptions->errorHandler(2, 'Attempt to read property "id" on null', 'C:\\xampp\\htdocs\\codeigniter4-login\\app\\Controllers\\DashboardController.php', 9)
 2 SYSTEMPATH\CodeIgniter.php(932): App\Controllers\DashboardController->index()
 3 SYSTEMPATH\CodeIgniter.php(497): CodeIgniter\CodeIgniter->runController(Object(App\Controllers\DashboardController))
 4 SYSTEMPATH\CodeIgniter.php(366): CodeIgniter\CodeIgniter->handleRequest(null, Object(Config\Cache), false)
 5 FCPATH\index.php(67): CodeIgniter\CodeIgniter->run()
CRITICAL - 2023-06-27 23:47:49 --> Attempt to read property "id" on null
in APPPATH\Controllers\DashboardController.php on line 9.
 1 APPPATH\Controllers\DashboardController.php(9): CodeIgniter\Debug\Exceptions->errorHandler(2, 'Attempt to read property "id" on null', 'C:\\xampp\\htdocs\\codeigniter4-login\\app\\Controllers\\DashboardController.php', 9)
 2 SYSTEMPATH\CodeIgniter.php(932): App\Controllers\DashboardController->index()
 3 SYSTEMPATH\CodeIgniter.php(497): CodeIgniter\CodeIgniter->runController(Object(App\Controllers\DashboardController))
 4 SYSTEMPATH\CodeIgniter.php(366): CodeIgniter\CodeIgniter->handleRequest(null, Object(Config\Cache), false)
 5 FCPATH\index.php(67): CodeIgniter\CodeIgniter->run()
CRITICAL - 2023-06-27 23:48:01 --> Attempt to read property "id" on null
in APPPATH\Controllers\DashboardController.php on line 9.
 1 APPPATH\Controllers\DashboardController.php(9): CodeIgniter\Debug\Exceptions->errorHandler(2, 'Attempt to read property "id" on null', 'C:\\xampp\\htdocs\\codeigniter4-login\\app\\Controllers\\DashboardController.php', 9)
 2 SYSTEMPATH\CodeIgniter.php(932): App\Controllers\DashboardController->index()
 3 SYSTEMPATH\CodeIgniter.php(497): CodeIgniter\CodeIgniter->runController(Object(App\Controllers\DashboardController))
 4 SYSTEMPATH\CodeIgniter.php(366): CodeIgniter\CodeIgniter->handleRequest(null, Object(Config\Cache), false)
 5 FCPATH\index.php(67): CodeIgniter\CodeIgniter->run()
CRITICAL - 2023-06-27 23:48:01 --> Attempt to read property "id" on null
in APPPATH\Controllers\DashboardController.php on line 9.
 1 APPPATH\Controllers\DashboardController.php(9): CodeIgniter\Debug\Exceptions->errorHandler(2, 'Attempt to read property "id" on null', 'C:\\xampp\\htdocs\\codeigniter4-login\\app\\Controllers\\DashboardController.php', 9)
 2 SYSTEMPATH\CodeIgniter.php(932): App\Controllers\DashboardController->index()
 3 SYSTEMPATH\CodeIgniter.php(497): CodeIgniter\CodeIgniter->runController(Object(App\Controllers\DashboardController))
 4 SYSTEMPATH\CodeIgniter.php(366): CodeIgniter\CodeIgniter->handleRequest(null, Object(Config\Cache), false)
 5 FCPATH\index.php(67): CodeIgniter\CodeIgniter->run()
CRITICAL - 2023-06-27 23:53:59 --> Attempt to read property "id" on null
in APPPATH\Controllers\DashboardController.php on line 9.
 1 APPPATH\Controllers\DashboardController.php(9): CodeIgniter\Debug\Exceptions->errorHandler(2, 'Attempt to read property "id" on null', 'C:\\xampp\\htdocs\\codeigniter4-login\\app\\Controllers\\DashboardController.php', 9)
 2 SYSTEMPATH\CodeIgniter.php(932): App\Controllers\DashboardController->index()
 3 SYSTEMPATH\CodeIgniter.php(497): CodeIgniter\CodeIgniter->runController(Object(App\Controllers\DashboardController))
 4 SYSTEMPATH\CodeIgniter.php(366): CodeIgniter\CodeIgniter->handleRequest(null, Object(Config\Cache), false)
 5 FCPATH\index.php(67): CodeIgniter\CodeIgniter->run()
