CRITICAL - 2023-07-11 04:02:51 --> Invalid file: "listClientes.php"
in SYSTEMPATH\Exceptions\FrameworkException.php on line 33.
 1 SYSTEMPATH\View\View.php(212): CodeIgniter\Exceptions\FrameworkException::forInvalidFile('listClientes.php')
 2 SYSTEMPATH\View\View.php(452): CodeIgniter\View\View->render('listClientes', null, true)
 3 APPPATH\Views\mantenimiento\docentes\crear.php(65): CodeIgniter\View\View->include('listClientes')
 4 SYSTEMPATH\View\View.php(224): include('C:\\xampp\\htdocs\\codeigniter4-login\\app\\Views\\mantenimiento\\docentes\\crear.php')
 5 SYSTEMPATH\View\View.php(227): CodeIgniter\View\View->CodeIgniter\View\{closure}()
 6 SYSTEMPATH\Common.php(1180): CodeIgniter\View\View->render('mantenimiento/docentes/crear', [], true)
 7 APPPATH\Controllers\DocenteController.php(115): view('mantenimiento/docentes/crear', [...])
 8 SYSTEMPATH\CodeIgniter.php(932): App\Controllers\DocenteController->crearDocente()
 9 SYSTEMPATH\CodeIgniter.php(497): CodeIgniter\CodeIgniter->runController(Object(App\Controllers\DocenteController))
10 SYSTEMPATH\CodeIgniter.php(366): CodeIgniter\CodeIgniter->handleRequest(null, Object(Config\Cache), false)
11 FCPATH\index.php(67): CodeIgniter\CodeIgniter->run()
CRITICAL - 2023-07-11 04:07:23 --> Invalid file: "listClientes.php"
in SYSTEMPATH\Exceptions\FrameworkException.php on line 33.
 1 SYSTEMPATH\View\View.php(212): CodeIgniter\Exceptions\FrameworkException::forInvalidFile('listClientes.php')
 2 SYSTEMPATH\View\View.php(452): CodeIgniter\View\View->render('listClientes', null, true)
 3 APPPATH\Views\mantenimiento\docentes\crear.php(177): CodeIgniter\View\View->include('listClientes')
 4 SYSTEMPATH\View\View.php(224): include('C:\\xampp\\htdocs\\codeigniter4-login\\app\\Views\\mantenimiento\\docentes\\crear.php')
 5 SYSTEMPATH\View\View.php(227): CodeIgniter\View\View->CodeIgniter\View\{closure}()
 6 SYSTEMPATH\Common.php(1180): CodeIgniter\View\View->render('mantenimiento/docentes/crear', [], true)
 7 APPPATH\Controllers\DocenteController.php(115): view('mantenimiento/docentes/crear', [...])
 8 SYSTEMPATH\CodeIgniter.php(932): App\Controllers\DocenteController->crearDocente()
 9 SYSTEMPATH\CodeIgniter.php(497): CodeIgniter\CodeIgniter->runController(Object(App\Controllers\DocenteController))
10 SYSTEMPATH\CodeIgniter.php(366): CodeIgniter\CodeIgniter->handleRequest(null, Object(Config\Cache), false)
11 FCPATH\index.php(67): CodeIgniter\CodeIgniter->run()
CRITICAL - 2023-07-11 04:07:51 --> Undefined variable $clientes
in APPPATH\Views\listClientes.php on line 13.
 1 APPPATH\Views\listClientes.php(13): CodeIgniter\Debug\Exceptions->errorHandler(2, 'Undefined variable $clientes', 'C:\\xampp\\htdocs\\codeigniter4-login\\app\\Views\\listClientes.php', 13)
 2 SYSTEMPATH\View\View.php(224): include('C:\\xampp\\htdocs\\codeigniter4-login\\app\\Views\\listClientes.php')
 3 SYSTEMPATH\View\View.php(227): CodeIgniter\View\View->CodeIgniter\View\{closure}()
 4 SYSTEMPATH\View\View.php(452): CodeIgniter\View\View->render('listClientes', null, true)
 5 APPPATH\Views\mantenimiento\docentes\crear.php(177): CodeIgniter\View\View->include('listClientes')
 6 SYSTEMPATH\View\View.php(224): include('C:\\xampp\\htdocs\\codeigniter4-login\\app\\Views\\mantenimiento\\docentes\\crear.php')
 7 SYSTEMPATH\View\View.php(227): CodeIgniter\View\View->CodeIgniter\View\{closure}()
 8 SYSTEMPATH\Common.php(1180): CodeIgniter\View\View->render('mantenimiento/docentes/crear', [], true)
 9 APPPATH\Controllers\DocenteController.php(115): view('mantenimiento/docentes/crear', [...])
10 SYSTEMPATH\CodeIgniter.php(932): App\Controllers\DocenteController->crearDocente()
11 SYSTEMPATH\CodeIgniter.php(497): CodeIgniter\CodeIgniter->runController(Object(App\Controllers\DocenteController))
12 SYSTEMPATH\CodeIgniter.php(366): CodeIgniter\CodeIgniter->handleRequest(null, Object(Config\Cache), false)
13 FCPATH\index.php(67): CodeIgniter\CodeIgniter->run()
CRITICAL - 2023-07-11 04:10:08 --> Undefined variable $clientes
in APPPATH\Views\listClientes.php on line 13.
 1 APPPATH\Views\listClientes.php(13): CodeIgniter\Debug\Exceptions->errorHandler(2, 'Undefined variable $clientes', 'C:\\xampp\\htdocs\\codeigniter4-login\\app\\Views\\listClientes.php', 13)
 2 SYSTEMPATH\View\View.php(224): include('C:\\xampp\\htdocs\\codeigniter4-login\\app\\Views\\listClientes.php')
 3 SYSTEMPATH\View\View.php(227): CodeIgniter\View\View->CodeIgniter\View\{closure}()
 4 SYSTEMPATH\View\View.php(452): CodeIgniter\View\View->render('listClientes', null, true)
 5 APPPATH\Views\mantenimiento\docentes\crear.php(177): CodeIgniter\View\View->include('listClientes')
 6 SYSTEMPATH\View\View.php(224): include('C:\\xampp\\htdocs\\codeigniter4-login\\app\\Views\\mantenimiento\\docentes\\crear.php')
 7 SYSTEMPATH\View\View.php(227): CodeIgniter\View\View->CodeIgniter\View\{closure}()
 8 SYSTEMPATH\Common.php(1180): CodeIgniter\View\View->render('mantenimiento/docentes/crear', [], true)
 9 APPPATH\Controllers\DocenteController.php(120): view('mantenimiento/docentes/crear', [...])
10 SYSTEMPATH\CodeIgniter.php(932): App\Controllers\DocenteController->crearDocente()
11 SYSTEMPATH\CodeIgniter.php(497): CodeIgniter\CodeIgniter->runController(Object(App\Controllers\DocenteController))
12 SYSTEMPATH\CodeIgniter.php(366): CodeIgniter\CodeIgniter->handleRequest(null, Object(Config\Cache), false)
13 FCPATH\index.php(67): CodeIgniter\CodeIgniter->run()
CRITICAL - 2023-07-11 04:11:28 --> Undefined variable $clientes
in APPPATH\Views\listClientes.php on line 13.
 1 APPPATH\Views\listClientes.php(13): CodeIgniter\Debug\Exceptions->errorHandler(2, 'Undefined variable $clientes', 'C:\\xampp\\htdocs\\codeigniter4-login\\app\\Views\\listClientes.php', 13)
 2 SYSTEMPATH\View\View.php(224): include('C:\\xampp\\htdocs\\codeigniter4-login\\app\\Views\\listClientes.php')
 3 SYSTEMPATH\View\View.php(227): CodeIgniter\View\View->CodeIgniter\View\{closure}()
 4 SYSTEMPATH\View\View.php(452): CodeIgniter\View\View->render('listClientes', null, true)
 5 APPPATH\Views\mantenimiento\docentes\crear.php(177): CodeIgniter\View\View->include('listClientes')
 6 SYSTEMPATH\View\View.php(224): include('C:\\xampp\\htdocs\\codeigniter4-login\\app\\Views\\mantenimiento\\docentes\\crear.php')
 7 SYSTEMPATH\View\View.php(227): CodeIgniter\View\View->CodeIgniter\View\{closure}()
 8 SYSTEMPATH\Common.php(1180): CodeIgniter\View\View->render('mantenimiento/docentes/crear', [], true)
 9 APPPATH\Controllers\DocenteController.php(120): view('mantenimiento/docentes/crear', [...])
10 SYSTEMPATH\CodeIgniter.php(932): App\Controllers\DocenteController->crearDocente()
11 SYSTEMPATH\CodeIgniter.php(497): CodeIgniter\CodeIgniter->runController(Object(App\Controllers\DocenteController))
12 SYSTEMPATH\CodeIgniter.php(366): CodeIgniter\CodeIgniter->handleRequest(null, Object(Config\Cache), false)
13 FCPATH\index.php(67): CodeIgniter\CodeIgniter->run()
CRITICAL - 2023-07-11 04:15:04 --> Undefined variable $clientes
in APPPATH\Views\listClientes.php on line 13.
 1 APPPATH\Views\listClientes.php(13): CodeIgniter\Debug\Exceptions->errorHandler(2, 'Undefined variable $clientes', 'C:\\xampp\\htdocs\\codeigniter4-login\\app\\Views\\listClientes.php', 13)
 2 SYSTEMPATH\View\View.php(224): include('C:\\xampp\\htdocs\\codeigniter4-login\\app\\Views\\listClientes.php')
 3 SYSTEMPATH\View\View.php(227): CodeIgniter\View\View->CodeIgniter\View\{closure}()
 4 SYSTEMPATH\View\View.php(452): CodeIgniter\View\View->render('listClientes', null, true)
 5 APPPATH\Views\mantenimiento\docentes\crear.php(177): CodeIgniter\View\View->include('listClientes')
 6 SYSTEMPATH\View\View.php(224): include('C:\\xampp\\htdocs\\codeigniter4-login\\app\\Views\\mantenimiento\\docentes\\crear.php')
 7 SYSTEMPATH\View\View.php(227): CodeIgniter\View\View->CodeIgniter\View\{closure}()
 8 SYSTEMPATH\Common.php(1180): CodeIgniter\View\View->render('mantenimiento/docentes/crear', [], true)
 9 APPPATH\Controllers\DocenteController.php(120): view('mantenimiento/docentes/crear', [...])
10 SYSTEMPATH\CodeIgniter.php(932): App\Controllers\DocenteController->crearDocente()
11 SYSTEMPATH\CodeIgniter.php(497): CodeIgniter\CodeIgniter->runController(Object(App\Controllers\DocenteController))
12 SYSTEMPATH\CodeIgniter.php(366): CodeIgniter\CodeIgniter->handleRequest(null, Object(Config\Cache), false)
13 FCPATH\index.php(67): CodeIgniter\CodeIgniter->run()
CRITICAL - 2023-07-11 04:30:35 --> Undefined variable $clientes
in APPPATH\Views\listClientes.php on line 13.
 1 APPPATH\Views\listClientes.php(13): CodeIgniter\Debug\Exceptions->errorHandler(2, 'Undefined variable $clientes', 'C:\\xampp\\htdocs\\codeigniter4-login\\app\\Views\\listClientes.php', 13)
 2 SYSTEMPATH\View\View.php(224): include('C:\\xampp\\htdocs\\codeigniter4-login\\app\\Views\\listClientes.php')
 3 SYSTEMPATH\View\View.php(227): CodeIgniter\View\View->CodeIgniter\View\{closure}()
 4 SYSTEMPATH\View\View.php(452): CodeIgniter\View\View->render('listClientes', null, true)
 5 APPPATH\Views\home.php(162): CodeIgniter\View\View->include('listClientes')
 6 SYSTEMPATH\View\View.php(224): include('C:\\xampp\\htdocs\\codeigniter4-login\\app\\Views\\home.php')
 7 SYSTEMPATH\View\View.php(227): CodeIgniter\View\View->CodeIgniter\View\{closure}()
 8 SYSTEMPATH\Common.php(1180): CodeIgniter\View\View->render('home', [], true)
 9 APPPATH\Controllers\Home.php(35): view('home')
10 SYSTEMPATH\CodeIgniter.php(932): App\Controllers\Home->index()
11 SYSTEMPATH\CodeIgniter.php(497): CodeIgniter\CodeIgniter->runController(Object(App\Controllers\Home))
12 SYSTEMPATH\CodeIgniter.php(366): CodeIgniter\CodeIgniter->handleRequest(null, Object(Config\Cache), false)
13 FCPATH\index.php(67): CodeIgniter\CodeIgniter->run()
CRITICAL - 2023-07-11 04:31:27 --> Undefined variable $clientes
in APPPATH\Views\listClientes.php on line 13.
 1 APPPATH\Views\listClientes.php(13): CodeIgniter\Debug\Exceptions->errorHandler(2, 'Undefined variable $clientes', 'C:\\xampp\\htdocs\\codeigniter4-login\\app\\Views\\listClientes.php', 13)
 2 SYSTEMPATH\View\View.php(224): include('C:\\xampp\\htdocs\\codeigniter4-login\\app\\Views\\listClientes.php')
 3 SYSTEMPATH\View\View.php(227): CodeIgniter\View\View->CodeIgniter\View\{closure}()
 4 SYSTEMPATH\View\View.php(452): CodeIgniter\View\View->render('listClientes', null, true)
 5 APPPATH\Views\home.php(111): CodeIgniter\View\View->include('listClientes')
 6 SYSTEMPATH\View\View.php(224): include('C:\\xampp\\htdocs\\codeigniter4-login\\app\\Views\\home.php')
 7 SYSTEMPATH\View\View.php(227): CodeIgniter\View\View->CodeIgniter\View\{closure}()
 8 SYSTEMPATH\Common.php(1180): CodeIgniter\View\View->render('home', [], true)
 9 APPPATH\Controllers\Home.php(35): view('home')
10 SYSTEMPATH\CodeIgniter.php(932): App\Controllers\Home->index()
11 SYSTEMPATH\CodeIgniter.php(497): CodeIgniter\CodeIgniter->runController(Object(App\Controllers\Home))
12 SYSTEMPATH\CodeIgniter.php(366): CodeIgniter\CodeIgniter->handleRequest(null, Object(Config\Cache), false)
13 FCPATH\index.php(67): CodeIgniter\CodeIgniter->run()
CRITICAL - 2023-07-11 04:33:36 --> Undefined variable $clientes
in APPPATH\Views\listClientes.php on line 13.
 1 APPPATH\Views\listClientes.php(13): CodeIgniter\Debug\Exceptions->errorHandler(2, 'Undefined variable $clientes', 'C:\\xampp\\htdocs\\codeigniter4-login\\app\\Views\\listClientes.php', 13)
 2 SYSTEMPATH\View\View.php(224): include('C:\\xampp\\htdocs\\codeigniter4-login\\app\\Views\\listClientes.php')
 3 SYSTEMPATH\View\View.php(227): CodeIgniter\View\View->CodeIgniter\View\{closure}()
 4 SYSTEMPATH\View\View.php(452): CodeIgniter\View\View->render('listClientes', null, true)
 5 APPPATH\Views\home.php(111): CodeIgniter\View\View->include('listClientes')
 6 SYSTEMPATH\View\View.php(224): include('C:\\xampp\\htdocs\\codeigniter4-login\\app\\Views\\home.php')
 7 SYSTEMPATH\View\View.php(227): CodeIgniter\View\View->CodeIgniter\View\{closure}()
 8 SYSTEMPATH\Common.php(1180): CodeIgniter\View\View->render('home', [], true)
 9 APPPATH\Controllers\Home.php(41): view('home', [...])
10 SYSTEMPATH\CodeIgniter.php(932): App\Controllers\Home->index()
11 SYSTEMPATH\CodeIgniter.php(497): CodeIgniter\CodeIgniter->runController(Object(App\Controllers\Home))
12 SYSTEMPATH\CodeIgniter.php(366): CodeIgniter\CodeIgniter->handleRequest(null, Object(Config\Cache), false)
13 FCPATH\index.php(67): CodeIgniter\CodeIgniter->run()
CRITICAL - 2023-07-11 04:33:38 --> Undefined variable $clientes
in APPPATH\Views\listClientes.php on line 13.
 1 APPPATH\Views\listClientes.php(13): CodeIgniter\Debug\Exceptions->errorHandler(2, 'Undefined variable $clientes', 'C:\\xampp\\htdocs\\codeigniter4-login\\app\\Views\\listClientes.php', 13)
 2 SYSTEMPATH\View\View.php(224): include('C:\\xampp\\htdocs\\codeigniter4-login\\app\\Views\\listClientes.php')
 3 SYSTEMPATH\View\View.php(227): CodeIgniter\View\View->CodeIgniter\View\{closure}()
 4 SYSTEMPATH\View\View.php(452): CodeIgniter\View\View->render('listClientes', null, true)
 5 APPPATH\Views\home.php(111): CodeIgniter\View\View->include('listClientes')
 6 SYSTEMPATH\View\View.php(224): include('C:\\xampp\\htdocs\\codeigniter4-login\\app\\Views\\home.php')
 7 SYSTEMPATH\View\View.php(227): CodeIgniter\View\View->CodeIgniter\View\{closure}()
 8 SYSTEMPATH\Common.php(1180): CodeIgniter\View\View->render('home', [], true)
 9 APPPATH\Controllers\Home.php(41): view('home', [...])
10 SYSTEMPATH\CodeIgniter.php(932): App\Controllers\Home->index()
11 SYSTEMPATH\CodeIgniter.php(497): CodeIgniter\CodeIgniter->runController(Object(App\Controllers\Home))
12 SYSTEMPATH\CodeIgniter.php(366): CodeIgniter\CodeIgniter->handleRequest(null, Object(Config\Cache), false)
13 FCPATH\index.php(67): CodeIgniter\CodeIgniter->run()
CRITICAL - 2023-07-11 04:58:16 --> Undefined variable $data
in APPPATH\Controllers\Home.php on line 12.
 1 APPPATH\Controllers\Home.php(12): CodeIgniter\Debug\Exceptions->errorHandler(2, 'Undefined variable $data', 'C:\\xampp\\htdocs\\codeigniter4-login\\app\\Controllers\\Home.php', 12)
 2 SYSTEMPATH\CodeIgniter.php(932): App\Controllers\Home->index()
 3 SYSTEMPATH\CodeIgniter.php(497): CodeIgniter\CodeIgniter->runController(Object(App\Controllers\Home))
 4 SYSTEMPATH\CodeIgniter.php(366): CodeIgniter\CodeIgniter->handleRequest(null, Object(Config\Cache), false)
 5 FCPATH\index.php(67): CodeIgniter\CodeIgniter->run()
CRITICAL - 2023-07-11 04:58:24 --> Undefined variable $clientes
in APPPATH\Views\listClientes.php on line 13.
 1 APPPATH\Views\listClientes.php(13): CodeIgniter\Debug\Exceptions->errorHandler(2, 'Undefined variable $clientes', 'C:\\xampp\\htdocs\\codeigniter4-login\\app\\Views\\listClientes.php', 13)
 2 SYSTEMPATH\View\View.php(224): include('C:\\xampp\\htdocs\\codeigniter4-login\\app\\Views\\listClientes.php')
 3 SYSTEMPATH\View\View.php(227): CodeIgniter\View\View->CodeIgniter\View\{closure}()
 4 SYSTEMPATH\View\View.php(452): CodeIgniter\View\View->render('listClientes', null, true)
 5 APPPATH\Views\home.php(111): CodeIgniter\View\View->include('listClientes')
 6 SYSTEMPATH\View\View.php(224): include('C:\\xampp\\htdocs\\codeigniter4-login\\app\\Views\\home.php')
 7 SYSTEMPATH\View\View.php(227): CodeIgniter\View\View->CodeIgniter\View\{closure}()
 8 SYSTEMPATH\Common.php(1180): CodeIgniter\View\View->render('home', [], true)
 9 APPPATH\Controllers\Home.php(12): view('home')
10 SYSTEMPATH\CodeIgniter.php(932): App\Controllers\Home->index()
11 SYSTEMPATH\CodeIgniter.php(497): CodeIgniter\CodeIgniter->runController(Object(App\Controllers\Home))
12 SYSTEMPATH\CodeIgniter.php(366): CodeIgniter\CodeIgniter->handleRequest(null, Object(Config\Cache), false)
13 FCPATH\index.php(67): CodeIgniter\CodeIgniter->run()
CRITICAL - 2023-07-11 05:07:51 --> Invalid file: "footer.php"
in SYSTEMPATH\Exceptions\FrameworkException.php on line 33.
 1 SYSTEMPATH\View\View.php(212): CodeIgniter\Exceptions\FrameworkException::forInvalidFile('footer.php')
 2 SYSTEMPATH\Common.php(1180): CodeIgniter\View\View->render('footer', [], true)
 3 APPPATH\Controllers\ParticipantesController.php(20): view('footer')
 4 SYSTEMPATH\CodeIgniter.php(932): App\Controllers\ParticipantesController->index()
 5 SYSTEMPATH\CodeIgniter.php(497): CodeIgniter\CodeIgniter->runController(Object(App\Controllers\ParticipantesController))
 6 SYSTEMPATH\CodeIgniter.php(366): CodeIgniter\CodeIgniter->handleRequest(null, Object(Config\Cache), false)
 7 FCPATH\index.php(67): CodeIgniter\CodeIgniter->run()
CRITICAL - 2023-07-11 05:08:53 --> Undefined variable $loggedIn
in APPPATH\Views\template\header.php on line 41.
 1 APPPATH\Views\template\header.php(41): CodeIgniter\Debug\Exceptions->errorHandler(2, 'Undefined variable $loggedIn', 'C:\\xampp\\htdocs\\codeigniter4-login\\app\\Views\\template\\header.php', 41)
 2 SYSTEMPATH\View\View.php(224): include('C:\\xampp\\htdocs\\codeigniter4-login\\app\\Views\\template\\header.php')
 3 SYSTEMPATH\View\View.php(227): CodeIgniter\View\View->CodeIgniter\View\{closure}()
 4 SYSTEMPATH\Common.php(1180): CodeIgniter\View\View->render('template/header', [], true)
 5 APPPATH\Controllers\ParticipantesController.php(19): view('template/header', [...])
 6 SYSTEMPATH\CodeIgniter.php(932): App\Controllers\ParticipantesController->index()
 7 SYSTEMPATH\CodeIgniter.php(497): CodeIgniter\CodeIgniter->runController(Object(App\Controllers\ParticipantesController))
 8 SYSTEMPATH\CodeIgniter.php(366): CodeIgniter\CodeIgniter->handleRequest(null, Object(Config\Cache), false)
 9 FCPATH\index.php(67): CodeIgniter\CodeIgniter->run()
CRITICAL - 2023-07-11 05:38:59 --> Cannot use object of type stdClass as array
in APPPATH\Views\listClientes.php on line 15.
 1 SYSTEMPATH\View\View.php(224): include()
 2 SYSTEMPATH\View\View.php(227): CodeIgniter\View\View->CodeIgniter\View\{closure}()
 3 SYSTEMPATH\View\View.php(452): CodeIgniter\View\View->render('listClientes', null, true)
 4 APPPATH\Views\index.php(78): CodeIgniter\View\View->include('listClientes')
 5 SYSTEMPATH\View\View.php(224): include('C:\\xampp\\htdocs\\codeigniter4-login\\app\\Views\\index.php')
 6 SYSTEMPATH\View\View.php(227): CodeIgniter\View\View->CodeIgniter\View\{closure}()
 7 SYSTEMPATH\Common.php(1180): CodeIgniter\View\View->render('index', [], true)
 8 APPPATH\Controllers\ParticipantesController.php(18): view('index', [...])
 9 SYSTEMPATH\CodeIgniter.php(932): App\Controllers\ParticipantesController->index()
10 SYSTEMPATH\CodeIgniter.php(497): CodeIgniter\CodeIgniter->runController(Object(App\Controllers\ParticipantesController))
11 SYSTEMPATH\CodeIgniter.php(366): CodeIgniter\CodeIgniter->handleRequest(null, Object(Config\Cache), false)
12 FCPATH\index.php(67): CodeIgniter\CodeIgniter->run()
CRITICAL - 2023-07-11 17:05:58 --> Undefined variable $clientes
in APPPATH\Views\listClientes.php on line 13.
 1 APPPATH\Views\listClientes.php(13): CodeIgniter\Debug\Exceptions->errorHandler(2, 'Undefined variable $clientes', 'C:\\xampp\\htdocs\\codeigniter4-login\\app\\Views\\listClientes.php', 13)
 2 SYSTEMPATH\View\View.php(224): include('C:\\xampp\\htdocs\\codeigniter4-login\\app\\Views\\listClientes.php')
 3 SYSTEMPATH\View\View.php(227): CodeIgniter\View\View->CodeIgniter\View\{closure}()
 4 SYSTEMPATH\View\View.php(452): CodeIgniter\View\View->render('listClientes', null, true)
 5 APPPATH\Views\home.php(111): CodeIgniter\View\View->include('listClientes')
 6 SYSTEMPATH\View\View.php(224): include('C:\\xampp\\htdocs\\codeigniter4-login\\app\\Views\\home.php')
 7 SYSTEMPATH\View\View.php(227): CodeIgniter\View\View->CodeIgniter\View\{closure}()
 8 SYSTEMPATH\Common.php(1180): CodeIgniter\View\View->render('home', [], true)
 9 APPPATH\Controllers\Home.php(37): view('home')
10 SYSTEMPATH\CodeIgniter.php(932): App\Controllers\Home->index()
11 SYSTEMPATH\CodeIgniter.php(497): CodeIgniter\CodeIgniter->runController(Object(App\Controllers\Home))
12 SYSTEMPATH\CodeIgniter.php(366): CodeIgniter\CodeIgniter->handleRequest(null, Object(Config\Cache), false)
13 FCPATH\index.php(67): CodeIgniter\CodeIgniter->run()
ERROR - 2023-07-11 18:07:35 --> mysqli_sql_exception: Cannot add or update a child row: a foreign key constraint fails (`prueba`.`docente`, CONSTRAINT `FK_DOCENTE_AULA` FOREIGN KEY (`aula_id`) REFERENCES `aula` (`id`)) in C:\xampp\htdocs\codeigniter4-login\system\Database\MySQLi\Connection.php:295
Stack trace:
#0 C:\xampp\htdocs\codeigniter4-login\system\Database\MySQLi\Connection.php(295): mysqli->query('INSERT INTO `do...', 0)
#1 C:\xampp\htdocs\codeigniter4-login\system\Database\BaseConnection.php(692): CodeIgniter\Database\MySQLi\Connection->execute('INSERT INTO `do...')
#2 C:\xampp\htdocs\codeigniter4-login\system\Database\BaseConnection.php(606): CodeIgniter\Database\BaseConnection->simpleQuery('INSERT INTO `do...')
#3 C:\xampp\htdocs\codeigniter4-login\system\Database\BaseBuilder.php(2309): CodeIgniter\Database\BaseConnection->query('INSERT INTO `do...', Array, false)
#4 C:\xampp\htdocs\codeigniter4-login\system\Model.php(330): CodeIgniter\Database\BaseBuilder->insert()
#5 C:\xampp\htdocs\codeigniter4-login\system\BaseModel.php(782): CodeIgniter\Model->doInsert(Array)
#6 C:\xampp\htdocs\codeigniter4-login\system\Model.php(730): CodeIgniter\BaseModel->insert(Array, true)
#7 C:\xampp\htdocs\codeigniter4-login\app\Controllers\DocenteController.php(158): CodeIgniter\Model->insert(Array)
#8 C:\xampp\htdocs\codeigniter4-login\system\CodeIgniter.php(932): App\Controllers\DocenteController->guardarDocente()
#9 C:\xampp\htdocs\codeigniter4-login\system\CodeIgniter.php(497): CodeIgniter\CodeIgniter->runController(Object(App\Controllers\DocenteController))
#10 C:\xampp\htdocs\codeigniter4-login\system\CodeIgniter.php(366): CodeIgniter\CodeIgniter->handleRequest(NULL, Object(Config\Cache), false)
#11 C:\xampp\htdocs\codeigniter4-login\public\index.php(67): CodeIgniter\CodeIgniter->run()
#12 {main}
CRITICAL - 2023-07-11 18:07:35 --> Cannot add or update a child row: a foreign key constraint fails (`prueba`.`docente`, CONSTRAINT `FK_DOCENTE_AULA` FOREIGN KEY (`aula_id`) REFERENCES `aula` (`id`))
in SYSTEMPATH\Database\MySQLi\Connection.php on line 295.
 1 SYSTEMPATH\Database\MySQLi\Connection.php(295): mysqli->query('INSERT INTO `docente` (`curso_id`, `aula_id`, `usuario_id`) VALUES (\'\', \'\', 21)', 0)
 2 SYSTEMPATH\Database\BaseConnection.php(692): CodeIgniter\Database\MySQLi\Connection->execute('INSERT INTO `docente` (`curso_id`, `aula_id`, `usuario_id`) VALUES (\'\', \'\', 21)')
 3 SYSTEMPATH\Database\BaseConnection.php(606): CodeIgniter\Database\BaseConnection->simpleQuery('INSERT INTO `docente` (`curso_id`, `aula_id`, `usuario_id`) VALUES (\'\', \'\', 21)')
 4 SYSTEMPATH\Database\BaseBuilder.php(2309): CodeIgniter\Database\BaseConnection->query('INSERT INTO `docente` (`curso_id`, `aula_id`, `usuario_id`) VALUES (:curso_id:, :aula_id:, :usuario_id:)', [...], false)
 5 SYSTEMPATH\Model.php(330): CodeIgniter\Database\BaseBuilder->insert()
 6 SYSTEMPATH\BaseModel.php(782): CodeIgniter\Model->doInsert([...])
 7 SYSTEMPATH\Model.php(730): CodeIgniter\BaseModel->insert([...], true)
 8 APPPATH\Controllers\DocenteController.php(158): CodeIgniter\Model->insert([...])
 9 SYSTEMPATH\CodeIgniter.php(932): App\Controllers\DocenteController->guardarDocente()
10 SYSTEMPATH\CodeIgniter.php(497): CodeIgniter\CodeIgniter->runController(Object(App\Controllers\DocenteController))
11 SYSTEMPATH\CodeIgniter.php(366): CodeIgniter\CodeIgniter->handleRequest(null, Object(Config\Cache), false)
12 FCPATH\index.php(67): CodeIgniter\CodeIgniter->run()
ERROR - 2023-07-11 18:09:11 --> mysqli_sql_exception: Cannot add or update a child row: a foreign key constraint fails (`prueba`.`docente`, CONSTRAINT `FK_DOCENTE_AULA` FOREIGN KEY (`aula_id`) REFERENCES `aula` (`id`)) in C:\xampp\htdocs\codeigniter4-login\system\Database\MySQLi\Connection.php:295
Stack trace:
#0 C:\xampp\htdocs\codeigniter4-login\system\Database\MySQLi\Connection.php(295): mysqli->query('INSERT INTO `do...', 0)
#1 C:\xampp\htdocs\codeigniter4-login\system\Database\BaseConnection.php(692): CodeIgniter\Database\MySQLi\Connection->execute('INSERT INTO `do...')
#2 C:\xampp\htdocs\codeigniter4-login\system\Database\BaseConnection.php(606): CodeIgniter\Database\BaseConnection->simpleQuery('INSERT INTO `do...')
#3 C:\xampp\htdocs\codeigniter4-login\system\Database\BaseBuilder.php(2309): CodeIgniter\Database\BaseConnection->query('INSERT INTO `do...', Array, false)
#4 C:\xampp\htdocs\codeigniter4-login\system\Model.php(330): CodeIgniter\Database\BaseBuilder->insert()
#5 C:\xampp\htdocs\codeigniter4-login\system\BaseModel.php(782): CodeIgniter\Model->doInsert(Array)
#6 C:\xampp\htdocs\codeigniter4-login\system\Model.php(730): CodeIgniter\BaseModel->insert(Array, true)
#7 C:\xampp\htdocs\codeigniter4-login\app\Controllers\DocenteController.php(158): CodeIgniter\Model->insert(Array)
#8 C:\xampp\htdocs\codeigniter4-login\system\CodeIgniter.php(932): App\Controllers\DocenteController->guardarDocente()
#9 C:\xampp\htdocs\codeigniter4-login\system\CodeIgniter.php(497): CodeIgniter\CodeIgniter->runController(Object(App\Controllers\DocenteController))
#10 C:\xampp\htdocs\codeigniter4-login\system\CodeIgniter.php(366): CodeIgniter\CodeIgniter->handleRequest(NULL, Object(Config\Cache), false)
#11 C:\xampp\htdocs\codeigniter4-login\public\index.php(67): CodeIgniter\CodeIgniter->run()
#12 {main}
CRITICAL - 2023-07-11 18:09:11 --> Cannot add or update a child row: a foreign key constraint fails (`prueba`.`docente`, CONSTRAINT `FK_DOCENTE_AULA` FOREIGN KEY (`aula_id`) REFERENCES `aula` (`id`))
in SYSTEMPATH\Database\MySQLi\Connection.php on line 295.
 1 SYSTEMPATH\Database\MySQLi\Connection.php(295): mysqli->query('INSERT INTO `docente` (`curso_id`, `aula_id`, `usuario_id`) VALUES (\'\', \'\', 22)', 0)
 2 SYSTEMPATH\Database\BaseConnection.php(692): CodeIgniter\Database\MySQLi\Connection->execute('INSERT INTO `docente` (`curso_id`, `aula_id`, `usuario_id`) VALUES (\'\', \'\', 22)')
 3 SYSTEMPATH\Database\BaseConnection.php(606): CodeIgniter\Database\BaseConnection->simpleQuery('INSERT INTO `docente` (`curso_id`, `aula_id`, `usuario_id`) VALUES (\'\', \'\', 22)')
 4 SYSTEMPATH\Database\BaseBuilder.php(2309): CodeIgniter\Database\BaseConnection->query('INSERT INTO `docente` (`curso_id`, `aula_id`, `usuario_id`) VALUES (:curso_id:, :aula_id:, :usuario_id:)', [...], false)
 5 SYSTEMPATH\Model.php(330): CodeIgniter\Database\BaseBuilder->insert()
 6 SYSTEMPATH\BaseModel.php(782): CodeIgniter\Model->doInsert([...])
 7 SYSTEMPATH\Model.php(730): CodeIgniter\BaseModel->insert([...], true)
 8 APPPATH\Controllers\DocenteController.php(158): CodeIgniter\Model->insert([...])
 9 SYSTEMPATH\CodeIgniter.php(932): App\Controllers\DocenteController->guardarDocente()
10 SYSTEMPATH\CodeIgniter.php(497): CodeIgniter\CodeIgniter->runController(Object(App\Controllers\DocenteController))
11 SYSTEMPATH\CodeIgniter.php(366): CodeIgniter\CodeIgniter->handleRequest(null, Object(Config\Cache), false)
12 FCPATH\index.php(67): CodeIgniter\CodeIgniter->run()
ERROR - 2023-07-11 18:14:11 --> mysqli_sql_exception: Cannot add or update a child row: a foreign key constraint fails (`prueba`.`docente`, CONSTRAINT `FK_DOCENTE_AULA` FOREIGN KEY (`aula_id`) REFERENCES `aula` (`id`)) in C:\xampp\htdocs\codeigniter4-login\system\Database\MySQLi\Connection.php:295
Stack trace:
#0 C:\xampp\htdocs\codeigniter4-login\system\Database\MySQLi\Connection.php(295): mysqli->query('INSERT INTO `do...', 0)
#1 C:\xampp\htdocs\codeigniter4-login\system\Database\BaseConnection.php(692): CodeIgniter\Database\MySQLi\Connection->execute('INSERT INTO `do...')
#2 C:\xampp\htdocs\codeigniter4-login\system\Database\BaseConnection.php(606): CodeIgniter\Database\BaseConnection->simpleQuery('INSERT INTO `do...')
#3 C:\xampp\htdocs\codeigniter4-login\system\Database\BaseBuilder.php(2309): CodeIgniter\Database\BaseConnection->query('INSERT INTO `do...', Array, false)
#4 C:\xampp\htdocs\codeigniter4-login\system\Model.php(330): CodeIgniter\Database\BaseBuilder->insert()
#5 C:\xampp\htdocs\codeigniter4-login\system\BaseModel.php(782): CodeIgniter\Model->doInsert(Array)
#6 C:\xampp\htdocs\codeigniter4-login\system\Model.php(730): CodeIgniter\BaseModel->insert(Array, true)
#7 C:\xampp\htdocs\codeigniter4-login\app\Controllers\DocenteController.php(158): CodeIgniter\Model->insert(Array)
#8 C:\xampp\htdocs\codeigniter4-login\system\CodeIgniter.php(932): App\Controllers\DocenteController->guardarDocente()
#9 C:\xampp\htdocs\codeigniter4-login\system\CodeIgniter.php(497): CodeIgniter\CodeIgniter->runController(Object(App\Controllers\DocenteController))
#10 C:\xampp\htdocs\codeigniter4-login\system\CodeIgniter.php(366): CodeIgniter\CodeIgniter->handleRequest(NULL, Object(Config\Cache), false)
#11 C:\xampp\htdocs\codeigniter4-login\public\index.php(67): CodeIgniter\CodeIgniter->run()
#12 {main}
CRITICAL - 2023-07-11 18:14:11 --> Cannot add or update a child row: a foreign key constraint fails (`prueba`.`docente`, CONSTRAINT `FK_DOCENTE_AULA` FOREIGN KEY (`aula_id`) REFERENCES `aula` (`id`))
in SYSTEMPATH\Database\MySQLi\Connection.php on line 295.
 1 SYSTEMPATH\Database\MySQLi\Connection.php(295): mysqli->query('INSERT INTO `docente` (`curso_id`, `aula_id`, `usuario_id`) VALUES (\'\', \'\', 23)', 0)
 2 SYSTEMPATH\Database\BaseConnection.php(692): CodeIgniter\Database\MySQLi\Connection->execute('INSERT INTO `docente` (`curso_id`, `aula_id`, `usuario_id`) VALUES (\'\', \'\', 23)')
 3 SYSTEMPATH\Database\BaseConnection.php(606): CodeIgniter\Database\BaseConnection->simpleQuery('INSERT INTO `docente` (`curso_id`, `aula_id`, `usuario_id`) VALUES (\'\', \'\', 23)')
 4 SYSTEMPATH\Database\BaseBuilder.php(2309): CodeIgniter\Database\BaseConnection->query('INSERT INTO `docente` (`curso_id`, `aula_id`, `usuario_id`) VALUES (:curso_id:, :aula_id:, :usuario_id:)', [...], false)
 5 SYSTEMPATH\Model.php(330): CodeIgniter\Database\BaseBuilder->insert()
 6 SYSTEMPATH\BaseModel.php(782): CodeIgniter\Model->doInsert([...])
 7 SYSTEMPATH\Model.php(730): CodeIgniter\BaseModel->insert([...], true)
 8 APPPATH\Controllers\DocenteController.php(158): CodeIgniter\Model->insert([...])
 9 SYSTEMPATH\CodeIgniter.php(932): App\Controllers\DocenteController->guardarDocente()
10 SYSTEMPATH\CodeIgniter.php(497): CodeIgniter\CodeIgniter->runController(Object(App\Controllers\DocenteController))
11 SYSTEMPATH\CodeIgniter.php(366): CodeIgniter\CodeIgniter->handleRequest(null, Object(Config\Cache), false)
12 FCPATH\index.php(67): CodeIgniter\CodeIgniter->run()
ERROR - 2023-07-11 18:14:30 --> mysqli_sql_exception: Cannot add or update a child row: a foreign key constraint fails (`prueba`.`docente`, CONSTRAINT `FK_DOCENTE_CURSO` FOREIGN KEY (`curso_id`) REFERENCES `curso` (`id`)) in C:\xampp\htdocs\codeigniter4-login\system\Database\MySQLi\Connection.php:295
Stack trace:
#0 C:\xampp\htdocs\codeigniter4-login\system\Database\MySQLi\Connection.php(295): mysqli->query('INSERT INTO `do...', 0)
#1 C:\xampp\htdocs\codeigniter4-login\system\Database\BaseConnection.php(692): CodeIgniter\Database\MySQLi\Connection->execute('INSERT INTO `do...')
#2 C:\xampp\htdocs\codeigniter4-login\system\Database\BaseConnection.php(606): CodeIgniter\Database\BaseConnection->simpleQuery('INSERT INTO `do...')
#3 C:\xampp\htdocs\codeigniter4-login\system\Database\BaseBuilder.php(2309): CodeIgniter\Database\BaseConnection->query('INSERT INTO `do...', Array, false)
#4 C:\xampp\htdocs\codeigniter4-login\system\Model.php(330): CodeIgniter\Database\BaseBuilder->insert()
#5 C:\xampp\htdocs\codeigniter4-login\system\BaseModel.php(782): CodeIgniter\Model->doInsert(Array)
#6 C:\xampp\htdocs\codeigniter4-login\system\Model.php(730): CodeIgniter\BaseModel->insert(Array, true)
#7 C:\xampp\htdocs\codeigniter4-login\app\Controllers\DocenteController.php(158): CodeIgniter\Model->insert(Array)
#8 C:\xampp\htdocs\codeigniter4-login\system\CodeIgniter.php(932): App\Controllers\DocenteController->guardarDocente()
#9 C:\xampp\htdocs\codeigniter4-login\system\CodeIgniter.php(497): CodeIgniter\CodeIgniter->runController(Object(App\Controllers\DocenteController))
#10 C:\xampp\htdocs\codeigniter4-login\system\CodeIgniter.php(366): CodeIgniter\CodeIgniter->handleRequest(NULL, Object(Config\Cache), false)
#11 C:\xampp\htdocs\codeigniter4-login\public\index.php(67): CodeIgniter\CodeIgniter->run()
#12 {main}
CRITICAL - 2023-07-11 18:14:30 --> Cannot add or update a child row: a foreign key constraint fails (`prueba`.`docente`, CONSTRAINT `FK_DOCENTE_CURSO` FOREIGN KEY (`curso_id`) REFERENCES `curso` (`id`))
in SYSTEMPATH\Database\MySQLi\Connection.php on line 295.
 1 SYSTEMPATH\Database\MySQLi\Connection.php(295): mysqli->query('INSERT INTO `docente` (`curso_id`, `aula_id`, `usuario_id`) VALUES (\'\', \'1\', 24)', 0)
 2 SYSTEMPATH\Database\BaseConnection.php(692): CodeIgniter\Database\MySQLi\Connection->execute('INSERT INTO `docente` (`curso_id`, `aula_id`, `usuario_id`) VALUES (\'\', \'1\', 24)')
 3 SYSTEMPATH\Database\BaseConnection.php(606): CodeIgniter\Database\BaseConnection->simpleQuery('INSERT INTO `docente` (`curso_id`, `aula_id`, `usuario_id`) VALUES (\'\', \'1\', 24)')
 4 SYSTEMPATH\Database\BaseBuilder.php(2309): CodeIgniter\Database\BaseConnection->query('INSERT INTO `docente` (`curso_id`, `aula_id`, `usuario_id`) VALUES (:curso_id:, :aula_id:, :usuario_id:)', [...], false)
 5 SYSTEMPATH\Model.php(330): CodeIgniter\Database\BaseBuilder->insert()
 6 SYSTEMPATH\BaseModel.php(782): CodeIgniter\Model->doInsert([...])
 7 SYSTEMPATH\Model.php(730): CodeIgniter\BaseModel->insert([...], true)
 8 APPPATH\Controllers\DocenteController.php(158): CodeIgniter\Model->insert([...])
 9 SYSTEMPATH\CodeIgniter.php(932): App\Controllers\DocenteController->guardarDocente()
10 SYSTEMPATH\CodeIgniter.php(497): CodeIgniter\CodeIgniter->runController(Object(App\Controllers\DocenteController))
11 SYSTEMPATH\CodeIgniter.php(366): CodeIgniter\CodeIgniter->handleRequest(null, Object(Config\Cache), false)
12 FCPATH\index.php(67): CodeIgniter\CodeIgniter->run()
ERROR - 2023-07-11 18:16:02 --> mysqli_sql_exception: Cannot add or update a child row: a foreign key constraint fails (`prueba`.`docente`, CONSTRAINT `FK_DOCENTE_AULA` FOREIGN KEY (`aula_id`) REFERENCES `aula` (`id`)) in C:\xampp\htdocs\codeigniter4-login\system\Database\MySQLi\Connection.php:295
Stack trace:
#0 C:\xampp\htdocs\codeigniter4-login\system\Database\MySQLi\Connection.php(295): mysqli->query('INSERT INTO `do...', 0)
#1 C:\xampp\htdocs\codeigniter4-login\system\Database\BaseConnection.php(692): CodeIgniter\Database\MySQLi\Connection->execute('INSERT INTO `do...')
#2 C:\xampp\htdocs\codeigniter4-login\system\Database\BaseConnection.php(606): CodeIgniter\Database\BaseConnection->simpleQuery('INSERT INTO `do...')
#3 C:\xampp\htdocs\codeigniter4-login\system\Database\BaseBuilder.php(2309): CodeIgniter\Database\BaseConnection->query('INSERT INTO `do...', Array, false)
#4 C:\xampp\htdocs\codeigniter4-login\system\Model.php(330): CodeIgniter\Database\BaseBuilder->insert()
#5 C:\xampp\htdocs\codeigniter4-login\system\BaseModel.php(782): CodeIgniter\Model->doInsert(Array)
#6 C:\xampp\htdocs\codeigniter4-login\system\Model.php(730): CodeIgniter\BaseModel->insert(Array, true)
#7 C:\xampp\htdocs\codeigniter4-login\app\Controllers\DocenteController.php(158): CodeIgniter\Model->insert(Array)
#8 C:\xampp\htdocs\codeigniter4-login\system\CodeIgniter.php(932): App\Controllers\DocenteController->guardarDocente()
#9 C:\xampp\htdocs\codeigniter4-login\system\CodeIgniter.php(497): CodeIgniter\CodeIgniter->runController(Object(App\Controllers\DocenteController))
#10 C:\xampp\htdocs\codeigniter4-login\system\CodeIgniter.php(366): CodeIgniter\CodeIgniter->handleRequest(NULL, Object(Config\Cache), false)
#11 C:\xampp\htdocs\codeigniter4-login\public\index.php(67): CodeIgniter\CodeIgniter->run()
#12 {main}
CRITICAL - 2023-07-11 18:16:02 --> Cannot add or update a child row: a foreign key constraint fails (`prueba`.`docente`, CONSTRAINT `FK_DOCENTE_AULA` FOREIGN KEY (`aula_id`) REFERENCES `aula` (`id`))
in SYSTEMPATH\Database\MySQLi\Connection.php on line 295.
 1 SYSTEMPATH\Database\MySQLi\Connection.php(295): mysqli->query('INSERT INTO `docente` (`curso_id`, `aula_id`, `usuario_id`) VALUES (\'1\', \'\', 25)', 0)
 2 SYSTEMPATH\Database\BaseConnection.php(692): CodeIgniter\Database\MySQLi\Connection->execute('INSERT INTO `docente` (`curso_id`, `aula_id`, `usuario_id`) VALUES (\'1\', \'\', 25)')
 3 SYSTEMPATH\Database\BaseConnection.php(606): CodeIgniter\Database\BaseConnection->simpleQuery('INSERT INTO `docente` (`curso_id`, `aula_id`, `usuario_id`) VALUES (\'1\', \'\', 25)')
 4 SYSTEMPATH\Database\BaseBuilder.php(2309): CodeIgniter\Database\BaseConnection->query('INSERT INTO `docente` (`curso_id`, `aula_id`, `usuario_id`) VALUES (:curso_id:, :aula_id:, :usuario_id:)', [...], false)
 5 SYSTEMPATH\Model.php(330): CodeIgniter\Database\BaseBuilder->insert()
 6 SYSTEMPATH\BaseModel.php(782): CodeIgniter\Model->doInsert([...])
 7 SYSTEMPATH\Model.php(730): CodeIgniter\BaseModel->insert([...], true)
 8 APPPATH\Controllers\DocenteController.php(158): CodeIgniter\Model->insert([...])
 9 SYSTEMPATH\CodeIgniter.php(932): App\Controllers\DocenteController->guardarDocente()
10 SYSTEMPATH\CodeIgniter.php(497): CodeIgniter\CodeIgniter->runController(Object(App\Controllers\DocenteController))
11 SYSTEMPATH\CodeIgniter.php(366): CodeIgniter\CodeIgniter->handleRequest(null, Object(Config\Cache), false)
12 FCPATH\index.php(67): CodeIgniter\CodeIgniter->run()
ERROR - 2023-07-11 18:19:06 --> mysqli_sql_exception: Cannot add or update a child row: a foreign key constraint fails (`prueba`.`docente`, CONSTRAINT `FK_DOCENTE_AULA` FOREIGN KEY (`aula_id`) REFERENCES `aula` (`id`)) in C:\xampp\htdocs\codeigniter4-login\system\Database\MySQLi\Connection.php:295
Stack trace:
#0 C:\xampp\htdocs\codeigniter4-login\system\Database\MySQLi\Connection.php(295): mysqli->query('INSERT INTO `do...', 0)
#1 C:\xampp\htdocs\codeigniter4-login\system\Database\BaseConnection.php(692): CodeIgniter\Database\MySQLi\Connection->execute('INSERT INTO `do...')
#2 C:\xampp\htdocs\codeigniter4-login\system\Database\BaseConnection.php(606): CodeIgniter\Database\BaseConnection->simpleQuery('INSERT INTO `do...')
#3 C:\xampp\htdocs\codeigniter4-login\system\Database\BaseBuilder.php(2309): CodeIgniter\Database\BaseConnection->query('INSERT INTO `do...', Array, false)
#4 C:\xampp\htdocs\codeigniter4-login\system\Model.php(330): CodeIgniter\Database\BaseBuilder->insert()
#5 C:\xampp\htdocs\codeigniter4-login\system\BaseModel.php(782): CodeIgniter\Model->doInsert(Array)
#6 C:\xampp\htdocs\codeigniter4-login\system\Model.php(730): CodeIgniter\BaseModel->insert(Array, true)
#7 C:\xampp\htdocs\codeigniter4-login\app\Controllers\DocenteController.php(158): CodeIgniter\Model->insert(Array)
#8 C:\xampp\htdocs\codeigniter4-login\system\CodeIgniter.php(932): App\Controllers\DocenteController->guardarDocente()
#9 C:\xampp\htdocs\codeigniter4-login\system\CodeIgniter.php(497): CodeIgniter\CodeIgniter->runController(Object(App\Controllers\DocenteController))
#10 C:\xampp\htdocs\codeigniter4-login\system\CodeIgniter.php(366): CodeIgniter\CodeIgniter->handleRequest(NULL, Object(Config\Cache), false)
#11 C:\xampp\htdocs\codeigniter4-login\public\index.php(67): CodeIgniter\CodeIgniter->run()
#12 {main}
CRITICAL - 2023-07-11 18:19:06 --> Cannot add or update a child row: a foreign key constraint fails (`prueba`.`docente`, CONSTRAINT `FK_DOCENTE_AULA` FOREIGN KEY (`aula_id`) REFERENCES `aula` (`id`))
in SYSTEMPATH\Database\MySQLi\Connection.php on line 295.
 1 SYSTEMPATH\Database\MySQLi\Connection.php(295): mysqli->query('INSERT INTO `docente` (`curso_id`, `aula_id`, `usuario_id`) VALUES (\'\', \'\', 26)', 0)
 2 SYSTEMPATH\Database\BaseConnection.php(692): CodeIgniter\Database\MySQLi\Connection->execute('INSERT INTO `docente` (`curso_id`, `aula_id`, `usuario_id`) VALUES (\'\', \'\', 26)')
 3 SYSTEMPATH\Database\BaseConnection.php(606): CodeIgniter\Database\BaseConnection->simpleQuery('INSERT INTO `docente` (`curso_id`, `aula_id`, `usuario_id`) VALUES (\'\', \'\', 26)')
 4 SYSTEMPATH\Database\BaseBuilder.php(2309): CodeIgniter\Database\BaseConnection->query('INSERT INTO `docente` (`curso_id`, `aula_id`, `usuario_id`) VALUES (:curso_id:, :aula_id:, :usuario_id:)', [...], false)
 5 SYSTEMPATH\Model.php(330): CodeIgniter\Database\BaseBuilder->insert()
 6 SYSTEMPATH\BaseModel.php(782): CodeIgniter\Model->doInsert([...])
 7 SYSTEMPATH\Model.php(730): CodeIgniter\BaseModel->insert([...], true)
 8 APPPATH\Controllers\DocenteController.php(158): CodeIgniter\Model->insert([...])
 9 SYSTEMPATH\CodeIgniter.php(932): App\Controllers\DocenteController->guardarDocente()
10 SYSTEMPATH\CodeIgniter.php(497): CodeIgniter\CodeIgniter->runController(Object(App\Controllers\DocenteController))
11 SYSTEMPATH\CodeIgniter.php(366): CodeIgniter\CodeIgniter->handleRequest(null, Object(Config\Cache), false)
12 FCPATH\index.php(67): CodeIgniter\CodeIgniter->run()
CRITICAL - 2023-07-11 18:58:49 --> Undefined array key "seccion"
in APPPATH\Views\mantenimiento\docentes\crear.php on line 108.
 1 APPPATH\Views\mantenimiento\docentes\crear.php(108): CodeIgniter\Debug\Exceptions->errorHandler(2, 'Undefined array key "seccion"', 'C:\\xampp\\htdocs\\codeigniter4-login\\app\\Views\\mantenimiento\\docentes\\crear.php', 108)
 2 SYSTEMPATH\View\View.php(224): include('C:\\xampp\\htdocs\\codeigniter4-login\\app\\Views\\mantenimiento\\docentes\\crear.php')
 3 SYSTEMPATH\View\View.php(227): CodeIgniter\View\View->CodeIgniter\View\{closure}()
 4 SYSTEMPATH\Common.php(1180): CodeIgniter\View\View->render('mantenimiento/docentes/crear', [], true)
 5 APPPATH\Controllers\DocenteController.php(120): view('mantenimiento/docentes/crear', [...])
 6 SYSTEMPATH\CodeIgniter.php(932): App\Controllers\DocenteController->crearDocente()
 7 SYSTEMPATH\CodeIgniter.php(497): CodeIgniter\CodeIgniter->runController(Object(App\Controllers\DocenteController))
 8 SYSTEMPATH\CodeIgniter.php(366): CodeIgniter\CodeIgniter->handleRequest(null, Object(Config\Cache), false)
 9 FCPATH\index.php(67): CodeIgniter\CodeIgniter->run()
CRITICAL - 2023-07-11 18:59:28 --> Undefined array key "nivel"
in APPPATH\Views\mantenimiento\docentes\crear.php on line 108.
 1 APPPATH\Views\mantenimiento\docentes\crear.php(108): CodeIgniter\Debug\Exceptions->errorHandler(2, 'Undefined array key "nivel"', 'C:\\xampp\\htdocs\\codeigniter4-login\\app\\Views\\mantenimiento\\docentes\\crear.php', 108)
 2 SYSTEMPATH\View\View.php(224): include('C:\\xampp\\htdocs\\codeigniter4-login\\app\\Views\\mantenimiento\\docentes\\crear.php')
 3 SYSTEMPATH\View\View.php(227): CodeIgniter\View\View->CodeIgniter\View\{closure}()
 4 SYSTEMPATH\Common.php(1180): CodeIgniter\View\View->render('mantenimiento/docentes/crear', [], true)
 5 APPPATH\Controllers\DocenteController.php(120): view('mantenimiento/docentes/crear', [...])
 6 SYSTEMPATH\CodeIgniter.php(932): App\Controllers\DocenteController->crearDocente()
 7 SYSTEMPATH\CodeIgniter.php(497): CodeIgniter\CodeIgniter->runController(Object(App\Controllers\DocenteController))
 8 SYSTEMPATH\CodeIgniter.php(366): CodeIgniter\CodeIgniter->handleRequest(null, Object(Config\Cache), false)
 9 FCPATH\index.php(67): CodeIgniter\CodeIgniter->run()
CRITICAL - 2023-07-11 19:44:17 --> Undefined array key "dni"
in APPPATH\Views\mantenimiento\docentes\editar.php on line 17.
 1 APPPATH\Views\mantenimiento\docentes\editar.php(17): CodeIgniter\Debug\Exceptions->errorHandler(2, 'Undefined array key "dni"', 'C:\\xampp\\htdocs\\codeigniter4-login\\app\\Views\\mantenimiento\\docentes\\editar.php', 17)
 2 SYSTEMPATH\View\View.php(224): include('C:\\xampp\\htdocs\\codeigniter4-login\\app\\Views\\mantenimiento\\docentes\\editar.php')
 3 SYSTEMPATH\View\View.php(227): CodeIgniter\View\View->CodeIgniter\View\{closure}()
 4 SYSTEMPATH\Common.php(1180): CodeIgniter\View\View->render('mantenimiento/docentes/editar', [], true)
 5 APPPATH\Controllers\DocenteController.php(214): view('mantenimiento/docentes/editar', [...])
 6 SYSTEMPATH\CodeIgniter.php(932): App\Controllers\DocenteController->editarDocente('25')
 7 SYSTEMPATH\CodeIgniter.php(497): CodeIgniter\CodeIgniter->runController(Object(App\Controllers\DocenteController))
 8 SYSTEMPATH\CodeIgniter.php(366): CodeIgniter\CodeIgniter->handleRequest(null, Object(Config\Cache), false)
 9 FCPATH\index.php(67): CodeIgniter\CodeIgniter->run()
CRITICAL - 2023-07-11 19:46:40 --> Undefined variable $usuario
in APPPATH\Views\mantenimiento\docentes\editar.php on line 17.
 1 APPPATH\Views\mantenimiento\docentes\editar.php(17): CodeIgniter\Debug\Exceptions->errorHandler(2, 'Undefined variable $usuario', 'C:\\xampp\\htdocs\\codeigniter4-login\\app\\Views\\mantenimiento\\docentes\\editar.php', 17)
 2 SYSTEMPATH\View\View.php(224): include('C:\\xampp\\htdocs\\codeigniter4-login\\app\\Views\\mantenimiento\\docentes\\editar.php')
 3 SYSTEMPATH\View\View.php(227): CodeIgniter\View\View->CodeIgniter\View\{closure}()
 4 SYSTEMPATH\Common.php(1180): CodeIgniter\View\View->render('mantenimiento/docentes/editar', [], true)
 5 APPPATH\Controllers\DocenteController.php(214): view('mantenimiento/docentes/editar', [...])
 6 SYSTEMPATH\CodeIgniter.php(932): App\Controllers\DocenteController->editarDocente('25')
 7 SYSTEMPATH\CodeIgniter.php(497): CodeIgniter\CodeIgniter->runController(Object(App\Controllers\DocenteController))
 8 SYSTEMPATH\CodeIgniter.php(366): CodeIgniter\CodeIgniter->handleRequest(null, Object(Config\Cache), false)
 9 FCPATH\index.php(67): CodeIgniter\CodeIgniter->run()
CRITICAL - 2023-07-11 19:47:53 --> Undefined variable $usuario
in APPPATH\Views\mantenimiento\docentes\editar.php on line 17.
 1 APPPATH\Views\mantenimiento\docentes\editar.php(17): CodeIgniter\Debug\Exceptions->errorHandler(2, 'Undefined variable $usuario', 'C:\\xampp\\htdocs\\codeigniter4-login\\app\\Views\\mantenimiento\\docentes\\editar.php', 17)
 2 SYSTEMPATH\View\View.php(224): include('C:\\xampp\\htdocs\\codeigniter4-login\\app\\Views\\mantenimiento\\docentes\\editar.php')
 3 SYSTEMPATH\View\View.php(227): CodeIgniter\View\View->CodeIgniter\View\{closure}()
 4 SYSTEMPATH\Common.php(1180): CodeIgniter\View\View->render('mantenimiento/docentes/editar', [], true)
 5 APPPATH\Controllers\DocenteController.php(214): view('mantenimiento/docentes/editar', [...])
 6 SYSTEMPATH\CodeIgniter.php(932): App\Controllers\DocenteController->editarDocente('25')
 7 SYSTEMPATH\CodeIgniter.php(497): CodeIgniter\CodeIgniter->runController(Object(App\Controllers\DocenteController))
 8 SYSTEMPATH\CodeIgniter.php(366): CodeIgniter\CodeIgniter->handleRequest(null, Object(Config\Cache), false)
 9 FCPATH\index.php(67): CodeIgniter\CodeIgniter->run()
CRITICAL - 2023-07-11 19:47:54 --> Undefined array key "dni"
in APPPATH\Views\mantenimiento\docentes\editar.php on line 17.
 1 APPPATH\Views\mantenimiento\docentes\editar.php(17): CodeIgniter\Debug\Exceptions->errorHandler(2, 'Undefined array key "dni"', 'C:\\xampp\\htdocs\\codeigniter4-login\\app\\Views\\mantenimiento\\docentes\\editar.php', 17)
 2 SYSTEMPATH\View\View.php(224): include('C:\\xampp\\htdocs\\codeigniter4-login\\app\\Views\\mantenimiento\\docentes\\editar.php')
 3 SYSTEMPATH\View\View.php(227): CodeIgniter\View\View->CodeIgniter\View\{closure}()
 4 SYSTEMPATH\Common.php(1180): CodeIgniter\View\View->render('mantenimiento/docentes/editar', [], true)
 5 APPPATH\Controllers\DocenteController.php(214): view('mantenimiento/docentes/editar', [...])
 6 SYSTEMPATH\CodeIgniter.php(932): App\Controllers\DocenteController->editarDocente('25')
 7 SYSTEMPATH\CodeIgniter.php(497): CodeIgniter\CodeIgniter->runController(Object(App\Controllers\DocenteController))
 8 SYSTEMPATH\CodeIgniter.php(366): CodeIgniter\CodeIgniter->handleRequest(null, Object(Config\Cache), false)
 9 FCPATH\index.php(67): CodeIgniter\CodeIgniter->run()
CRITICAL - 2023-07-11 19:49:23 --> Undefined variable $alumno
in APPPATH\Views\mantenimiento\docentes\editar.php on line 20.
 1 APPPATH\Views\mantenimiento\docentes\editar.php(20): CodeIgniter\Debug\Exceptions->errorHandler(2, 'Undefined variable $alumno', 'C:\\xampp\\htdocs\\codeigniter4-login\\app\\Views\\mantenimiento\\docentes\\editar.php', 20)
 2 SYSTEMPATH\View\View.php(224): include('C:\\xampp\\htdocs\\codeigniter4-login\\app\\Views\\mantenimiento\\docentes\\editar.php')
 3 SYSTEMPATH\View\View.php(227): CodeIgniter\View\View->CodeIgniter\View\{closure}()
 4 SYSTEMPATH\Common.php(1180): CodeIgniter\View\View->render('mantenimiento/docentes/editar', [], true)
 5 APPPATH\Controllers\DocenteController.php(214): view('mantenimiento/docentes/editar', [...])
 6 SYSTEMPATH\CodeIgniter.php(932): App\Controllers\DocenteController->editarDocente('25')
 7 SYSTEMPATH\CodeIgniter.php(497): CodeIgniter\CodeIgniter->runController(Object(App\Controllers\DocenteController))
 8 SYSTEMPATH\CodeIgniter.php(366): CodeIgniter\CodeIgniter->handleRequest(null, Object(Config\Cache), false)
 9 FCPATH\index.php(67): CodeIgniter\CodeIgniter->run()
CRITICAL - 2023-07-11 19:49:57 --> Undefined variable $alumno
in APPPATH\Views\mantenimiento\docentes\editar.php on line 19.
 1 APPPATH\Views\mantenimiento\docentes\editar.php(19): CodeIgniter\Debug\Exceptions->errorHandler(2, 'Undefined variable $alumno', 'C:\\xampp\\htdocs\\codeigniter4-login\\app\\Views\\mantenimiento\\docentes\\editar.php', 19)
 2 SYSTEMPATH\View\View.php(224): include('C:\\xampp\\htdocs\\codeigniter4-login\\app\\Views\\mantenimiento\\docentes\\editar.php')
 3 SYSTEMPATH\View\View.php(227): CodeIgniter\View\View->CodeIgniter\View\{closure}()
 4 SYSTEMPATH\Common.php(1180): CodeIgniter\View\View->render('mantenimiento/docentes/editar', [], true)
 5 APPPATH\Controllers\DocenteController.php(214): view('mantenimiento/docentes/editar', [...])
 6 SYSTEMPATH\CodeIgniter.php(932): App\Controllers\DocenteController->editarDocente('25')
 7 SYSTEMPATH\CodeIgniter.php(497): CodeIgniter\CodeIgniter->runController(Object(App\Controllers\DocenteController))
 8 SYSTEMPATH\CodeIgniter.php(366): CodeIgniter\CodeIgniter->handleRequest(null, Object(Config\Cache), false)
 9 FCPATH\index.php(67): CodeIgniter\CodeIgniter->run()
CRITICAL - 2023-07-11 19:49:58 --> Undefined variable $alumno
in APPPATH\Views\mantenimiento\docentes\editar.php on line 19.
 1 APPPATH\Views\mantenimiento\docentes\editar.php(19): CodeIgniter\Debug\Exceptions->errorHandler(2, 'Undefined variable $alumno', 'C:\\xampp\\htdocs\\codeigniter4-login\\app\\Views\\mantenimiento\\docentes\\editar.php', 19)
 2 SYSTEMPATH\View\View.php(224): include('C:\\xampp\\htdocs\\codeigniter4-login\\app\\Views\\mantenimiento\\docentes\\editar.php')
 3 SYSTEMPATH\View\View.php(227): CodeIgniter\View\View->CodeIgniter\View\{closure}()
 4 SYSTEMPATH\Common.php(1180): CodeIgniter\View\View->render('mantenimiento/docentes/editar', [], true)
 5 APPPATH\Controllers\DocenteController.php(214): view('mantenimiento/docentes/editar', [...])
 6 SYSTEMPATH\CodeIgniter.php(932): App\Controllers\DocenteController->editarDocente('25')
 7 SYSTEMPATH\CodeIgniter.php(497): CodeIgniter\CodeIgniter->runController(Object(App\Controllers\DocenteController))
 8 SYSTEMPATH\CodeIgniter.php(366): CodeIgniter\CodeIgniter->handleRequest(null, Object(Config\Cache), false)
 9 FCPATH\index.php(67): CodeIgniter\CodeIgniter->run()
CRITICAL - 2023-07-11 19:51:01 --> Cannot use object of type stdClass as array
in APPPATH\Views\mantenimiento\docentes\editar.php on line 19.
 1 SYSTEMPATH\View\View.php(224): include()
 2 SYSTEMPATH\View\View.php(227): CodeIgniter\View\View->CodeIgniter\View\{closure}()
 3 SYSTEMPATH\Common.php(1180): CodeIgniter\View\View->render('mantenimiento/docentes/editar', [], true)
 4 APPPATH\Controllers\DocenteController.php(214): view('mantenimiento/docentes/editar', [...])
 5 SYSTEMPATH\CodeIgniter.php(932): App\Controllers\DocenteController->editarDocente('25')
 6 SYSTEMPATH\CodeIgniter.php(497): CodeIgniter\CodeIgniter->runController(Object(App\Controllers\DocenteController))
 7 SYSTEMPATH\CodeIgniter.php(366): CodeIgniter\CodeIgniter->handleRequest(null, Object(Config\Cache), false)
 8 FCPATH\index.php(67): CodeIgniter\CodeIgniter->run()
CRITICAL - 2023-07-11 19:52:01 --> Cannot use object of type stdClass as array
in APPPATH\Views\mantenimiento\docentes\editar.php on line 19.
 1 SYSTEMPATH\View\View.php(224): include()
 2 SYSTEMPATH\View\View.php(227): CodeIgniter\View\View->CodeIgniter\View\{closure}()
 3 SYSTEMPATH\Common.php(1180): CodeIgniter\View\View->render('mantenimiento/docentes/editar', [], true)
 4 APPPATH\Controllers\DocenteController.php(214): view('mantenimiento/docentes/editar', [...])
 5 SYSTEMPATH\CodeIgniter.php(932): App\Controllers\DocenteController->editarDocente('25')
 6 SYSTEMPATH\CodeIgniter.php(497): CodeIgniter\CodeIgniter->runController(Object(App\Controllers\DocenteController))
 7 SYSTEMPATH\CodeIgniter.php(366): CodeIgniter\CodeIgniter->handleRequest(null, Object(Config\Cache), false)
 8 FCPATH\index.php(67): CodeIgniter\CodeIgniter->run()
CRITICAL - 2023-07-11 19:54:07 --> Undefined variable $usuario
in APPPATH\Views\mantenimiento\docentes\editar.php on line 17.
 1 APPPATH\Views\mantenimiento\docentes\editar.php(17): CodeIgniter\Debug\Exceptions->errorHandler(2, 'Undefined variable $usuario', 'C:\\xampp\\htdocs\\codeigniter4-login\\app\\Views\\mantenimiento\\docentes\\editar.php', 17)
 2 SYSTEMPATH\View\View.php(224): include('C:\\xampp\\htdocs\\codeigniter4-login\\app\\Views\\mantenimiento\\docentes\\editar.php')
 3 SYSTEMPATH\View\View.php(227): CodeIgniter\View\View->CodeIgniter\View\{closure}()
 4 SYSTEMPATH\Common.php(1180): CodeIgniter\View\View->render('mantenimiento/docentes/editar', [], true)
 5 APPPATH\Controllers\DocenteController.php(214): view('mantenimiento/docentes/editar', [...])
 6 SYSTEMPATH\CodeIgniter.php(932): App\Controllers\DocenteController->editarDocente('25')
 7 SYSTEMPATH\CodeIgniter.php(497): CodeIgniter\CodeIgniter->runController(Object(App\Controllers\DocenteController))
 8 SYSTEMPATH\CodeIgniter.php(366): CodeIgniter\CodeIgniter->handleRequest(null, Object(Config\Cache), false)
 9 FCPATH\index.php(67): CodeIgniter\CodeIgniter->run()
CRITICAL - 2023-07-11 19:54:08 --> Undefined variable $usuario
in APPPATH\Views\mantenimiento\docentes\editar.php on line 17.
 1 APPPATH\Views\mantenimiento\docentes\editar.php(17): CodeIgniter\Debug\Exceptions->errorHandler(2, 'Undefined variable $usuario', 'C:\\xampp\\htdocs\\codeigniter4-login\\app\\Views\\mantenimiento\\docentes\\editar.php', 17)
 2 SYSTEMPATH\View\View.php(224): include('C:\\xampp\\htdocs\\codeigniter4-login\\app\\Views\\mantenimiento\\docentes\\editar.php')
 3 SYSTEMPATH\View\View.php(227): CodeIgniter\View\View->CodeIgniter\View\{closure}()
 4 SYSTEMPATH\Common.php(1180): CodeIgniter\View\View->render('mantenimiento/docentes/editar', [], true)
 5 APPPATH\Controllers\DocenteController.php(214): view('mantenimiento/docentes/editar', [...])
 6 SYSTEMPATH\CodeIgniter.php(932): App\Controllers\DocenteController->editarDocente('25')
 7 SYSTEMPATH\CodeIgniter.php(497): CodeIgniter\CodeIgniter->runController(Object(App\Controllers\DocenteController))
 8 SYSTEMPATH\CodeIgniter.php(366): CodeIgniter\CodeIgniter->handleRequest(null, Object(Config\Cache), false)
 9 FCPATH\index.php(67): CodeIgniter\CodeIgniter->run()
CRITICAL - 2023-07-11 19:58:02 --> Undefined array key "dni"
in APPPATH\Views\mantenimiento\docentes\editar.php on line 18.
 1 APPPATH\Views\mantenimiento\docentes\editar.php(18): CodeIgniter\Debug\Exceptions->errorHandler(2, 'Undefined array key "dni"', 'C:\\xampp\\htdocs\\codeigniter4-login\\app\\Views\\mantenimiento\\docentes\\editar.php', 18)
 2 SYSTEMPATH\View\View.php(224): include('C:\\xampp\\htdocs\\codeigniter4-login\\app\\Views\\mantenimiento\\docentes\\editar.php')
 3 SYSTEMPATH\View\View.php(227): CodeIgniter\View\View->CodeIgniter\View\{closure}()
 4 SYSTEMPATH\Common.php(1180): CodeIgniter\View\View->render('mantenimiento/docentes/editar', [], true)
 5 APPPATH\Controllers\DocenteController.php(214): view('mantenimiento/docentes/editar', [...])
 6 SYSTEMPATH\CodeIgniter.php(932): App\Controllers\DocenteController->editarDocente('25')
 7 SYSTEMPATH\CodeIgniter.php(497): CodeIgniter\CodeIgniter->runController(Object(App\Controllers\DocenteController))
 8 SYSTEMPATH\CodeIgniter.php(366): CodeIgniter\CodeIgniter->handleRequest(null, Object(Config\Cache), false)
 9 FCPATH\index.php(67): CodeIgniter\CodeIgniter->run()
CRITICAL - 2023-07-11 19:58:19 --> Attempt to read property "dni" on array
in APPPATH\Views\mantenimiento\docentes\editar.php on line 18.
 1 APPPATH\Views\mantenimiento\docentes\editar.php(18): CodeIgniter\Debug\Exceptions->errorHandler(2, 'Attempt to read property "dni" on array', 'C:\\xampp\\htdocs\\codeigniter4-login\\app\\Views\\mantenimiento\\docentes\\editar.php', 18)
 2 SYSTEMPATH\View\View.php(224): include('C:\\xampp\\htdocs\\codeigniter4-login\\app\\Views\\mantenimiento\\docentes\\editar.php')
 3 SYSTEMPATH\View\View.php(227): CodeIgniter\View\View->CodeIgniter\View\{closure}()
 4 SYSTEMPATH\Common.php(1180): CodeIgniter\View\View->render('mantenimiento/docentes/editar', [], true)
 5 APPPATH\Controllers\DocenteController.php(214): view('mantenimiento/docentes/editar', [...])
 6 SYSTEMPATH\CodeIgniter.php(932): App\Controllers\DocenteController->editarDocente('25')
 7 SYSTEMPATH\CodeIgniter.php(497): CodeIgniter\CodeIgniter->runController(Object(App\Controllers\DocenteController))
 8 SYSTEMPATH\CodeIgniter.php(366): CodeIgniter\CodeIgniter->handleRequest(null, Object(Config\Cache), false)
 9 FCPATH\index.php(67): CodeIgniter\CodeIgniter->run()
CRITICAL - 2023-07-11 19:59:10 --> Undefined array key "dni"
in APPPATH\Views\mantenimiento\docentes\editar.php on line 18.
 1 APPPATH\Views\mantenimiento\docentes\editar.php(18): CodeIgniter\Debug\Exceptions->errorHandler(2, 'Undefined array key "dni"', 'C:\\xampp\\htdocs\\codeigniter4-login\\app\\Views\\mantenimiento\\docentes\\editar.php', 18)
 2 SYSTEMPATH\View\View.php(224): include('C:\\xampp\\htdocs\\codeigniter4-login\\app\\Views\\mantenimiento\\docentes\\editar.php')
 3 SYSTEMPATH\View\View.php(227): CodeIgniter\View\View->CodeIgniter\View\{closure}()
 4 SYSTEMPATH\Common.php(1180): CodeIgniter\View\View->render('mantenimiento/docentes/editar', [], true)
 5 APPPATH\Controllers\DocenteController.php(214): view('mantenimiento/docentes/editar', [...])
 6 SYSTEMPATH\CodeIgniter.php(932): App\Controllers\DocenteController->editarDocente('25')
 7 SYSTEMPATH\CodeIgniter.php(497): CodeIgniter\CodeIgniter->runController(Object(App\Controllers\DocenteController))
 8 SYSTEMPATH\CodeIgniter.php(366): CodeIgniter\CodeIgniter->handleRequest(null, Object(Config\Cache), false)
 9 FCPATH\index.php(67): CodeIgniter\CodeIgniter->run()
CRITICAL - 2023-07-11 20:04:15 --> Undefined array key "dni"
in APPPATH\Views\mantenimiento\docentes\editar.php on line 18.
 1 APPPATH\Views\mantenimiento\docentes\editar.php(18): CodeIgniter\Debug\Exceptions->errorHandler(2, 'Undefined array key "dni"', 'C:\\xampp\\htdocs\\codeigniter4-login\\app\\Views\\mantenimiento\\docentes\\editar.php', 18)
 2 SYSTEMPATH\View\View.php(224): include('C:\\xampp\\htdocs\\codeigniter4-login\\app\\Views\\mantenimiento\\docentes\\editar.php')
 3 SYSTEMPATH\View\View.php(227): CodeIgniter\View\View->CodeIgniter\View\{closure}()
 4 SYSTEMPATH\Common.php(1180): CodeIgniter\View\View->render('mantenimiento/docentes/editar', [], true)
 5 APPPATH\Controllers\DocenteController.php(214): view('mantenimiento/docentes/editar', [...])
 6 SYSTEMPATH\CodeIgniter.php(932): App\Controllers\DocenteController->editarDocente('25')
 7 SYSTEMPATH\CodeIgniter.php(497): CodeIgniter\CodeIgniter->runController(Object(App\Controllers\DocenteController))
 8 SYSTEMPATH\CodeIgniter.php(366): CodeIgniter\CodeIgniter->handleRequest(null, Object(Config\Cache), false)
 9 FCPATH\index.php(67): CodeIgniter\CodeIgniter->run()
CRITICAL - 2023-07-11 20:05:58 --> Attempt to read property "id" on array
in APPPATH\Views\mantenimiento\docentes\editar.php on line 18.
 1 APPPATH\Views\mantenimiento\docentes\editar.php(18): CodeIgniter\Debug\Exceptions->errorHandler(2, 'Attempt to read property "id" on array', 'C:\\xampp\\htdocs\\codeigniter4-login\\app\\Views\\mantenimiento\\docentes\\editar.php', 18)
 2 SYSTEMPATH\View\View.php(224): include('C:\\xampp\\htdocs\\codeigniter4-login\\app\\Views\\mantenimiento\\docentes\\editar.php')
 3 SYSTEMPATH\View\View.php(227): CodeIgniter\View\View->CodeIgniter\View\{closure}()
 4 SYSTEMPATH\Common.php(1180): CodeIgniter\View\View->render('mantenimiento/docentes/editar', [], true)
 5 APPPATH\Controllers\DocenteController.php(214): view('mantenimiento/docentes/editar', [...])
 6 SYSTEMPATH\CodeIgniter.php(932): App\Controllers\DocenteController->editarDocente('25')
 7 SYSTEMPATH\CodeIgniter.php(497): CodeIgniter\CodeIgniter->runController(Object(App\Controllers\DocenteController))
 8 SYSTEMPATH\CodeIgniter.php(366): CodeIgniter\CodeIgniter->handleRequest(null, Object(Config\Cache), false)
 9 FCPATH\index.php(67): CodeIgniter\CodeIgniter->run()
CRITICAL - 2023-07-11 20:06:05 --> Attempt to read property "dni" on array
in APPPATH\Views\mantenimiento\docentes\editar.php on line 18.
 1 APPPATH\Views\mantenimiento\docentes\editar.php(18): CodeIgniter\Debug\Exceptions->errorHandler(2, 'Attempt to read property "dni" on array', 'C:\\xampp\\htdocs\\codeigniter4-login\\app\\Views\\mantenimiento\\docentes\\editar.php', 18)
 2 SYSTEMPATH\View\View.php(224): include('C:\\xampp\\htdocs\\codeigniter4-login\\app\\Views\\mantenimiento\\docentes\\editar.php')
 3 SYSTEMPATH\View\View.php(227): CodeIgniter\View\View->CodeIgniter\View\{closure}()
 4 SYSTEMPATH\Common.php(1180): CodeIgniter\View\View->render('mantenimiento/docentes/editar', [], true)
 5 APPPATH\Controllers\DocenteController.php(214): view('mantenimiento/docentes/editar', [...])
 6 SYSTEMPATH\CodeIgniter.php(932): App\Controllers\DocenteController->editarDocente('25')
 7 SYSTEMPATH\CodeIgniter.php(497): CodeIgniter\CodeIgniter->runController(Object(App\Controllers\DocenteController))
 8 SYSTEMPATH\CodeIgniter.php(366): CodeIgniter\CodeIgniter->handleRequest(null, Object(Config\Cache), false)
 9 FCPATH\index.php(67): CodeIgniter\CodeIgniter->run()
CRITICAL - 2023-07-11 20:06:29 --> Attempt to read property "dni" on array
in APPPATH\Views\mantenimiento\docentes\editar.php on line 18.
 1 APPPATH\Views\mantenimiento\docentes\editar.php(18): CodeIgniter\Debug\Exceptions->errorHandler(2, 'Attempt to read property "dni" on array', 'C:\\xampp\\htdocs\\codeigniter4-login\\app\\Views\\mantenimiento\\docentes\\editar.php', 18)
 2 SYSTEMPATH\View\View.php(224): include('C:\\xampp\\htdocs\\codeigniter4-login\\app\\Views\\mantenimiento\\docentes\\editar.php')
 3 SYSTEMPATH\View\View.php(227): CodeIgniter\View\View->CodeIgniter\View\{closure}()
 4 SYSTEMPATH\Common.php(1180): CodeIgniter\View\View->render('mantenimiento/docentes/editar', [], true)
 5 APPPATH\Controllers\DocenteController.php(214): view('mantenimiento/docentes/editar', [...])
 6 SYSTEMPATH\CodeIgniter.php(932): App\Controllers\DocenteController->editarDocente('25')
 7 SYSTEMPATH\CodeIgniter.php(497): CodeIgniter\CodeIgniter->runController(Object(App\Controllers\DocenteController))
 8 SYSTEMPATH\CodeIgniter.php(366): CodeIgniter\CodeIgniter->handleRequest(null, Object(Config\Cache), false)
 9 FCPATH\index.php(67): CodeIgniter\CodeIgniter->run()
CRITICAL - 2023-07-11 20:08:15 --> Undefined variable $docente
in APPPATH\Views\mantenimiento\docentes\editar.php on line 7.
 1 APPPATH\Views\mantenimiento\docentes\editar.php(7): CodeIgniter\Debug\Exceptions->errorHandler(2, 'Undefined variable $docente', 'C:\\xampp\\htdocs\\codeigniter4-login\\app\\Views\\mantenimiento\\docentes\\editar.php', 7)
 2 SYSTEMPATH\View\View.php(224): include('C:\\xampp\\htdocs\\codeigniter4-login\\app\\Views\\mantenimiento\\docentes\\editar.php')
 3 SYSTEMPATH\View\View.php(227): CodeIgniter\View\View->CodeIgniter\View\{closure}()
 4 SYSTEMPATH\Common.php(1180): CodeIgniter\View\View->render('mantenimiento/docentes/editar', [], true)
 5 APPPATH\Controllers\DocenteController.php(220): view('mantenimiento/docentes/editar', [...])
 6 SYSTEMPATH\CodeIgniter.php(932): App\Controllers\DocenteController->editarDocente('25')
 7 SYSTEMPATH\CodeIgniter.php(497): CodeIgniter\CodeIgniter->runController(Object(App\Controllers\DocenteController))
 8 SYSTEMPATH\CodeIgniter.php(366): CodeIgniter\CodeIgniter->handleRequest(null, Object(Config\Cache), false)
 9 FCPATH\index.php(67): CodeIgniter\CodeIgniter->run()
CRITICAL - 2023-07-11 20:08:22 --> Undefined variable $docente
in APPPATH\Views\mantenimiento\docentes\editar.php on line 7.
 1 APPPATH\Views\mantenimiento\docentes\editar.php(7): CodeIgniter\Debug\Exceptions->errorHandler(2, 'Undefined variable $docente', 'C:\\xampp\\htdocs\\codeigniter4-login\\app\\Views\\mantenimiento\\docentes\\editar.php', 7)
 2 SYSTEMPATH\View\View.php(224): include('C:\\xampp\\htdocs\\codeigniter4-login\\app\\Views\\mantenimiento\\docentes\\editar.php')
 3 SYSTEMPATH\View\View.php(227): CodeIgniter\View\View->CodeIgniter\View\{closure}()
 4 SYSTEMPATH\Common.php(1180): CodeIgniter\View\View->render('mantenimiento/docentes/editar', [], true)
 5 APPPATH\Controllers\DocenteController.php(220): view('mantenimiento/docentes/editar', [...])
 6 SYSTEMPATH\CodeIgniter.php(932): App\Controllers\DocenteController->editarDocente('25')
 7 SYSTEMPATH\CodeIgniter.php(497): CodeIgniter\CodeIgniter->runController(Object(App\Controllers\DocenteController))
 8 SYSTEMPATH\CodeIgniter.php(366): CodeIgniter\CodeIgniter->handleRequest(null, Object(Config\Cache), false)
 9 FCPATH\index.php(67): CodeIgniter\CodeIgniter->run()
CRITICAL - 2023-07-11 20:08:40 --> Undefined variable $docente
in APPPATH\Views\mantenimiento\docentes\editar.php on line 7.
 1 APPPATH\Views\mantenimiento\docentes\editar.php(7): CodeIgniter\Debug\Exceptions->errorHandler(2, 'Undefined variable $docente', 'C:\\xampp\\htdocs\\codeigniter4-login\\app\\Views\\mantenimiento\\docentes\\editar.php', 7)
 2 SYSTEMPATH\View\View.php(224): include('C:\\xampp\\htdocs\\codeigniter4-login\\app\\Views\\mantenimiento\\docentes\\editar.php')
 3 SYSTEMPATH\View\View.php(227): CodeIgniter\View\View->CodeIgniter\View\{closure}()
 4 SYSTEMPATH\Common.php(1180): CodeIgniter\View\View->render('mantenimiento/docentes/editar', [], true)
 5 APPPATH\Controllers\DocenteController.php(220): view('mantenimiento/docentes/editar', [...])
 6 SYSTEMPATH\CodeIgniter.php(932): App\Controllers\DocenteController->editarDocente('25')
 7 SYSTEMPATH\CodeIgniter.php(497): CodeIgniter\CodeIgniter->runController(Object(App\Controllers\DocenteController))
 8 SYSTEMPATH\CodeIgniter.php(366): CodeIgniter\CodeIgniter->handleRequest(null, Object(Config\Cache), false)
 9 FCPATH\index.php(67): CodeIgniter\CodeIgniter->run()
CRITICAL - 2023-07-11 20:08:59 --> Undefined variable $docentes
in APPPATH\Views\mantenimiento\docentes\editar.php on line 7.
 1 APPPATH\Views\mantenimiento\docentes\editar.php(7): CodeIgniter\Debug\Exceptions->errorHandler(2, 'Undefined variable $docentes', 'C:\\xampp\\htdocs\\codeigniter4-login\\app\\Views\\mantenimiento\\docentes\\editar.php', 7)
 2 SYSTEMPATH\View\View.php(224): include('C:\\xampp\\htdocs\\codeigniter4-login\\app\\Views\\mantenimiento\\docentes\\editar.php')
 3 SYSTEMPATH\View\View.php(227): CodeIgniter\View\View->CodeIgniter\View\{closure}()
 4 SYSTEMPATH\Common.php(1180): CodeIgniter\View\View->render('mantenimiento/docentes/editar', [], true)
 5 APPPATH\Controllers\DocenteController.php(220): view('mantenimiento/docentes/editar', [...])
 6 SYSTEMPATH\CodeIgniter.php(932): App\Controllers\DocenteController->editarDocente('25')
 7 SYSTEMPATH\CodeIgniter.php(497): CodeIgniter\CodeIgniter->runController(Object(App\Controllers\DocenteController))
 8 SYSTEMPATH\CodeIgniter.php(366): CodeIgniter\CodeIgniter->handleRequest(null, Object(Config\Cache), false)
 9 FCPATH\index.php(67): CodeIgniter\CodeIgniter->run()
CRITICAL - 2023-07-11 20:09:11 --> Undefined variable $docente
in APPPATH\Views\mantenimiento\docentes\editar.php on line 7.
 1 APPPATH\Views\mantenimiento\docentes\editar.php(7): CodeIgniter\Debug\Exceptions->errorHandler(2, 'Undefined variable $docente', 'C:\\xampp\\htdocs\\codeigniter4-login\\app\\Views\\mantenimiento\\docentes\\editar.php', 7)
 2 SYSTEMPATH\View\View.php(224): include('C:\\xampp\\htdocs\\codeigniter4-login\\app\\Views\\mantenimiento\\docentes\\editar.php')
 3 SYSTEMPATH\View\View.php(227): CodeIgniter\View\View->CodeIgniter\View\{closure}()
 4 SYSTEMPATH\Common.php(1180): CodeIgniter\View\View->render('mantenimiento/docentes/editar', [], true)
 5 APPPATH\Controllers\DocenteController.php(220): view('mantenimiento/docentes/editar', [...])
 6 SYSTEMPATH\CodeIgniter.php(932): App\Controllers\DocenteController->editarDocente('25')
 7 SYSTEMPATH\CodeIgniter.php(497): CodeIgniter\CodeIgniter->runController(Object(App\Controllers\DocenteController))
 8 SYSTEMPATH\CodeIgniter.php(366): CodeIgniter\CodeIgniter->handleRequest(null, Object(Config\Cache), false)
 9 FCPATH\index.php(67): CodeIgniter\CodeIgniter->run()
CRITICAL - 2023-07-11 20:10:24 --> Cannot use object of type App\Models\DocenteModel as array
in APPPATH\Views\mantenimiento\docentes\editar.php on line 7.
 1 SYSTEMPATH\View\View.php(224): include()
 2 SYSTEMPATH\View\View.php(227): CodeIgniter\View\View->CodeIgniter\View\{closure}()
 3 SYSTEMPATH\Common.php(1180): CodeIgniter\View\View->render('mantenimiento/docentes/editar', [], true)
 4 APPPATH\Controllers\DocenteController.php(221): view('mantenimiento/docentes/editar', [...])
 5 SYSTEMPATH\CodeIgniter.php(932): App\Controllers\DocenteController->editarDocente('25')
 6 SYSTEMPATH\CodeIgniter.php(497): CodeIgniter\CodeIgniter->runController(Object(App\Controllers\DocenteController))
 7 SYSTEMPATH\CodeIgniter.php(366): CodeIgniter\CodeIgniter->handleRequest(null, Object(Config\Cache), false)
 8 FCPATH\index.php(67): CodeIgniter\CodeIgniter->run()
CRITICAL - 2023-07-11 20:14:48 --> Undefined array key "dni"
in APPPATH\Views\mantenimiento\docentes\editar.php on line 11.
 1 APPPATH\Views\mantenimiento\docentes\editar.php(11): CodeIgniter\Debug\Exceptions->errorHandler(2, 'Undefined array key "dni"', 'C:\\xampp\\htdocs\\codeigniter4-login\\app\\Views\\mantenimiento\\docentes\\editar.php', 11)
 2 SYSTEMPATH\View\View.php(224): include('C:\\xampp\\htdocs\\codeigniter4-login\\app\\Views\\mantenimiento\\docentes\\editar.php')
 3 SYSTEMPATH\View\View.php(227): CodeIgniter\View\View->CodeIgniter\View\{closure}()
 4 SYSTEMPATH\Common.php(1180): CodeIgniter\View\View->render('mantenimiento/docentes/editar', [], true)
 5 APPPATH\Controllers\DocenteController.php(214): view('mantenimiento/docentes/editar', [...])
 6 SYSTEMPATH\CodeIgniter.php(932): App\Controllers\DocenteController->editarDocente('25')
 7 SYSTEMPATH\CodeIgniter.php(497): CodeIgniter\CodeIgniter->runController(Object(App\Controllers\DocenteController))
 8 SYSTEMPATH\CodeIgniter.php(366): CodeIgniter\CodeIgniter->handleRequest(null, Object(Config\Cache), false)
 9 FCPATH\index.php(67): CodeIgniter\CodeIgniter->run()
CRITICAL - 2023-07-11 20:17:46 --> Undefined variable $usuario
in APPPATH\Views\mantenimiento\docentes\editar.php on line 12.
 1 APPPATH\Views\mantenimiento\docentes\editar.php(12): CodeIgniter\Debug\Exceptions->errorHandler(2, 'Undefined variable $usuario', 'C:\\xampp\\htdocs\\codeigniter4-login\\app\\Views\\mantenimiento\\docentes\\editar.php', 12)
 2 SYSTEMPATH\View\View.php(224): include('C:\\xampp\\htdocs\\codeigniter4-login\\app\\Views\\mantenimiento\\docentes\\editar.php')
 3 SYSTEMPATH\View\View.php(227): CodeIgniter\View\View->CodeIgniter\View\{closure}()
 4 SYSTEMPATH\Common.php(1180): CodeIgniter\View\View->render('mantenimiento/docentes/editar', [], true)
 5 APPPATH\Controllers\DocenteController.php(214): view('mantenimiento/docentes/editar', [...])
 6 SYSTEMPATH\CodeIgniter.php(932): App\Controllers\DocenteController->editarDocente('25')
 7 SYSTEMPATH\CodeIgniter.php(497): CodeIgniter\CodeIgniter->runController(Object(App\Controllers\DocenteController))
 8 SYSTEMPATH\CodeIgniter.php(366): CodeIgniter\CodeIgniter->handleRequest(null, Object(Config\Cache), false)
 9 FCPATH\index.php(67): CodeIgniter\CodeIgniter->run()
CRITICAL - 2023-07-11 20:19:24 --> Undefined variable $loggedIn
in APPPATH\Views\template\header.php on line 41.
 1 APPPATH\Views\template\header.php(41): CodeIgniter\Debug\Exceptions->errorHandler(2, 'Undefined variable $loggedIn', 'C:\\xampp\\htdocs\\codeigniter4-login\\app\\Views\\template\\header.php', 41)
 2 SYSTEMPATH\View\View.php(224): include('C:\\xampp\\htdocs\\codeigniter4-login\\app\\Views\\template\\header.php')
 3 SYSTEMPATH\View\View.php(227): CodeIgniter\View\View->CodeIgniter\View\{closure}()
 4 SYSTEMPATH\Common.php(1180): CodeIgniter\View\View->render('template/header', [], true)
 5 APPPATH\Controllers\DocenteController.php(219): view('template/header', [...])
 6 SYSTEMPATH\CodeIgniter.php(932): App\Controllers\DocenteController->editarDocente('25')
 7 SYSTEMPATH\CodeIgniter.php(497): CodeIgniter\CodeIgniter->runController(Object(App\Controllers\DocenteController))
 8 SYSTEMPATH\CodeIgniter.php(366): CodeIgniter\CodeIgniter->handleRequest(null, Object(Config\Cache), false)
 9 FCPATH\index.php(67): CodeIgniter\CodeIgniter->run()
CRITICAL - 2023-07-11 20:19:51 --> Cannot use object of type App\Models\DocenteModel as array
in APPPATH\Views\mantenimiento\docentes\editar.php on line 7.
 1 SYSTEMPATH\View\View.php(224): include()
 2 SYSTEMPATH\View\View.php(227): CodeIgniter\View\View->CodeIgniter\View\{closure}()
 3 SYSTEMPATH\Common.php(1180): CodeIgniter\View\View->render('mantenimiento/docentes/editar', [], true)
 4 APPPATH\Controllers\DocenteController.php(220): view('mantenimiento/docentes/editar', [...])
 5 SYSTEMPATH\CodeIgniter.php(932): App\Controllers\DocenteController->editarDocente('25')
 6 SYSTEMPATH\CodeIgniter.php(497): CodeIgniter\CodeIgniter->runController(Object(App\Controllers\DocenteController))
 7 SYSTEMPATH\CodeIgniter.php(366): CodeIgniter\CodeIgniter->handleRequest(null, Object(Config\Cache), false)
 8 FCPATH\index.php(67): CodeIgniter\CodeIgniter->run()
CRITICAL - 2023-07-11 20:20:18 --> Cannot use object of type App\Models\DocenteModel as array
in APPPATH\Views\mantenimiento\docentes\editar.php on line 7.
 1 SYSTEMPATH\View\View.php(224): include()
 2 SYSTEMPATH\View\View.php(227): CodeIgniter\View\View->CodeIgniter\View\{closure}()
 3 SYSTEMPATH\Common.php(1180): CodeIgniter\View\View->render('mantenimiento/docentes/editar', [], true)
 4 APPPATH\Controllers\DocenteController.php(220): view('mantenimiento/docentes/editar', [...])
 5 SYSTEMPATH\CodeIgniter.php(932): App\Controllers\DocenteController->editarDocente('25')
 6 SYSTEMPATH\CodeIgniter.php(497): CodeIgniter\CodeIgniter->runController(Object(App\Controllers\DocenteController))
 7 SYSTEMPATH\CodeIgniter.php(366): CodeIgniter\CodeIgniter->handleRequest(null, Object(Config\Cache), false)
 8 FCPATH\index.php(67): CodeIgniter\CodeIgniter->run()
CRITICAL - 2023-07-11 20:22:02 --> Undefined array key "dni"
in APPPATH\Views\mantenimiento\docentes\editar.php on line 12.
 1 APPPATH\Views\mantenimiento\docentes\editar.php(12): CodeIgniter\Debug\Exceptions->errorHandler(2, 'Undefined array key "dni"', 'C:\\xampp\\htdocs\\codeigniter4-login\\app\\Views\\mantenimiento\\docentes\\editar.php', 12)
 2 SYSTEMPATH\View\View.php(224): include('C:\\xampp\\htdocs\\codeigniter4-login\\app\\Views\\mantenimiento\\docentes\\editar.php')
 3 SYSTEMPATH\View\View.php(227): CodeIgniter\View\View->CodeIgniter\View\{closure}()
 4 SYSTEMPATH\Common.php(1180): CodeIgniter\View\View->render('mantenimiento/docentes/editar', [], true)
 5 APPPATH\Controllers\DocenteController.php(221): view('mantenimiento/docentes/editar', [...])
 6 SYSTEMPATH\CodeIgniter.php(932): App\Controllers\DocenteController->editarDocente('25')
 7 SYSTEMPATH\CodeIgniter.php(497): CodeIgniter\CodeIgniter->runController(Object(App\Controllers\DocenteController))
 8 SYSTEMPATH\CodeIgniter.php(366): CodeIgniter\CodeIgniter->handleRequest(null, Object(Config\Cache), false)
 9 FCPATH\index.php(67): CodeIgniter\CodeIgniter->run()
CRITICAL - 2023-07-11 20:23:14 --> Undefined variable $usuario
in APPPATH\Views\mantenimiento\docentes\editar.php on line 12.
 1 APPPATH\Views\mantenimiento\docentes\editar.php(12): CodeIgniter\Debug\Exceptions->errorHandler(2, 'Undefined variable $usuario', 'C:\\xampp\\htdocs\\codeigniter4-login\\app\\Views\\mantenimiento\\docentes\\editar.php', 12)
 2 SYSTEMPATH\View\View.php(224): include('C:\\xampp\\htdocs\\codeigniter4-login\\app\\Views\\mantenimiento\\docentes\\editar.php')
 3 SYSTEMPATH\View\View.php(227): CodeIgniter\View\View->CodeIgniter\View\{closure}()
 4 SYSTEMPATH\Common.php(1180): CodeIgniter\View\View->render('mantenimiento/docentes/editar', [], true)
 5 APPPATH\Controllers\DocenteController.php(214): view('mantenimiento/docentes/editar', [...])
 6 SYSTEMPATH\CodeIgniter.php(932): App\Controllers\DocenteController->editarDocente('25')
 7 SYSTEMPATH\CodeIgniter.php(497): CodeIgniter\CodeIgniter->runController(Object(App\Controllers\DocenteController))
 8 SYSTEMPATH\CodeIgniter.php(366): CodeIgniter\CodeIgniter->handleRequest(null, Object(Config\Cache), false)
 9 FCPATH\index.php(67): CodeIgniter\CodeIgniter->run()
CRITICAL - 2023-07-11 20:23:40 --> Undefined array key "dni"
in APPPATH\Views\mantenimiento\docentes\editar.php on line 12.
 1 APPPATH\Views\mantenimiento\docentes\editar.php(12): CodeIgniter\Debug\Exceptions->errorHandler(2, 'Undefined array key "dni"', 'C:\\xampp\\htdocs\\codeigniter4-login\\app\\Views\\mantenimiento\\docentes\\editar.php', 12)
 2 SYSTEMPATH\View\View.php(224): include('C:\\xampp\\htdocs\\codeigniter4-login\\app\\Views\\mantenimiento\\docentes\\editar.php')
 3 SYSTEMPATH\View\View.php(227): CodeIgniter\View\View->CodeIgniter\View\{closure}()
 4 SYSTEMPATH\Common.php(1180): CodeIgniter\View\View->render('mantenimiento/docentes/editar', [], true)
 5 APPPATH\Controllers\DocenteController.php(214): view('mantenimiento/docentes/editar', [...])
 6 SYSTEMPATH\CodeIgniter.php(932): App\Controllers\DocenteController->editarDocente('25')
 7 SYSTEMPATH\CodeIgniter.php(497): CodeIgniter\CodeIgniter->runController(Object(App\Controllers\DocenteController))
 8 SYSTEMPATH\CodeIgniter.php(366): CodeIgniter\CodeIgniter->handleRequest(null, Object(Config\Cache), false)
 9 FCPATH\index.php(67): CodeIgniter\CodeIgniter->run()
CRITICAL - 2023-07-11 20:26:22 --> Undefined variable $usuario
in APPPATH\Views\mantenimiento\docentes\editar.php on line 12.
 1 APPPATH\Views\mantenimiento\docentes\editar.php(12): CodeIgniter\Debug\Exceptions->errorHandler(2, 'Undefined variable $usuario', 'C:\\xampp\\htdocs\\codeigniter4-login\\app\\Views\\mantenimiento\\docentes\\editar.php', 12)
 2 SYSTEMPATH\View\View.php(224): include('C:\\xampp\\htdocs\\codeigniter4-login\\app\\Views\\mantenimiento\\docentes\\editar.php')
 3 SYSTEMPATH\View\View.php(227): CodeIgniter\View\View->CodeIgniter\View\{closure}()
 4 SYSTEMPATH\Common.php(1180): CodeIgniter\View\View->render('mantenimiento/docentes/editar', [], true)
 5 APPPATH\Controllers\DocenteController.php(214): view('mantenimiento/docentes/editar', [...])
 6 SYSTEMPATH\CodeIgniter.php(932): App\Controllers\DocenteController->editarDocente('25')
 7 SYSTEMPATH\CodeIgniter.php(497): CodeIgniter\CodeIgniter->runController(Object(App\Controllers\DocenteController))
 8 SYSTEMPATH\CodeIgniter.php(366): CodeIgniter\CodeIgniter->handleRequest(null, Object(Config\Cache), false)
 9 FCPATH\index.php(67): CodeIgniter\CodeIgniter->run()
CRITICAL - 2023-07-11 20:26:37 --> Attempt to read property "dni" on array
in APPPATH\Views\mantenimiento\docentes\editar.php on line 12.
 1 APPPATH\Views\mantenimiento\docentes\editar.php(12): CodeIgniter\Debug\Exceptions->errorHandler(2, 'Attempt to read property "dni" on array', 'C:\\xampp\\htdocs\\codeigniter4-login\\app\\Views\\mantenimiento\\docentes\\editar.php', 12)
 2 SYSTEMPATH\View\View.php(224): include('C:\\xampp\\htdocs\\codeigniter4-login\\app\\Views\\mantenimiento\\docentes\\editar.php')
 3 SYSTEMPATH\View\View.php(227): CodeIgniter\View\View->CodeIgniter\View\{closure}()
 4 SYSTEMPATH\Common.php(1180): CodeIgniter\View\View->render('mantenimiento/docentes/editar', [], true)
 5 APPPATH\Controllers\DocenteController.php(214): view('mantenimiento/docentes/editar', [...])
 6 SYSTEMPATH\CodeIgniter.php(932): App\Controllers\DocenteController->editarDocente('25')
 7 SYSTEMPATH\CodeIgniter.php(497): CodeIgniter\CodeIgniter->runController(Object(App\Controllers\DocenteController))
 8 SYSTEMPATH\CodeIgniter.php(366): CodeIgniter\CodeIgniter->handleRequest(null, Object(Config\Cache), false)
 9 FCPATH\index.php(67): CodeIgniter\CodeIgniter->run()
CRITICAL - 2023-07-11 20:26:58 --> Undefined array key "dni"
in APPPATH\Views\mantenimiento\docentes\editar.php on line 12.
 1 APPPATH\Views\mantenimiento\docentes\editar.php(12): CodeIgniter\Debug\Exceptions->errorHandler(2, 'Undefined array key "dni"', 'C:\\xampp\\htdocs\\codeigniter4-login\\app\\Views\\mantenimiento\\docentes\\editar.php', 12)
 2 SYSTEMPATH\View\View.php(224): include('C:\\xampp\\htdocs\\codeigniter4-login\\app\\Views\\mantenimiento\\docentes\\editar.php')
 3 SYSTEMPATH\View\View.php(227): CodeIgniter\View\View->CodeIgniter\View\{closure}()
 4 SYSTEMPATH\Common.php(1180): CodeIgniter\View\View->render('mantenimiento/docentes/editar', [], true)
 5 APPPATH\Controllers\DocenteController.php(214): view('mantenimiento/docentes/editar', [...])
 6 SYSTEMPATH\CodeIgniter.php(932): App\Controllers\DocenteController->editarDocente('25')
 7 SYSTEMPATH\CodeIgniter.php(497): CodeIgniter\CodeIgniter->runController(Object(App\Controllers\DocenteController))
 8 SYSTEMPATH\CodeIgniter.php(366): CodeIgniter\CodeIgniter->handleRequest(null, Object(Config\Cache), false)
 9 FCPATH\index.php(67): CodeIgniter\CodeIgniter->run()
CRITICAL - 2023-07-11 20:27:15 --> Undefined array key "dni"
in APPPATH\Views\mantenimiento\docentes\editar.php on line 11.
 1 APPPATH\Views\mantenimiento\docentes\editar.php(11): CodeIgniter\Debug\Exceptions->errorHandler(2, 'Undefined array key "dni"', 'C:\\xampp\\htdocs\\codeigniter4-login\\app\\Views\\mantenimiento\\docentes\\editar.php', 11)
 2 SYSTEMPATH\View\View.php(224): include('C:\\xampp\\htdocs\\codeigniter4-login\\app\\Views\\mantenimiento\\docentes\\editar.php')
 3 SYSTEMPATH\View\View.php(227): CodeIgniter\View\View->CodeIgniter\View\{closure}()
 4 SYSTEMPATH\Common.php(1180): CodeIgniter\View\View->render('mantenimiento/docentes/editar', [], true)
 5 APPPATH\Controllers\DocenteController.php(214): view('mantenimiento/docentes/editar', [...])
 6 SYSTEMPATH\CodeIgniter.php(932): App\Controllers\DocenteController->editarDocente('25')
 7 SYSTEMPATH\CodeIgniter.php(497): CodeIgniter\CodeIgniter->runController(Object(App\Controllers\DocenteController))
 8 SYSTEMPATH\CodeIgniter.php(366): CodeIgniter\CodeIgniter->handleRequest(null, Object(Config\Cache), false)
 9 FCPATH\index.php(67): CodeIgniter\CodeIgniter->run()
CRITICAL - 2023-07-11 21:11:52 --> Cannot use object of type stdClass as array
in APPPATH\Controllers\DocenteController.php on line 216.
 1 SYSTEMPATH\CodeIgniter.php(932): App\Controllers\DocenteController->editarDocente('25')
 2 SYSTEMPATH\CodeIgniter.php(497): CodeIgniter\CodeIgniter->runController(Object(App\Controllers\DocenteController))
 3 SYSTEMPATH\CodeIgniter.php(366): CodeIgniter\CodeIgniter->handleRequest(null, Object(Config\Cache), false)
 4 FCPATH\index.php(67): CodeIgniter\CodeIgniter->run()
CRITICAL - 2023-07-11 21:11:59 --> Cannot use object of type stdClass as array
in APPPATH\Controllers\DocenteController.php on line 216.
 1 SYSTEMPATH\CodeIgniter.php(932): App\Controllers\DocenteController->editarDocente('2')
 2 SYSTEMPATH\CodeIgniter.php(497): CodeIgniter\CodeIgniter->runController(Object(App\Controllers\DocenteController))
 3 SYSTEMPATH\CodeIgniter.php(366): CodeIgniter\CodeIgniter->handleRequest(null, Object(Config\Cache), false)
 4 FCPATH\index.php(67): CodeIgniter\CodeIgniter->run()
CRITICAL - 2023-07-11 21:13:46 --> Cannot use object of type stdClass as array
in APPPATH\Controllers\DocenteController.php on line 216.
 1 SYSTEMPATH\CodeIgniter.php(932): App\Controllers\DocenteController->editarDocente('2')
 2 SYSTEMPATH\CodeIgniter.php(497): CodeIgniter\CodeIgniter->runController(Object(App\Controllers\DocenteController))
 3 SYSTEMPATH\CodeIgniter.php(366): CodeIgniter\CodeIgniter->handleRequest(null, Object(Config\Cache), false)
 4 FCPATH\index.php(67): CodeIgniter\CodeIgniter->run()
CRITICAL - 2023-07-11 21:48:32 --> Undefined variable $docente
in APPPATH\Views\mantenimiento\docentes\editar.php on line 7.
 1 APPPATH\Views\mantenimiento\docentes\editar.php(7): CodeIgniter\Debug\Exceptions->errorHandler(2, 'Undefined variable $docente', 'C:\\xampp\\htdocs\\codeigniter4-login\\app\\Views\\mantenimiento\\docentes\\editar.php', 7)
 2 SYSTEMPATH\View\View.php(224): include('C:\\xampp\\htdocs\\codeigniter4-login\\app\\Views\\mantenimiento\\docentes\\editar.php')
 3 SYSTEMPATH\View\View.php(227): CodeIgniter\View\View->CodeIgniter\View\{closure}()
 4 SYSTEMPATH\Common.php(1180): CodeIgniter\View\View->render('mantenimiento/docentes/editar', [], true)
 5 APPPATH\Controllers\DocenteController.php(240): view('mantenimiento/docentes/editar', [...])
 6 SYSTEMPATH\CodeIgniter.php(932): App\Controllers\DocenteController->editarDocente('2')
 7 SYSTEMPATH\CodeIgniter.php(497): CodeIgniter\CodeIgniter->runController(Object(App\Controllers\DocenteController))
 8 SYSTEMPATH\CodeIgniter.php(366): CodeIgniter\CodeIgniter->handleRequest(null, Object(Config\Cache), false)
 9 FCPATH\index.php(67): CodeIgniter\CodeIgniter->run()
CRITICAL - 2023-07-11 21:51:51 --> Cannot use object of type App\Models\DocenteModel as array
in APPPATH\Views\mantenimiento\docentes\editar.php on line 7.
 1 SYSTEMPATH\View\View.php(224): include()
 2 SYSTEMPATH\View\View.php(227): CodeIgniter\View\View->CodeIgniter\View\{closure}()
 3 SYSTEMPATH\Common.php(1180): CodeIgniter\View\View->render('mantenimiento/docentes/editar', [], true)
 4 APPPATH\Controllers\DocenteController.php(241): view('mantenimiento/docentes/editar', [...])
 5 SYSTEMPATH\CodeIgniter.php(932): App\Controllers\DocenteController->editarDocente('2')
 6 SYSTEMPATH\CodeIgniter.php(497): CodeIgniter\CodeIgniter->runController(Object(App\Controllers\DocenteController))
 7 SYSTEMPATH\CodeIgniter.php(366): CodeIgniter\CodeIgniter->handleRequest(null, Object(Config\Cache), false)
 8 FCPATH\index.php(67): CodeIgniter\CodeIgniter->run()
CRITICAL - 2023-07-11 21:52:57 --> Undefined variable $dni
in APPPATH\Views\mantenimiento\docentes\editar.php on line 11.
 1 APPPATH\Views\mantenimiento\docentes\editar.php(11): CodeIgniter\Debug\Exceptions->errorHandler(2, 'Undefined variable $dni', 'C:\\xampp\\htdocs\\codeigniter4-login\\app\\Views\\mantenimiento\\docentes\\editar.php', 11)
 2 SYSTEMPATH\View\View.php(224): include('C:\\xampp\\htdocs\\codeigniter4-login\\app\\Views\\mantenimiento\\docentes\\editar.php')
 3 SYSTEMPATH\View\View.php(227): CodeIgniter\View\View->CodeIgniter\View\{closure}()
 4 SYSTEMPATH\Common.php(1180): CodeIgniter\View\View->render('mantenimiento/docentes/editar', [], true)
 5 APPPATH\Controllers\DocenteController.php(236): view('mantenimiento/docentes/editar', [...])
 6 SYSTEMPATH\CodeIgniter.php(932): App\Controllers\DocenteController->editarDocente('2')
 7 SYSTEMPATH\CodeIgniter.php(497): CodeIgniter\CodeIgniter->runController(Object(App\Controllers\DocenteController))
 8 SYSTEMPATH\CodeIgniter.php(366): CodeIgniter\CodeIgniter->handleRequest(null, Object(Config\Cache), false)
 9 FCPATH\index.php(67): CodeIgniter\CodeIgniter->run()
CRITICAL - 2023-07-11 21:53:00 --> Undefined variable $dni
in APPPATH\Views\mantenimiento\docentes\editar.php on line 11.
 1 APPPATH\Views\mantenimiento\docentes\editar.php(11): CodeIgniter\Debug\Exceptions->errorHandler(2, 'Undefined variable $dni', 'C:\\xampp\\htdocs\\codeigniter4-login\\app\\Views\\mantenimiento\\docentes\\editar.php', 11)
 2 SYSTEMPATH\View\View.php(224): include('C:\\xampp\\htdocs\\codeigniter4-login\\app\\Views\\mantenimiento\\docentes\\editar.php')
 3 SYSTEMPATH\View\View.php(227): CodeIgniter\View\View->CodeIgniter\View\{closure}()
 4 SYSTEMPATH\Common.php(1180): CodeIgniter\View\View->render('mantenimiento/docentes/editar', [], true)
 5 APPPATH\Controllers\DocenteController.php(236): view('mantenimiento/docentes/editar', [...])
 6 SYSTEMPATH\CodeIgniter.php(932): App\Controllers\DocenteController->editarDocente('2')
 7 SYSTEMPATH\CodeIgniter.php(497): CodeIgniter\CodeIgniter->runController(Object(App\Controllers\DocenteController))
 8 SYSTEMPATH\CodeIgniter.php(366): CodeIgniter\CodeIgniter->handleRequest(null, Object(Config\Cache), false)
 9 FCPATH\index.php(67): CodeIgniter\CodeIgniter->run()
CRITICAL - 2023-07-11 21:53:01 --> Undefined variable $dni
in APPPATH\Views\mantenimiento\docentes\editar.php on line 11.
 1 APPPATH\Views\mantenimiento\docentes\editar.php(11): CodeIgniter\Debug\Exceptions->errorHandler(2, 'Undefined variable $dni', 'C:\\xampp\\htdocs\\codeigniter4-login\\app\\Views\\mantenimiento\\docentes\\editar.php', 11)
 2 SYSTEMPATH\View\View.php(224): include('C:\\xampp\\htdocs\\codeigniter4-login\\app\\Views\\mantenimiento\\docentes\\editar.php')
 3 SYSTEMPATH\View\View.php(227): CodeIgniter\View\View->CodeIgniter\View\{closure}()
 4 SYSTEMPATH\Common.php(1180): CodeIgniter\View\View->render('mantenimiento/docentes/editar', [], true)
 5 APPPATH\Controllers\DocenteController.php(236): view('mantenimiento/docentes/editar', [...])
 6 SYSTEMPATH\CodeIgniter.php(932): App\Controllers\DocenteController->editarDocente('2')
 7 SYSTEMPATH\CodeIgniter.php(497): CodeIgniter\CodeIgniter->runController(Object(App\Controllers\DocenteController))
 8 SYSTEMPATH\CodeIgniter.php(366): CodeIgniter\CodeIgniter->handleRequest(null, Object(Config\Cache), false)
 9 FCPATH\index.php(67): CodeIgniter\CodeIgniter->run()
CRITICAL - 2023-07-11 22:20:06 --> Undefined variable $usuarios
in APPPATH\Views\mantenimiento\docentes\editar.php on line 87.
 1 APPPATH\Views\mantenimiento\docentes\editar.php(87): CodeIgniter\Debug\Exceptions->errorHandler(2, 'Undefined variable $usuarios', 'C:\\xampp\\htdocs\\codeigniter4-login\\app\\Views\\mantenimiento\\docentes\\editar.php', 87)
 2 SYSTEMPATH\View\View.php(224): include('C:\\xampp\\htdocs\\codeigniter4-login\\app\\Views\\mantenimiento\\docentes\\editar.php')
 3 SYSTEMPATH\View\View.php(227): CodeIgniter\View\View->CodeIgniter\View\{closure}()
 4 SYSTEMPATH\Common.php(1180): CodeIgniter\View\View->render('mantenimiento/docentes/editar', [], true)
 5 APPPATH\Controllers\DocenteController.php(212): view('mantenimiento/docentes/editar', [...])
 6 SYSTEMPATH\CodeIgniter.php(932): App\Controllers\DocenteController->editarDocente('2')
 7 SYSTEMPATH\CodeIgniter.php(497): CodeIgniter\CodeIgniter->runController(Object(App\Controllers\DocenteController))
 8 SYSTEMPATH\CodeIgniter.php(366): CodeIgniter\CodeIgniter->handleRequest(null, Object(Config\Cache), false)
 9 FCPATH\index.php(67): CodeIgniter\CodeIgniter->run()
