CRITICAL - 2023-08-29 00:01:46 --> Invalid file: "ruta_de_tu_vista.php"
in SYSTEMPATH\Exceptions\FrameworkException.php on line 33.
 1 SYSTEMPATH\View\View.php(212): CodeIgniter\Exceptions\FrameworkException::forInvalidFile('ruta_de_tu_vista.php')
 2 SYSTEMPATH\Common.php(1180): CodeIgniter\View\View->render('ruta_de_tu_vista', [], true)
 3 APPPATH\Controllers\AsistenciaController.php(72): view('ruta_de_tu_vista', [...])
 4 SYSTEMPATH\CodeIgniter.php(932): App\Controllers\AsistenciaController->listarAsistenciasPorFecha()
 5 SYSTEMPATH\CodeIgniter.php(497): CodeIgniter\CodeIgniter->runController(Object(App\Controllers\AsistenciaController))
 6 SYSTEMPATH\CodeIgniter.php(366): CodeIgniter\CodeIgniter->handleRequest(null, Object(Config\Cache), false)
 7 FCPATH\index.php(67): CodeIgniter\CodeIgniter->run()
CRITICAL - 2023-08-29 00:02:19 --> Invalid file: "listarAsistencias.php"
in SYSTEMPATH\Exceptions\FrameworkException.php on line 33.
 1 SYSTEMPATH\View\View.php(212): CodeIgniter\Exceptions\FrameworkException::forInvalidFile('listarAsistencias.php')
 2 SYSTEMPATH\Common.php(1180): CodeIgniter\View\View->render('listarAsistencias', [], true)
 3 APPPATH\Controllers\AsistenciaController.php(72): view('listarAsistencias', [...])
 4 SYSTEMPATH\CodeIgniter.php(932): App\Controllers\AsistenciaController->listarAsistenciasPorFecha()
 5 SYSTEMPATH\CodeIgniter.php(497): CodeIgniter\CodeIgniter->runController(Object(App\Controllers\AsistenciaController))
 6 SYSTEMPATH\CodeIgniter.php(366): CodeIgniter\CodeIgniter->handleRequest(null, Object(Config\Cache), false)
 7 FCPATH\index.php(67): CodeIgniter\CodeIgniter->run()
CRITICAL - 2023-08-29 00:03:27 --> Undefined variable $loggedIn
in APPPATH\Views\template\header.php on line 37.
 1 APPPATH\Views\template\header.php(37): CodeIgniter\Debug\Exceptions->errorHandler(2, 'Undefined variable $loggedIn', 'C:\\xampp\\htdocs\\codeigniter-sistema-de-asistencia\\app\\Views\\template\\header.php', 37)
 2 SYSTEMPATH\View\View.php(224): include('C:\\xampp\\htdocs\\codeigniter-sistema-de-asistencia\\app\\Views\\template\\header.php')
 3 SYSTEMPATH\View\View.php(227): CodeIgniter\View\View->CodeIgniter\View\{closure}()
 4 SYSTEMPATH\Common.php(1180): CodeIgniter\View\View->render('template/header', [], true)
 5 APPPATH\Controllers\AsistenciaController.php(73): view('template/header', [...])
 6 SYSTEMPATH\CodeIgniter.php(932): App\Controllers\AsistenciaController->listarAsistenciasPorFecha()
 7 SYSTEMPATH\CodeIgniter.php(497): CodeIgniter\CodeIgniter->runController(Object(App\Controllers\AsistenciaController))
 8 SYSTEMPATH\CodeIgniter.php(366): CodeIgniter\CodeIgniter->handleRequest(null, Object(Config\Cache), false)
 9 FCPATH\index.php(67): CodeIgniter\CodeIgniter->run()
CRITICAL - 2023-08-29 00:29:29 --> Attempt to read property "usuario_id" on array
in APPPATH\Views\mantenimiento\asistencias\listar.php on line 38.
 1 APPPATH\Views\mantenimiento\asistencias\listar.php(38): CodeIgniter\Debug\Exceptions->errorHandler(2, 'Attempt to read property "usuario_id" on array', 'C:\\xampp\\htdocs\\codeigniter-sistema-de-asistencia\\app\\Views\\mantenimiento\\asistencias\\listar.php', 38)
 2 SYSTEMPATH\View\View.php(224): include('C:\\xampp\\htdocs\\codeigniter-sistema-de-asistencia\\app\\Views\\mantenimiento\\asistencias\\listar.php')
 3 SYSTEMPATH\View\View.php(227): CodeIgniter\View\View->CodeIgniter\View\{closure}()
 4 SYSTEMPATH\Common.php(1180): CodeIgniter\View\View->render('mantenimiento/asistencias/listar', [], true)
 5 APPPATH\Controllers\AsistenciaController.php(105): view('mantenimiento/asistencias/listar', [...])
 6 SYSTEMPATH\CodeIgniter.php(932): App\Controllers\AsistenciaController->listarAsistenciasPorFecha()
 7 SYSTEMPATH\CodeIgniter.php(497): CodeIgniter\CodeIgniter->runController(Object(App\Controllers\AsistenciaController))
 8 SYSTEMPATH\CodeIgniter.php(366): CodeIgniter\CodeIgniter->handleRequest(null, Object(Config\Cache), false)
 9 FCPATH\index.php(67): CodeIgniter\CodeIgniter->run()
CRITICAL - 2023-08-29 00:30:21 --> Attempt to read property "usuario_id" on array
in APPPATH\Views\mantenimiento\asistencias\listar.php on line 39.
 1 APPPATH\Views\mantenimiento\asistencias\listar.php(39): CodeIgniter\Debug\Exceptions->errorHandler(2, 'Attempt to read property "usuario_id" on array', 'C:\\xampp\\htdocs\\codeigniter-sistema-de-asistencia\\app\\Views\\mantenimiento\\asistencias\\listar.php', 39)
 2 SYSTEMPATH\View\View.php(224): include('C:\\xampp\\htdocs\\codeigniter-sistema-de-asistencia\\app\\Views\\mantenimiento\\asistencias\\listar.php')
 3 SYSTEMPATH\View\View.php(227): CodeIgniter\View\View->CodeIgniter\View\{closure}()
 4 SYSTEMPATH\Common.php(1180): CodeIgniter\View\View->render('mantenimiento/asistencias/listar', [], true)
 5 APPPATH\Controllers\AsistenciaController.php(105): view('mantenimiento/asistencias/listar', [...])
 6 SYSTEMPATH\CodeIgniter.php(932): App\Controllers\AsistenciaController->listarAsistenciasPorFecha()
 7 SYSTEMPATH\CodeIgniter.php(497): CodeIgniter\CodeIgniter->runController(Object(App\Controllers\AsistenciaController))
 8 SYSTEMPATH\CodeIgniter.php(366): CodeIgniter\CodeIgniter->handleRequest(null, Object(Config\Cache), false)
 9 FCPATH\index.php(67): CodeIgniter\CodeIgniter->run()
CRITICAL - 2023-08-29 00:39:43 --> Undefined array key "nombres"
in APPPATH\Views\mantenimiento\asistencias\listar.php on line 43.
 1 APPPATH\Views\mantenimiento\asistencias\listar.php(43): CodeIgniter\Debug\Exceptions->errorHandler(2, 'Undefined array key "nombres"', 'C:\\xampp\\htdocs\\codeigniter-sistema-de-asistencia\\app\\Views\\mantenimiento\\asistencias\\listar.php', 43)
 2 SYSTEMPATH\View\View.php(224): include('C:\\xampp\\htdocs\\codeigniter-sistema-de-asistencia\\app\\Views\\mantenimiento\\asistencias\\listar.php')
 3 SYSTEMPATH\View\View.php(227): CodeIgniter\View\View->CodeIgniter\View\{closure}()
 4 SYSTEMPATH\Common.php(1180): CodeIgniter\View\View->render('mantenimiento/asistencias/listar', [], true)
 5 APPPATH\Controllers\AsistenciaController.php(109): view('mantenimiento/asistencias/listar', [...])
 6 SYSTEMPATH\CodeIgniter.php(932): App\Controllers\AsistenciaController->listarAsistenciasPorFecha()
 7 SYSTEMPATH\CodeIgniter.php(497): CodeIgniter\CodeIgniter->runController(Object(App\Controllers\AsistenciaController))
 8 SYSTEMPATH\CodeIgniter.php(366): CodeIgniter\CodeIgniter->handleRequest(null, Object(Config\Cache), false)
 9 FCPATH\index.php(67): CodeIgniter\CodeIgniter->run()
CRITICAL - 2023-08-29 00:40:18 --> Undefined variable $usuarios
in APPPATH\Views\mantenimiento\asistencias\listar.php on line 41.
 1 APPPATH\Views\mantenimiento\asistencias\listar.php(41): CodeIgniter\Debug\Exceptions->errorHandler(2, 'Undefined variable $usuarios', 'C:\\xampp\\htdocs\\codeigniter-sistema-de-asistencia\\app\\Views\\mantenimiento\\asistencias\\listar.php', 41)
 2 SYSTEMPATH\View\View.php(224): include('C:\\xampp\\htdocs\\codeigniter-sistema-de-asistencia\\app\\Views\\mantenimiento\\asistencias\\listar.php')
 3 SYSTEMPATH\View\View.php(227): CodeIgniter\View\View->CodeIgniter\View\{closure}()
 4 SYSTEMPATH\Common.php(1180): CodeIgniter\View\View->render('mantenimiento/asistencias/listar', [], true)
 5 APPPATH\Controllers\AsistenciaController.php(109): view('mantenimiento/asistencias/listar', [...])
 6 SYSTEMPATH\CodeIgniter.php(932): App\Controllers\AsistenciaController->listarAsistenciasPorFecha()
 7 SYSTEMPATH\CodeIgniter.php(497): CodeIgniter\CodeIgniter->runController(Object(App\Controllers\AsistenciaController))
 8 SYSTEMPATH\CodeIgniter.php(366): CodeIgniter\CodeIgniter->handleRequest(null, Object(Config\Cache), false)
 9 FCPATH\index.php(67): CodeIgniter\CodeIgniter->run()
CRITICAL - 2023-08-29 00:41:12 --> Undefined variable $usuarios
in APPPATH\Views\mantenimiento\asistencias\listar.php on line 41.
 1 APPPATH\Views\mantenimiento\asistencias\listar.php(41): CodeIgniter\Debug\Exceptions->errorHandler(2, 'Undefined variable $usuarios', 'C:\\xampp\\htdocs\\codeigniter-sistema-de-asistencia\\app\\Views\\mantenimiento\\asistencias\\listar.php', 41)
 2 SYSTEMPATH\View\View.php(224): include('C:\\xampp\\htdocs\\codeigniter-sistema-de-asistencia\\app\\Views\\mantenimiento\\asistencias\\listar.php')
 3 SYSTEMPATH\View\View.php(227): CodeIgniter\View\View->CodeIgniter\View\{closure}()
 4 SYSTEMPATH\Common.php(1180): CodeIgniter\View\View->render('mantenimiento/asistencias/listar', [], true)
 5 APPPATH\Controllers\AsistenciaController.php(109): view('mantenimiento/asistencias/listar', [...])
 6 SYSTEMPATH\CodeIgniter.php(932): App\Controllers\AsistenciaController->listarAsistenciasPorFecha()
 7 SYSTEMPATH\CodeIgniter.php(497): CodeIgniter\CodeIgniter->runController(Object(App\Controllers\AsistenciaController))
 8 SYSTEMPATH\CodeIgniter.php(366): CodeIgniter\CodeIgniter->handleRequest(null, Object(Config\Cache), false)
 9 FCPATH\index.php(67): CodeIgniter\CodeIgniter->run()
CRITICAL - 2023-08-29 00:41:13 --> Undefined variable $usuarios
in APPPATH\Views\mantenimiento\asistencias\listar.php on line 41.
 1 APPPATH\Views\mantenimiento\asistencias\listar.php(41): CodeIgniter\Debug\Exceptions->errorHandler(2, 'Undefined variable $usuarios', 'C:\\xampp\\htdocs\\codeigniter-sistema-de-asistencia\\app\\Views\\mantenimiento\\asistencias\\listar.php', 41)
 2 SYSTEMPATH\View\View.php(224): include('C:\\xampp\\htdocs\\codeigniter-sistema-de-asistencia\\app\\Views\\mantenimiento\\asistencias\\listar.php')
 3 SYSTEMPATH\View\View.php(227): CodeIgniter\View\View->CodeIgniter\View\{closure}()
 4 SYSTEMPATH\Common.php(1180): CodeIgniter\View\View->render('mantenimiento/asistencias/listar', [], true)
 5 APPPATH\Controllers\AsistenciaController.php(109): view('mantenimiento/asistencias/listar', [...])
 6 SYSTEMPATH\CodeIgniter.php(932): App\Controllers\AsistenciaController->listarAsistenciasPorFecha()
 7 SYSTEMPATH\CodeIgniter.php(497): CodeIgniter\CodeIgniter->runController(Object(App\Controllers\AsistenciaController))
 8 SYSTEMPATH\CodeIgniter.php(366): CodeIgniter\CodeIgniter->handleRequest(null, Object(Config\Cache), false)
 9 FCPATH\index.php(67): CodeIgniter\CodeIgniter->run()
CRITICAL - 2023-08-29 00:41:47 --> Undefined variable $usuarios
in APPPATH\Views\mantenimiento\asistencias\listar.php on line 41.
 1 APPPATH\Views\mantenimiento\asistencias\listar.php(41): CodeIgniter\Debug\Exceptions->errorHandler(2, 'Undefined variable $usuarios', 'C:\\xampp\\htdocs\\codeigniter-sistema-de-asistencia\\app\\Views\\mantenimiento\\asistencias\\listar.php', 41)
 2 SYSTEMPATH\View\View.php(224): include('C:\\xampp\\htdocs\\codeigniter-sistema-de-asistencia\\app\\Views\\mantenimiento\\asistencias\\listar.php')
 3 SYSTEMPATH\View\View.php(227): CodeIgniter\View\View->CodeIgniter\View\{closure}()
 4 SYSTEMPATH\Common.php(1180): CodeIgniter\View\View->render('mantenimiento/asistencias/listar', [], true)
 5 APPPATH\Controllers\AsistenciaController.php(109): view('mantenimiento/asistencias/listar', [...])
 6 SYSTEMPATH\CodeIgniter.php(932): App\Controllers\AsistenciaController->listarAsistenciasPorFecha()
 7 SYSTEMPATH\CodeIgniter.php(497): CodeIgniter\CodeIgniter->runController(Object(App\Controllers\AsistenciaController))
 8 SYSTEMPATH\CodeIgniter.php(366): CodeIgniter\CodeIgniter->handleRequest(null, Object(Config\Cache), false)
 9 FCPATH\index.php(67): CodeIgniter\CodeIgniter->run()
CRITICAL - 2023-08-29 00:44:40 --> Undefined variable $usuarios
in APPPATH\Views\mantenimiento\asistencias\listar.php on line 41.
 1 APPPATH\Views\mantenimiento\asistencias\listar.php(41): CodeIgniter\Debug\Exceptions->errorHandler(2, 'Undefined variable $usuarios', 'C:\\xampp\\htdocs\\codeigniter-sistema-de-asistencia\\app\\Views\\mantenimiento\\asistencias\\listar.php', 41)
 2 SYSTEMPATH\View\View.php(224): include('C:\\xampp\\htdocs\\codeigniter-sistema-de-asistencia\\app\\Views\\mantenimiento\\asistencias\\listar.php')
 3 SYSTEMPATH\View\View.php(227): CodeIgniter\View\View->CodeIgniter\View\{closure}()
 4 SYSTEMPATH\Common.php(1180): CodeIgniter\View\View->render('mantenimiento/asistencias/listar', [], true)
 5 APPPATH\Controllers\AsistenciaController.php(109): view('mantenimiento/asistencias/listar', [...])
 6 SYSTEMPATH\CodeIgniter.php(932): App\Controllers\AsistenciaController->listarAsistenciasPorFecha()
 7 SYSTEMPATH\CodeIgniter.php(497): CodeIgniter\CodeIgniter->runController(Object(App\Controllers\AsistenciaController))
 8 SYSTEMPATH\CodeIgniter.php(366): CodeIgniter\CodeIgniter->handleRequest(null, Object(Config\Cache), false)
 9 FCPATH\index.php(67): CodeIgniter\CodeIgniter->run()
CRITICAL - 2023-08-29 00:45:42 --> Undefined variable $usuarios
in APPPATH\Views\mantenimiento\asistencias\listar.php on line 41.
 1 APPPATH\Views\mantenimiento\asistencias\listar.php(41): CodeIgniter\Debug\Exceptions->errorHandler(2, 'Undefined variable $usuarios', 'C:\\xampp\\htdocs\\codeigniter-sistema-de-asistencia\\app\\Views\\mantenimiento\\asistencias\\listar.php', 41)
 2 SYSTEMPATH\View\View.php(224): include('C:\\xampp\\htdocs\\codeigniter-sistema-de-asistencia\\app\\Views\\mantenimiento\\asistencias\\listar.php')
 3 SYSTEMPATH\View\View.php(227): CodeIgniter\View\View->CodeIgniter\View\{closure}()
 4 SYSTEMPATH\Common.php(1180): CodeIgniter\View\View->render('mantenimiento/asistencias/listar', [], true)
 5 APPPATH\Controllers\AsistenciaController.php(109): view('mantenimiento/asistencias/listar', [...])
 6 SYSTEMPATH\CodeIgniter.php(932): App\Controllers\AsistenciaController->listarAsistenciasPorFecha()
 7 SYSTEMPATH\CodeIgniter.php(497): CodeIgniter\CodeIgniter->runController(Object(App\Controllers\AsistenciaController))
 8 SYSTEMPATH\CodeIgniter.php(366): CodeIgniter\CodeIgniter->handleRequest(null, Object(Config\Cache), false)
 9 FCPATH\index.php(67): CodeIgniter\CodeIgniter->run()
CRITICAL - 2023-08-29 00:48:58 --> Cannot use object of type stdClass as array
in APPPATH\Views\mantenimiento\asistencias\listar.php on line 43.
 1 SYSTEMPATH\View\View.php(224): include()
 2 SYSTEMPATH\View\View.php(227): CodeIgniter\View\View->CodeIgniter\View\{closure}()
 3 SYSTEMPATH\Common.php(1180): CodeIgniter\View\View->render('mantenimiento/asistencias/listar', [], true)
 4 APPPATH\Controllers\AsistenciaController.php(61): view('mantenimiento/asistencias/listar', [...])
 5 SYSTEMPATH\CodeIgniter.php(932): App\Controllers\AsistenciaController->listarAsistencias()
 6 SYSTEMPATH\CodeIgniter.php(497): CodeIgniter\CodeIgniter->runController(Object(App\Controllers\AsistenciaController))
 7 SYSTEMPATH\CodeIgniter.php(366): CodeIgniter\CodeIgniter->handleRequest(null, Object(Config\Cache), false)
 8 FCPATH\index.php(67): CodeIgniter\CodeIgniter->run()
CRITICAL - 2023-08-29 00:49:03 --> Cannot use object of type stdClass as array
in APPPATH\Views\mantenimiento\asistencias\listar.php on line 43.
 1 SYSTEMPATH\View\View.php(224): include()
 2 SYSTEMPATH\View\View.php(227): CodeIgniter\View\View->CodeIgniter\View\{closure}()
 3 SYSTEMPATH\Common.php(1180): CodeIgniter\View\View->render('mantenimiento/asistencias/listar', [], true)
 4 APPPATH\Controllers\AsistenciaController.php(61): view('mantenimiento/asistencias/listar', [...])
 5 SYSTEMPATH\CodeIgniter.php(932): App\Controllers\AsistenciaController->listarAsistencias()
 6 SYSTEMPATH\CodeIgniter.php(497): CodeIgniter\CodeIgniter->runController(Object(App\Controllers\AsistenciaController))
 7 SYSTEMPATH\CodeIgniter.php(366): CodeIgniter\CodeIgniter->handleRequest(null, Object(Config\Cache), false)
 8 FCPATH\index.php(67): CodeIgniter\CodeIgniter->run()
CRITICAL - 2023-08-29 00:50:49 --> Cannot use object of type stdClass as array
in APPPATH\Views\mantenimiento\asistencias\listar.php on line 42.
 1 SYSTEMPATH\View\View.php(224): include()
 2 SYSTEMPATH\View\View.php(227): CodeIgniter\View\View->CodeIgniter\View\{closure}()
 3 SYSTEMPATH\Common.php(1180): CodeIgniter\View\View->render('mantenimiento/asistencias/listar', [], true)
 4 APPPATH\Controllers\AsistenciaController.php(61): view('mantenimiento/asistencias/listar', [...])
 5 SYSTEMPATH\CodeIgniter.php(932): App\Controllers\AsistenciaController->listarAsistencias()
 6 SYSTEMPATH\CodeIgniter.php(497): CodeIgniter\CodeIgniter->runController(Object(App\Controllers\AsistenciaController))
 7 SYSTEMPATH\CodeIgniter.php(366): CodeIgniter\CodeIgniter->handleRequest(null, Object(Config\Cache), false)
 8 FCPATH\index.php(67): CodeIgniter\CodeIgniter->run()
CRITICAL - 2023-08-29 00:51:18 --> Undefined property: stdClass::$usuario_id
in APPPATH\Views\mantenimiento\asistencias\listar.php on line 42.
 1 APPPATH\Views\mantenimiento\asistencias\listar.php(42): CodeIgniter\Debug\Exceptions->errorHandler(2, 'Undefined property: stdClass::$usuario_id', 'C:\\xampp\\htdocs\\codeigniter-sistema-de-asistencia\\app\\Views\\mantenimiento\\asistencias\\listar.php', 42)
 2 SYSTEMPATH\View\View.php(224): include('C:\\xampp\\htdocs\\codeigniter-sistema-de-asistencia\\app\\Views\\mantenimiento\\asistencias\\listar.php')
 3 SYSTEMPATH\View\View.php(227): CodeIgniter\View\View->CodeIgniter\View\{closure}()
 4 SYSTEMPATH\Common.php(1180): CodeIgniter\View\View->render('mantenimiento/asistencias/listar', [], true)
 5 APPPATH\Controllers\AsistenciaController.php(61): view('mantenimiento/asistencias/listar', [...])
 6 SYSTEMPATH\CodeIgniter.php(932): App\Controllers\AsistenciaController->listarAsistencias()
 7 SYSTEMPATH\CodeIgniter.php(497): CodeIgniter\CodeIgniter->runController(Object(App\Controllers\AsistenciaController))
 8 SYSTEMPATH\CodeIgniter.php(366): CodeIgniter\CodeIgniter->handleRequest(null, Object(Config\Cache), false)
 9 FCPATH\index.php(67): CodeIgniter\CodeIgniter->run()
CRITICAL - 2023-08-29 00:51:20 --> Undefined property: stdClass::$usuario_id
in APPPATH\Views\mantenimiento\asistencias\listar.php on line 42.
 1 APPPATH\Views\mantenimiento\asistencias\listar.php(42): CodeIgniter\Debug\Exceptions->errorHandler(2, 'Undefined property: stdClass::$usuario_id', 'C:\\xampp\\htdocs\\codeigniter-sistema-de-asistencia\\app\\Views\\mantenimiento\\asistencias\\listar.php', 42)
 2 SYSTEMPATH\View\View.php(224): include('C:\\xampp\\htdocs\\codeigniter-sistema-de-asistencia\\app\\Views\\mantenimiento\\asistencias\\listar.php')
 3 SYSTEMPATH\View\View.php(227): CodeIgniter\View\View->CodeIgniter\View\{closure}()
 4 SYSTEMPATH\Common.php(1180): CodeIgniter\View\View->render('mantenimiento/asistencias/listar', [], true)
 5 APPPATH\Controllers\AsistenciaController.php(61): view('mantenimiento/asistencias/listar', [...])
 6 SYSTEMPATH\CodeIgniter.php(932): App\Controllers\AsistenciaController->listarAsistencias()
 7 SYSTEMPATH\CodeIgniter.php(497): CodeIgniter\CodeIgniter->runController(Object(App\Controllers\AsistenciaController))
 8 SYSTEMPATH\CodeIgniter.php(366): CodeIgniter\CodeIgniter->handleRequest(null, Object(Config\Cache), false)
 9 FCPATH\index.php(67): CodeIgniter\CodeIgniter->run()
CRITICAL - 2023-08-29 00:51:22 --> Undefined property: stdClass::$usuario_id
in APPPATH\Views\mantenimiento\asistencias\listar.php on line 42.
 1 APPPATH\Views\mantenimiento\asistencias\listar.php(42): CodeIgniter\Debug\Exceptions->errorHandler(2, 'Undefined property: stdClass::$usuario_id', 'C:\\xampp\\htdocs\\codeigniter-sistema-de-asistencia\\app\\Views\\mantenimiento\\asistencias\\listar.php', 42)
 2 SYSTEMPATH\View\View.php(224): include('C:\\xampp\\htdocs\\codeigniter-sistema-de-asistencia\\app\\Views\\mantenimiento\\asistencias\\listar.php')
 3 SYSTEMPATH\View\View.php(227): CodeIgniter\View\View->CodeIgniter\View\{closure}()
 4 SYSTEMPATH\Common.php(1180): CodeIgniter\View\View->render('mantenimiento/asistencias/listar', [], true)
 5 APPPATH\Controllers\AsistenciaController.php(61): view('mantenimiento/asistencias/listar', [...])
 6 SYSTEMPATH\CodeIgniter.php(932): App\Controllers\AsistenciaController->listarAsistencias()
 7 SYSTEMPATH\CodeIgniter.php(497): CodeIgniter\CodeIgniter->runController(Object(App\Controllers\AsistenciaController))
 8 SYSTEMPATH\CodeIgniter.php(366): CodeIgniter\CodeIgniter->handleRequest(null, Object(Config\Cache), false)
 9 FCPATH\index.php(67): CodeIgniter\CodeIgniter->run()
CRITICAL - 2023-08-29 00:57:49 --> Cannot use object of type stdClass as array
in APPPATH\Views\mantenimiento\asistencias\listar.php on line 42.
 1 SYSTEMPATH\View\View.php(224): include()
 2 SYSTEMPATH\View\View.php(227): CodeIgniter\View\View->CodeIgniter\View\{closure}()
 3 SYSTEMPATH\Common.php(1180): CodeIgniter\View\View->render('mantenimiento/asistencias/listar', [], true)
 4 APPPATH\Controllers\AsistenciaController.php(61): view('mantenimiento/asistencias/listar', [...])
 5 SYSTEMPATH\CodeIgniter.php(932): App\Controllers\AsistenciaController->listarAsistencias()
 6 SYSTEMPATH\CodeIgniter.php(497): CodeIgniter\CodeIgniter->runController(Object(App\Controllers\AsistenciaController))
 7 SYSTEMPATH\CodeIgniter.php(366): CodeIgniter\CodeIgniter->handleRequest(null, Object(Config\Cache), false)
 8 FCPATH\index.php(67): CodeIgniter\CodeIgniter->run()
CRITICAL - 2023-08-29 00:59:05 --> Cannot use object of type stdClass as array
in APPPATH\Views\mantenimiento\asistencias\listar.php on line 42.
 1 SYSTEMPATH\View\View.php(224): include()
 2 SYSTEMPATH\View\View.php(227): CodeIgniter\View\View->CodeIgniter\View\{closure}()
 3 SYSTEMPATH\Common.php(1180): CodeIgniter\View\View->render('mantenimiento/asistencias/listar', [], true)
 4 APPPATH\Controllers\AsistenciaController.php(61): view('mantenimiento/asistencias/listar', [...])
 5 SYSTEMPATH\CodeIgniter.php(932): App\Controllers\AsistenciaController->listarAsistencias()
 6 SYSTEMPATH\CodeIgniter.php(497): CodeIgniter\CodeIgniter->runController(Object(App\Controllers\AsistenciaController))
 7 SYSTEMPATH\CodeIgniter.php(366): CodeIgniter\CodeIgniter->handleRequest(null, Object(Config\Cache), false)
 8 FCPATH\index.php(67): CodeIgniter\CodeIgniter->run()
CRITICAL - 2023-08-29 00:59:07 --> Cannot use object of type stdClass as array
in APPPATH\Views\mantenimiento\asistencias\listar.php on line 42.
 1 SYSTEMPATH\View\View.php(224): include()
 2 SYSTEMPATH\View\View.php(227): CodeIgniter\View\View->CodeIgniter\View\{closure}()
 3 SYSTEMPATH\Common.php(1180): CodeIgniter\View\View->render('mantenimiento/asistencias/listar', [], true)
 4 APPPATH\Controllers\AsistenciaController.php(61): view('mantenimiento/asistencias/listar', [...])
 5 SYSTEMPATH\CodeIgniter.php(932): App\Controllers\AsistenciaController->listarAsistencias()
 6 SYSTEMPATH\CodeIgniter.php(497): CodeIgniter\CodeIgniter->runController(Object(App\Controllers\AsistenciaController))
 7 SYSTEMPATH\CodeIgniter.php(366): CodeIgniter\CodeIgniter->handleRequest(null, Object(Config\Cache), false)
 8 FCPATH\index.php(67): CodeIgniter\CodeIgniter->run()
CRITICAL - 2023-08-29 00:59:14 --> Cannot use object of type stdClass as array
in APPPATH\Views\mantenimiento\asistencias\listar.php on line 42.
 1 SYSTEMPATH\View\View.php(224): include()
 2 SYSTEMPATH\View\View.php(227): CodeIgniter\View\View->CodeIgniter\View\{closure}()
 3 SYSTEMPATH\Common.php(1180): CodeIgniter\View\View->render('mantenimiento/asistencias/listar', [], true)
 4 APPPATH\Controllers\AsistenciaController.php(61): view('mantenimiento/asistencias/listar', [...])
 5 SYSTEMPATH\CodeIgniter.php(932): App\Controllers\AsistenciaController->listarAsistencias()
 6 SYSTEMPATH\CodeIgniter.php(497): CodeIgniter\CodeIgniter->runController(Object(App\Controllers\AsistenciaController))
 7 SYSTEMPATH\CodeIgniter.php(366): CodeIgniter\CodeIgniter->handleRequest(null, Object(Config\Cache), false)
 8 FCPATH\index.php(67): CodeIgniter\CodeIgniter->run()
CRITICAL - 2023-08-29 01:02:58 --> Undefined variable $docente
in APPPATH\Views\mantenimiento\asistencias\listar.php on line 57.
 1 APPPATH\Views\mantenimiento\asistencias\listar.php(57): CodeIgniter\Debug\Exceptions->errorHandler(2, 'Undefined variable $docente', 'C:\\xampp\\htdocs\\codeigniter-sistema-de-asistencia\\app\\Views\\mantenimiento\\asistencias\\listar.php', 57)
 2 SYSTEMPATH\View\View.php(224): include('C:\\xampp\\htdocs\\codeigniter-sistema-de-asistencia\\app\\Views\\mantenimiento\\asistencias\\listar.php')
 3 SYSTEMPATH\View\View.php(227): CodeIgniter\View\View->CodeIgniter\View\{closure}()
 4 SYSTEMPATH\Common.php(1180): CodeIgniter\View\View->render('mantenimiento/asistencias/listar', [], true)
 5 APPPATH\Controllers\AsistenciaController.php(61): view('mantenimiento/asistencias/listar', [...])
 6 SYSTEMPATH\CodeIgniter.php(932): App\Controllers\AsistenciaController->listarAsistencias()
 7 SYSTEMPATH\CodeIgniter.php(497): CodeIgniter\CodeIgniter->runController(Object(App\Controllers\AsistenciaController))
 8 SYSTEMPATH\CodeIgniter.php(366): CodeIgniter\CodeIgniter->handleRequest(null, Object(Config\Cache), false)
 9 FCPATH\index.php(67): CodeIgniter\CodeIgniter->run()
CRITICAL - 2023-08-29 01:03:23 --> Attempt to read property "usuario_id" on array
in APPPATH\Views\mantenimiento\asistencias\listar.php on line 57.
 1 APPPATH\Views\mantenimiento\asistencias\listar.php(57): CodeIgniter\Debug\Exceptions->errorHandler(2, 'Attempt to read property "usuario_id" on array', 'C:\\xampp\\htdocs\\codeigniter-sistema-de-asistencia\\app\\Views\\mantenimiento\\asistencias\\listar.php', 57)
 2 SYSTEMPATH\View\View.php(224): include('C:\\xampp\\htdocs\\codeigniter-sistema-de-asistencia\\app\\Views\\mantenimiento\\asistencias\\listar.php')
 3 SYSTEMPATH\View\View.php(227): CodeIgniter\View\View->CodeIgniter\View\{closure}()
 4 SYSTEMPATH\Common.php(1180): CodeIgniter\View\View->render('mantenimiento/asistencias/listar', [], true)
 5 APPPATH\Controllers\AsistenciaController.php(61): view('mantenimiento/asistencias/listar', [...])
 6 SYSTEMPATH\CodeIgniter.php(932): App\Controllers\AsistenciaController->listarAsistencias()
 7 SYSTEMPATH\CodeIgniter.php(497): CodeIgniter\CodeIgniter->runController(Object(App\Controllers\AsistenciaController))
 8 SYSTEMPATH\CodeIgniter.php(366): CodeIgniter\CodeIgniter->handleRequest(null, Object(Config\Cache), false)
 9 FCPATH\index.php(67): CodeIgniter\CodeIgniter->run()
CRITICAL - 2023-08-29 01:03:44 --> Attempt to read property "usuario_id" on array
in APPPATH\Views\mantenimiento\asistencias\listar.php on line 58.
 1 APPPATH\Views\mantenimiento\asistencias\listar.php(58): CodeIgniter\Debug\Exceptions->errorHandler(2, 'Attempt to read property "usuario_id" on array', 'C:\\xampp\\htdocs\\codeigniter-sistema-de-asistencia\\app\\Views\\mantenimiento\\asistencias\\listar.php', 58)
 2 SYSTEMPATH\View\View.php(224): include('C:\\xampp\\htdocs\\codeigniter-sistema-de-asistencia\\app\\Views\\mantenimiento\\asistencias\\listar.php')
 3 SYSTEMPATH\View\View.php(227): CodeIgniter\View\View->CodeIgniter\View\{closure}()
 4 SYSTEMPATH\Common.php(1180): CodeIgniter\View\View->render('mantenimiento/asistencias/listar', [], true)
 5 APPPATH\Controllers\AsistenciaController.php(61): view('mantenimiento/asistencias/listar', [...])
 6 SYSTEMPATH\CodeIgniter.php(932): App\Controllers\AsistenciaController->listarAsistencias()
 7 SYSTEMPATH\CodeIgniter.php(497): CodeIgniter\CodeIgniter->runController(Object(App\Controllers\AsistenciaController))
 8 SYSTEMPATH\CodeIgniter.php(366): CodeIgniter\CodeIgniter->handleRequest(null, Object(Config\Cache), false)
 9 FCPATH\index.php(67): CodeIgniter\CodeIgniter->run()
CRITICAL - 2023-08-29 01:04:01 --> Undefined variable $aulas
in APPPATH\Views\mantenimiento\asistencias\listar.php on line 58.
 1 APPPATH\Views\mantenimiento\asistencias\listar.php(58): CodeIgniter\Debug\Exceptions->errorHandler(2, 'Undefined variable $aulas', 'C:\\xampp\\htdocs\\codeigniter-sistema-de-asistencia\\app\\Views\\mantenimiento\\asistencias\\listar.php', 58)
 2 SYSTEMPATH\View\View.php(224): include('C:\\xampp\\htdocs\\codeigniter-sistema-de-asistencia\\app\\Views\\mantenimiento\\asistencias\\listar.php')
 3 SYSTEMPATH\View\View.php(227): CodeIgniter\View\View->CodeIgniter\View\{closure}()
 4 SYSTEMPATH\Common.php(1180): CodeIgniter\View\View->render('mantenimiento/asistencias/listar', [], true)
 5 APPPATH\Controllers\AsistenciaController.php(61): view('mantenimiento/asistencias/listar', [...])
 6 SYSTEMPATH\CodeIgniter.php(932): App\Controllers\AsistenciaController->listarAsistencias()
 7 SYSTEMPATH\CodeIgniter.php(497): CodeIgniter\CodeIgniter->runController(Object(App\Controllers\AsistenciaController))
 8 SYSTEMPATH\CodeIgniter.php(366): CodeIgniter\CodeIgniter->handleRequest(null, Object(Config\Cache), false)
 9 FCPATH\index.php(67): CodeIgniter\CodeIgniter->run()
CRITICAL - 2023-08-29 01:04:19 --> Cannot use object of type stdClass as array
in APPPATH\Views\mantenimiento\asistencias\listar.php on line 58.
 1 SYSTEMPATH\View\View.php(224): include()
 2 SYSTEMPATH\View\View.php(227): CodeIgniter\View\View->CodeIgniter\View\{closure}()
 3 SYSTEMPATH\Common.php(1180): CodeIgniter\View\View->render('mantenimiento/asistencias/listar', [], true)
 4 APPPATH\Controllers\AsistenciaController.php(61): view('mantenimiento/asistencias/listar', [...])
 5 SYSTEMPATH\CodeIgniter.php(932): App\Controllers\AsistenciaController->listarAsistencias()
 6 SYSTEMPATH\CodeIgniter.php(497): CodeIgniter\CodeIgniter->runController(Object(App\Controllers\AsistenciaController))
 7 SYSTEMPATH\CodeIgniter.php(366): CodeIgniter\CodeIgniter->handleRequest(null, Object(Config\Cache), false)
 8 FCPATH\index.php(67): CodeIgniter\CodeIgniter->run()
CRITICAL - 2023-08-29 01:04:37 --> Attempt to read property "usuario_id" on array
in APPPATH\Views\mantenimiento\asistencias\listar.php on line 58.
 1 APPPATH\Views\mantenimiento\asistencias\listar.php(58): CodeIgniter\Debug\Exceptions->errorHandler(2, 'Attempt to read property "usuario_id" on array', 'C:\\xampp\\htdocs\\codeigniter-sistema-de-asistencia\\app\\Views\\mantenimiento\\asistencias\\listar.php', 58)
 2 SYSTEMPATH\View\View.php(224): include('C:\\xampp\\htdocs\\codeigniter-sistema-de-asistencia\\app\\Views\\mantenimiento\\asistencias\\listar.php')
 3 SYSTEMPATH\View\View.php(227): CodeIgniter\View\View->CodeIgniter\View\{closure}()
 4 SYSTEMPATH\Common.php(1180): CodeIgniter\View\View->render('mantenimiento/asistencias/listar', [], true)
 5 APPPATH\Controllers\AsistenciaController.php(61): view('mantenimiento/asistencias/listar', [...])
 6 SYSTEMPATH\CodeIgniter.php(932): App\Controllers\AsistenciaController->listarAsistencias()
 7 SYSTEMPATH\CodeIgniter.php(497): CodeIgniter\CodeIgniter->runController(Object(App\Controllers\AsistenciaController))
 8 SYSTEMPATH\CodeIgniter.php(366): CodeIgniter\CodeIgniter->handleRequest(null, Object(Config\Cache), false)
 9 FCPATH\index.php(67): CodeIgniter\CodeIgniter->run()
CRITICAL - 2023-08-29 01:04:54 --> Attempt to read property "usuario_id" on array
in APPPATH\Views\mantenimiento\asistencias\listar.php on line 58.
 1 APPPATH\Views\mantenimiento\asistencias\listar.php(58): CodeIgniter\Debug\Exceptions->errorHandler(2, 'Attempt to read property "usuario_id" on array', 'C:\\xampp\\htdocs\\codeigniter-sistema-de-asistencia\\app\\Views\\mantenimiento\\asistencias\\listar.php', 58)
 2 SYSTEMPATH\View\View.php(224): include('C:\\xampp\\htdocs\\codeigniter-sistema-de-asistencia\\app\\Views\\mantenimiento\\asistencias\\listar.php')
 3 SYSTEMPATH\View\View.php(227): CodeIgniter\View\View->CodeIgniter\View\{closure}()
 4 SYSTEMPATH\Common.php(1180): CodeIgniter\View\View->render('mantenimiento/asistencias/listar', [], true)
 5 APPPATH\Controllers\AsistenciaController.php(61): view('mantenimiento/asistencias/listar', [...])
 6 SYSTEMPATH\CodeIgniter.php(932): App\Controllers\AsistenciaController->listarAsistencias()
 7 SYSTEMPATH\CodeIgniter.php(497): CodeIgniter\CodeIgniter->runController(Object(App\Controllers\AsistenciaController))
 8 SYSTEMPATH\CodeIgniter.php(366): CodeIgniter\CodeIgniter->handleRequest(null, Object(Config\Cache), false)
 9 FCPATH\index.php(67): CodeIgniter\CodeIgniter->run()
CRITICAL - 2023-08-29 01:05:10 --> Cannot use object of type stdClass as array
in APPPATH\Views\mantenimiento\asistencias\listar.php on line 58.
 1 SYSTEMPATH\View\View.php(224): include()
 2 SYSTEMPATH\View\View.php(227): CodeIgniter\View\View->CodeIgniter\View\{closure}()
 3 SYSTEMPATH\Common.php(1180): CodeIgniter\View\View->render('mantenimiento/asistencias/listar', [], true)
 4 APPPATH\Controllers\AsistenciaController.php(61): view('mantenimiento/asistencias/listar', [...])
 5 SYSTEMPATH\CodeIgniter.php(932): App\Controllers\AsistenciaController->listarAsistencias()
 6 SYSTEMPATH\CodeIgniter.php(497): CodeIgniter\CodeIgniter->runController(Object(App\Controllers\AsistenciaController))
 7 SYSTEMPATH\CodeIgniter.php(366): CodeIgniter\CodeIgniter->handleRequest(null, Object(Config\Cache), false)
 8 FCPATH\index.php(67): CodeIgniter\CodeIgniter->run()
CRITICAL - 2023-08-29 01:05:48 --> Cannot use object of type stdClass as array
in APPPATH\Views\mantenimiento\asistencias\listar.php on line 58.
 1 SYSTEMPATH\View\View.php(224): include()
 2 SYSTEMPATH\View\View.php(227): CodeIgniter\View\View->CodeIgniter\View\{closure}()
 3 SYSTEMPATH\Common.php(1180): CodeIgniter\View\View->render('mantenimiento/asistencias/listar', [], true)
 4 APPPATH\Controllers\AsistenciaController.php(61): view('mantenimiento/asistencias/listar', [...])
 5 SYSTEMPATH\CodeIgniter.php(932): App\Controllers\AsistenciaController->listarAsistencias()
 6 SYSTEMPATH\CodeIgniter.php(497): CodeIgniter\CodeIgniter->runController(Object(App\Controllers\AsistenciaController))
 7 SYSTEMPATH\CodeIgniter.php(366): CodeIgniter\CodeIgniter->handleRequest(null, Object(Config\Cache), false)
 8 FCPATH\index.php(67): CodeIgniter\CodeIgniter->run()
CRITICAL - 2023-08-29 01:07:02 --> Cannot use object of type stdClass as array
in APPPATH\Views\mantenimiento\asistencias\listar.php on line 58.
 1 SYSTEMPATH\View\View.php(224): include()
 2 SYSTEMPATH\View\View.php(227): CodeIgniter\View\View->CodeIgniter\View\{closure}()
 3 SYSTEMPATH\Common.php(1180): CodeIgniter\View\View->render('mantenimiento/asistencias/listar', [], true)
 4 APPPATH\Controllers\AsistenciaController.php(61): view('mantenimiento/asistencias/listar', [...])
 5 SYSTEMPATH\CodeIgniter.php(932): App\Controllers\AsistenciaController->listarAsistencias()
 6 SYSTEMPATH\CodeIgniter.php(497): CodeIgniter\CodeIgniter->runController(Object(App\Controllers\AsistenciaController))
 7 SYSTEMPATH\CodeIgniter.php(366): CodeIgniter\CodeIgniter->handleRequest(null, Object(Config\Cache), false)
 8 FCPATH\index.php(67): CodeIgniter\CodeIgniter->run()
CRITICAL - 2023-08-29 01:20:30 --> Cannot use object of type stdClass as array
in APPPATH\Views\mantenimiento\asistencias\listar.php on line 41.
 1 SYSTEMPATH\View\View.php(224): include()
 2 SYSTEMPATH\View\View.php(227): CodeIgniter\View\View->CodeIgniter\View\{closure}()
 3 SYSTEMPATH\Common.php(1180): CodeIgniter\View\View->render('mantenimiento/asistencias/listar', [], true)
 4 APPPATH\Controllers\AsistenciaController.php(61): view('mantenimiento/asistencias/listar', [...])
 5 SYSTEMPATH\CodeIgniter.php(932): App\Controllers\AsistenciaController->listarAsistencias()
 6 SYSTEMPATH\CodeIgniter.php(497): CodeIgniter\CodeIgniter->runController(Object(App\Controllers\AsistenciaController))
 7 SYSTEMPATH\CodeIgniter.php(366): CodeIgniter\CodeIgniter->handleRequest(null, Object(Config\Cache), false)
 8 FCPATH\index.php(67): CodeIgniter\CodeIgniter->run()
CRITICAL - 2023-08-29 01:20:31 --> Cannot use object of type stdClass as array
in APPPATH\Views\mantenimiento\asistencias\listar.php on line 41.
 1 SYSTEMPATH\View\View.php(224): include()
 2 SYSTEMPATH\View\View.php(227): CodeIgniter\View\View->CodeIgniter\View\{closure}()
 3 SYSTEMPATH\Common.php(1180): CodeIgniter\View\View->render('mantenimiento/asistencias/listar', [], true)
 4 APPPATH\Controllers\AsistenciaController.php(61): view('mantenimiento/asistencias/listar', [...])
 5 SYSTEMPATH\CodeIgniter.php(932): App\Controllers\AsistenciaController->listarAsistencias()
 6 SYSTEMPATH\CodeIgniter.php(497): CodeIgniter\CodeIgniter->runController(Object(App\Controllers\AsistenciaController))
 7 SYSTEMPATH\CodeIgniter.php(366): CodeIgniter\CodeIgniter->handleRequest(null, Object(Config\Cache), false)
 8 FCPATH\index.php(67): CodeIgniter\CodeIgniter->run()
CRITICAL - 2023-08-29 01:20:46 --> Cannot use object of type stdClass as array
in APPPATH\Views\mantenimiento\asistencias\listar.php on line 42.
 1 SYSTEMPATH\View\View.php(224): include()
 2 SYSTEMPATH\View\View.php(227): CodeIgniter\View\View->CodeIgniter\View\{closure}()
 3 SYSTEMPATH\Common.php(1180): CodeIgniter\View\View->render('mantenimiento/asistencias/listar', [], true)
 4 APPPATH\Controllers\AsistenciaController.php(61): view('mantenimiento/asistencias/listar', [...])
 5 SYSTEMPATH\CodeIgniter.php(932): App\Controllers\AsistenciaController->listarAsistencias()
 6 SYSTEMPATH\CodeIgniter.php(497): CodeIgniter\CodeIgniter->runController(Object(App\Controllers\AsistenciaController))
 7 SYSTEMPATH\CodeIgniter.php(366): CodeIgniter\CodeIgniter->handleRequest(null, Object(Config\Cache), false)
 8 FCPATH\index.php(67): CodeIgniter\CodeIgniter->run()
ERROR - 2023-08-29 01:25:37 --> mysqli_sql_exception: Cannot add or update a child row: a foreign key constraint fails (`prueba`.`asistencia`, CONSTRAINT `FK_ASISTENCIA_USUARIO` FOREIGN KEY (`usuario_id`) REFERENCES `usuario` (`id`)) in C:\xampp\htdocs\codeigniter-sistema-de-asistencia\system\Database\MySQLi\Connection.php:295
Stack trace:
#0 C:\xampp\htdocs\codeigniter-sistema-de-asistencia\system\Database\MySQLi\Connection.php(295): mysqli->query('INSERT INTO `as...', 0)
#1 C:\xampp\htdocs\codeigniter-sistema-de-asistencia\system\Database\BaseConnection.php(692): CodeIgniter\Database\MySQLi\Connection->execute('INSERT INTO `as...')
#2 C:\xampp\htdocs\codeigniter-sistema-de-asistencia\system\Database\BaseConnection.php(606): CodeIgniter\Database\BaseConnection->simpleQuery('INSERT INTO `as...')
#3 C:\xampp\htdocs\codeigniter-sistema-de-asistencia\system\Database\BaseBuilder.php(2309): CodeIgniter\Database\BaseConnection->query('INSERT INTO `as...', Array, false)
#4 C:\xampp\htdocs\codeigniter-sistema-de-asistencia\system\Model.php(330): CodeIgniter\Database\BaseBuilder->insert()
#5 C:\xampp\htdocs\codeigniter-sistema-de-asistencia\system\BaseModel.php(782): CodeIgniter\Model->doInsert(Array)
#6 C:\xampp\htdocs\codeigniter-sistema-de-asistencia\system\Model.php(730): CodeIgniter\BaseModel->insert(Array, true)
#7 C:\xampp\htdocs\codeigniter-sistema-de-asistencia\app\Controllers\AsistenciaController.php(205): CodeIgniter\Model->insert(Array)
#8 C:\xampp\htdocs\codeigniter-sistema-de-asistencia\system\CodeIgniter.php(932): App\Controllers\AsistenciaController->guardarAsistencia('62')
#9 C:\xampp\htdocs\codeigniter-sistema-de-asistencia\system\CodeIgniter.php(497): CodeIgniter\CodeIgniter->runController(Object(App\Controllers\AsistenciaController))
#10 C:\xampp\htdocs\codeigniter-sistema-de-asistencia\system\CodeIgniter.php(366): CodeIgniter\CodeIgniter->handleRequest(NULL, Object(Config\Cache), false)
#11 C:\xampp\htdocs\codeigniter-sistema-de-asistencia\public\index.php(67): CodeIgniter\CodeIgniter->run()
#12 {main}
CRITICAL - 2023-08-29 01:25:37 --> Cannot add or update a child row: a foreign key constraint fails (`prueba`.`asistencia`, CONSTRAINT `FK_ASISTENCIA_USUARIO` FOREIGN KEY (`usuario_id`) REFERENCES `usuario` (`id`))
in SYSTEMPATH\Database\MySQLi\Connection.php on line 295.
 1 SYSTEMPATH\Database\MySQLi\Connection.php(295): mysqli->query('INSERT INTO `asistencia` (`usuario_id`, `curso_id`, `aula_id`, `fecha`, `estado`) VALUES (17, \'8\', \'2\', \'2023/08/28\', \'Tarde\')', 0)
 2 SYSTEMPATH\Database\BaseConnection.php(692): CodeIgniter\Database\MySQLi\Connection->execute('INSERT INTO `asistencia` (`usuario_id`, `curso_id`, `aula_id`, `fecha`, `estado`) VALUES (17, \'8\', \'2\', \'2023/08/28\', \'Tarde\')')
 3 SYSTEMPATH\Database\BaseConnection.php(606): CodeIgniter\Database\BaseConnection->simpleQuery('INSERT INTO `asistencia` (`usuario_id`, `curso_id`, `aula_id`, `fecha`, `estado`) VALUES (17, \'8\', \'2\', \'2023/08/28\', \'Tarde\')')
 4 SYSTEMPATH\Database\BaseBuilder.php(2309): CodeIgniter\Database\BaseConnection->query('INSERT INTO `asistencia` (`usuario_id`, `curso_id`, `aula_id`, `fecha`, `estado`) VALUES (:usuario_id:, :curso_id:, :aula_id:, :fecha:, :estado:)', [...], false)
 5 SYSTEMPATH\Model.php(330): CodeIgniter\Database\BaseBuilder->insert()
 6 SYSTEMPATH\BaseModel.php(782): CodeIgniter\Model->doInsert([...])
 7 SYSTEMPATH\Model.php(730): CodeIgniter\BaseModel->insert([...], true)
 8 APPPATH\Controllers\AsistenciaController.php(205): CodeIgniter\Model->insert([...])
 9 SYSTEMPATH\CodeIgniter.php(932): App\Controllers\AsistenciaController->guardarAsistencia('62')
10 SYSTEMPATH\CodeIgniter.php(497): CodeIgniter\CodeIgniter->runController(Object(App\Controllers\AsistenciaController))
11 SYSTEMPATH\CodeIgniter.php(366): CodeIgniter\CodeIgniter->handleRequest(null, Object(Config\Cache), false)
12 FCPATH\index.php(67): CodeIgniter\CodeIgniter->run()
CRITICAL - 2023-08-29 21:55:33 --> Attempt to read property "id" on null
in APPPATH\Controllers\LoginController.php on line 38.
 1 APPPATH\Controllers\LoginController.php(38): CodeIgniter\Debug\Exceptions->errorHandler(2, 'Attempt to read property "id" on null', 'C:\\xampp\\htdocs\\codeigniter-sistema-de-asistencia\\app\\Controllers\\LoginController.php', 38)
 2 SYSTEMPATH\CodeIgniter.php(932): App\Controllers\LoginController->login()
 3 SYSTEMPATH\CodeIgniter.php(497): CodeIgniter\CodeIgniter->runController(Object(App\Controllers\LoginController))
 4 SYSTEMPATH\CodeIgniter.php(366): CodeIgniter\CodeIgniter->handleRequest(null, Object(Config\Cache), false)
 5 FCPATH\index.php(67): CodeIgniter\CodeIgniter->run()
